0.005 -1.00727e-08
0.01 -7.48186e-08
0.015 -2.73316e-07
0.02 -6.60735e-07
0.025 -1.18764e-06
0.03 -1.65343e-06
0.035 -1.71596e-06
0.04 -9.47008e-07
0.045 1.08992e-06
0.05 4.76127e-06
0.055 1.03004e-05
0.06 1.7771e-05
0.065 2.70647e-05
0.07 3.79299e-05
0.075 5.00189e-05
0.08 6.29359e-05
0.085 7.62698e-05
0.09 8.96076e-05
0.095 0.000102535
0.1 0.000114634
0.105 0.000125498
0.11 0.000134758
0.115 0.00014213
0.12 0.000147459
0.125 0.00015075
0.13 0.000152184
0.135 0.000152094
0.14 0.000150902
0.145 0.000149039
0.15 0.000146854
0.155 0.000144548
0.16 0.000142115
0.165 0.000139335
0.17 0.000135794
0.175 0.000130917
0.18 0.000124011
0.185 0.000114333
0.19 0.000101198
0.195 8.40999e-05
0.2 6.28399e-05
0.205 3.76242e-05
0.21 9.10708e-06
0.215 -2.16471e-05
0.22 -5.32766e-05
0.225 -8.42843e-05
0.23 -0.000113223
0.235 -0.000138865
0.24 -0.000160315
0.245 -0.000177028
0.25 -0.000188704
0.255 -0.000195116
0.26 -0.00019592
0.265 -0.000190546
0.27 -0.00017819
0.275 -0.000157949
0.28 -0.000129066
0.285 -9.12236e-05
0.29 -4.47661e-05
0.295 9.25848e-06
0.3 6.9249e-05
0.305 0.000133375
0.31 0.000199972
0.315 0.000267858
0.32 0.00033647
0.325 0.000405787
0.33 0.000476123
0.335 0.000547892
0.34 0.000621375
0.345 0.000696523
0.35 0.000772774
0.355 0.000848911
0.36 0.000922985
0.365 0.000992377
0.37 0.00105399
0.375 0.00110456
0.38 0.00114096
0.385 0.00116056
0.39 0.00116126
0.395 0.00114156
0.4 0.00110061
0.405 0.0010382
0.41 0.000954765
0.415 0.000851321
0.42 0.000729459
0.425 0.000591408
0.43 0.000440187
0.435 0.000279808
0.44 0.000115686
0.445 -4.5145e-05
0.45 -0.000194681
0.455 -0.000325497
0.46 -0.000432552
0.465 -0.000514088
0.47 -0.000571402
0.475 -0.000607797
0.48 -0.000627048
0.485 -0.000632212
0.49 -0.000625298
0.495 -0.000607505
0.5 -0.000579588
0.505 -0.00054218
0.51 -0.000496068
0.515 -0.000442477
0.52 -0.000383281
0.525 -0.000321011
0.53 -0.000258601
0.535 -0.000198925
0.54 -0.000144288
0.545 -9.59493e-05
0.55 -5.36425e-05
0.555 -1.51476e-05
0.56 2.40099e-05
0.565 7.02596e-05
0.57 0.000130669
0.575 0.000211416
0.58 0.000317118
0.585 0.000450665
0.59 0.000612919
0.595 0.000802761
0.6 0.00101715
0.605 0.00125038
0.61 0.00149382
0.615 0.00173673
0.62 0.0019675
0.625 0.00217493
0.63 0.00234907
0.635 0.00248184
0.64 0.00256742
0.645 0.00260238
0.65 0.00258559
0.655 0.00251762
0.66 0.00240048
0.665 0.00223793
0.67 0.00203593
0.675 0.00180236
0.68 0.00154652
0.685 0.00127866
0.69 0.00100916
0.695 0.000747428
0.7 0.00050083
0.705 0.000273813
0.71 6.79376e-05
0.715 -0.000116965
0.72 -0.000281377
0.725 -0.000426325
0.73 -0.000555588
0.735 -0.000676196
0.74 -0.000795322
0.745 -0.000917183
0.75 -0.00104299
0.755 -0.00117299
0.76 -0.00130823
0.765 -0.00145061
0.77 -0.00160189
0.775 -0.00176293
0.78 -0.00193355
0.785 -0.00211284
0.79 -0.00229965
0.795 -0.00249274
0.8 -0.00269019
0.805 -0.00288878
0.81 -0.00308328
0.815 -0.0032659
0.82 -0.00342617
0.825 -0.00355204
0.83 -0.00363205
0.835 -0.0036567
0.84 -0.00361906
0.845 -0.00351531
0.85 -0.00334509
0.855 -0.00311085
0.86 -0.00281627
0.865 -0.00246517
0.87 -0.00206083
0.875 -0.00160577
0.88 -0.00110184
0.885 -0.000549819
0.89 4.82506e-05
0.895 0.000681339
0.9 0.00132807
0.905 0.00196679
0.91 0.00258157
0.915 0.00315841
0.92 0.00368417
0.925 0.00415116
0.93 0.00455833
0.935 0.00490832
0.94 0.00520588
0.945 0.00545718
0.95 0.00566867
0.955 0.00584572
0.96 0.00599229
0.965 0.00611153
0.97 0.00620667
0.975 0.00628144
0.98 0.00634039
0.985 0.00638807
0.99 0.00642536
0.995 0.00644761
1 0.0064466
1.005 0.0064128
1.01 0.00633655
1.015 0.00621005
1.02 0.00602916
1.025 0.00579283
1.03 0.00550318
1.035 0.00516714
1.04 0.0047967
1.045 0.00440792
1.05 0.00401963
1.055 0.00365229
1.06 0.00332648
1.065 0.00306118
1.07 0.00287181
1.075 0.00276875
1.08 0.00275648
1.085 0.00283189
1.09 0.00298326
1.095 0.00319196
1.1 0.003434
1.105 0.00368106
1.11 0.00390331
1.115 0.00407035
1.12 0.00414993
1.125 0.00411001
1.13 0.00392411
1.135 0.00357521
1.14 0.00305461
1.145 0.00235677
1.15 0.00148129
1.155 0.000442654
1.16 -0.000730789
1.165 -0.00201354
1.17 -0.00338992
1.175 -0.00483379
1.18 -0.00630339
1.185 -0.00776295
1.19 -0.00918303
1.195 -0.0105338
1.2 -0.0117908
1.205 -0.0129375
1.21 -0.0139655
1.215 -0.0148721
1.22 -0.0156578
1.225 -0.0163253
1.23 -0.0168804
1.235 -0.0173311
1.24 -0.0176867
1.245 -0.0179585
1.25 -0.0181594
1.255 -0.0183033
1.26 -0.0184046
1.265 -0.0184785
1.27 -0.0185397
1.275 -0.0186007
1.28 -0.0186723
1.285 -0.0187625
1.29 -0.0188764
1.295 -0.0190153
1.3 -0.0191775
1.305 -0.0193582
1.31 -0.0195503
1.315 -0.0197452
1.32 -0.0199334
1.325 -0.0201058
1.33 -0.0202545
1.335 -0.0203736
1.34 -0.0204596
1.345 -0.0205114
1.35 -0.0205305
1.355 -0.0205204
1.36 -0.0204862
1.365 -0.0204334
1.37 -0.0203672
1.375 -0.0202917
1.38 -0.0202076
1.385 -0.0201116
1.39 -0.0199946
1.395 -0.0198427
1.4 -0.0196376
1.405 -0.0193588
1.41 -0.0189857
1.415 -0.018499
1.42 -0.0178829
1.425 -0.0171256
1.43 -0.0162201
1.435 -0.0151637
1.44 -0.0139583
1.445 -0.0126109
1.45 -0.0111342
1.455 -0.00954626
1.46 -0.00787213
1.465 -0.00613936
1.47 -0.00437371
1.475 -0.00260422
1.48 -0.000867739
1.485 0.000795439
1.49 0.00235995
1.495 0.00382637
1.5 0.00521043
1.505 0.00653766
1.51 0.00785602
1.515 0.00923352
1.52 0.0107276
1.525 0.0123728
1.53 0.0141918
1.535 0.0161933
1.54 0.0183624
1.545 0.0206599
1.55 0.0230283
1.555 0.0254009
1.56 0.027709
1.565 0.0298876
1.57 0.0318799
1.575 0.0336424
1.58 0.0351497
1.585 0.0363926
1.59 0.0373746
1.595 0.0381075
1.6 0.0386083
1.605 0.0388954
1.61 0.0389863
1.615 0.038897
1.62 0.0386415
1.625 0.038232
1.63 0.0376776
1.635 0.0369845
1.64 0.0361577
1.645 0.0352019
1.65 0.0341209
1.655 0.0329179
1.66 0.0315972
1.665 0.0301664
1.67 0.0286367
1.675 0.0270225
1.68 0.0253394
1.685 0.0236023
1.69 0.0218255
1.695 0.020021
1.7 0.0181984
1.705 0.0163654
1.71 0.0145298
1.715 0.0126989
1.72 0.0108789
1.725 0.00907412
1.73 0.00728922
1.735 0.00553046
1.74 0.00380543
1.745 0.00212236
1.75 0.000490044
1.755 -0.00108261
1.76 -0.00258741
1.765 -0.0040178
1.77 -0.00536957
1.775 -0.00664098
1.78 -0.00783298
1.785 -0.00894912
1.79 -0.009995
1.795 -0.0109754
1.8 -0.0118893
1.805 -0.0127283
1.81 -0.0134825
1.815 -0.0141482
1.82 -0.01473
1.825 -0.0152381
1.83 -0.0156838
1.835 -0.0160756
1.84 -0.0164166
1.845 -0.0167025
1.85 -0.0169219
1.855 -0.0170551
1.86 -0.0170756
1.865 -0.0169536
1.87 -0.0166587
1.875 -0.0161643
1.88 -0.0154525
1.885 -0.0145178
1.89 -0.0133669
1.895 -0.0120157
1.9 -0.0104887
1.905 -0.00881689
1.91 -0.00703394
1.915 -0.00517204
1.92 -0.00326094
1.925 -0.00132772
1.93 0.000603397
1.935 0.00251104
1.94 0.00437655
1.945 0.00618089
1.95 0.00790203
1.955 0.00951624
1.96 0.0110023
1.965 0.0123487
1.97 0.0135545
1.975 0.0146233
1.98 0.0155603
1.985 0.0163715
1.99 0.0170638
1.995 0.0176459
2 0.0181267
2.005 0.0185145
2.01 0.0188163
2.015 0.019038
2.02 0.0191847
2.025 0.01926
2.03 0.0192663
2.035 0.0192058
2.04 0.0190811
2.045 0.0188953
2.05 0.0186559
2.055 0.0183759
2.06 0.018074
2.065 0.0177744
2.07 0.0175087
2.075 0.0173166
2.08 0.0172406
2.085 0.0173162
2.09 0.0175651
2.095 0.0179946
2.1 0.0185995
2.105 0.0193645
2.11 0.0202693
2.115 0.0212926
2.12 0.0224152
2.125 0.0236198
2.13 0.0248923
2.135 0.0262205
2.14 0.0275929
2.145 0.0289975
2.15 0.0304203
2.155 0.0318446
2.16 0.0332512
2.165 0.0346185
2.17 0.0359226
2.175 0.0371383
2.18 0.0382407
2.185 0.0392063
2.19 0.0400148
2.195 0.0406494
2.2 0.0410983
2.205 0.0413545
2.21 0.0414155
2.215 0.0412838
2.22 0.0409665
2.225 0.0404745
2.23 0.0398196
2.235 0.0390148
2.24 0.0380738
2.245 0.0370103
2.25 0.0358381
2.255 0.0345709
2.26 0.0332235
2.265 0.0318115
2.27 0.0303508
2.275 0.0288578
2.28 0.0273486
2.285 0.025838
2.29 0.0243389
2.295 0.0228619
2.3 0.0214153
2.305 0.0200051
2.31 0.0186347
2.315 0.0173051
2.32 0.0160159
2.325 0.0147655
2.33 0.0135514
2.335 0.0123711
2.34 0.0112228
2.345 0.010106
2.35 0.00902135
2.355 0.0079709
2.36 0.00695765
2.365 0.00598546
2.37 0.00505817
2.375 0.0041783
2.38 0.00334758
2.385 0.00256816
2.39 0.00184208
2.395 0.00117008
2.4 0.000551124
2.405 -1.7452e-05
2.41 -0.000539598
2.415 -0.00102008
2.42 -0.00146392
2.425 -0.00187594
2.43 -0.00226048
2.435 -0.00262139
2.44 -0.00296206
2.445 -0.00328534
2.45 -0.00359347
2.455 -0.00388811
2.46 -0.00417049
2.465 -0.00444157
2.47 -0.00470201
2.475 -0.00495214
2.48 -0.00519184
2.485 -0.00542041
2.49 -0.00563651
2.495 -0.00583842
2.5 -0.00602423
2.505 -0.00619184
2.51 -0.00633933
2.515 -0.00646525
2.52 -0.00656856
2.525 -0.00664882
2.53 -0.0067067
2.535 -0.00674423
2.54 -0.00676496
2.545 -0.00677378
2.55 -0.00677678
2.555 -0.00678101
2.56 -0.00679402
2.565 -0.00682308
2.57 -0.00687462
2.575 -0.00695322
2.58 -0.00706076
2.585 -0.00719587
2.59 -0.00735349
2.595 -0.00752497
2.6 -0.00769851
2.605 -0.00785966
2.61 -0.00799209
2.615 -0.0080794
2.62 -0.00810722
2.625 -0.00806511
2.63 -0.00794822
2.635 -0.00775804
2.64 -0.00750179
2.645 -0.00719171
2.65 -0.00684428
2.655 -0.00647892
2.66 -0.00611658
2.665 -0.00577821
2.67 -0.0054832
2.675 -0.00524804
2.68 -0.00508567
2.685 -0.00500522
2.69 -0.00501181
2.695 -0.00510695
2.7 -0.00528899
2.705 -0.00555255
2.71 -0.0058885
2.715 -0.00628524
2.72 -0.00672943
2.725 -0.00720566
2.73 -0.00769612
2.735 -0.00818068
2.74 -0.00863752
2.745 -0.00904368
2.75 -0.00937584
2.755 -0.0096111
2.76 -0.00972789
2.765 -0.00970678
2.77 -0.00953139
2.775 -0.00918934
2.78 -0.00867315
2.785 -0.00798122
2.79 -0.00711855
2.795 -0.00609655
2.8 -0.00493216
2.805 -0.0036464
2.81 -0.00226273
2.815 -0.000805335
2.82 0.000702177
2.825 0.00223782
2.83 0.00378202
2.835 0.00531816
2.84 0.00683293
2.845 0.0083147
2.85 0.00975247
2.855 0.0111389
2.86 0.0124684
2.865 0.0137338
2.87 0.014931
2.875 0.0160612
2.88 0.0171285
2.885 0.0181373
2.89 0.0190919
2.895 0.0199958
2.9 0.0208545
2.905 0.0216783
2.91 0.0224825
2.915 0.0232888
2.92 0.0241224
2.925 0.0250082
2.93 0.025965
2.935 0.0269987
2.94 0.0280988
2.945 0.0292414
2.95 0.0303965
2.955 0.0315351
2.96 0.0326344
2.965 0.0336804
2.97 0.0346676
2.975 0.0355972
2.98 0.0364736
2.985 0.037302
2.99 0.0380853
2.995 0.038824
3 0.0395172
3.005 0.0401636
3.01 0.0407617
3.015 0.041311
3.02 0.0418138
3.025 0.0422754
3.03 0.0427044
3.035 0.0431117
3.04 0.0435089
3.045 0.0439058
3.05 0.0443091
3.055 0.0447196
3.06 0.0451322
3.065 0.0455358
3.07 0.0459138
3.075 0.0462458
3.08 0.0465109
3.085 0.0466901
3.09 0.0467691
3.095 0.046738
3.1 0.0465906
3.105 0.0463232
3.11 0.0459339
3.115 0.0454215
3.12 0.0447856
3.125 0.0440276
3.13 0.0431521
3.135 0.0421664
3.14 0.04108
3.145 0.0399036
3.15 0.0386503
3.155 0.0373351
3.16 0.0359749
3.165 0.0345865
3.17 0.0331875
3.175 0.031795
3.18 0.0304254
3.185 0.0290939
3.19 0.0278143
3.195 0.026599
3.2 0.0254584
3.205 0.0244008
3.21 0.0234315
3.215 0.0225534
3.22 0.0217694
3.225 0.0210825
3.23 0.0204945
3.235 0.0200053
3.24 0.0196127
3.245 0.0193131
3.25 0.0191015
3.255 0.0189723
3.26 0.0189185
3.265 0.0189321
3.27 0.0190045
3.275 0.0191268
3.28 0.0192899
3.285 0.0194849
3.29 0.0197031
3.295 0.0199363
3.3 0.0201771
3.305 0.0204193
3.31 0.0206574
3.315 0.020887
3.32 0.0211043
3.325 0.0213065
3.33 0.0214905
3.335 0.0216537
3.34 0.0217934
3.345 0.0219067
3.35 0.0219903
3.355 0.0220399
3.36 0.022051
3.365 0.0220189
3.37 0.0219398
3.375 0.0218116
3.38 0.0216342
3.385 0.0214094
3.39 0.021141
3.395 0.0208339
3.4 0.0204942
3.405 0.0201287
3.41 0.0197452
3.415 0.0193513
3.42 0.0189547
3.425 0.0185629
3.43 0.0181827
3.435 0.0178205
3.44 0.0174813
3.445 0.0171682
3.45 0.0168827
3.455 0.0166245
3.46 0.0163921
3.465 0.0161828
3.47 0.0159936
3.475 0.0158211
3.48 0.0156621
3.485 0.0155136
3.49 0.0153733
3.495 0.0152398
3.5 0.015112
3.505 0.0149899
3.51 0.0148741
3.515 0.0147662
3.52 0.0146684
3.525 0.0145837
3.53 0.0145152
3.535 0.0144656
3.54 0.0144366
3.545 0.0144284
3.55 0.0144396
3.555 0.0144667
3.56 0.014505
3.565 0.0145482
3.57 0.0145891
3.575 0.0146199
3.58 0.0146329
3.585 0.0146205
3.59 0.0145761
3.595 0.0144933
3.6 0.014367
3.605 0.0141932
3.61 0.0139693
3.615 0.0136946
3.62 0.0133699
3.625 0.0129974
3.63 0.0125806
3.635 0.0121241
3.64 0.0116328
3.645 0.0111128
3.65 0.0105704
3.655 0.0100123
3.66 0.0094453
3.665 0.00887595
3.67 0.00830991
3.675 0.00775172
3.68 0.00720489
3.685 0.006672
3.69 0.0061542
3.695 0.00565132
3.7 0.00516219
3.705 0.00468511
3.71 0.00421811
3.715 0.00375924
3.72 0.00330673
3.725 0.00285892
3.73 0.00241403
3.735 0.00197017
3.74 0.00152595
3.745 0.00108084
3.75 0.000635059
3.755 0.000190068
3.76 -0.000251089
3.765 -0.000683509
3.77 -0.00109986
3.775 -0.00148991
3.78 -0.00184036
3.785 -0.00213532
3.79 -0.00235695
3.795 -0.00248615
3.8 -0.00250354
3.805 -0.00239081
3.81 -0.00213228
3.815 -0.00171621
3.82 -0.0011357
3.825 -0.000388869
3.83 0.000520702
3.835 0.0015838
3.84 0.00278617
3.845 0.00410942
3.85 0.00553212
3.855 0.00703113
3.86 0.00858289
3.865 0.0101646
3.87 0.0117547
3.875 0.0133318
3.88 0.0148734
3.885 0.0163577
3.89 0.0177675
3.895 0.0190926
3.9 0.0203261
3.905 0.0214635
3.91 0.0225034
3.915 0.023447
3.92 0.0242991
3.925 0.0250676
3.93 0.0257632
3.935 0.026398
3.94 0.0269852
3.945 0.0275369
3.95 0.0280626
3.955 0.0285681
3.96 0.0290565
3.965 0.0295271
3.97 0.0299766
3.975 0.0303995
3.98 0.0307913
3.985 0.0311497
3.99 0.0314761
3.995 0.031775
4 0.0320538
4.005 0.0323209
4.01 0.0325845
4.015 0.0328506
4.02 0.0331214
4.025 0.0333933
4.03 0.0336583
4.035 0.0339053
4.04 0.0341227
4.045 0.0343002
4.05 0.0344293
4.055 0.0345043
4.06 0.0345221
4.065 0.0344819
4.07 0.0343851
4.075 0.0342343
4.08 0.0340329
4.085 0.0337832
4.09 0.0334873
4.095 0.0331466
4.1 0.0327613
4.105 0.0323307
4.11 0.0318526
4.115 0.0313247
4.12 0.0307453
4.125 0.0301136
4.13 0.029431
4.135 0.0287011
4.14 0.0279294
4.145 0.0271228
4.15 0.0262891
4.155 0.0254373
4.16 0.024577
4.165 0.0237173
4.17 0.0228662
4.175 0.0220298
4.18 0.0212133
4.185 0.0204207
4.19 0.0196547
4.195 0.0189167
4.2 0.0182065
4.205 0.0175229
4.21 0.0168643
4.215 0.0162294
4.22 0.0156175
4.225 0.015028
4.23 0.0144602
4.235 0.0139131
4.24 0.013385
4.245 0.0128733
4.25 0.0123745
4.255 0.0118844
4.26 0.0113981
4.265 0.0109096
4.27 0.0104122
4.275 0.00989906
4.28 0.00936465
4.285 0.00880558
4.29 0.0082214
4.295 0.00761447
4.3 0.00698946
4.305 0.00635268
4.31 0.0057115
4.315 0.00507368
4.32 0.00444681
4.325 0.00383783
4.33 0.00325268
4.335 0.00269625
4.34 0.00217224
4.345 0.0016833
4.35 0.00123108
4.355 0.000816783
4.36 0.000441637
4.365 0.000106937
4.37 -0.000185602
4.375 -0.00043357
4.38 -0.000633928
4.385 -0.000782874
4.39 -0.000875677
4.395 -0.000906617
4.4 -0.000869102
4.405 -0.00075591
4.41 -0.000559615
4.415 -0.000273316
4.42 0.000108737
4.425 0.000590667
4.43 0.00117437
4.435 0.00185902
4.44 0.00264107
4.445 0.0035145
4.45 0.00447136
4.455 0.00550235
4.46 0.00659705
4.465 0.00774428
4.47 0.0089327
4.475 0.0101514
4.48 0.0113903
4.485 0.0126398
4.49 0.0138895
4.495 0.0151288
4.5 0.0163484
4.505 0.0175412
4.51 0.018703
4.515 0.0198331
4.52 0.0209328
4.525 0.022003
4.53 0.0230444
4.535 0.024059
4.54 0.0250518
4.545 0.0260334
4.55 0.0270194
4.555 0.0280289
4.56 0.0290779
4.565 0.0301729
4.57 0.0313076
4.575 0.0324633
4.58 0.0336142
4.585 0.0347312
4.59 0.0357864
4.595 0.0367555
4.6 0.0376204
4.605 0.0383694
4.61 0.0389974
4.615 0.0395042
4.62 0.0398945
4.625 0.0401759
4.63 0.0403588
4.635 0.0404544
4.64 0.0404743
4.645 0.0404289
4.65 0.0403267
4.655 0.0401751
4.66 0.0399797
4.665 0.0397454
4.67 0.0394758
4.675 0.0391733
4.68 0.0388398
4.685 0.0384764
4.69 0.0380846
4.695 0.0376666
4.7 0.0372247
4.705 0.0367606
4.71 0.036275
4.715 0.0357664
4.72 0.0352316
4.725 0.0346658
4.73 0.034063
4.735 0.0334169
4.74 0.0327223
4.745 0.031976
4.75 0.031177
4.755 0.0303266
4.76 0.0294275
4.765 0.0284844
4.77 0.0275027
4.775 0.0264885
4.78 0.0254473
4.785 0.0243842
4.79 0.0233037
4.795 0.0222094
4.8 0.0211046
4.805 0.0199922
4.81 0.0188748
4.815 0.0177546
4.82 0.0166331
4.825 0.0155116
4.83 0.0143917
4.835 0.0132766
4.84 0.0121705
4.845 0.0110786
4.85 0.0100057
4.855 0.0089566
4.86 0.00793524
4.865 0.00694486
4.87 0.00598784
4.875 0.00506573
4.88 0.00417935
4.885 0.00332899
4.89 0.0025147
4.895 0.00173642
4.9 0.000993924
4.905 0.000286699
4.91 -0.000386231
4.915 -0.00102626
4.92 -0.00163498
4.925 -0.00221391
4.93 -0.00276417
4.935 -0.00328619
4.94 -0.00377934
4.945 -0.00424173
4.95 -0.00467024
4.955 -0.00506063
4.96 -0.00540758
4.965 -0.00570497
4.97 -0.00594597
4.975 -0.00612331
4.98 -0.00623008
4.985 -0.00626028
4.99 -0.00620908
4.995 -0.00607266
5 -0.00584815
5.005 -0.00553408
5.01 -0.0051305
5.015 -0.00463889
5.02 -0.00406194
5.025 -0.00340342
5.03 -0.00266805
5.035 -0.00186132
5.04 -0.000989638
5.045 -6.04629e-05
5.05 0.00091804
5.055 0.00193709
5.06 0.0029872
5.065 0.00405816
5.07 0.00513883
5.075 0.00621721
5.08 0.0072808
5.085 0.0083167
5.09 0.00931039
5.095 0.0102458
5.1 0.0111096
5.105 0.0118892
5.11 0.0125694
5.115 0.0131374
5.12 0.0135858
5.125 0.013911
5.13 0.0141115
5.135 0.0141875
5.14 0.0141408
5.145 0.0139746
5.15 0.0136932
5.155 0.0133018
5.16 0.0128065
5.165 0.0122142
5.17 0.0115328
5.175 0.0107705
5.18 0.00993561
5.185 0.00903723
5.19 0.008086
5.195 0.00709344
5.2 0.00607173
5.205 0.0050341
5.21 0.00399407
5.215 0.00296416
5.22 0.0019561
5.225 0.000981636
5.23 5.33182e-05
5.235 -0.000814714
5.24 -0.00160579
5.245 -0.00230096
5.25 -0.00288095
5.255 -0.003328
5.26 -0.00362675
5.265 -0.00376482
5.27 -0.00373328
5.275 -0.00352679
5.28 -0.0031439
5.285 -0.00258763
5.29 -0.00186575
5.295 -0.000990067
5.3 2.44694e-05
5.305 0.00116092
5.31 0.00240124
5.315 0.00372691
5.32 0.00511954
5.325 0.00656126
5.33 0.00803519
5.335 0.00952568
5.34 0.0110174
5.345 0.0124937
5.35 0.0139366
5.355 0.0153305
5.36 0.0166647
5.365 0.017933
5.37 0.0191322
5.375 0.0202634
5.38 0.0213285
5.385 0.0223289
5.39 0.023266
5.395 0.0241439
5.4 0.0249728
5.405 0.0257705
5.41 0.0265619
5.415 0.0273763
5.42 0.0282444
5.425 0.0291903
5.43 0.0302235
5.435 0.0313362
5.44 0.0325083
5.445 0.0337126
5.45 0.0349216
5.455 0.0361109
5.46 0.0372613
5.465 0.0383596
5.47 0.0393979
5.475 0.0403725
5.48 0.0412827
5.485 0.0421295
5.49 0.0429139
5.495 0.043637
5.5 0.0442984
5.505 0.0448963
5.51 0.0454274
5.515 0.0458865
5.52 0.0462676
5.525 0.0465654
5.53 0.0467746
5.535 0.0468908
5.54 0.0469092
5.545 0.0468259
5.55 0.0466388
5.555 0.0463488
5.56 0.0459578
5.565 0.0454673
5.57 0.0448791
5.575 0.0441966
5.58 0.043423
5.585 0.0425607
5.59 0.0416113
5.595 0.0405762
5.6 0.0394582
5.605 0.038262
5.61 0.0369944
5.615 0.0356645
5.62 0.0342824
5.625 0.0328591
5.63 0.0314052
5.635 0.0299304
5.64 0.028443
5.645 0.0269496
5.65 0.0254549
5.655 0.0239619
5.66 0.0224722
5.665 0.020986
5.67 0.0195027
5.675 0.0180209
5.68 0.0165389
5.685 0.0150554
5.69 0.0135699
5.695 0.0120819
5.7 0.0105907
5.705 0.00909674
5.71 0.00760212
5.715 0.00610987
5.72 0.00462338
5.725 0.00314608
5.73 0.00168112
5.735 0.000231397
5.74 -0.00120044
5.745 -0.00261202
5.75 -0.00400146
5.755 -0.00536769
5.76 -0.00671067
5.765 -0.00803064
5.77 -0.00932692
5.775 -0.0105967
5.78 -0.0118345
5.785 -0.0130332
5.79 -0.0141878
5.795 -0.0152997
5.8 -0.0163756
5.805 -0.0174232
5.81 -0.0184493
5.815 -0.0194596
5.82 -0.0204592
5.825 -0.0214523
5.83 -0.0224416
5.835 -0.0234278
5.84 -0.0244098
5.845 -0.0253849
5.85 -0.0263479
5.855 -0.0272922
5.86 -0.0282102
5.865 -0.029094
5.87 -0.0299361
5.875 -0.0307291
5.88 -0.031466
5.885 -0.0321401
5.89 -0.0327445
5.895 -0.0332725
5.9 -0.0337177
5.905 -0.0340739
5.91 -0.0343351
5.915 -0.0344948
5.92 -0.0345446
5.925 -0.0344743
5.93 -0.0342733
5.935 -0.0339324
5.94 -0.033447
5.945 -0.0328177
5.95 -0.0320504
5.955 -0.0311542
5.96 -0.0301405
5.965 -0.0290215
5.97 -0.0278097
5.975 -0.0265166
5.98 -0.0251529
5.985 -0.0237279
5.99 -0.0222489
5.995 -0.0207211
6 -0.0191492
6.005 -0.0175377
6.01 -0.0158924
6.015 -0.01422
6.02 -0.0125289
6.025 -0.0108263
6.03 -0.00911887
6.035 -0.0074167
6.04 -0.00573194
6.045 -0.00407531
6.05 -0.00245558
6.055 -0.000879721
6.06 0.00064677
6.065 0.00211958
6.07 0.00353533
6.075 0.00488998
6.08 0.00617797
6.085 0.00739422
6.09 0.00853538
6.095 0.00959974
6.1 0.0105882
6.105 0.0115035
6.11 0.0123483
6.115 0.0131238
6.12 0.0138299
6.125 0.0144654
6.13 0.0150288
6.135 0.015518
6.14 0.0159308
6.145 0.0162654
6.15 0.0165206
6.155 0.016696
6.16 0.0167919
6.165 0.0168096
6.17 0.016752
6.175 0.0166232
6.18 0.0164287
6.185 0.0161752
6.19 0.0158702
6.195 0.015522
6.2 0.015139
6.205 0.0147299
6.21 0.0143032
6.215 0.0138663
6.22 0.0134255
6.225 0.0129863
6.23 0.0125531
6.235 0.012129
6.24 0.011716
6.245 0.0113151
6.25 0.0109266
6.255 0.0105507
6.26 0.0101872
6.265 0.00983588
6.27 0.00949634
6.275 0.00916839
6.28 0.00885249
6.285 0.00855002
6.29 0.00826297
6.295 0.00798919
6.3 0.00772607
6.305 0.00748025
6.31 0.00726082
6.315 0.00707408
6.32 0.00692669
6.325 0.00682531
6.33 0.00677626
6.335 0.00678519
6.34 0.00685696
6.345 0.00699531
6.35 0.00720263
6.355 0.00747965
6.36 0.00782524
6.365 0.00823619
6.37 0.00870704
6.375 0.00923006
6.38 0.00979467
6.385 0.0103867
6.39 0.0109881
6.395 0.0115777
6.4 0.0121339
6.405 0.012636
6.41 0.0130658
6.415 0.0134084
6.42 0.0136532
6.425 0.0137925
6.43 0.0138205
6.435 0.0137338
6.44 0.0135318
6.445 0.0132165
6.45 0.0127918
6.455 0.0122633
6.46 0.0116393
6.465 0.0109302
6.47 0.010148
6.475 0.00930583
6.48 0.00841782
6.485 0.00749903
6.49 0.00656405
6.495 0.00562676
6.5 0.00469991
6.505 0.00379439
6.51 0.00291889
6.515 0.00208013
6.52 0.00128287
6.525 0.000530114
6.53 -0.000176361
6.535 -0.000835629
6.54 -0.00144744
6.545 -0.00201105
6.55 -0.00252547
6.555 -0.00299149
6.56 -0.00341108
6.565 -0.00378639
6.57 -0.00412015
6.575 -0.00441574
6.58 -0.0046772
6.585 -0.00490899
6.59 -0.00511574
6.595 -0.0053021
6.6 -0.00547254
6.605 -0.00563125
6.61 -0.00578198
6.615 -0.00592788
6.62 -0.00607142
6.625 -0.0062143
6.63 -0.00635767
6.635 -0.00650266
6.64 -0.00665087
6.645 -0.00680379
6.65 -0.00696197
6.655 -0.00712466
6.66 -0.0072901
6.665 -0.00745573
6.67 -0.00761845
6.675 -0.00777471
6.68 -0.00792068
6.685 -0.00805235
6.69 -0.0081658
6.695 -0.00825757
6.7 -0.00832462
6.705 -0.00836447
6.71 -0.00837557
6.715 -0.00835749
6.72 -0.00831097
6.725 -0.00823779
6.73 -0.00814063
6.735 -0.00802276
6.74 -0.00788754
6.745 -0.00773813
6.75 -0.00757749
6.755 -0.00740819
6.76 -0.00723217
6.765 -0.00705058
6.77 -0.0068637
6.775 -0.00667082
6.78 -0.00647035
6.785 -0.00626034
6.79 -0.00603867
6.795 -0.00580304
6.8 -0.00555088
6.805 -0.00527939
6.81 -0.00498556
6.815 -0.00466632
6.82 -0.00431881
6.825 -0.0039406
6.83 -0.00352995
6.835 -0.00308587
6.84 -0.00260831
6.845 -0.00209806
6.85 -0.00155687
6.855 -0.000987178
6.86 -0.000392011
6.865 0.000224829
6.87 0.00085863
6.875 0.001504
6.88 0.00215524
6.885 0.00280663
6.89 0.00345284
6.895 0.0040891
6.9 0.00471288
6.905 0.00532383
6.91 0.00592039
6.915 0.00650005
6.92 0.00706168
6.925 0.00760574
6.93 0.00813411
6.935 0.00864984
6.94 0.00915661
6.945 0.00965797
6.95 0.010157
6.955 0.0106561
6.96 0.0111565
6.965 0.0116611
6.97 0.0121763
6.975 0.0127068
6.98 0.0132549
6.985 0.0138222
6.99 0.0144087
6.995 0.0150128
7 0.0156311
7.005 0.0162587
7.01 0.0168889
7.015 0.017515
7.02 0.01813
7.025 0.0187269
7.03 0.0192993
7.035 0.019841
7.04 0.0203463
7.045 0.0208105
7.05 0.0212298
7.055 0.0216015
7.06 0.0219242
7.065 0.0221978
7.07 0.0224231
7.075 0.0226018
7.08 0.022736
7.085 0.0228281
7.09 0.0228803
7.095 0.0228948
7.1 0.0228731
7.105 0.0228158
7.11 0.0227231
7.115 0.0225942
7.12 0.0224285
7.125 0.0222253
7.13 0.0219842
7.135 0.0217053
7.14 0.0213894
7.145 0.0210377
7.15 0.0206514
7.155 0.0202319
7.16 0.019781
7.165 0.0193001
7.17 0.0187909
7.175 0.0182542
7.18 0.0176906
7.185 0.0171005
7.19 0.0164838
7.195 0.0158406
7.2 0.0151711
7.205 0.0144764
7.21 0.0137588
7.215 0.0130217
7.22 0.0122692
7.225 0.0115063
7.23 0.0107381
7.235 0.00997066
7.24 0.0092101
7.245 0.00846287
7.25 0.00773537
7.255 0.00703412
7.26 0.00636566
7.265 0.00573609
7.27 0.00515044
7.275 0.00461252
7.28 0.00412489
7.285 0.00368868
7.29 0.00330347
7.295 0.00296726
7.3 0.00267661
7.305 0.00242682
7.31 0.00221192
7.315 0.00202486
7.32 0.00185786
7.325 0.00170286
7.33 0.00155224
7.335 0.00139894
7.34 0.00123594
7.345 0.00105688
7.35 0.000856854
7.355 0.000632526
7.36 0.000382044
7.365 0.000104943
7.37 -0.000198223
7.375 -0.00052653
7.38 -0.00087895
7.385 -0.00125384
7.39 -0.00164839
7.395 -0.00205864
7.4 -0.00247973
7.405 -0.00290624
7.41 -0.00333247
7.415 -0.00375261
7.42 -0.00416086
7.425 -0.00455161
7.43 -0.00491952
7.435 -0.00525961
7.44 -0.0055673
7.445 -0.00583851
7.45 -0.00606972
7.455 -0.00625808
7.46 -0.00640156
7.465 -0.00649889
7.47 -0.00654964
7.475 -0.00655448
7.48 -0.00651524
7.485 -0.00643471
7.49 -0.00631634
7.495 -0.00616399
7.5 -0.00598125
7.505 -0.00577088
7.51 -0.00553475
7.515 -0.00527375
7.52 -0.00498768
7.525 -0.00467544
7.53 -0.00433508
7.535 -0.00396378
7.54 -0.00355803
7.545 -0.00311401
7.55 -0.00262786
7.555 -0.00209597
7.56 -0.0015152
7.565 -0.000883281
7.57 -0.000199156
7.575 0.000536717
7.58 0.00132217
7.585 0.00215316
7.59 0.00302361
7.595 0.00392561
7.6 0.00485004
7.605 0.00578724
7.61 0.00672739
7.615 0.00766086
7.62 0.00857932
7.625 0.00947507
7.63 0.0103385
7.635 0.0111598
7.64 0.0119318
7.645 0.0126491
7.65 0.013309
7.655 0.0139105
7.66 0.0144549
7.665 0.0149453
7.67 0.0153866
7.675 0.015785
7.68 0.0161472
7.685 0.0164786
7.69 0.0167841
7.695 0.0170695
7.7 0.0173419
7.705 0.0176095
7.71 0.0178791
7.715 0.0181555
7.72 0.0184417
7.725 0.018739
7.73 0.0190473
7.735 0.019366
7.74 0.0196937
7.745 0.0200288
7.75 0.0203695
7.755 0.020714
7.76 0.0210606
7.765 0.0214074
7.77 0.0217528
7.775 0.0220954
7.78 0.0224342
7.785 0.0227686
7.79 0.0230981
7.795 0.023423
7.8 0.0237439
7.805 0.0240621
7.81 0.0243792
7.815 0.0246964
7.82 0.0250143
7.825 0.0253324
7.83 0.0256496
7.835 0.0259634
7.84 0.0262711
7.845 0.026569
7.85 0.0268528
7.855 0.0271178
7.86 0.0273589
7.865 0.027571
7.87 0.0277488
7.875 0.027886
7.88 0.027976
7.885 0.0280116
7.89 0.027986
7.895 0.0278933
7.9 0.0277284
7.905 0.0274878
7.91 0.0271693
7.915 0.0267718
7.92 0.0262948
7.925 0.0257384
7.93 0.0251034
7.935 0.0243904
7.94 0.0235999
7.945 0.0227329
7.95 0.0217905
7.955 0.0207742
7.96 0.0196862
7.965 0.0185288
7.97 0.0173054
7.975 0.0160202
7.98 0.0146798
7.985 0.0132923
7.99 0.0118661
7.995 0.0104097
8 0.0089312
8.005 0.00743858
8.01 0.0059395
8.015 0.00444095
8.02 0.00294937
8.025 0.00146991
8.03 7.15766e-06
8.035 -0.00143358
8.04 -0.00284845
8.045 -0.00423609
8.05 -0.00559593
8.055 -0.00692718
8.06 -0.00822858
8.065 -0.00949864
8.07 -0.0107356
8.075 -0.0119371
8.08 -0.0131003
8.085 -0.0142218
8.09 -0.0152968
8.095 -0.0163191
8.1 -0.0172813
8.105 -0.018176
8.11 -0.0189962
8.115 -0.0197367
8.12 -0.0203945
8.125 -0.0209687
8.13 -0.02146
8.135 -0.0218698
8.14 -0.0221999
8.145 -0.0224524
8.15 -0.0226286
8.155 -0.0227297
8.16 -0.0227565
8.165 -0.02271
8.17 -0.0225916
8.175 -0.0224033
8.18 -0.0221477
8.185 -0.0218285
8.19 -0.021451
8.195 -0.0210214
8.2 -0.0205466
8.205 -0.0200342
8.21 -0.0194923
8.215 -0.0189297
8.22 -0.0183557
8.225 -0.0177798
8.23 -0.0172113
8.235 -0.0166596
8.24 -0.0161338
8.245 -0.015643
8.25 -0.0151955
8.255 -0.0147994
8.26 -0.0144617
8.265 -0.0141886
8.27 -0.0139834
8.275 -0.0138474
8.28 -0.0137834
8.285 -0.0137938
8.29 -0.0138785
8.295 -0.0140354
8.3 -0.0142612
8.305 -0.0145509
8.31 -0.0148992
8.315 -0.0152995
8.32 -0.0157403
8.325 -0.0162084
8.33 -0.0166912
8.335 -0.0171759
8.34 -0.0176491
8.345 -0.0180965
8.35 -0.0185036
8.355 -0.0188558
8.36 -0.0191394
8.365 -0.0193417
8.37 -0.0194516
8.375 -0.0194604
8.38 -0.0193621
8.385 -0.0191531
8.39 -0.0188331
8.395 -0.0184046
8.4 -0.0178732
8.405 -0.0172465
8.41 -0.0165346
8.415 -0.0157488
8.42 -0.0149006
8.425 -0.0140013
8.43 -0.013061
8.435 -0.0120894
8.44 -0.0110954
8.445 -0.0100872
8.45 -0.00907194
8.455 -0.00805564
8.46 -0.00704276
8.465 -0.00603496
8.47 -0.00503235
8.475 -0.00403644
8.48 -0.00304805
8.485 -0.00206661
8.49 -0.00109213
8.495 -0.000124826
8.5 0.000835346
8.505 0.00178825
8.51 0.00273322
8.515 0.00366899
8.52 0.00459386
8.525 0.00550592
8.53 0.00640331
8.535 0.00728439
8.54 0.00814727
8.545 0.00898945
8.55 0.00980854
8.555 0.0106026
8.56 0.0113696
8.565 0.012107
8.57 0.0128113
8.575 0.0134788
8.58 0.0141064
8.585 0.0146915
8.59 0.0152322
8.595 0.0157268
8.6 0.0161741
8.605 0.0165733
8.61 0.0169241
8.615 0.0172268
8.62 0.0174825
8.625 0.0176931
8.63 0.0178611
8.635 0.0179897
8.64 0.0180825
8.645 0.0181435
8.65 0.0181768
8.655 0.0181866
8.66 0.0181768
8.665 0.018151
8.67 0.0181125
8.675 0.0180638
8.68 0.0180071
8.685 0.0179441
8.69 0.0178762
8.695 0.0178045
8.7 0.0177299
8.705 0.0176527
8.71 0.0175731
8.715 0.0174913
8.72 0.0174086
8.725 0.0173272
8.73 0.0172486
8.735 0.0171727
8.74 0.017099
8.745 0.0170279
8.75 0.0169605
8.755 0.016898
8.76 0.0168412
8.765 0.0167906
8.77 0.0167459
8.775 0.0167055
8.78 0.0166671
8.785 0.0166276
8.79 0.0165825
8.795 0.0165262
8.8 0.0164522
8.805 0.0163533
8.81 0.016222
8.815 0.0160509
8.82 0.0158336
8.825 0.0155646
8.83 0.0152403
8.835 0.0148582
8.84 0.0144169
8.845 0.0139164
8.85 0.013358
8.855 0.0127445
8.86 0.0120801
8.865 0.01137
8.87 0.0106206
8.875 0.0098392
8.88 0.00903354
8.885 0.0082119
8.89 0.0073829
8.895 0.00655501
8.9 0.00573624
8.905 0.00493406
8.91 0.00415532
8.915 0.00340623
8.92 0.00269229
8.925 0.00201821
8.93 0.00138782
8.935 0.000803998
8.94 0.000268597
8.945 -0.000217865
8.95 -0.000656639
8.955 -0.00105015
8.96 -0.00140151
8.965 -0.00171466
8.97 -0.00199446
8.975 -0.00224672
8.98 -0.00247822
8.985 -0.00269669
8.99 -0.00291062
8.995 -0.00312888
9 -0.00336027
9.005 -0.00361313
9.01 -0.00389532
9.015 -0.0042144
9.02 -0.00457679
9.025 -0.0049868
9.03 -0.00544618
9.035 -0.00595423
9.04 -0.00650804
9.045 -0.00710287
9.05 -0.00773244
9.055 -0.00838929
9.06 -0.0090651
9.065 -0.00975112
9.07 -0.0104385
9.075 -0.0111184
9.08 -0.0117819
9.085 -0.0124197
9.09 -0.0130217
9.095 -0.0135775
9.1 -0.0140769
9.105 -0.01451
9.11 -0.0148675
9.115 -0.0151407
9.12 -0.0153214
9.125 -0.0154036
9.13 -0.0153827
9.135 -0.0152562
9.14 -0.0150233
9.145 -0.0146865
9.15 -0.0142508
9.155 -0.013724
9.16 -0.0131155
9.165 -0.0124355
9.17 -0.011695
9.175 -0.0109046
9.18 -0.0100749
9.185 -0.00921616
9.19 -0.00833772
9.195 -0.00744833
9.2 -0.00655568
9.205 -0.00566637
9.21 -0.00478585
9.215 -0.0039187
9.22 -0.00306881
9.225 -0.00223975
9.23 -0.00143499
9.235 -0.000658031
9.24 8.90235e-05
9.245 0.000804933
9.25 0.0014864
9.255 0.00212908
9.26 0.00272896
9.265 0.0032824
9.27 0.00378655
9.275 0.00423907
9.28 0.00463822
9.285 0.00498324
9.29 0.00527436
9.295 0.00551259
9.3 0.00569968
9.305 0.00583818
9.31 0.00593136
9.315 0.00598343
9.32 0.00599943
9.325 0.00598495
9.33 0.00594587
9.335 0.00588815
9.34 0.00581738
9.345 0.00573853
9.35 0.00565603
9.355 0.00557383
9.36 0.00549522
9.365 0.00542287
9.37 0.00535892
9.375 0.00530498
9.38 0.00526234
9.385 0.00523213
9.39 0.00521556
9.395 0.00521393
9.4 0.00522866
9.405 0.00526134
9.41 0.00531357
9.415 0.00538674
9.42 0.0054818
9.425 0.00559933
9.43 0.00573966
9.435 0.00590281
9.44 0.00608802
9.445 0.00629334
9.45 0.00651556
9.455 0.00675043
9.46 0.00699271
9.465 0.00723613
9.47 0.0074738
9.475 0.00769823
9.48 0.00790116
9.485 0.0080736
9.49 0.00820628
9.495 0.00829044
9.5 0.00831849
9.505 0.00828406
9.51 0.00818215
9.515 0.00800949
9.52 0.00776467
9.525 0.00744788
9.53 0.00706046
9.535 0.00660483
9.54 0.0060847
9.545 0.00550526
9.55 0.00487294
9.555 0.00419501
9.56 0.00347918
9.565 0.00273341
9.57 0.00196574
9.575 0.00118422
9.58 0.000396717
9.585 -0.000389332
9.59 -0.00116726
9.595 -0.00193157
9.6 -0.00267787
9.605 -0.00340259
9.61 -0.00410276
9.615 -0.00477579
9.62 -0.00541894
9.625 -0.00602901
9.63 -0.00660237
9.635 -0.00713503
9.64 -0.007623
9.645 -0.00806267
9.65 -0.0084511
9.655 -0.0087861
9.66 -0.00906644
9.665 -0.00929225
9.67 -0.00946542
9.675 -0.00958911
9.68 -0.00966713
9.685 -0.00970374
9.69 -0.00970363
9.695 -0.00967174
9.7 -0.00961307
9.705 -0.00953257
9.71 -0.00943508
9.715 -0.00932534
9.72 -0.00920796
9.725 -0.00908733
9.73 -0.00896764
9.735 -0.0088528
9.74 -0.00874647
9.745 -0.00865202
9.75 -0.00857258
9.755 -0.00851096
9.76 -0.00846971
9.765 -0.00845113
9.77 -0.00845729
9.775 -0.00849005
9.78 -0.00855103
9.785 -0.00864155
9.79 -0.00876248
9.795 -0.00891427
9.8 -0.00909682
9.805 -0.00930957
9.81 -0.00955148
9.815 -0.00982111
9.82 -0.0101167
9.825 -0.0104359
9.83 -0.0107761
9.835 -0.0111347
9.84 -0.0115095
9.845 -0.0118978
9.85 -0.012297
9.855 -0.0127039
9.86 -0.0131147
9.865 -0.0135248
9.87 -0.0139294
9.875 -0.0143234
9.88 -0.014702
9.885 -0.0150606
9.89 -0.0153937
9.895 -0.0156955
9.9 -0.0159605
9.905 -0.0161841
9.91 -0.0163613
9.915 -0.0164879
9.92 -0.0165595
9.925 -0.0165725
9.93 -0.0165241
9.935 -0.0164125
9.94 -0.0162374
9.945 -0.0160001
9.95 -0.0157032
9.955 -0.0153508
9.96 -0.0149477
9.965 -0.0144992
9.97 -0.0140107
9.975 -0.0134873
9.98 -0.012933
9.985 -0.0123515
9.99 -0.0117458
9.995 -0.0111183
10 -0.0104711
10.005 -0.00980582
10.01 -0.00912383
10.015 -0.00842625
10.02 -0.00771406
10.025 -0.00698819
10.03 -0.00624957
10.035 -0.00549918
10.04 -0.00473818
10.045 -0.00396796
10.05 -0.00319014
10.055 -0.00240532
10.06 -0.00161348
10.065 -0.000816729
10.07 -1.88132e-05
10.075 0.000775964
10.08 0.00156307
10.085 0.0023385
10.09 0.00309895
10.095 0.00384176
10.1 0.00456483
10.105 0.00526636
10.11 0.00594465
10.115 0.0065981
10.12 0.00722512
10.125 0.00782416
10.13 0.00839403
10.135 0.0089342
10.14 0.00944487
10.145 0.00992698
10.15 0.010382
10.155 0.0108118
10.16 0.0112183
10.165 0.0116037
10.17 0.0119708
10.175 0.0123224
10.18 0.0126605
10.185 0.0129857
10.19 0.0132976
10.195 0.013595
10.2 0.0138761
10.205 0.0141388
10.21 0.0143807
10.215 0.0145998
10.22 0.0147944
10.225 0.0149628
10.23 0.0151042
10.235 0.0152184
10.24 0.0153057
10.245 0.0153677
10.25 0.0154064
10.255 0.0154246
10.26 0.0154254
10.265 0.0154123
10.27 0.0153892
10.275 0.0153601
10.28 0.0153292
10.285 0.0153003
10.29 0.015277
10.295 0.0152628
10.3 0.0152607
10.305 0.0152734
10.31 0.0153033
10.315 0.0153522
10.32 0.015421
10.325 0.0155101
10.33 0.0156187
10.335 0.0157453
10.34 0.0158879
10.345 0.0160441
10.35 0.0162107
10.355 0.0163842
10.36 0.0165606
10.365 0.0167365
10.37 0.0169094
10.375 0.0170759
10.38 0.0172307
10.385 0.017369
10.39 0.017487
10.395 0.0175826
10.4 0.0176549
10.405 0.0177043
10.41 0.0177319
10.415 0.0177395
10.42 0.0177292
10.425 0.0177033
10.43 0.0176644
10.435 0.017615
10.44 0.0175581
10.445 0.0174962
10.45 0.017432
10.455 0.0173681
10.46 0.0173069
10.465 0.0172502
10.47 0.0171997
10.475 0.0171564
10.48 0.0171207
10.485 0.0170923
10.49 0.0170699
10.495 0.0170516
10.5 0.0170346
10.505 0.017016
10.51 0.0169924
10.515 0.0169605
10.52 0.0169166
10.525 0.0168573
10.53 0.0167792
10.535 0.0166787
10.54 0.0165531
10.545 0.0164
10.55 0.0162177
10.555 0.0160048
10.56 0.0157601
10.565 0.0154831
10.57 0.0151736
10.575 0.0148317
10.58 0.0144575
10.585 0.0140514
10.59 0.0136136
10.595 0.0131452
10.6 0.0126478
10.605 0.0121238
10.61 0.011576
10.615 0.0110074
10.62 0.0104214
10.625 0.00982159
10.63 0.00921159
10.635 0.00859496
10.64 0.00797501
10.645 0.00735487
10.65 0.00673762
10.655 0.00612649
10.66 0.00552505
10.665 0.00493729
10.67 0.00436717
10.675 0.00381853
10.68 0.00329542
10.685 0.00280244
10.69 0.00234424
10.695 0.00192582
10.7 0.00155342
10.705 0.0012337
10.71 0.00097313
10.715 0.000778015
10.72 0.000654288
10.725 0.00060718
10.73 0.000641003
10.735 0.000758957
10.74 0.000962831
10.745 0.00125266
10.75 0.00162653
10.755 0.00208067
10.76 0.00260976
10.765 0.00320731
10.77 0.00386572
10.775 0.00457632
10.78 0.00532964
10.785 0.00611559
10.79 0.00692363
10.795 0.00774288
10.8 0.00856234
10.805 0.00937117
10.81 0.010159
10.815 0.0109179
10.82 0.0116415
10.825 0.0123212
10.83 0.0129499
10.835 0.0135238
10.84 0.0140407
10.845 0.0144989
10.85 0.0148967
10.855 0.0152322
10.86 0.0155038
10.865 0.0157105
10.87 0.0158522
10.875 0.0159296
10.88 0.0159439
10.885 0.0158973
10.89 0.0157925
10.895 0.0156327
10.9 0.0154217
10.905 0.0151638
10.91 0.0148636
10.915 0.0145264
10.92 0.0141579
10.925 0.0137638
10.93 0.0133499
10.935 0.0129219
10.94 0.0124862
10.945 0.0120488
10.95 0.0116154
10.955 0.0111911
10.96 0.0107805
10.965 0.0103876
10.97 0.0100152
10.975 0.0096654
10.98 0.0093395
10.985 0.00903796
10.99 0.0087607
10.995 0.00850721
11 0.00827695
11.005 0.00806952
11.01 0.00788461
11.015 0.00772201
11.02 0.0075818
11.025 0.00746444
11.03 0.00737088
11.035 0.00730247
11.04 0.00726096
11.045 0.00724833
11.05 0.00726666
11.055 0.00731783
11.06 0.00740328
11.065 0.00752383
11.07 0.00767953
11.075 0.00786956
11.08 0.0080923
11.085 0.00834541
11.09 0.00862595
11.095 0.00893038
11.1 0.00925472
11.105 0.00959455
11.11 0.00994518
11.115 0.0103017
11.12 0.010659
11.125 0.0110121
11.13 0.0113558
11.135 0.0116853
11.14 0.0119957
11.145 0.0122823
11.15 0.0125411
11.155 0.0127689
11.16 0.0129631
11.165 0.0131215
11.17 0.0132426
11.175 0.0133253
11.18 0.0133691
11.185 0.0133743
11.19 0.0133414
11.195 0.0132719
11.2 0.0131676
11.205 0.0130305
11.21 0.0128634
11.215 0.0126686
11.22 0.0124484
11.225 0.0122041
11.23 0.0119367
11.235 0.0116471
11.24 0.0113362
11.245 0.0110045
11.25 0.010652
11.255 0.0102788
11.26 0.00988467
11.265 0.00946948
11.27 0.00903292
11.275 0.00857501
11.28 0.00809631
11.285 0.00759803
11.29 0.00708198
11.295 0.00655044
11.3 0.00600587
11.305 0.0054507
11.31 0.00488707
11.315 0.00431672
11.32 0.00374098
11.325 0.00316087
11.33 0.00257717
11.335 0.00198935
11.34 0.00139693
11.345 0.000802491
11.35 0.000209227
11.355 -0.000381127
11.36 -0.000967185
11.365 -0.00154757
11.37 -0.0021209
11.375 -0.00268595
11.38 -0.00324214
11.385 -0.00379028
11.39 -0.00433201
11.395 -0.00486881
11.4 -0.00540141
11.405 -0.00592982
11.41 -0.0064534
11.415 -0.00697104
11.42 -0.00748128
11.425 -0.00798251
11.43 -0.00847327
11.435 -0.00895239
11.44 -0.00941879
11.445 -0.00987127
11.45 -0.0103085
11.455 -0.0107291
11.46 -0.0111313
11.465 -0.0115138
11.47 -0.011875
11.475 -0.0122136
11.48 -0.0125284
11.485 -0.0128185
11.49 -0.0130831
11.495 -0.0133216
11.5 -0.0135336
11.505 -0.0137191
11.51 -0.0138778
11.515 -0.0140097
11.52 -0.0141147
11.525 -0.0141931
11.53 -0.0142455
11.535 -0.0142721
11.54 -0.0142736
11.545 -0.0142504
11.55 -0.0142028
11.555 -0.0141313
11.56 -0.0140362
11.565 -0.0139176
11.57 -0.0137753
11.575 -0.0136091
11.58 -0.0134184
11.585 -0.0132027
11.59 -0.0129615
11.595 -0.0126944
11.6 -0.0124009
11.605 -0.0120806
11.61 -0.0117333
11.615 -0.0113595
11.62 -0.0109602
11.625 -0.0105366
11.63 -0.0100903
11.635 -0.00962302
11.64 -0.00913645
11.645 -0.00863264
11.65 -0.00811379
11.655 -0.00758194
11.66 -0.00703876
11.665 -0.00648533
11.67 -0.00592199
11.675 -0.00534836
11.68 -0.00476358
11.685 -0.00416642
11.69 -0.00355542
11.695 -0.00292912
11.7 -0.00228621
11.705 -0.00162588
11.71 -0.000947943
11.715 -0.000252904
11.72 0.000457858
11.725 0.00118326
11.73 0.00192198
11.735 0.00267044
11.74 0.00342471
11.745 0.00418167
11.75 0.00493771
11.755 0.00568892
11.76 0.00643174
11.765 0.00716316
11.77 0.00788037
11.775 0.00858019
11.78 0.00925905
11.785 0.0099137
11.79 0.0105417
11.795 0.0111414
11.8 0.0117119
11.805 0.0122525
11.81 0.0127623
11.815 0.0132404
11.82 0.0136865
11.825 0.0141006
11.83 0.0144825
11.835 0.0148318
11.84 0.015148
11.845 0.0154301
11.85 0.0156769
11.855 0.0158875
11.86 0.0160608
11.865 0.0161963
11.87 0.0162942
11.875 0.0163551
11.88 0.0163796
11.885 0.0163692
11.89 0.016326
11.895 0.0162525
11.9 0.0161523
11.905 0.0160292
11.91 0.0158879
11.915 0.0157332
11.92 0.0155701
11.925 0.0154034
11.93 0.0152378
11.935 0.0150772
11.94 0.0149254
11.945 0.0147851
11.95 0.0146584
11.955 0.0145468
11.96 0.0144508
11.965 0.0143705
11.97 0.0143052
11.975 0.0142536
11.98 0.014214
11.985 0.0141838
11.99 0.0141598
11.995 0.0141387
12 0.0141166
12.005 0.0140898
12.01 0.0140548
12.015 0.014009
12.02 0.0139502
12.025 0.0138753
12.03 0.0137815
12.035 0.0136675
12.04 0.0135337
12.045 0.0133821
12.05 0.0132157
12.055 0.0130377
12.06 0.012852
12.065 0.012662
12.07 0.0124709
12.075 0.0122813
12.08 0.0120949
12.085 0.0119127
12.09 0.0117347
12.095 0.0115601
12.1 0.011387
12.105 0.0112128
12.11 0.0110346
12.115 0.0108486
12.12 0.0106512
12.125 0.010439
12.13 0.0102089
12.135 0.00995843
12.14 0.0096856
12.145 0.00938915
12.15 0.00906835
12.155 0.00872305
12.16 0.00835366
12.165 0.00796117
12.17 0.00754716
12.175 0.00711381
12.18 0.00666382
12.185 0.00620031
12.19 0.00572676
12.195 0.00524684
12.2 0.00476419
12.205 0.00428279
12.21 0.00380633
12.215 0.00333695
12.22 0.0028762
12.225 0.00242609
12.23 0.0019887
12.235 0.00156585
12.24 0.00115891
12.245 0.000768955
12.25 0.000396947
12.255 4.38215e-05
12.26 -0.000289558
12.265 -0.000602478
12.27 -0.000894501
12.275 -0.0011656
12.28 -0.00141625
12.285 -0.00164749
12.29 -0.00186085
12.295 -0.00205816
12.3 -0.0022414
12.305 -0.0024129
12.31 -0.00257579
12.315 -0.0027336
12.32 -0.00288918
12.325 -0.00304412
12.33 -0.00319865
12.335 -0.00335175
12.34 -0.00350127
12.345 -0.00364408
12.35 -0.00377628
12.355 -0.00389343
12.36 -0.00399085
12.365 -0.00406405
12.37 -0.00410905
12.375 -0.00412262
12.38 -0.00410247
12.385 -0.00404734
12.39 -0.00395703
12.395 -0.00383252
12.4 -0.00367585
12.405 -0.00349006
12.41 -0.00327903
12.415 -0.00304724
12.42 -0.00279952
12.425 -0.00254081
12.43 -0.00227584
12.435 -0.002009
12.44 -0.00174414
12.445 -0.00148457
12.45 -0.00123303
12.455 -0.000991686
12.46 -0.000762218
12.465 -0.000545779
12.47 -0.000343036
12.475 -0.000154182
12.48 2.1051e-05
12.485 0.000183385
12.49 0.000333997
12.495 0.000474518
12.5 0.00060723
12.505 0.000735006
12.51 0.000860719
12.515 0.00098701
12.52 0.00111637
12.525 0.00125109
12.53 0.00139326
12.535 0.00154465
12.54 0.00170677
12.545 0.00188103
12.55 0.00206875
12.555 0.00227051
12.56 0.00248623
12.565 0.00271534
12.57 0.00295684
12.575 0.00320938
12.58 0.00347135
12.585 0.00374099
12.59 0.00401647
12.595 0.00429621
12.6 0.004579
12.605 0.00486378
12.61 0.00514947
12.615 0.00543582
12.62 0.00572305
12.625 0.00600997
12.63 0.00629469
12.635 0.00657596
12.64 0.00685323
12.645 0.00712628
12.65 0.00739464
12.655 0.00765776
12.66 0.00791527
12.665 0.00816695
12.67 0.00841275
12.675 0.00865267
12.68 0.00888693
12.685 0.00911601
12.69 0.00934064
12.695 0.00956186
12.7 0.00978079
12.705 0.00999854
12.71 0.0102161
12.715 0.0104346
12.72 0.0106549
12.725 0.0108782
12.73 0.0111058
12.735 0.0113387
12.74 0.0115775
12.745 0.0118226
12.75 0.0120746
12.755 0.0123348
12.76 0.0126051
12.765 0.012887
12.77 0.0131808
12.775 0.0134856
12.78 0.0137995
12.785 0.0141192
12.79 0.0144407
12.795 0.0147595
12.8 0.0150709
12.805 0.01537
12.81 0.0156522
12.815 0.0159131
12.82 0.0161488
12.825 0.0163555
12.83 0.0165299
12.835 0.0166694
12.84 0.0167716
12.845 0.0168344
12.85 0.0168562
12.855 0.0168356
12.86 0.016772
12.865 0.0166651
12.87 0.0165141
12.875 0.0163193
12.88 0.0160828
12.885 0.0158053
12.89 0.0154843
12.895 0.0151177
12.9 0.0147055
12.905 0.0142482
12.91 0.0137458
12.915 0.0131981
12.92 0.0126069
12.925 0.0119748
12.93 0.0113044
12.935 0.0105987
12.94 0.00986153
12.945 0.00909764
12.95 0.00831176
12.955 0.00750898
12.96 0.00669487
12.965 0.00587538
12.97 0.00505642
12.975 0.0042436
12.98 0.00344213
12.985 0.00265691
12.99 0.0018924
12.995 0.00115265
13 0.000441223
13.005 -0.000238672
13.01 -0.000884164
13.015 -0.00149257
13.02 -0.00206129
13.025 -0.00258785
13.03 -0.00307017
13.035 -0.00350692
13.04 -0.00389788
13.045 -0.00424381
13.05 -0.00454606
13.055 -0.00480678
13.06 -0.00502927
13.065 -0.00521766
13.07 -0.00537608
13.075 -0.00550823
13.08 -0.00561736
13.085 -0.00570616
13.09 -0.00577685
13.095 -0.00583114
13.1 -0.0058702
13.105 -0.0058946
13.11 -0.00590437
13.115 -0.00589901
13.12 -0.00587748
13.125 -0.00583825
13.13 -0.00577942
13.135 -0.0056989
13.14 -0.00559457
13.145 -0.00546444
13.15 -0.00530681
13.155 -0.00512043
13.16 -0.00490464
13.165 -0.00465945
13.17 -0.00438556
13.175 -0.0040844
13.18 -0.00375805
13.185 -0.00340926
13.19 -0.00304141
13.195 -0.00265846
13.2 -0.00226486
13.205 -0.00186539
13.21 -0.00146506
13.215 -0.00106895
13.22 -0.000682216
13.225 -0.000309971
13.23 4.3131e-05
13.235 0.000373104
13.24 0.00067657
13.245 0.000950735
13.25 0.00119338
13.255 0.00140419
13.26 0.00158379
13.265 0.00173093
13.27 0.00184429
13.275 0.00192424
13.28 0.00197253
13.285 0.00199241
13.29 0.00198748
13.295 0.0019602
13.3 0.00191148
13.305 0.0018416
13.31 0.00175218
13.315 0.00164555
13.32 0.00152357
13.325 0.00138842
13.33 0.00124252
13.335 0.00108811
13.34 0.000927298
13.345 0.000762093
13.35 0.000594338
13.355 0.00042587
13.36 0.00025732
13.365 8.87135e-05
13.37 -7.78219e-05
13.375 -0.000239471
13.38 -0.000394462
13.385 -0.000541799
13.39 -0.000680961
13.395 -0.000811392
13.4 -0.000932321
13.405 -0.00104265
13.41 -0.00114096
13.415 -0.0012255
13.42 -0.00129432
13.425 -0.00134527
13.43 -0.00137608
13.435 -0.00138448
13.44 -0.00136819
13.445 -0.00132506
13.45 -0.00125309
13.455 -0.00115046
13.46 -0.00101568
13.465 -0.000847668
13.47 -0.000645865
13.475 -0.000410181
13.48 -0.000140999
13.485 0.000160864
13.49 0.000494186
13.495 0.000857401
13.5 0.0012487
13.505 0.0016661
13.51 0.0021076
13.515 0.00257115
13.52 0.00305432
13.525 0.00355422
13.53 0.00406745
13.535 0.00459014
13.54 0.00511819
13.545 0.00564861
13.55 0.00617884
13.555 0.00670439
13.56 0.00722023
13.565 0.00772211
13.57 0.00820549
13.575 0.00866541
13.58 0.00909689
13.585 0.00949572
13.59 0.00985842
13.595 0.0101821
13.6 0.0104646
13.605 0.0107045
13.61 0.010901
13.615 0.0110543
13.62 0.0111649
13.625 0.0112344
13.63 0.0112651
13.635 0.0112599
13.64 0.0112223
13.645 0.011156
13.65 0.0110648
13.655 0.0109523
13.66 0.0108217
13.665 0.0106759
13.67 0.0105169
13.675 0.0103461
13.68 0.0101642
13.685 0.00997158
13.69 0.00976807
13.695 0.00955377
13.7 0.00932863
13.705 0.00909262
13.71 0.0088461
13.715 0.00858994
13.72 0.00832528
13.725 0.00805347
13.73 0.0077762
13.735 0.00749545
13.74 0.00721348
13.745 0.00693279
13.75 0.00665605
13.755 0.00638601
13.76 0.00612548
13.765 0.00587719
13.77 0.00564382
13.775 0.00542804
13.78 0.0052326
13.785 0.00505981
13.79 0.00491143
13.795 0.00478881
13.8 0.00469296
13.805 0.00462459
13.81 0.00458418
13.815 0.00457193
13.82 0.00458779
13.825 0.00463141
13.83 0.00470218
13.835 0.00479921
13.84 0.00492146
13.845 0.00506769
13.85 0.00523663
13.855 0.00542696
13.86 0.00563741
13.865 0.00586681
13.87 0.00611408
13.875 0.00637807
13.88 0.00665739
13.885 0.00695047
13.89 0.00725552
13.895 0.00757068
13.9 0.00789413
13.905 0.00822431
13.91 0.00855985
13.915 0.00889918
13.92 0.0092404
13.925 0.00958139
13.93 0.00992004
13.935 0.0102544
13.94 0.0105824
13.945 0.0109025
13.95 0.0112131
13.955 0.0115129
13.96 0.0118014
13.965 0.0120781
13.97 0.0123425
13.975 0.0125945
13.98 0.0128339
13.985 0.0130605
13.99 0.013274
13.995 0.0134737
14 0.0136587
14.005 0.0138276
14.01 0.013979
14.015 0.0141112
14.02 0.0142226
14.025 0.0143117
14.03 0.0143778
14.035 0.0144206
14.04 0.0144376
14.045 0.0144261
14.05 0.0143859
14.055 0.014318
14.06 0.0142239
14.065 0.0141053
14.07 0.013964
14.075 0.0138018
14.08 0.0136206
14.085 0.0134221
14.09 0.0132076
14.095 0.0129781
14.1 0.0127344
14.105 0.012477
14.11 0.0122055
14.115 0.0119195
14.12 0.011618
14.125 0.0113001
14.13 0.0109649
14.135 0.0106115
14.14 0.0102395
14.145 0.00984904
14.15 0.00944034
14.155 0.00901397
14.16 0.0085708
14.165 0.00811221
14.17 0.00764009
14.175 0.00715666
14.18 0.00666443
14.185 0.00616599
14.19 0.00566392
14.195 0.00516076
14.2 0.00465889
14.205 0.00416091
14.21 0.00366859
14.215 0.00318146
14.22 0.00269827
14.225 0.00221844
14.23 0.0017418
14.235 0.00126821
14.24 0.000796987
14.245 0.000327566
14.25 -0.000139034
14.255 -0.000601237
14.26 -0.00105773
14.265 -0.0015072
14.27 -0.00194858
14.275 -0.00238113
14.28 -0.00280411
14.285 -0.00321666
14.29 -0.00361769
14.295 -0.00400612
14.3 -0.00438149
14.305 -0.00474474
14.31 -0.0050978
14.315 -0.0054425
14.32 -0.00578013
14.325 -0.00611153
14.33 -0.00643719
14.335 -0.00675728
14.34 -0.00707171
14.345 -0.00738013
14.35 -0.0076819
14.355 -0.00797617
14.36 -0.00826192
14.365 -0.00853792
14.37 -0.00880273
14.375 -0.00905468
14.38 -0.00929188
14.385 -0.00951223
14.39 -0.00971337
14.395 -0.00989272
14.4 -0.0100476
14.405 -0.0101751
14.41 -0.0102725
14.415 -0.0103372
14.42 -0.0103664
14.425 -0.0103576
14.43 -0.0103083
14.435 -0.0102171
14.44 -0.0100829
14.445 -0.0099057
14.45 -0.00968576
14.455 -0.00942421
14.46 -0.00912264
14.465 -0.008783
14.47 -0.0084076
14.475 -0.00799892
14.48 -0.00755967
14.485 -0.00709275
14.49 -0.00660121
14.495 -0.00608833
14.5 -0.00555764
14.505 -0.00501292
14.51 -0.00445819
14.515 -0.00389759
14.52 -0.00333513
14.525 -0.00277459
14.53 -0.00221976
14.535 -0.00167431
14.54 -0.00114158
14.545 -0.000624445
14.55 -0.000125281
14.555 0.000354073
14.56 0.000813707
14.565 0.00125459
14.57 0.00167589
14.575 0.00207726
14.58 0.00245946
14.585 0.00282249
14.59 0.00316608
14.595 0.00349041
14.6 0.0037961
14.605 0.00408417
14.61 0.00435587
14.615 0.00461263
14.62 0.00485598
14.625 0.0050876
14.63 0.00530928
14.635 0.0055229
14.64 0.0057304
14.645 0.00593366
14.65 0.00613456
14.655 0.00633489
14.66 0.0065363
14.665 0.00674029
14.67 0.00694812
14.675 0.00716073
14.68 0.00737863
14.685 0.00760204
14.69 0.00783114
14.695 0.00806611
14.7 0.00830707
14.705 0.00855399
14.71 0.00880659
14.715 0.0090642
14.72 0.0093261
14.725 0.0095919
14.73 0.00986141
14.735 0.0101343
14.74 0.0104099
14.745 0.0106876
14.75 0.0109664
14.755 0.0112455
14.76 0.0115243
14.765 0.0118019
14.77 0.0120779
14.775 0.0123517
14.78 0.0126226
14.785 0.0128903
14.79 0.0131542
14.795 0.0134139
14.8 0.0136693
14.805 0.01392
14.81 0.0141659
14.815 0.0144067
14.82 0.0146424
14.825 0.0148726
14.83 0.0150971
14.835 0.0153154
14.84 0.0155273
14.845 0.0157328
14.85 0.0159338
14.855 0.016131
14.86 0.0163231
14.865 0.016508
14.87 0.0166842
14.875 0.0168513
14.88 0.0170094
14.885 0.0171589
14.89 0.0173007
14.895 0.0174356
14.9 0.0175645
14.905 0.0176884
14.91 0.0178082
14.915 0.0179247
14.92 0.0180386
14.925 0.0181504
14.93 0.0182604
14.935 0.0183687
14.94 0.0184752
14.945 0.0185794
14.95 0.0186804
14.955 0.0187774
14.96 0.0188691
14.965 0.018954
14.97 0.0190306
14.975 0.0190967
14.98 0.0191503
14.985 0.0191891
14.99 0.0192109
14.995 0.0192125
15 0.0191906
15.005 0.0191416
15.01 0.0190618
15.015 0.0189478
15.02 0.0187961
15.025 0.0186036
15.03 0.0183675
15.035 0.0180852
15.04 0.0177544
15.045 0.0173733
15.05 0.0169407
15.055 0.0164561
15.06 0.0159193
15.065 0.0153311
15.07 0.0146922
15.075 0.014004
15.08 0.0132679
15.085 0.0124861
15.09 0.0116612
15.095 0.0107966
15.1 0.00989584
15.105 0.00896309
15.11 0.00800332
15.115 0.0070223
15.12 0.00602616
15.125 0.00502098
15.13 0.00401263
15.135 0.00300637
15.14 0.00200648
15.145 0.00101632
15.15 3.81526e-05
15.155 -0.000926103
15.16 -0.00187332
15.165 -0.00280016
15.17 -0.00370402
15.175 -0.00458275
15.18 -0.00543488
15.185 -0.00626021
15.19 -0.00706013
15.195 -0.00783693
15.2 -0.00859278
15.205 -0.00932924
15.21 -0.0100472
15.215 -0.0107469
15.22 -0.0114279
15.225 -0.0120897
15.23 -0.0127312
15.235 -0.0133513
15.24 -0.0139482
15.245 -0.0145202
15.25 -0.0150653
15.255 -0.0155814
15.26 -0.0160658
15.265 -0.0165157
15.27 -0.0169282
15.275 -0.017301
15.28 -0.0176327
15.285 -0.017922
15.29 -0.0181682
15.295 -0.0183712
15.3 -0.0185311
15.305 -0.0186489
15.31 -0.0187255
15.315 -0.0187625
15.32 -0.0187615
15.325 -0.0187247
15.33 -0.0186545
15.335 -0.0185536
15.34 -0.0184249
15.345 -0.0182715
15.35 -0.0180961
15.355 -0.0179008
15.36 -0.0176875
15.365 -0.0174571
15.37 -0.0172101
15.375 -0.0169463
15.38 -0.0166655
15.385 -0.0163673
15.39 -0.0160516
15.395 -0.0157181
15.4 -0.015367
15.405 -0.0149987
15.41 -0.0146142
15.415 -0.0142148
15.42 -0.0138022
15.425 -0.013378
15.43 -0.0129439
15.435 -0.0125016
15.44 -0.0120521
15.445 -0.0115968
15.45 -0.0111368
15.455 -0.0106732
15.46 -0.0102068
15.465 -0.00973815
15.47 -0.00926738
15.475 -0.00879439
15.48 -0.00831864
15.485 -0.00783917
15.49 -0.00735487
15.495 -0.00686471
15.5 -0.00636643
15.505 -0.0058577
15.51 -0.00533926
15.515 -0.00481288
15.52 -0.00427873
15.525 -0.00373595
15.53 -0.00318439
15.535 -0.00262576
15.54 -0.00206265
15.545 -0.00149751
15.55 -0.000932578
15.555 -0.000369873
15.56 0.000188819
15.565 0.00074202
15.57 0.00128854
15.575 0.00182716
15.58 0.00235645
15.585 0.00287488
15.59 0.00338098
15.595 0.00387366
15.6 0.00435235
15.605 0.00481699
15.61 0.00526787
15.615 0.00570536
15.62 0.00612979
15.625 0.00654137
15.63 0.00693997
15.635 0.00732511
15.64 0.00769641
15.645 0.00805401
15.65 0.00839807
15.655 0.00872833
15.66 0.00904437
15.665 0.0093457
15.67 0.00963185
15.675 0.00990241
15.68 0.0101571
15.685 0.0103958
15.69 0.0106185
15.695 0.0108253
15.7 0.0110163
15.705 0.0111916
15.71 0.0113512
15.715 0.0114951
15.72 0.0116231
15.725 0.0117347
15.73 0.0118294
15.735 0.0119068
15.74 0.0119659
15.745 0.0120063
15.75 0.0120272
15.755 0.0120281
15.76 0.0120086
15.765 0.0119682
15.77 0.0119068
15.775 0.011824
15.78 0.0117201
15.785 0.0115955
15.79 0.0114505
15.795 0.0112856
15.8 0.0111017
15.805 0.0109
15.81 0.0106819
15.815 0.0104489
15.82 0.0102021
15.825 0.00994264
15.83 0.0096713
15.835 0.00938889
15.84 0.00909616
15.845 0.00879395
15.85 0.00848317
15.855 0.00816484
15.86 0.00784003
15.865 0.00750979
15.87 0.00717511
15.875 0.00683674
15.88 0.00649524
15.885 0.00614966
15.89 0.00579966
15.895 0.00544872
15.9 0.00509965
15.905 0.00475281
15.91 0.00440868
15.915 0.00406799
15.92 0.00373143
15.925 0.00339968
15.93 0.00307334
15.935 0.00275308
15.94 0.00243969
15.945 0.00213413
15.95 0.00183741
15.955 0.00155064
15.96 0.00127501
15.965 0.00101206
15.97 0.000764653
15.975 0.000533656
15.98 0.000318304
15.985 0.000119489
15.99 -6.22212e-05
15.995 -0.000224845
16 -0.000368293
16.005 -0.000493918
16.01 -0.000598867
16.015 -0.000681357
16.02 -0.000742457
16.025 -0.000783371
16.03 -0.000805306
16.035 -0.000809364
16.04 -0.000796668
16.045 -0.000768494
16.05 -0.000726249
16.055 -0.000671457
16.06 -0.000605731
16.065 -0.00053075
16.07 -0.000448233
16.075 -0.000359917
16.08 -0.000267545
16.085 -0.000172778
16.09 -7.71307e-05
16.095 1.79304e-05
16.1 0.000110925
16.105 0.000200397
16.11 0.000284952
16.115 0.000363295
16.12 0.000434269
16.125 0.000496856
16.13 0.000550172
16.135 0.000593448
16.14 0.000626011
16.145 0.000647272
16.15 0.000656676
16.155 0.000653673
16.16 0.000637749
16.165 0.000609547
16.17 0.000570229
16.175 0.000519093
16.18 0.000454886
16.185 0.000377538
16.19 0.000287628
16.195 0.000186058
16.2 7.39203e-05
16.205 -4.74847e-05
16.21 -0.000176746
16.215 -0.000312659
16.22 -0.000454215
16.225 -0.000602023
16.23 -0.000757254
16.235 -0.000917968
16.24 -0.0010809
16.245 -0.00124358
16.25 -0.00140342
16.255 -0.00155767
16.26 -0.00170346
16.265 -0.00183797
16.27 -0.00195859
16.275 -0.00206303
16.28 -0.00214945
16.285 -0.00221655
16.29 -0.00226366
16.295 -0.00229077
16.3 -0.00229848
16.305 -0.00228794
16.31 -0.00226067
16.315 -0.00221841
16.32 -0.00216295
16.325 -0.00209587
16.33 -0.00201845
16.335 -0.00193191
16.34 -0.00183743
16.345 -0.00173586
16.35 -0.00162772
16.355 -0.00151315
16.36 -0.00139196
16.365 -0.0012637
16.37 -0.00112782
16.375 -0.000983702
16.38 -0.000830822
16.385 -0.00066875
16.39 -0.000497207
16.395 -0.000316084
16.4 -0.00012546
16.405 7.43873e-05
16.41 0.000282965
16.415 0.000499556
16.42 0.000723212
16.425 0.000952766
16.43 0.00118687
16.435 0.00142539
16.44 0.0016686
16.445 0.00191416
16.45 0.00215855
16.455 0.00239932
16.46 0.00263475
16.465 0.00286344
16.47 0.00308435
16.475 0.00329665
16.48 0.00349974
16.485 0.00369333
16.49 0.00387765
16.495 0.0040527
16.5 0.00421762
16.505 0.00437111
16.51 0.00451192
16.515 0.00463897
16.52 0.00475138
16.525 0.00484847
16.53 0.00492983
16.535 0.00499541
16.54 0.00504555
16.545 0.00508097
16.55 0.00510278
16.555 0.00511238
16.56 0.00511133
16.565 0.00510128
16.57 0.00508386
16.575 0.0050606
16.58 0.0050329
16.585 0.005002
16.59 0.00496893
16.595 0.00493455
16.6 0.00489957
16.605 0.00486462
16.61 0.00483029
16.615 0.00479714
16.62 0.00476577
16.625 0.00473677
16.63 0.00471076
16.635 0.00468831
16.64 0.00466992
16.645 0.00465594
16.65 0.00464644
16.655 0.00464119
16.66 0.0046396
16.665 0.00464078
16.67 0.00464355
16.675 0.00464656
16.68 0.00464842
16.685 0.00464771
16.69 0.00464314
16.695 0.00463355
16.7 0.00461798
16.705 0.00459565
16.71 0.00456594
16.715 0.00452834
16.72 0.00448248
16.725 0.00442804
16.73 0.00436487
16.735 0.00429296
16.74 0.00421245
16.745 0.00412371
16.75 0.00402734
16.755 0.00392414
16.76 0.00381511
16.765 0.00370137
16.77 0.00358416
16.775 0.00346472
16.78 0.00334427
16.785 0.00322389
16.79 0.00310447
16.795 0.00298665
16.8 0.00287077
16.805 0.00275692
16.81 0.00264498
16.815 0.00253469
16.82 0.00242576
16.825 0.00231795
16.83 0.00221112
16.835 0.00210525
16.84 0.0020005
16.845 0.00189718
16.85 0.0017958
16.855 0.00169705
16.86 0.00160179
16.865 0.00151102
16.87 0.00142587
16.875 0.00134759
16.88 0.00127761
16.885 0.00121745
16.89 0.00116871
16.895 0.00113302
16.9 0.00111191
16.905 0.00110681
16.91 0.00111896
16.915 0.00114944
16.92 0.00119909
16.925 0.00126848
16.93 0.00135775
16.935 0.00146675
16.94 0.00159503
16.945 0.00174168
16.95 0.00190529
16.955 0.00208329
16.96 0.00227303
16.965 0.00247298
16.97 0.0026807
16.975 0.00289265
16.98 0.00310542
16.985 0.00331598
16.99 0.00352195
16.995 0.00372093
17 0.00390992
17.005 0.00408584
17.01 0.00424597
17.015 0.00438801
17.02 0.00451015
17.025 0.00461107
17.03 0.00468985
17.035 0.00474591
17.04 0.00477882
17.045 0.00478814
17.05 0.00477351
17.055 0.00473468
17.06 0.00467157
17.065 0.00458429
17.07 0.00447319
17.075 0.00433882
17.08 0.00418198
17.085 0.00400369
17.09 0.0038052
17.095 0.00358797
17.1 0.00335372
17.105 0.00310447
17.11 0.00284251
17.115 0.00257049
17.12 0.00229137
17.125 0.00200839
17.13 0.00172497
17.135 0.00144448
17.14 0.00117003
17.145 0.000904276
17.15 0.00064949
17.155 0.000407614
17.16 0.000180287
17.165 -3.11842e-05
17.17 -0.000225945
17.175 -0.000403623
17.18 -0.000564176
17.185 -0.000708294
17.19 -0.000837097
17.195 -0.000951112
17.2 -0.0010508
17.205 -0.0011371
17.21 -0.00121116
17.215 -0.00127432
17.22 -0.00132803
17.225 -0.00137366
17.23 -0.00141243
17.235 -0.00144528
17.24 -0.00147282
17.245 -0.00149537
17.25 -0.00151294
17.255 -0.00152529
17.26 -0.00153203
17.265 -0.00153274
17.27 -0.00152713
17.275 -0.0015153
17.28 -0.0014976
17.285 -0.0014744
17.29 -0.00144599
17.295 -0.00141265
17.3 -0.0013747
17.305 -0.0013325
17.31 -0.00128655
17.315 -0.00123748
17.32 -0.00118603
17.325 -0.00113302
17.33 -0.00107929
17.335 -0.00102557
17.34 -0.000972415
17.345 -0.000920138
17.35 -0.000868513
17.355 -0.000816794
17.36 -0.00076418
17.365 -0.000709908
17.37 -0.000653118
17.375 -0.000592866
17.38 -0.000528151
17.385 -0.000457948
17.39 -0.000381247
17.395 -0.00029709
17.4 -0.000204608
17.405 -0.00010307
17.41 8.05381e-06
17.415 0.00012901
17.42 0.00025967
17.425 0.000399468
17.43 0.000547384
17.435 0.000702009
17.44 0.000861676
17.445 0.00102587
17.45 0.00119461
17.455 0.00136565
17.46 0.00153587
17.465 0.00170342
17.47 0.00186736
17.475 0.00202735
17.48 0.00218357
17.485 0.00233655
17.49 0.00248718
17.495 0.00263659
17.5 0.00278607
17.505 0.00293701
17.51 0.00309075
17.515 0.0032482
17.52 0.00340992
17.525 0.00357642
17.53 0.00374784
17.535 0.00392374
17.54 0.00410342
17.545 0.00428625
17.55 0.00447177
17.555 0.00465973
17.56 0.00485008
17.565 0.00504269
17.57 0.00523727
17.575 0.00543335
17.58 0.00563034
17.585 0.00582771
17.59 0.006025
17.595 0.00622184
17.6 0.00641783
17.605 0.00661251
17.61 0.0068053
17.615 0.0069955
17.62 0.00718228
17.625 0.00736475
17.63 0.0075419
17.635 0.00771261
17.64 0.00787558
17.645 0.00802938
17.65 0.00817239
17.655 0.00830291
17.66 0.00841934
17.665 0.00852052
17.67 0.00860608
17.675 0.00867633
17.68 0.00873185
17.685 0.00877326
17.69 0.00880119
17.695 0.00881626
17.7 0.00881918
17.705 0.00881074
17.71 0.00879183
17.715 0.00876335
17.72 0.00872619
17.725 0.00868119
17.73 0.00862902
17.735 0.00857022
17.74 0.00850511
17.745 0.00843388
17.75 0.00835665
17.755 0.00827349
17.76 0.00818463
17.765 0.00809048
17.77 0.0079917
17.775 0.00788918
17.78 0.00778417
17.785 0.00767625
17.79 0.00756507
17.795 0.00745446
17.8 0.007349
17.805 0.00725155
17.81 0.00716491
17.815 0.00709172
17.82 0.00703439
17.825 0.0069949
17.83 0.00697473
17.835 0.00697477
17.84 0.0069953
17.845 0.00703595
17.85 0.00709571
17.855 0.00717294
17.86 0.0072654
17.865 0.0073702
17.87 0.00748385
17.875 0.00760259
17.88 0.00772266
17.885 0.00784029
17.89 0.00795176
17.895 0.00805323
17.9 0.0081407
17.905 0.00821072
17.91 0.00826044
17.915 0.00828756
17.92 0.00829023
17.925 0.00826709
17.93 0.00821719
17.935 0.00813991
17.94 0.00803495
17.945 0.00790222
17.95 0.00774184
17.955 0.00755418
17.96 0.00733987
17.965 0.00709981
17.97 0.00683518
17.975 0.00654745
17.98 0.00623832
17.985 0.00590974
17.99 0.00556399
17.995 0.00520358
18 0.00483121
18.005 0.00444971
18.01 0.00406193
18.015 0.00367063
18.02 0.0032783
18.025 0.00288705
18.03 0.00249837
18.035 0.00211365
18.04 0.0017338
18.045 0.00135794
18.05 0.000984455
18.055 0.000612317
18.06 0.000240842
18.065 -0.000131043
18.07 -0.000504656
18.075 -0.000880398
18.08 -0.00125794
18.085 -0.00163663
18.09 -0.00201561
18.095 -0.00239409
18.1 -0.00277139
18.105 -0.00314697
18.11 -0.00352046
18.115 -0.00389166
18.12 -0.00426053
18.125 -0.00462728
18.13 -0.00499253
18.135 -0.00535769
18.14 -0.00572475
18.145 -0.00609571
18.15 -0.00647195
18.155 -0.00685398
18.16 -0.00724149
18.165 -0.00763337
18.17 -0.00802793
18.175 -0.00842307
18.18 -0.00881647
18.185 -0.00920575
18.19 -0.00958848
18.195 -0.0099623
18.2 -0.0103249
18.205 -0.0106738
18.21 -0.0110068
18.215 -0.0113218
18.22 -0.0116167
18.225 -0.01189
18.23 -0.0121403
18.235 -0.0123667
18.24 -0.0125689
18.245 -0.0127468
18.25 -0.0129006
18.255 -0.0130313
18.26 -0.0131396
18.265 -0.0132269
18.27 -0.0132945
18.275 -0.0133438
18.28 -0.0133763
18.285 -0.0133938
18.29 -0.0133976
18.295 -0.0133892
18.3 -0.0133702
18.305 -0.0133416
18.31 -0.013305
18.315 -0.0132615
18.32 -0.013212
18.325 -0.0131571
18.33 -0.0130974
18.335 -0.013033
18.34 -0.0129643
18.345 -0.0128915
18.35 -0.0128147
18.355 -0.0127331
18.36 -0.0126452
18.365 -0.0125491
18.37 -0.0124424
18.375 -0.0123223
18.38 -0.0121855
18.385 -0.0120282
18.39 -0.0118468
18.395 -0.0116373
18.4 -0.0113963
18.405 -0.0111207
18.41 -0.0108083
18.415 -0.0104574
18.42 -0.0100671
18.425 -0.00963754
18.43 -0.00916954
18.435 -0.00866467
18.44 -0.00812509
18.445 -0.00755357
18.45 -0.00695326
18.455 -0.00632759
18.46 -0.0056801
18.465 -0.00501432
18.47 -0.00433365
18.475 -0.00364132
18.48 -0.00294044
18.485 -0.00223401
18.49 -0.00152498
18.495 -0.000816302
18.5 -0.000109165
18.505 0.000596433
18.51 0.00129742
18.515 0.00198842
18.52 0.00266481
18.525 0.00332307
18.53 0.00396054
18.535 0.00457489
18.54 0.00516383
18.545 0.00572509
18.55 0.00625633
18.555 0.0067552
18.56 0.0072197
18.565 0.00764836
18.57 0.00804033
18.575 0.00839555
18.58 0.00871468
18.585 0.00899866
18.59 0.00924857
18.595 0.00946554
18.6 0.00965085
18.605 0.00980599
18.61 0.00993266
18.615 0.0100329
18.62 0.0101091
18.625 0.0101642
18.63 0.0102022
18.635 0.0102272
18.64 0.0102434
18.645 0.0102543
18.65 0.0102628
18.655 0.0102716
18.66 0.0102827
18.665 0.0102978
18.67 0.0103181
18.675 0.0103444
18.68 0.0103774
18.685 0.0104173
18.69 0.0104643
18.695 0.0105183
18.7 0.0105793
18.705 0.0106472
18.71 0.0107219
18.715 0.0108034
18.72 0.0108917
18.725 0.0109871
18.73 0.0110901
18.735 0.0112012
18.74 0.0113211
18.745 0.0114505
18.75 0.01159
18.755 0.0117402
18.76 0.0119015
18.765 0.0120739
18.77 0.0122574
18.775 0.0124514
18.78 0.0126554
18.785 0.0128686
18.79 0.0130893
18.795 0.0133161
18.8 0.0135477
18.805 0.0137815
18.81 0.0140117
18.815 0.0142311
18.82 0.0144328
18.825 0.0146108
18.83 0.0147601
18.835 0.0148765
18.84 0.0149567
18.845 0.0149978
18.85 0.0149978
18.855 0.0149547
18.86 0.0148671
18.865 0.0147346
18.87 0.0145572
18.875 0.0143358
18.88 0.0140712
18.885 0.0137644
18.89 0.0134168
18.895 0.0130297
18.9 0.0126044
18.905 0.0121418
18.91 0.011643
18.915 0.011109
18.92 0.010541
18.925 0.0099409
18.93 0.00931112
18.935 0.00865489
18.94 0.00797606
18.945 0.00727923
18.95 0.00656988
18.955 0.005854
18.96 0.00513768
18.965 0.00442678
18.97 0.00372717
18.975 0.0030447
18.98 0.00238507
18.985 0.00175388
18.99 0.00115649
18.995 0.000598035
19 8.32734e-05
19.005 -0.000383823
19.01 -0.000799931
19.015 -0.00116223
19.02 -0.00146841
19.025 -0.00171652
19.03 -0.00190519
19.035 -0.00203375
19.04 -0.00210228
19.045 -0.00211163
19.05 -0.00206344
19.055 -0.00196022
19.06 -0.00180527
19.065 -0.00160263
19.07 -0.00135698
19.075 -0.00107353
19.08 -0.000757896
19.085 -0.000415998
19.09 -5.38727e-05
19.095 0.000322452
19.1 0.000707103
19.105 0.0010945
19.11 0.00147945
19.115 0.00185729
19.12 0.00222391
19.125 0.00257589
19.13 0.00291049
19.135 0.00322573
19.14 0.00352031
19.145 0.00379357
19.15 0.00404536
19.155 0.00427592
19.16 0.00448573
19.165 0.00467537
19.17 0.00484549
19.175 0.00499668
19.18 0.00513027
19.185 0.0052479
19.19 0.00534984
19.195 0.0054359
19.2 0.00550655
19.205 0.00556241
19.21 0.00560391
19.215 0.00563131
19.22 0.00564492
19.225 0.00564478
19.23 0.00563034
19.235 0.00560101
19.24 0.00555653
19.245 0.00549681
19.25 0.00542184
19.255 0.00533162
19.26 0.0052261
19.265 0.00510522
19.27 0.00496894
19.275 0.00481727
19.28 0.00465038
19.285 0.00446861
19.29 0.00427261
19.295 0.00406337
19.3 0.00384228
19.305 0.0036111
19.31 0.00337203
19.315 0.00312755
19.32 0.00288024
19.325 0.00263264
19.33 0.0023872
19.335 0.00214609
19.34 0.00191116
19.345 0.00168415
19.35 0.00146673
19.355 0.00126033
19.36 0.00106618
19.365 0.000885293
19.37 0.000718468
19.375 0.000566319
19.38 0.000429352
19.385 0.000307941
19.39 0.00020213
19.395 0.000111716
19.4 3.64135e-05
19.405 -2.40863e-05
19.41 -7.00489e-05
19.415 -0.00010164
19.42 -0.000118869
19.425 -0.000121533
19.43 -0.000109184
19.435 -8.11143e-05
19.44 -3.63697e-05
19.445 2.61582e-05
19.45 0.000107623
19.455 0.000209152
19.46 0.000331766
19.465 0.000476257
19.47 0.000643047
19.475 0.000832079
19.48 0.00104272
19.485 0.0012737
19.49 0.00152318
19.495 0.00178879
19.5 0.00206782
19.505 0.0023573
19.51 0.00265418
19.515 0.00295543
19.52 0.00325811
19.525 0.00355946
19.53 0.00385691
19.535 0.00414814
19.54 0.00443223
19.545 0.00470904
19.55 0.00497667
19.555 0.00523237
19.56 0.0054742
19.565 0.00570096
19.57 0.00591208
19.575 0.00610745
19.58 0.00628744
19.585 0.00645282
19.59 0.00660476
19.595 0.0067446
19.6 0.00687357
19.605 0.00699278
19.61 0.00710332
19.615 0.00720615
19.62 0.00730198
19.625 0.00739136
19.63 0.0074746
19.635 0.00755186
19.64 0.00762312
19.645 0.00768832
19.65 0.00774739
19.655 0.00780032
19.66 0.00784714
19.665 0.00788793
19.67 0.00792272
19.675 0.0079515
19.68 0.00797415
19.685 0.00799038
19.69 0.00799976
19.695 0.00800174
19.7 0.00799564
19.705 0.00798015
19.71 0.00795426
19.715 0.00791876
19.72 0.00787459
19.725 0.00782201
19.73 0.00776143
19.735 0.0076936
19.74 0.00761954
19.745 0.00754044
19.75 0.0074577
19.755 0.00737282
19.76 0.00728749
19.765 0.00720347
19.77 0.00712257
19.775 0.00704659
19.78 0.00697725
19.785 0.00691612
19.79 0.0068646
19.795 0.00682382
19.8 0.00679463
19.805 0.00677755
19.81 0.00677278
19.815 0.00678036
19.82 0.00680011
19.825 0.0068313
19.83 0.00687272
19.835 0.00692266
19.84 0.00697897
19.845 0.00703913
19.85 0.00710028
19.855 0.00715939
19.86 0.00721339
19.865 0.00725927
19.87 0.00729425
19.875 0.00731583
19.88 0.00732195
19.885 0.00731107
19.89 0.00728226
19.895 0.00723527
19.9 0.00717049
19.905 0.00708899
19.91 0.00699233
19.915 0.0068825
19.92 0.00676175
19.925 0.00663252
19.93 0.00649727
19.935 0.00635848
19.94 0.0062185
19.945 0.00607949
19.95 0.00594336
19.955 0.00581159
19.96 0.00568527
19.965 0.00556507
19.97 0.00545116
19.975 0.00534331
19.98 0.00524094
19.985 0.00514316
19.99 0.00504887
19.995 0.00495677
20 0.00486546
20.005 0.00477351
20.01 0.00467949
20.015 0.00458207
20.02 0.00448005
20.025 0.00437239
20.03 0.00425822
20.035 0.00413687
20.04 0.00400776
20.045 0.00387066
20.05 0.00372523
20.055 0.00357009
20.06 0.00340355
20.065 0.00322454
20.07 0.00303254
20.075 0.00282735
20.08 0.0026091
20.085 0.00237821
20.09 0.00213541
20.095 0.00188169
20.1 0.00161828
20.105 0.00134661
20.11 0.00106827
20.115 0.000785022
20.12 0.000498672
20.125 0.000211072
20.13 -7.5628e-05
20.135 -0.000359114
20.14 -0.000637055
20.145 -0.000907038
20.15 -0.00116659
20.155 -0.00141326
20.16 -0.00164481
20.165 -0.0018595
20.17 -0.00205657
20.175 -0.00223627
20.18 -0.00239947
20.185 -0.00254723
20.19 -0.00268077
20.195 -0.00280134
20.2 -0.00291017
20.205 -0.00300846
20.21 -0.00309744
20.215 -0.00317831
20.22 -0.00325224
20.225 -0.00332021
20.23 -0.00338305
20.235 -0.00344132
20.24 -0.0034954
20.245 -0.00354546
20.25 -0.00359169
20.255 -0.00363432
20.26 -0.00367335
20.265 -0.00370845
20.27 -0.00373913
20.275 -0.00376476
20.28 -0.00378473
20.285 -0.00379846
20.29 -0.00380548
20.295 -0.00380544
20.3 -0.0037981
20.305 -0.00378326
20.31 -0.00376077
20.315 -0.00373044
20.32 -0.00369206
20.325 -0.00364519
20.33 -0.00358928
20.335 -0.00352403
20.34 -0.00344958
20.345 -0.00336639
20.35 -0.00327511
20.355 -0.00317644
20.36 -0.00307109
20.365 -0.00295965
20.37 -0.0028425
20.375 -0.00271979
20.38 -0.00259134
20.385 -0.00245663
20.39 -0.00231459
20.395 -0.0021636
20.4 -0.00200202
20.405 -0.00182833
20.41 -0.00164111
20.415 -0.00143909
20.42 -0.00122118
20.425 -0.000986533
20.43 -0.00073458
20.435 -0.000465066
20.44 -0.000178062
20.445 0.000126185
20.45 0.000447197
20.455 0.000783916
20.46 0.00113477
20.465 0.0014979
20.47 0.00187124
20.475 0.0022526
20.48 0.00263979
20.485 0.00303062
20.49 0.00342297
20.495 0.00381479
20.5 0.00420415
20.505 0.0045893
20.51 0.00496846
20.515 0.00534024
20.52 0.00570365
20.525 0.00605692
20.53 0.00639785
20.535 0.00672417
20.54 0.00703365
20.545 0.00732455
20.55 0.0075956
20.555 0.00784587
20.56 0.0080749
20.565 0.00828262
20.57 0.00846926
20.575 0.00863533
20.58 0.00878148
20.585 0.00890843
20.59 0.00901686
20.595 0.00910731
20.6 0.00918012
20.605 0.00923537
20.61 0.0092729
20.615 0.00929228
20.62 0.00929282
20.625 0.00927358
20.63 0.00923345
20.635 0.00917171
20.64 0.00908817
20.645 0.0089824
20.65 0.00885353
20.655 0.00870055
20.66 0.00852248
20.665 0.00831854
20.67 0.00808834
20.675 0.00783208
20.68 0.00755052
20.685 0.00724508
20.69 0.00691785
20.695 0.00657152
20.7 0.0062093
20.705 0.00583492
20.71 0.00545249
20.715 0.00506646
20.72 0.00468148
20.725 0.00430228
20.73 0.00393353
20.735 0.00357979
20.74 0.0032455
20.745 0.00293492
20.75 0.00265211
20.755 0.00240081
20.76 0.00218404
20.765 0.00200395
20.77 0.00186195
20.775 0.00175878
20.78 0.00169457
20.785 0.00166897
20.79 0.00168125
20.795 0.00173043
20.8 0.00181525
20.805 0.00193417
20.81 0.00208534
20.815 0.00226668
20.82 0.00247586
20.825 0.00271043
20.83 0.00296785
20.835 0.00324571
20.84 0.00354179
20.845 0.00385379
20.85 0.00417929
20.855 0.00451589
20.86 0.00486132
20.865 0.00521349
20.87 0.00557048
20.875 0.00593055
20.88 0.00629218
20.885 0.00665417
20.89 0.00701556
20.895 0.0073755
20.9 0.00773306
20.905 0.00808731
20.91 0.00843721
20.915 0.00878163
20.92 0.0091196
20.925 0.00945038
20.93 0.00977363
20.935 0.0100892
20.94 0.0103965
20.945 0.0106947
20.95 0.0109824
20.955 0.011258
20.96 0.0115195
20.965 0.0117644
20.97 0.01199
20.975 0.0121933
20.98 0.0123711
20.985 0.0125201
20.99 0.0126378
20.995 0.0127222
21 0.0127712
21.005 0.0127835
21.01 0.0127581
21.015 0.0126942
21.02 0.0125917
21.025 0.0124508
21.03 0.0122721
21.035 0.0120562
21.04 0.0118042
21.045 0.0115173
21.05 0.0111975
21.055 0.010847
21.06 0.0104686
21.065 0.0100651
21.07 0.00963952
21.075 0.00919523
21.08 0.00873544
21.085 0.00826327
21.09 0.00778185
21.095 0.00729454
21.1 0.00680497
21.105 0.00631688
21.11 0.00583408
21.115 0.00536036
21.12 0.00489953
21.125 0.00445539
21.13 0.00403172
21.135 0.00363211
21.14 0.00325995
21.145 0.00291835
21.15 0.00261009
21.155 0.00233761
21.16 0.00210295
21.165 0.00190789
21.17 0.00175402
21.175 0.00164248
21.18 0.00157397
21.185 0.00154889
21.19 0.00156735
21.195 0.00162914
21.2 0.00173375
21.205 0.00188022
21.21 0.0020672
21.215 0.00229288
21.22 0.00255497
21.225 0.00285075
21.23 0.00317707
21.235 0.00353026
21.24 0.00390617
21.245 0.00430058
21.25 0.00470938
21.255 0.00512698
21.26 0.00554817
21.265 0.00597131
21.27 0.00639465
21.275 0.00681443
21.28 0.00722712
21.285 0.00763007
21.29 0.00802099
21.295 0.00839717
21.3 0.00875547
21.305 0.00909311
21.31 0.00940748
21.315 0.00969525
21.32 0.00995294
21.325 0.0101773
21.33 0.0103652
21.335 0.0105141
21.34 0.0106221
21.345 0.0106872
21.35 0.0107082
21.355 0.010684
21.36 0.010614
21.365 0.0104984
21.37 0.0103374
21.375 0.0101312
21.38 0.00988096
21.385 0.00958921
21.39 0.00925892
21.395 0.00889283
21.4 0.00849374
21.405 0.00806502
21.41 0.00761061
21.415 0.00713473
21.42 0.0066418
21.425 0.0061362
21.43 0.00562218
21.435 0.0051037
21.44 0.0045844
21.445 0.00406755
21.45 0.00355605
21.455 0.0030524
21.46 0.0025588
21.465 0.00207716
21.47 0.00160922
21.475 0.00115655
21.48 0.000720565
21.485 0.000302546
21.49 -9.63129e-05
21.495 -0.000474878
21.5 -0.000832034
21.505 -0.0011667
21.51 -0.00147781
21.515 -0.00176422
21.52 -0.00202471
21.525 -0.00225789
21.53 -0.0024623
21.535 -0.00263666
21.54 -0.00278012
21.545 -0.00289227
21.55 -0.00297311
21.555 -0.00302323
21.56 -0.00304408
21.565 -0.00303809
21.57 -0.00300848
21.575 -0.00295871
21.58 -0.00289201
21.585 -0.00281133
21.59 -0.00271934
21.595 -0.00261834
21.6 -0.0025103
21.605 -0.00239681
21.61 -0.00227922
21.615 -0.00215867
21.62 -0.0020361
21.625 -0.00191226
21.63 -0.00178771
21.635 -0.00166286
21.64 -0.00153796
21.645 -0.00141313
21.65 -0.00128842
21.655 -0.00116373
21.66 -0.00103895
21.665 -0.00091392
21.67 -0.000788448
21.675 -0.000662345
21.68 -0.00053541
21.685 -0.000407423
21.69 -0.000277943
21.695 -0.000146299
21.7 -1.20353e-05
21.705 0.000125006
21.71 0.000264914
21.715 0.000407823
21.72 0.000554001
21.725 0.000704113
21.73 0.000859174
21.735 0.00102002
21.74 0.00118724
21.745 0.0013614
21.75 0.00154301
21.755 0.00173255
21.76 0.00193045
21.765 0.00213709
21.77 0.00235274
21.775 0.00257762
21.78 0.00281179
21.785 0.00305518
21.79 0.0033076
21.795 0.00356866
21.8 0.0038379
21.805 0.00411473
21.81 0.00439833
21.815 0.00468748
21.82 0.00498111
21.825 0.00527822
21.83 0.00557683
21.835 0.00587467
21.84 0.00617009
21.845 0.00646171
21.85 0.00674795
21.855 0.00702719
21.86 0.00729818
21.865 0.00756001
21.87 0.00781188
21.875 0.00805304
21.88 0.00828284
21.885 0.0085008
21.89 0.00870653
21.895 0.00889973
21.9 0.00908014
21.905 0.00924757
21.91 0.0094018
21.915 0.00954262
21.92 0.00966978
21.925 0.009783
21.93 0.00988198
21.935 0.00996643
21.94 0.0100361
21.945 0.0100907
21.95 0.0101302
21.955 0.0101546
21.96 0.0101642
21.965 0.0101593
21.97 0.0101404
21.975 0.0101083
21.98 0.0100636
21.985 0.0100071
21.99 0.00993942
21.995 0.00986141
22 0.00977386
22.005 0.00967768
22.01 0.00957382
22.015 0.0094633
22.02 0.00934737
22.025 0.00922736
22.03 0.00910442
22.035 0.0089794
22.04 0.00885288
22.045 0.00872518
22.05 0.00859643
22.055 0.00846664
22.06 0.0083357
22.065 0.00820341
22.07 0.00806953
22.075 0.00793377
22.08 0.00779558
22.085 0.00765416
22.09 0.00750903
22.095 0.00736006
22.1 0.00720726
22.105 0.0070507
22.11 0.00689044
22.115 0.00672651
22.12 0.00655888
22.125 0.00638749
22.13 0.00621226
22.135 0.00603312
22.14 0.0058501
22.145 0.00566334
22.15 0.00547312
22.155 0.00527982
22.16 0.00508387
22.165 0.00488575
22.17 0.00468597
22.175 0.00448509
22.18 0.00428365
22.185 0.00408222
22.19 0.00388133
22.195 0.00368145
22.2 0.00348305
22.205 0.00328653
22.21 0.00309229
22.215 0.00290073
22.22 0.00271227
22.225 0.00252736
22.23 0.0023465
22.235 0.00217023
22.24 0.00199909
22.245 0.00183366
22.25 0.00167446
22.255 0.00152205
22.26 0.00137692
22.265 0.00123959
22.27 0.00111046
22.275 0.000989912
22.28 0.000878322
22.285 0.000776141
22.29 0.000683863
22.295 0.000601982
22.3 0.000530939
22.305 0.000471083
22.31 0.000422633
22.315 0.000385663
22.32 0.000360108
22.325 0.000345768
22.33 0.000342322
22.335 0.000349343
22.34 0.000366318
22.345 0.00039267
22.35 0.000427783
22.355 0.000471013
22.36 0.0005217
22.365 0.000579079
22.37 0.000642076
22.375 0.000709241
22.38 0.000779012
22.385 0.00085006
22.39 0.000921429
22.395 0.000992499
22.4 0.00106288
22.405 0.00113233
22.41 0.00120064
22.415 0.00126766
22.42 0.00133324
22.425 0.00139732
22.43 0.00145989
22.435 0.00152105
22.44 0.00158093
22.445 0.00163974
22.45 0.00169773
22.455 0.00175512
22.46 0.0018122
22.465 0.00186948
22.47 0.00192773
22.475 0.00198745
22.48 0.00204876
22.485 0.00211164
22.49 0.00217598
22.495 0.00224165
22.5 0.00230856
22.505 0.00237667
22.51 0.002446
22.515 0.00251664
22.52 0.00258873
22.525 0.00266246
22.53 0.00273803
22.535 0.00281568
22.54 0.00289564
22.545 0.00297813
22.55 0.00306334
22.555 0.00315145
22.56 0.00324259
22.565 0.00333684
22.57 0.00343424
22.575 0.00353477
22.58 0.00363882
22.585 0.00374694
22.59 0.00385881
22.595 0.00397365
22.6 0.0040909
22.605 0.0042101
22.61 0.00433082
22.615 0.00445267
22.62 0.00457525
22.625 0.00469815
22.63 0.00482097
22.635 0.00494329
22.64 0.00506468
22.645 0.00518471
22.65 0.00530304
22.655 0.0054195
22.66 0.00553379
22.665 0.00564529
22.67 0.00575321
22.675 0.00585689
22.68 0.00595581
22.685 0.00604958
22.69 0.00613789
22.695 0.00622056
22.7 0.00629747
22.705 0.00636856
22.71 0.00643382
22.715 0.00649327
22.72 0.00654696
22.725 0.00659494
22.73 0.00663728
22.735 0.00667405
22.74 0.00670534
22.745 0.00673129
22.75 0.00675208
22.755 0.0067679
22.76 0.006779
22.765 0.00678561
22.77 0.00678801
22.775 0.00678644
22.78 0.00678117
22.785 0.00677243
22.79 0.00676047
22.795 0.0067455
22.8 0.00672773
22.805 0.00670735
22.81 0.00668454
22.815 0.00665946
22.82 0.00663228
22.825 0.00660313
22.83 0.00657215
22.835 0.00653946
22.84 0.00650516
22.845 0.00646938
22.85 0.0064322
22.855 0.00639372
22.86 0.00635402
22.865 0.00631317
22.87 0.00627127
22.875 0.00622837
22.88 0.00618455
22.885 0.00613987
22.89 0.00609439
22.895 0.00604817
22.9 0.00600129
22.905 0.00595379
22.91 0.00590575
22.915 0.00585724
22.92 0.00580832
22.925 0.00575907
22.93 0.00570957
22.935 0.00565989
22.94 0.0056101
22.945 0.00556028
22.95 0.0055105
22.955 0.00546082
22.96 0.0054113
22.965 0.005362
22.97 0.005313
22.975 0.0052644
22.98 0.00521628
22.985 0.00516875
22.99 0.00512191
22.995 0.00507585
23 0.00503067
23.005 0.00498644
23.01 0.00494325
23.015 0.00490115
23.02 0.00486019
23.025 0.00482042
23.03 0.00478187
23.035 0.00474457
23.04 0.00470856
23.045 0.00467383
23.05 0.00464042
23.055 0.00460833
23.06 0.00457757
23.065 0.00454815
23.07 0.00452007
23.075 0.00449332
23.08 0.0044679
23.085 0.00444379
23.09 0.00442097
23.095 0.00439942
23.1 0.00437911
23.105 0.00436001
23.11 0.00434209
23.115 0.00432531
23.12 0.00430963
23.125 0.00429503
23.13 0.00428145
23.135 0.00426887
23.14 0.00425724
23.145 0.00424652
23.15 0.00423667
23.155 0.00422766
23.16 0.00421944
23.165 0.00421199
23.17 0.00420527
23.175 0.00419925
23.18 0.00419388
23.185 0.00418916
