0.005 3.30051e-08
0.01 2.58238e-07
0.015 1.0124e-06
0.02 2.7083e-06
0.025 5.64986e-06
0.03 9.90306e-06
0.035 1.52809e-05
0.04 2.14183e-05
0.045 2.78836e-05
0.05 3.42864e-05
0.055 4.03541e-05
0.06 4.59678e-05
0.065 5.11504e-05
0.07 5.60114e-05
0.075 6.06705e-05
0.08 6.51944e-05
0.085 6.95748e-05
0.09 7.37517e-05
0.095 7.76657e-05
0.1 8.13135e-05
0.105 8.47801e-05
0.11 8.82264e-05
0.115 9.18347e-05
0.12 9.57341e-05
0.125 9.99258e-05
0.13 0.000104223
0.135 0.000108239
0.14 0.000111431
0.145 0.000113183
0.15 0.000112905
0.155 0.000110121
0.16 0.000104549
0.165 9.61263e-05
0.17 8.49944e-05
0.175 7.14909e-05
0.18 5.61673e-05
0.185 3.97847e-05
0.19 2.32598e-05
0.195 7.55115e-06
0.2 -6.50075e-06
0.205 -1.83364e-05
0.21 -2.77828e-05
0.215 -3.5054e-05
0.22 -4.06465e-05
0.225 -4.51632e-05
0.23 -4.90938e-05
0.235 -5.25893e-05
0.24 -5.52893e-05
0.245 -5.62884e-05
0.25 -5.43104e-05
0.255 -4.80638e-05
0.26 -3.66526e-05
0.265 -1.98902e-05
0.27 1.59094e-06
0.275 2.65016e-05
0.28 5.33283e-05
0.285 8.09125e-05
0.29 0.000108932
0.295 0.000138056
0.3 0.000169724
0.305 0.000205625
0.31 0.000247104
0.315 0.000294711
0.32 0.000347998
0.325 0.000405572
0.33 0.000465295
0.335 0.000524535
0.34 0.000580408
0.345 0.000630002
0.35 0.000670645
0.355 0.000700229
0.36 0.000717507
0.365 0.000722248
0.37 0.000715119
0.375 0.000697344
0.38 0.000670301
0.385 0.000635221
0.39 0.000593115
0.395 0.000544865
0.4 0.00049138
0.405 0.000433755
0.41 0.000373467
0.415 0.000312606
0.42 0.00025402
0.425 0.000201137
0.43 0.00015729
0.435 0.000124562
0.44 0.000102283
0.445 8.61579e-05
0.45 6.93986e-05
0.455 4.54842e-05
0.46 1.07869e-05
0.465 -3.42835e-05
0.47 -8.56378e-05
0.475 -0.000137065
0.48 -0.000182535
0.485 -0.000218
0.49 -0.000241833
0.495 -0.000254409
0.5 -0.000257566
0.505 -0.000254036
0.51 -0.000246769
0.515 -0.00023806
0.52 -0.00022871
0.525 -0.000217574
0.53 -0.000201699
0.535 -0.000176924
0.54 -0.000138566
0.545 -8.21126e-05
0.55 -4.1166e-06
0.555 9.6851e-05
0.56 0.000219454
0.565 0.000359659
0.57 0.00051216
0.575 0.000671734
0.58 0.000832664
0.585 0.00098809
0.59 0.00113112
0.595 0.0012553
0.6 0.00135445
0.605 0.00142382
0.61 0.00146156
0.615 0.00146882
0.62 0.0014491
0.625 0.00140732
0.63 0.00134913
0.635 0.00128039
0.64 0.00120685
0.645 0.00113386
0.65 0.00106615
0.655 0.00100735
0.66 0.000959255
0.665 0.000921404
0.67 0.000891253
0.675 0.000864612
0.68 0.000836233
0.685 0.000800435
0.69 0.000751753
0.695 0.000685576
0.7 0.000598768
0.705 0.000490139
0.71 0.000360281
0.715 0.00021071
0.72 4.25514e-05
0.725 -0.00014317
0.73 -0.00034218
0.735 -0.000546019
0.74 -0.000746484
0.745 -0.000940098
0.75 -0.00112808
0.755 -0.00131272
0.76 -0.00149463
0.765 -0.00167262
0.77 -0.00184455
0.775 -0.00200798
0.78 -0.00216003
0.785 -0.00229683
0.79 -0.00241302
0.795 -0.00250188
0.8 -0.0025563
0.805 -0.00257042
0.81 -0.00254117
0.815 -0.00246927
0.82 -0.00235945
0.825 -0.00221911
0.83 -0.00205566
0.835 -0.00187478
0.84 -0.00167991
0.845 -0.00147237
0.85 -0.00125211
0.855 -0.00101853
0.86 -0.000770004
0.865 -0.000502222
0.87 -0.000211478
0.875 9.84493e-05
0.88 0.000416469
0.885 0.00072688
0.89 0.00101284
0.895 0.00126481
0.9 0.00148489
0.905 0.00168324
0.91 0.00187283
0.915 0.0020656
0.92 0.00227056
0.925 0.00249429
0.93 0.00274171
0.935 0.00301479
0.94 0.00331105
0.945 0.00362379
0.95 0.00394346
0.955 0.00425975
0.96 0.0045628
0.965 0.00484226
0.97 0.00508624
0.975 0.0052815
0.98 0.00541388
0.985 0.00547088
0.99 0.00544736
0.995 0.00534821
1 0.00518643
1.005 0.00498086
1.01 0.00475476
1.015 0.00453295
1.02 0.00433835
1.025 0.00419107
1.03 0.00410726
1.035 0.00409632
1.04 0.00415917
1.045 0.00428915
1.05 0.0044726
1.055 0.00468888
1.06 0.00491197
1.065 0.0051121
1.07 0.00525678
1.075 0.00531378
1.08 0.00525552
1.085 0.00506337
1.09 0.00472995
1.095 0.00425746
1.1 0.00365506
1.105 0.00293833
1.11 0.00212953
1.115 0.00125909
1.12 0.000357546
1.125 -0.000549875
1.13 -0.00144137
1.135 -0.00230658
1.14 -0.00313923
1.145 -0.00392397
1.15 -0.00464645
1.155 -0.00530853
1.16 -0.00592809
1.165 -0.00652795
1.17 -0.00713389
1.175 -0.00777598
1.18 -0.00847738
1.185 -0.00924728
1.19 -0.0100873
1.195 -0.0109949
1.2 -0.0119637
1.205 -0.0129859
1.21 -0.0140541
1.215 -0.0151617
1.22 -0.0163038
1.225 -0.0174764
1.23 -0.018675
1.235 -0.0198932
1.24 -0.0211223
1.245 -0.0223506
1.25 -0.0235644
1.255 -0.0247483
1.26 -0.0258873
1.265 -0.0269669
1.27 -0.0279758
1.275 -0.0289061
1.28 -0.0297528
1.285 -0.0305133
1.29 -0.0311878
1.295 -0.0317786
1.3 -0.0322905
1.305 -0.0327301
1.31 -0.0331058
1.315 -0.0334259
1.32 -0.0336981
1.325 -0.0339295
1.33 -0.0341255
1.335 -0.0342889
1.34 -0.0344203
1.345 -0.034518
1.35 -0.0345772
1.355 -0.0345891
1.36 -0.0345425
1.365 -0.0344239
1.37 -0.0342187
1.375 -0.0339108
1.38 -0.033485
1.385 -0.0329296
1.39 -0.0322371
1.395 -0.0314045
1.4 -0.0304332
1.405 -0.0293288
1.41 -0.0281015
1.415 -0.026764
1.42 -0.0253313
1.425 -0.0238208
1.43 -0.0222511
1.435 -0.0206392
1.44 -0.0189985
1.445 -0.0173371
1.45 -0.0156576
1.455 -0.0139575
1.46 -0.0122298
1.465 -0.0104638
1.47 -0.00864311
1.475 -0.00675046
1.48 -0.004775
1.485 -0.00270965
1.49 -0.000550047
1.495 0.00170155
1.5 0.0040351
1.505 0.00643012
1.51 0.00884061
1.515 0.0111987
1.52 0.0134561
1.525 0.0155899
1.53 0.0175648
1.535 0.019325
1.54 0.0208131
1.545 0.0219855
1.55 0.0228228
1.555 0.0233325
1.56 0.0235442
1.565 0.0235063
1.57 0.0232789
1.575 0.0229222
1.58 0.0224863
1.585 0.0220075
1.59 0.0215096
1.595 0.0210057
1.6 0.0205005
1.605 0.0199935
1.61 0.0194813
1.615 0.0189602
1.62 0.0184267
1.625 0.0178772
1.63 0.0173079
1.635 0.0167138
1.64 0.0160884
1.645 0.0154243
1.65 0.0147148
1.655 0.0139548
1.66 0.0131399
1.665 0.0122658
1.67 0.0113283
1.675 0.0103246
1.68 0.00925503
1.685 0.00812509
1.69 0.00694403
1.695 0.00572448
1.7 0.00448144
1.705 0.00322951
1.71 0.00198081
1.715 0.000745039
1.72 -0.000470391
1.725 -0.00166072
1.73 -0.00282395
1.735 -0.00396067
1.74 -0.00507282
1.745 -0.00616305
1.75 -0.00723491
1.755 -0.00829285
1.76 -0.00934175
1.765 -0.0103858
1.77 -0.0114274
1.775 -0.0124664
1.78 -0.0135001
1.785 -0.0145224
1.79 -0.0155241
1.795 -0.0164919
1.8 -0.0174101
1.805 -0.0182613
1.81 -0.019023
1.815 -0.019667
1.82 -0.0201632
1.825 -0.0204855
1.83 -0.0206151
1.835 -0.0205428
1.84 -0.0202697
1.845 -0.0198066
1.85 -0.0191727
1.855 -0.0183946
1.86 -0.0175042
1.865 -0.0165362
1.87 -0.0155237
1.875 -0.0144957
1.88 -0.0134754
1.885 -0.0124801
1.89 -0.011521
1.895 -0.010604
1.9 -0.00973062
1.905 -0.00889996
1.91 -0.00810928
1.915 -0.00735489
1.92 -0.00663227
1.925 -0.00593601
1.93 -0.00526043
1.935 -0.00460012
1.94 -0.00395009
1.945 -0.00330593
1.95 -0.00266514
1.955 -0.00202413
1.96 -0.00137507
1.965 -0.000711834
1.97 -3.39516e-05
1.975 0.000655519
1.98 0.00135174
1.985 0.00204981
1.99 0.00274588
1.995 0.0034378
2 0.00412588
2.005 0.0048128
2.01 0.00550217
2.015 0.00619702
2.02 0.00689909
2.025 0.00760971
2.03 0.0083307
2.035 0.00906545
2.04 0.00982102
2.045 0.0106084
2.05 0.0114393
2.055 0.0123227
2.06 0.0132655
2.065 0.0142801
2.07 0.015392
2.075 0.0166246
2.08 0.017973
2.085 0.0193991
2.09 0.0208505
2.095 0.0222808
2.1 0.023658
2.105 0.0249644
2.11 0.026192
2.115 0.0273381
2.12 0.0284015
2.125 0.0293802
2.13 0.030269
2.135 0.0310586
2.14 0.0317361
2.145 0.0322865
2.15 0.032696
2.155 0.0329537
2.16 0.0330535
2.165 0.0329951
2.17 0.0327861
2.175 0.0324403
2.18 0.0319753
2.185 0.0314111
2.19 0.03077
2.195 0.0300745
2.2 0.0293464
2.205 0.0286058
2.21 0.0278709
2.215 0.027157
2.22 0.026476
2.225 0.0258358
2.23 0.0252401
2.235 0.0246881
2.24 0.0241748
2.245 0.0236921
2.25 0.0232294
2.255 0.0227747
2.26 0.0223152
2.265 0.0218375
2.27 0.0213282
2.275 0.0207746
2.28 0.0201653
2.285 0.0194907
2.29 0.0187443
2.295 0.0179223
2.3 0.0170238
2.305 0.0160507
2.31 0.015009
2.315 0.013907
2.32 0.012755
2.325 0.0115646
2.33 0.0103498
2.335 0.00912551
2.34 0.00790692
2.345 0.00670756
2.35 0.00553841
2.355 0.00440722
2.36 0.00331793
2.365 0.00227048
2.37 0.00126181
2.375 0.000287981
2.38 -0.000656123
2.385 -0.00157822
2.39 -0.00248736
2.395 -0.00339119
2.4 -0.00429457
2.405 -0.00519905
2.41 -0.00610282
2.415 -0.00700126
2.42 -0.00788801
2.425 -0.00875619
2.43 -0.00959926
2.435 -0.0104115
2.44 -0.011188
2.445 -0.0119252
2.45 -0.0126208
2.455 -0.0132739
2.46 -0.0138846
2.465 -0.0144529
2.47 -0.0149793
2.475 -0.0154649
2.48 -0.0159116
2.485 -0.0163223
2.49 -0.0167009
2.495 -0.0170512
2.5 -0.0173765
2.505 -0.0176815
2.51 -0.0179711
2.515 -0.0182502
2.52 -0.0185234
2.525 -0.0187934
2.53 -0.0190606
2.535 -0.0193243
2.54 -0.0195826
2.545 -0.0198322
2.55 -0.0200685
2.555 -0.0202857
2.56 -0.0204775
2.565 -0.0206374
2.57 -0.0207591
2.575 -0.020836
2.58 -0.0208622
2.585 -0.0208325
2.59 -0.0207459
2.595 -0.0206065
2.6 -0.0204243
2.605 -0.0202149
2.61 -0.0199989
2.615 -0.0197989
2.62 -0.0196369
2.625 -0.0195322
2.63 -0.019498
2.635 -0.0195404
2.64 -0.0196592
2.645 -0.0198489
2.65 -0.020099
2.655 -0.0203946
2.66 -0.0207184
2.665 -0.0210517
2.67 -0.0213768
2.675 -0.0216779
2.68 -0.0219418
2.685 -0.0221579
2.69 -0.0223184
2.695 -0.0224181
2.7 -0.0224523
2.705 -0.0224157
2.71 -0.0223029
2.715 -0.0221071
2.72 -0.0218196
2.725 -0.0214316
2.73 -0.0209364
2.735 -0.0203321
2.74 -0.0196228
2.745 -0.0188183
2.75 -0.0179321
2.755 -0.0169809
2.76 -0.0159836
2.765 -0.0149605
2.77 -0.0139309
2.775 -0.0129121
2.78 -0.0119173
2.785 -0.0109542
2.79 -0.0100248
2.795 -0.00912607
2.8 -0.00825093
2.805 -0.00738994
2.81 -0.006532
2.815 -0.0056653
2.82 -0.00477806
2.825 -0.00385937
2.83 -0.00289988
2.835 -0.00189245
2.84 -0.000832527
2.845 0.000281568
2.85 0.00144859
2.855 0.00266366
2.86 0.00392144
2.865 0.00522049
2.87 0.00655974
2.875 0.00793477
2.88 0.00933839
2.885 0.0107635
2.89 0.0122062
2.895 0.0136651
2.9 0.0151374
2.905 0.0166141
2.91 0.0180809
2.915 0.0195208
2.92 0.0209225
2.925 0.0222793
2.93 0.0235774
2.935 0.0247956
2.94 0.0259189
2.945 0.0269474
2.95 0.0278944
2.955 0.0287805
2.96 0.0296274
2.965 0.030452
2.97 0.0312644
2.975 0.0320684
2.98 0.0328638
2.985 0.033649
2.99 0.0344247
2.995 0.0351953
3 0.0359684
3.005 0.0367536
3.01 0.0375611
3.015 0.0383978
3.02 0.0392653
3.025 0.0401578
3.03 0.0410612
3.035 0.041954
3.04 0.0428084
3.045 0.0435922
3.05 0.0442704
3.055 0.0448096
3.06 0.0451843
3.065 0.045381
3.07 0.0453983
3.075 0.045244
3.08 0.0449326
3.085 0.0444814
3.09 0.0439092
3.095 0.043234
3.1 0.0424744
3.105 0.0416502
3.11 0.0407835
3.115 0.0398986
3.12 0.039019
3.125 0.0381651
3.13 0.0373517
3.135 0.036589
3.14 0.0358836
3.145 0.0352394
3.15 0.0346578
3.155 0.0341386
3.16 0.0336802
3.165 0.0332793
3.17 0.0329303
3.175 0.0326256
3.18 0.0323548
3.185 0.0321055
3.19 0.0318645
3.195 0.0316187
3.2 0.031356
3.205 0.0310668
3.21 0.0307449
3.215 0.0303886
3.22 0.0299976
3.225 0.0295732
3.23 0.0291187
3.235 0.0286393
3.24 0.0281407
3.245 0.0276283
3.25 0.0271071
3.255 0.0265822
3.26 0.0260594
3.265 0.0255438
3.27 0.0250389
3.275 0.0245473
3.28 0.0240705
3.285 0.0236086
3.29 0.0231609
3.295 0.0227261
3.3 0.0223023
3.305 0.0218874
3.31 0.0214787
3.315 0.0210732
3.32 0.0206676
3.325 0.0202591
3.33 0.0198447
3.335 0.0194221
3.34 0.0189899
3.345 0.0185484
3.35 0.0181
3.355 0.0176502
3.36 0.0172069
3.365 0.0167799
3.37 0.0163793
3.375 0.0160139
3.38 0.0156907
3.385 0.0154136
3.39 0.0151835
3.395 0.0149981
3.4 0.0148525
3.405 0.0147391
3.41 0.0146488
3.415 0.0145708
3.42 0.0144939
3.425 0.0144069
3.43 0.0142997
3.435 0.0141641
3.44 0.0139948
3.445 0.0137895
3.45 0.0135493
3.455 0.0132776
3.46 0.0129803
3.465 0.0126643
3.47 0.0123371
3.475 0.012006
3.48 0.0116776
3.485 0.0113573
3.49 0.011049
3.495 0.0107546
3.5 0.0104747
3.505 0.0102075
3.51 0.00994994
3.515 0.00969644
3.52 0.00943947
3.525 0.00916933
3.53 0.00887515
3.535 0.00854646
3.54 0.00817463
3.545 0.00775368
3.55 0.00728092
3.555 0.00675708
3.56 0.00618582
3.565 0.00557307
3.57 0.00492641
3.575 0.0042544
3.58 0.0035661
3.585 0.00287054
3.59 0.00217638
3.595 0.00149211
3.6 0.000825764
3.605 0.000184237
3.61 -0.000427155
3.615 -0.00100501
3.62 -0.00154806
3.625 -0.00205718
3.63 -0.00253494
3.635 -0.00298532
3.64 -0.00341331
3.645 -0.00382463
3.65 -0.00422546
3.655 -0.00462216
3.66 -0.00502097
3.665 -0.00542769
3.67 -0.00584682
3.675 -0.006281
3.68 -0.0067315
3.685 -0.00719818
3.69 -0.0076787
3.695 -0.00816857
3.7 -0.00866183
3.705 -0.00915159
3.71 -0.00963044
3.715 -0.0100909
3.72 -0.0105256
3.725 -0.0109275
3.73 -0.0112884
3.735 -0.0115985
3.74 -0.0118473
3.745 -0.0120239
3.75 -0.0121162
3.755 -0.0121121
3.76 -0.0119994
3.765 -0.0117677
3.77 -0.0114095
3.775 -0.0109227
3.78 -0.0103106
3.785 -0.00958302
3.79 -0.00875662
3.795 -0.00785371
3.8 -0.00690058
3.805 -0.00592485
3.81 -0.00495221
3.815 -0.00400375
3.82 -0.00309432
3.825 -0.00223173
3.83 -0.00141709
3.835 -0.000646502
3.84 8.70426e-05
3.845 0.000792241
3.85 0.00147855
3.855 0.00215556
3.86 0.00283225
3.865 0.0035166
3.87 0.00421573
3.875 0.0049363
3.88 0.00568461
3.885 0.00646657
3.89 0.00728589
3.895 0.00814459
3.9 0.0090468
3.905 0.00999715
3.91 0.0109973
3.915 0.0120461
3.92 0.0131398
3.925 0.0142723
3.93 0.0154354
3.935 0.0166171
3.94 0.0178013
3.945 0.0189697
3.95 0.0201062
3.955 0.021197
3.96 0.0222313
3.965 0.023202
3.97 0.0241066
3.975 0.024947
3.98 0.0257272
3.985 0.0264522
3.99 0.0271259
3.995 0.0277511
4 0.0283288
4.005 0.0288588
4.01 0.0293385
4.015 0.0297633
4.02 0.0301275
4.025 0.0304276
4.03 0.0306639
4.035 0.0308396
4.04 0.0309586
4.045 0.0310245
4.05 0.0310403
4.055 0.0310072
4.06 0.030925
4.065 0.0307933
4.07 0.0306116
4.075 0.0303796
4.08 0.0300971
4.085 0.0297652
4.09 0.0293853
4.095 0.0289591
4.1 0.0284893
4.105 0.0279799
4.11 0.0274372
4.115 0.0268688
4.12 0.0262836
4.125 0.0256906
4.13 0.025098
4.135 0.0245121
4.14 0.0239371
4.145 0.0233758
4.15 0.0228283
4.155 0.0222919
4.16 0.0217599
4.165 0.0212234
4.17 0.0206722
4.175 0.020096
4.18 0.0194856
4.185 0.0188339
4.19 0.0181358
4.195 0.0173894
4.2 0.0165954
4.205 0.015757
4.21 0.0148786
4.215 0.0139643
4.22 0.0130176
4.225 0.012042
4.23 0.0110408
4.235 0.0100178
4.24 0.00897808
4.245 0.00792795
4.25 0.00687517
4.255 0.00582851
4.26 0.00479749
4.265 0.00379287
4.27 0.00282682
4.275 0.00191197
4.28 0.00105985
4.285 0.00027885
4.29 -0.000426974
4.295 -0.00105784
4.3 -0.00161746
4.305 -0.00211202
4.31 -0.00254924
4.315 -0.00293743
4.32 -0.00328454
4.325 -0.00359735
4.33 -0.00388079
4.335 -0.00413743
4.34 -0.00436736
4.345 -0.00456791
4.35 -0.00473372
4.355 -0.00485818
4.36 -0.0049347
4.365 -0.00495656
4.37 -0.00491749
4.375 -0.00481239
4.38 -0.00463697
4.385 -0.004388
4.39 -0.0040638
4.395 -0.00366507
4.4 -0.0031958
4.405 -0.00266317
4.41 -0.00207654
4.415 -0.00144602
4.42 -0.000781432
4.425 -9.13974e-05
4.43 0.000617819
4.435 0.00134293
4.44 0.00208344
4.445 0.00284114
4.45 0.00361896
4.455 0.00442012
4.46 0.00524845
4.465 0.00610838
4.47 0.00700429
4.475 0.00793995
4.48 0.00891829
4.485 0.0099413
4.49 0.0110102
4.495 0.012125
4.5 0.0132842
4.505 0.0144853
4.51 0.0157246
4.515 0.0169973
4.52 0.0182983
4.525 0.0196215
4.53 0.0209601
4.535 0.0223058
4.54 0.0236479
4.545 0.0249722
4.55 0.0262589
4.555 0.0274804
4.56 0.0286074
4.565 0.029615
4.57 0.0304877
4.575 0.031222
4.58 0.0318253
4.585 0.0323139
4.59 0.0327092
4.595 0.0330355
4.6 0.0333166
4.605 0.0335741
4.61 0.0338268
4.615 0.0340893
4.62 0.0343724
4.625 0.034682
4.63 0.0350197
4.635 0.0353825
4.64 0.0357634
4.645 0.0361519
4.65 0.0365347
4.655 0.0368966
4.66 0.0372218
4.665 0.0374942
4.67 0.0376986
4.675 0.0378216
4.68 0.0378517
4.685 0.0377798
4.69 0.0375985
4.695 0.0373028
4.7 0.0368906
4.705 0.0363628
4.71 0.0357238
4.715 0.0349819
4.72 0.0341487
4.725 0.0332371
4.73 0.0322622
4.735 0.0312397
4.74 0.0301843
4.745 0.0291082
4.75 0.0280204
4.755 0.0269277
4.76 0.0258345
4.765 0.0247428
4.77 0.023652
4.775 0.0225596
4.78 0.0214627
4.785 0.0203584
4.79 0.0192443
4.795 0.0181195
4.8 0.0169848
4.805 0.0158423
4.81 0.0146948
4.815 0.0135457
4.82 0.0123993
4.825 0.0112599
4.83 0.0101315
4.835 0.00901684
4.84 0.00791822
4.845 0.00683783
4.85 0.00577799
4.855 0.00474081
4.86 0.0037281
4.865 0.00274137
4.87 0.0017818
4.875 0.000850312
4.88 -5.23794e-05
4.885 -0.000925609
4.89 -0.00176859
4.895 -0.00258017
4.9 -0.00335849
4.905 -0.00410069
4.91 -0.00480269
4.915 -0.00545927
4.92 -0.00606434
4.925 -0.00661141
4.93 -0.00709416
4.935 -0.00750656
4.94 -0.00784341
4.945 -0.00810109
4.95 -0.00827789
4.955 -0.00837453
4.96 -0.00839424
4.965 -0.0083422
4.97 -0.00822505
4.975 -0.00805042
4.98 -0.00782609
4.985 -0.00755911
4.99 -0.0072553
4.995 -0.0069194
5 -0.00655521
5.005 -0.00616478
5.01 -0.00574909
5.015 -0.00530965
5.02 -0.00484955
5.025 -0.00437397
5.03 -0.0038901
5.035 -0.00340669
5.04 -0.00293297
5.045 -0.00247771
5.05 -0.00204971
5.055 -0.00165764
5.06 -0.00130951
5.065 -0.0010124
5.07 -0.000771571
5.075 -0.000589941
5.08 -0.000468932
5.085 -0.000408548
5.09 -0.000406897
5.095 -0.000461047
5.1 -0.000569206
5.105 -0.000727982
5.11 -0.000928642
5.115 -0.00116148
5.12 -0.00141893
5.125 -0.0016944
5.13 -0.00198184
5.135 -0.00227552
5.14 -0.00257024
5.145 -0.0028616
5.15 -0.00314579
5.155 -0.00341924
5.16 -0.0036788
5.165 -0.00392177
5.17 -0.00414571
5.175 -0.00434854
5.18 -0.0045285
5.185 -0.00468346
5.19 -0.00481046
5.195 -0.00490518
5.2 -0.00496175
5.205 -0.00497361
5.21 -0.00493389
5.215 -0.00483452
5.22 -0.00466738
5.225 -0.00442671
5.23 -0.00411035
5.235 -0.00371961
5.24 -0.00325963
5.245 -0.00273929
5.25 -0.00216954
5.255 -0.00156156
5.26 -0.000925867
5.265 -0.000271669
5.27 0.000393897
5.275 0.00106624
5.28 0.0017433
5.285 0.00242505
5.29 0.00311276
5.295 0.00380848
5.3 0.00451445
5.305 0.00523272
5.31 0.00596503
5.315 0.00671296
5.32 0.00747812
5.325 0.00826234
5.33 0.00906773
5.335 0.00989678
5.34 0.010753
5.345 0.0116408
5.35 0.0125649
5.355 0.0135289
5.36 0.0145363
5.365 0.0155922
5.37 0.0167016
5.375 0.0178664
5.38 0.0190865
5.385 0.0203623
5.39 0.0216981
5.395 0.0231039
5.4 0.0245938
5.405 0.0261768
5.41 0.0278437
5.415 0.029563
5.42 0.0312861
5.425 0.0329598
5.43 0.0345399
5.435 0.0359993
5.44 0.0373274
5.445 0.0385263
5.45 0.0396057
5.455 0.0405796
5.46 0.0414629
5.465 0.0422684
5.47 0.0430055
5.475 0.0436806
5.48 0.0442969
5.485 0.0448553
5.49 0.0453545
5.495 0.0457915
5.5 0.0461616
5.505 0.0464593
5.51 0.0466798
5.515 0.04682
5.52 0.0468779
5.525 0.0468516
5.53 0.0467398
5.535 0.0465424
5.54 0.0462617
5.545 0.0459023
5.55 0.0454689
5.555 0.0449637
5.56 0.0443881
5.565 0.0437429
5.57 0.043028
5.575 0.0422423
5.58 0.0413862
5.585 0.0404614
5.59 0.0394712
5.595 0.03842
5.6 0.0373121
5.605 0.0361511
5.61 0.034939
5.615 0.0336755
5.62 0.0323587
5.625 0.0309858
5.63 0.0295532
5.635 0.0280577
5.64 0.0264958
5.645 0.0248659
5.65 0.0231683
5.655 0.021406
5.66 0.0195845
5.665 0.0177111
5.67 0.0157939
5.675 0.0138415
5.68 0.011862
5.685 0.00986393
5.69 0.00785537
5.695 0.00584523
5.7 0.00384321
5.705 0.00185714
5.71 -0.000108244
5.715 -0.00205096
5.72 -0.0039713
5.725 -0.00587138
5.73 -0.00775474
5.735 -0.00962577
5.74 -0.0114891
5.745 -0.0133485
5.75 -0.0152064
5.755 -0.0170621
5.76 -0.0189123
5.765 -0.0207538
5.77 -0.0225851
5.775 -0.0244055
5.78 -0.026211
5.785 -0.0279917
5.79 -0.0297308
5.795 -0.0314055
5.8 -0.0329983
5.805 -0.0345052
5.81 -0.0359307
5.815 -0.0372799
5.82 -0.0385539
5.825 -0.039751
5.83 -0.0408675
5.835 -0.0419006
5.84 -0.0428489
5.845 -0.0437127
5.85 -0.0444928
5.855 -0.0451895
5.86 -0.0458031
5.865 -0.0463327
5.87 -0.0467763
5.875 -0.0471316
5.88 -0.0473972
5.885 -0.047573
5.89 -0.0476595
5.895 -0.0476578
5.9 -0.047569
5.905 -0.0473944
5.91 -0.0471354
5.915 -0.046794
5.92 -0.0463732
5.925 -0.0458772
5.93 -0.0453096
5.935 -0.0446725
5.94 -0.0439659
5.945 -0.0431883
5.95 -0.0423378
5.955 -0.0414135
5.96 -0.0404156
5.965 -0.0393459
5.97 -0.0382073
5.975 -0.0370044
5.98 -0.0357437
5.985 -0.0344336
5.99 -0.033084
5.995 -0.0317048
6 -0.0303057
6.005 -0.0288963
6.01 -0.0274851
6.015 -0.0260798
6.02 -0.0246858
6.025 -0.0233084
6.03 -0.021953
6.035 -0.0206201
6.04 -0.0193071
6.045 -0.0180124
6.05 -0.0167357
6.055 -0.0154783
6.06 -0.0142421
6.065 -0.0130297
6.07 -0.0118439
6.075 -0.0106879
6.08 -0.00956564
6.085 -0.0084822
6.09 -0.00744324
6.095 -0.00645442
6.1 -0.0055208
6.105 -0.00464631
6.11 -0.00383335
6.115 -0.00308267
6.12 -0.00239338
6.125 -0.001763
6.13 -0.00118778
6.135 -0.000663006
6.14 -0.000183382
6.145 0.000256686
6.15 0.000662964
6.155 0.0010414
6.16 0.00139805
6.165 0.00173878
6.17 0.00206791
6.175 0.00238741
6.18 0.00269737
6.185 0.00299627
6.19 0.00328073
6.195 0.00354587
6.2 0.00378591
6.205 0.00399499
6.21 0.00416797
6.215 0.00430105
6.22 0.00439203
6.225 0.00444036
6.23 0.00444718
6.235 0.00441524
6.24 0.00434889
6.245 0.00425403
6.25 0.00413791
6.255 0.00400888
6.26 0.00387604
6.265 0.00374881
6.27 0.0036365
6.275 0.0035477
6.28 0.00348922
6.285 0.00346547
6.29 0.00347954
6.295 0.0035447
6.3 0.00367737
6.305 0.00387462
6.31 0.00412656
6.315 0.00442653
6.32 0.00476453
6.325 0.0051286
6.33 0.00550587
6.335 0.00588273
6.34 0.00624503
6.345 0.00657874
6.35 0.0068703
6.355 0.00710691
6.36 0.00727709
6.365 0.00737129
6.37 0.00738226
6.375 0.0073053
6.38 0.00713879
6.385 0.00688498
6.39 0.00655085
6.395 0.00614789
6.4 0.00569016
6.405 0.00519247
6.41 0.00466929
6.415 0.00413389
6.42 0.00359803
6.425 0.00307216
6.43 0.00256569
6.435 0.00208685
6.44 0.00164242
6.445 0.00123732
6.45 0.000874567
6.455 0.000555048
6.46 0.000277009
6.465 3.60179e-05
6.47 -0.000174902
6.475 -0.000364948
6.48 -0.000544726
6.485 -0.000725169
6.49 -0.000916448
6.495 -0.0011273
6.5 -0.0013646
6.505 -0.0016332
6.51 -0.00193601
6.515 -0.00227436
6.52 -0.00264805
6.525 -0.00305554
6.53 -0.00349497
6.535 -0.00396464
6.54 -0.0044629
6.545 -0.00498847
6.55 -0.00553976
6.555 -0.00611374
6.56 -0.00670676
6.565 -0.00731549
6.57 -0.00793673
6.575 -0.00856705
6.58 -0.00920263
6.585 -0.00983917
6.59 -0.0104719
6.595 -0.0110961
6.6 -0.011707
6.605 -0.0123001
6.61 -0.0128708
6.615 -0.0134153
6.62 -0.01393
6.625 -0.0144121
6.63 -0.0148594
6.635 -0.0152699
6.64 -0.0156406
6.645 -0.0159683
6.65 -0.0162511
6.655 -0.0164891
6.66 -0.016684
6.665 -0.016838
6.67 -0.0169545
6.675 -0.0170375
6.68 -0.0170921
6.685 -0.0171243
6.69 -0.0171403
6.695 -0.0171455
6.7 -0.017145
6.705 -0.0171437
6.71 -0.0171445
6.715 -0.0171483
6.72 -0.0171539
6.725 -0.0171578
6.73 -0.0171549
6.735 -0.0171393
6.74 -0.0171052
6.745 -0.017048
6.75 -0.0169636
6.755 -0.0168486
6.76 -0.0167
6.765 -0.0165164
6.77 -0.0162969
6.775 -0.0160421
6.78 -0.0157539
6.785 -0.015434
6.79 -0.0150833
6.795 -0.0147029
6.8 -0.014294
6.805 -0.0138582
6.81 -0.0133984
6.815 -0.012918
6.82 -0.012421
6.825 -0.0119116
6.83 -0.0113939
6.835 -0.0108711
6.84 -0.0103461
6.845 -0.00982031
6.85 -0.00929463
6.855 -0.0087692
6.86 -0.00824382
6.865 -0.00771723
6.87 -0.0071865
6.875 -0.00664736
6.88 -0.00609442
6.885 -0.00552156
6.89 -0.00492258
6.895 -0.0042917
6.9 -0.00362494
6.905 -0.0029201
6.91 -0.0021739
6.915 -0.00138294
6.92 -0.000546724
6.925 0.000332014
6.93 0.00124774
6.935 0.0021929
6.94 0.00315894
6.945 0.0041374
6.95 0.00512062
6.955 0.00610186
6.96 0.00708043
6.965 0.00805517
6.97 0.00901197
6.975 0.00993512
6.98 0.0108153
6.985 0.0116456
6.99 0.0124211
6.995 0.0131395
7 0.0138006
7.005 0.0144062
7.01 0.0149598
7.015 0.015466
7.02 0.0159298
7.025 0.0163565
7.03 0.0167513
7.035 0.0171189
7.04 0.0174639
7.045 0.0177901
7.05 0.0181003
7.055 0.0183966
7.06 0.0186793
7.065 0.0189471
7.07 0.0191972
7.075 0.0194251
7.08 0.019626
7.085 0.0197949
7.09 0.0199272
7.095 0.0200185
7.1 0.0200655
7.105 0.0200662
7.11 0.0200203
7.115 0.0199289
7.12 0.0197944
7.125 0.0196198
7.13 0.0194084
7.135 0.019163
7.14 0.0188852
7.145 0.0185759
7.15 0.0182353
7.155 0.0178634
7.16 0.0174601
7.165 0.0170254
7.17 0.0165596
7.175 0.0160643
7.18 0.0155423
7.185 0.014998
7.19 0.0144373
7.195 0.0138671
7.2 0.013295
7.205 0.0127283
7.21 0.0121732
7.215 0.0116346
7.22 0.0111158
7.225 0.0106186
7.23 0.0101435
7.235 0.00968944
7.24 0.00925404
7.245 0.00883413
7.25 0.00842521
7.255 0.00802076
7.26 0.00761209
7.265 0.00718946
7.27 0.00674348
7.275 0.00626553
7.28 0.00574821
7.285 0.00518599
7.29 0.00457586
7.295 0.00391757
7.3 0.00321299
7.305 0.00246587
7.31 0.00168195
7.315 0.00086884
7.32 3.5557e-05
7.325 -0.000808231
7.33 -0.00165375
7.335 -0.00249287
7.34 -0.00331619
7.345 -0.00411431
7.35 -0.00487959
7.355 -0.00560617
7.36 -0.00628985
7.365 -0.00692799
7.37 -0.00751922
7.375 -0.00806262
7.38 -0.00855705
7.385 -0.00900167
7.39 -0.0093969
7.395 -0.00974459
7.4 -0.0100477
7.405 -0.0103097
7.41 -0.0105344
7.415 -0.0107257
7.42 -0.0108872
7.425 -0.0110225
7.43 -0.0111351
7.435 -0.0112282
7.44 -0.0113049
7.445 -0.0113679
7.45 -0.0114194
7.455 -0.0114613
7.46 -0.0114942
7.465 -0.0115185
7.47 -0.0115336
7.475 -0.0115373
7.48 -0.0115248
7.485 -0.0114899
7.49 -0.011425
7.495 -0.0113219
7.5 -0.011173
7.505 -0.0109728
7.51 -0.0107173
7.515 -0.0104042
7.52 -0.0100332
7.525 -0.00960538
7.53 -0.0091231
7.535 -0.00859071
7.54 -0.00801408
7.545 -0.00740026
7.55 -0.00675708
7.555 -0.00609323
7.56 -0.00541804
7.565 -0.00474077
7.57 -0.00406984
7.575 -0.00341241
7.58 -0.00277392
7.585 -0.00215764
7.59 -0.00156432
7.595 -0.000992193
7.6 -0.000437689
7.605 0.000103868
7.61 0.000637977
7.615 0.0011709
7.62 0.0017084
7.625 0.00225626
7.63 0.00282266
7.635 0.00341651
7.64 0.00404531
7.645 0.00471517
7.65 0.00543001
7.655 0.00619126
7.66 0.00699779
7.665 0.00784623
7.67 0.00873311
7.675 0.00965394
7.68 0.0106
7.685 0.0115613
7.69 0.0125298
7.695 0.0134976
7.7 0.0144551
7.705 0.0153923
7.71 0.0163017
7.715 0.0171785
7.72 0.0180205
7.725 0.0188276
7.73 0.0196008
7.735 0.0203423
7.74 0.0210549
7.745 0.0217413
7.75 0.0224044
7.755 0.0230468
7.76 0.0236708
7.765 0.0242782
7.77 0.024871
7.775 0.0254513
7.78 0.0260211
7.785 0.026582
7.79 0.0271338
7.795 0.0276754
7.8 0.0282049
7.805 0.0287185
7.81 0.0292096
7.815 0.0296703
7.82 0.0300928
7.825 0.03047
7.83 0.0307962
7.835 0.0310665
7.84 0.031277
7.845 0.0314238
7.85 0.0315034
7.855 0.0315122
7.86 0.0314475
7.865 0.0313068
7.87 0.0310883
7.875 0.0307914
7.88 0.0304163
7.885 0.0299645
7.89 0.0294391
7.895 0.0288436
7.9 0.0281818
7.905 0.0274576
7.91 0.026674
7.915 0.0258329
7.92 0.024936
7.925 0.023985
7.93 0.0229815
7.935 0.0219269
7.94 0.0208234
7.945 0.0196733
7.95 0.0184796
7.955 0.0172458
7.96 0.0159757
7.965 0.0146725
7.97 0.0133391
7.975 0.011978
7.98 0.0105914
7.985 0.00918149
7.99 0.00775128
7.995 0.0063049
8 0.0048474
8.005 0.00338409
8.01 0.00192005
8.015 0.000459909
8.02 -0.000992379
8.025 -0.0024326
8.03 -0.00385684
8.035 -0.00526289
8.04 -0.00664751
8.045 -0.00800518
8.05 -0.00933037
8.055 -0.0106193
8.06 -0.0118703
8.065 -0.0130829
8.07 -0.0142573
8.075 -0.0153943
8.08 -0.0164944
8.085 -0.0175582
8.09 -0.0185857
8.095 -0.0195759
8.1 -0.0205269
8.105 -0.0214355
8.11 -0.0222983
8.115 -0.0231116
8.12 -0.0238713
8.125 -0.024574
8.13 -0.0252175
8.135 -0.0258011
8.14 -0.0263254
8.145 -0.0267924
8.15 -0.0272052
8.155 -0.0275676
8.16 -0.0278838
8.165 -0.0281586
8.17 -0.0283964
8.175 -0.0286026
8.18 -0.0287827
8.185 -0.0289429
8.19 -0.0290894
8.195 -0.0292274
8.2 -0.0293622
8.205 -0.029499
8.21 -0.0296419
8.215 -0.0297935
8.22 -0.0299547
8.225 -0.0301246
8.23 -0.0303009
8.235 -0.0304799
8.24 -0.0306573
8.245 -0.0308288
8.25 -0.0309899
8.255 -0.0311364
8.26 -0.031265
8.265 -0.0313733
8.27 -0.0314613
8.275 -0.0315303
8.28 -0.0315794
8.285 -0.0316066
8.29 -0.0316106
8.295 -0.0315898
8.3 -0.031542
8.305 -0.0314637
8.31 -0.0313508
8.315 -0.0312003
8.32 -0.0310125
8.325 -0.0307892
8.33 -0.0305311
8.335 -0.0302384
8.34 -0.0299113
8.345 -0.0295508
8.35 -0.0291586
8.355 -0.0287381
8.36 -0.0282934
8.365 -0.0278294
8.37 -0.0273506
8.375 -0.026861
8.38 -0.0263635
8.385 -0.0258594
8.39 -0.0253486
8.395 -0.0248295
8.4 -0.0242996
8.405 -0.0237552
8.41 -0.0231924
8.415 -0.0226073
8.42 -0.0219961
8.425 -0.0213558
8.43 -0.0206842
8.435 -0.0199786
8.44 -0.019236
8.445 -0.018453
8.45 -0.0176271
8.455 -0.0167564
8.46 -0.0158406
8.465 -0.0148824
8.47 -0.0138865
8.475 -0.0128561
8.48 -0.0117955
8.485 -0.0107113
8.49 -0.00960992
8.495 -0.008498
8.5 -0.00738271
8.505 -0.00627076
8.51 -0.00516788
8.515 -0.00407875
8.52 -0.00300712
8.525 -0.00195611
8.53 -0.000928602
8.535 7.23749e-05
8.54 0.00104376
8.545 0.00198164
8.55 0.00288109
8.555 0.00373844
8.56 0.0045525
8.565 0.00532393
8.57 0.00605467
8.575 0.00674767
8.58 0.00740653
8.585 0.00803515
8.59 0.00863755
8.595 0.00921762
8.6 0.00977893
8.605 0.0103246
8.61 0.0108572
8.615 0.0113785
8.62 0.0118896
8.625 0.012391
8.63 0.0128822
8.635 0.0133622
8.64 0.013829
8.645 0.0142801
8.65 0.0147125
8.655 0.0151227
8.66 0.0155076
8.665 0.0158646
8.67 0.0161917
8.675 0.0164877
8.68 0.0167522
8.685 0.0169858
8.69 0.0171891
8.695 0.0173634
8.7 0.0175106
8.705 0.0176329
8.71 0.0177323
8.715 0.0178112
8.72 0.0178742
8.725 0.0179271
8.73 0.0179697
8.735 0.0179995
8.74 0.0180154
8.745 0.0180159
8.75 0.0179982
8.755 0.0179579
8.76 0.0178892
8.765 0.0177858
8.77 0.0176419
8.775 0.0174528
8.78 0.0172142
8.785 0.0169227
8.79 0.0165768
8.795 0.0161772
8.8 0.0157273
8.805 0.0152329
8.81 0.0147015
8.815 0.0141421
8.82 0.0135638
8.825 0.0129755
8.83 0.0123847
8.835 0.0117977
8.84 0.0112196
8.845 0.0106542
8.85 0.0101045
8.855 0.00957195
8.86 0.00905705
8.865 0.00855913
8.87 0.00807651
8.875 0.00760665
8.88 0.00714637
8.885 0.00669203
8.89 0.00623956
8.895 0.00578464
8.9 0.00532292
8.905 0.00485004
8.91 0.00436132
8.915 0.00385159
8.92 0.00331533
8.925 0.00274674
8.93 0.00213994
8.935 0.00148956
8.94 0.000789826
8.945 3.58636e-05
8.95 -0.000772422
8.955 -0.00163231
8.96 -0.002541
8.965 -0.00349513
8.97 -0.00449046
8.975 -0.00552158
8.98 -0.0065816
8.985 -0.00766184
8.99 -0.00875183
8.995 -0.00983972
9 -0.0109131
9.005 -0.0119597
9.01 -0.0129679
9.015 -0.0139262
9.02 -0.0148242
9.025 -0.0156535
9.03 -0.0164087
9.035 -0.0170868
9.04 -0.0176869
9.045 -0.0182099
9.05 -0.018658
9.055 -0.0190346
9.06 -0.0193435
9.065 -0.019589
9.07 -0.0197749
9.075 -0.0199051
9.08 -0.0199834
9.085 -0.0200133
9.09 -0.0199993
9.095 -0.0199464
9.1 -0.019859
9.105 -0.019741
9.11 -0.019596
9.115 -0.019427
9.12 -0.0192366
9.125 -0.0190274
9.13 -0.0188013
9.135 -0.0185604
9.14 -0.0183073
9.145 -0.0180431
9.15 -0.0177682
9.155 -0.0174824
9.16 -0.0171853
9.165 -0.0168766
9.17 -0.0165559
9.175 -0.0162229
9.18 -0.0158772
9.185 -0.0155186
9.19 -0.0151474
9.195 -0.0147644
9.2 -0.014371
9.205 -0.0139693
9.21 -0.0135622
9.215 -0.0131527
9.22 -0.0127436
9.225 -0.0123375
9.23 -0.0119367
9.235 -0.0115424
9.24 -0.011157
9.245 -0.010783
9.25 -0.0104198
9.255 -0.010065
9.26 -0.00971606
9.265 -0.00937047
9.27 -0.00902571
9.275 -0.00867907
9.28 -0.00832783
9.285 -0.00796991
9.29 -0.00760393
9.295 -0.00722852
9.3 -0.00684248
9.305 -0.00644532
9.31 -0.00603738
9.315 -0.00562015
9.32 -0.00519603
9.325 -0.00476797
9.33 -0.00433923
9.335 -0.00391308
9.34 -0.00349262
9.345 -0.00308039
9.35 -0.00267829
9.355 -0.00228745
9.36 -0.00190822
9.365 -0.0015403
9.37 -0.00118283
9.375 -0.000834663
9.38 -0.000494527
9.385 -0.000161456
9.39 0.00016482
9.395 0.000483737
9.4 0.000793691
9.405 0.00109189
9.41 0.00137468
9.415 0.00163806
9.42 0.00187808
9.425 0.00209059
9.43 0.00227067
9.435 0.0024129
9.44 0.00251231
9.445 0.00256542
9.45 0.00257034
9.455 0.00252575
9.46 0.00243115
9.465 0.00228704
9.47 0.00209418
9.475 0.00185395
9.48 0.00156912
9.485 0.0012439
9.49 0.000883792
9.495 0.000495333
9.5 8.58466e-05
9.505 -0.000337182
9.51 -0.00076694
9.515 -0.00119789
9.52 -0.00162613
9.525 -0.00204902
9.53 -0.00246485
9.535 -0.00287323
9.54 -0.00327512
9.545 -0.00367228
9.55 -0.00406673
9.555 -0.00446037
9.56 -0.00485483
9.565 -0.00525148
9.57 -0.0056516
9.575 -0.00605645
9.58 -0.00646728
9.585 -0.00688516
9.59 -0.00731065
9.595 -0.00774351
9.6 -0.00818274
9.605 -0.00862692
9.61 -0.00907424
9.615 -0.0095227
9.62 -0.00997051
9.625 -0.0104164
9.63 -0.0108594
9.635 -0.0112993
9.64 -0.0117364
9.645 -0.0121712
9.65 -0.0126049
9.655 -0.0130387
9.66 -0.0134737
9.665 -0.0139102
9.67 -0.0143468
9.675 -0.0147811
9.68 -0.0152105
9.685 -0.0156332
9.69 -0.016047
9.695 -0.0164505
9.7 -0.016843
9.705 -0.0172247
9.71 -0.0175966
9.715 -0.0179597
9.72 -0.0183155
9.725 -0.0186654
9.73 -0.0190107
9.735 -0.0193524
9.74 -0.0196909
9.745 -0.0200263
9.75 -0.0203584
9.755 -0.0206865
9.76 -0.0210099
9.765 -0.0213277
9.77 -0.0216387
9.775 -0.0219416
9.78 -0.0222351
9.785 -0.0225177
9.79 -0.0227881
9.795 -0.0230455
9.8 -0.0232894
9.805 -0.0235201
9.81 -0.0237383
9.815 -0.023945
9.82 -0.0241415
9.825 -0.0243296
9.83 -0.0245114
9.835 -0.0246876
9.84 -0.0248575
9.845 -0.0250197
9.85 -0.0251716
9.855 -0.0253099
9.86 -0.0254319
9.865 -0.0255353
9.87 -0.0256193
9.875 -0.0256819
9.88 -0.0257207
9.885 -0.0257338
9.89 -0.0257208
9.895 -0.0256825
9.9 -0.0256193
9.905 -0.0255313
9.91 -0.0254191
9.915 -0.0252837
9.92 -0.0251265
9.925 -0.0249495
9.93 -0.0247542
9.935 -0.0245418
9.94 -0.0243119
9.945 -0.0240635
9.95 -0.0237944
9.955 -0.0235022
9.96 -0.0231837
9.965 -0.0228356
9.97 -0.022455
9.975 -0.0220404
9.98 -0.0215919
9.985 -0.0211105
9.99 -0.0205974
9.995 -0.0200543
10 -0.0194832
10.005 -0.018886
10.01 -0.018265
10.015 -0.017622
10.02 -0.0169591
10.025 -0.0162783
10.03 -0.0155819
10.035 -0.014872
10.04 -0.0141509
10.045 -0.0134209
10.05 -0.0126842
10.055 -0.0119442
10.06 -0.0112048
10.065 -0.0104675
10.07 -0.0097314
10.075 -0.00899533
10.08 -0.00825746
10.085 -0.00751631
10.09 -0.0067709
10.095 -0.00602075
10.1 -0.00526569
10.105 -0.00450559
10.11 -0.00374056
10.115 -0.00297115
10.12 -0.00219793
10.125 -0.00142174
10.13 -0.000644139
10.135 0.000132457
10.14 0.000904956
10.145 0.00166979
10.15 0.00242299
10.155 0.00316025
10.16 0.00387715
10.165 0.00456871
10.17 0.0052288
10.175 0.0058518
10.18 0.00643457
10.185 0.0069765
10.19 0.00747892
10.195 0.00794463
10.2 0.00837767
10.205 0.00878291
10.21 0.00916583
10.215 0.00953212
10.22 0.00988743
10.225 0.010237
10.23 0.0105856
10.235 0.010937
10.24 0.0112938
10.245 0.0116577
10.25 0.0120291
10.255 0.0124074
10.26 0.0127915
10.265 0.0131795
10.27 0.0135689
10.275 0.0139562
10.28 0.0143381
10.285 0.0147117
10.29 0.0150744
10.295 0.0154232
10.3 0.0157551
10.305 0.0160669
10.31 0.0163555
10.315 0.0166181
10.32 0.0168522
10.325 0.0170564
10.33 0.0172308
10.335 0.0173759
10.34 0.0174927
10.345 0.0175828
10.35 0.0176489
10.355 0.0176942
10.36 0.0177223
10.365 0.0177398
10.37 0.0177549
10.375 0.0177705
10.38 0.0177883
10.385 0.0178124
10.39 0.0178474
10.395 0.0178972
10.4 0.0179637
10.405 0.0180474
10.41 0.0181472
10.415 0.0182613
10.42 0.0183871
10.425 0.0185218
10.43 0.018662
10.435 0.0188047
10.44 0.0189463
10.445 0.0190832
10.45 0.0192117
10.455 0.0193276
10.46 0.019427
10.465 0.0195057
10.47 0.0195597
10.475 0.0195857
10.48 0.019581
10.485 0.0195436
10.49 0.0194728
10.495 0.019369
10.5 0.0192335
10.505 0.0190676
10.51 0.0188732
10.515 0.018652
10.52 0.0184063
10.525 0.018139
10.53 0.0178523
10.535 0.0175489
10.54 0.0172308
10.545 0.0168992
10.55 0.0165549
10.555 0.0161986
10.56 0.0158306
10.565 0.0154513
10.57 0.0150612
10.575 0.0146612
10.58 0.0142526
10.585 0.0138374
10.59 0.013418
10.595 0.0129968
10.6 0.0125761
10.605 0.0121577
10.61 0.011743
10.615 0.0113334
10.62 0.01093
10.625 0.010534
10.63 0.0101472
10.635 0.00977226
10.64 0.00941225
10.645 0.00907115
10.65 0.00875316
10.655 0.00846238
10.66 0.00820228
10.665 0.00797578
10.67 0.00778598
10.675 0.00763629
10.68 0.00752983
10.685 0.00746903
10.69 0.00745553
10.695 0.00748948
10.7 0.00756895
10.705 0.00769089
10.71 0.0078517
10.715 0.00804681
10.72 0.00827093
10.725 0.00851811
10.73 0.00878205
10.735 0.00905627
10.74 0.00933463
10.745 0.00961185
10.75 0.00988387
10.755 0.0101477
10.76 0.0104012
10.765 0.0106421
10.77 0.0108687
10.775 0.0110796
10.78 0.0112738
10.785 0.0114505
10.79 0.0116096
10.795 0.011752
10.8 0.0118799
10.805 0.0119965
10.81 0.0121059
10.815 0.0122102
10.82 0.0123104
10.825 0.0124098
10.83 0.0125107
10.835 0.0126121
10.84 0.0127118
10.845 0.012807
10.85 0.0128956
10.855 0.0129762
10.86 0.0130478
10.865 0.013109
10.87 0.0131587
10.875 0.0131971
10.88 0.0132249
10.885 0.0132433
10.89 0.0132538
10.895 0.0132579
10.9 0.0132573
10.905 0.0132528
10.91 0.013245
10.915 0.013234
10.92 0.0132192
10.925 0.0131999
10.93 0.0131754
10.935 0.0131446
10.94 0.013106
10.945 0.013058
10.95 0.0129988
10.955 0.012927
10.96 0.0128417
10.965 0.0127428
10.97 0.0126312
10.975 0.0125092
10.98 0.01238
10.985 0.0122479
10.99 0.012118
10.995 0.0119959
11 0.0118867
11.005 0.0117947
11.01 0.0117234
11.015 0.0116761
11.02 0.0116553
11.025 0.0116621
11.03 0.0116966
11.035 0.0117573
11.04 0.0118416
11.045 0.0119455
11.05 0.0120643
11.055 0.0121928
11.06 0.012326
11.065 0.0124592
11.07 0.0125887
11.075 0.0127119
11.08 0.0128268
11.085 0.012932
11.09 0.013026
11.095 0.013108
11.1 0.0131772
11.105 0.0132331
11.11 0.0132757
11.115 0.0133048
11.12 0.013321
11.125 0.0133247
11.13 0.0133168
11.135 0.0132983
11.14 0.0132704
11.145 0.0132341
11.15 0.0131904
11.155 0.0131403
11.16 0.0130844
11.165 0.0130236
11.17 0.0129581
11.175 0.0128883
11.18 0.0128138
11.185 0.0127334
11.19 0.0126449
11.195 0.0125454
11.2 0.0124318
11.205 0.0123004
11.21 0.0121467
11.215 0.0119661
11.22 0.0117552
11.225 0.0115121
11.23 0.0112356
11.235 0.0109249
11.24 0.0105794
11.245 0.0101996
11.25 0.00978607
11.255 0.00934057
11.26 0.00886519
11.265 0.00836275
11.27 0.00783668
11.275 0.00729005
11.28 0.00672493
11.285 0.00614222
11.29 0.00554172
11.295 0.00492241
11.3 0.00428299
11.305 0.00362233
11.31 0.00293987
11.315 0.00223593
11.32 0.00151165
11.325 0.000768802
11.33 9.60163e-06
11.335 -0.000762125
11.34 -0.00154249
11.345 -0.00233165
11.35 -0.0031309
11.355 -0.00393869
11.36 -0.00475252
11.365 -0.00557038
11.37 -0.0063906
11.375 -0.0072116
11.38 -0.00803108
11.385 -0.00884502
11.39 -0.00964796
11.395 -0.0104347
11.4 -0.0112014
11.405 -0.0119454
11.41 -0.0126653
11.415 -0.0133606
11.42 -0.0140313
11.425 -0.014678
11.43 -0.0153011
11.435 -0.0159005
11.44 -0.0164765
11.445 -0.0170296
11.45 -0.0175602
11.455 -0.0180688
11.46 -0.0185555
11.465 -0.0190202
11.47 -0.0194626
11.475 -0.0198819
11.48 -0.0202774
11.485 -0.020648
11.49 -0.0209927
11.495 -0.0213104
11.5 -0.0215999
11.505 -0.0218604
11.51 -0.0220913
11.515 -0.0222932
11.52 -0.022466
11.525 -0.0226095
11.53 -0.0227233
11.535 -0.0228068
11.54 -0.0228595
11.545 -0.0228805
11.55 -0.022869
11.555 -0.0228244
11.56 -0.0227457
11.565 -0.0226326
11.57 -0.0224856
11.575 -0.0223053
11.58 -0.022093
11.585 -0.0218501
11.59 -0.0215779
11.595 -0.0212778
11.6 -0.0209522
11.605 -0.0206038
11.61 -0.0202353
11.615 -0.019848
11.62 -0.0194427
11.625 -0.0190193
11.63 -0.0185773
11.635 -0.0181162
11.64 -0.0176352
11.645 -0.0171328
11.65 -0.0166066
11.655 -0.0160543
11.66 -0.0154737
11.665 -0.0148634
11.67 -0.0142233
11.675 -0.0135547
11.68 -0.0128596
11.685 -0.0121413
11.69 -0.0114034
11.695 -0.0106505
11.7 -0.00988693
11.705 -0.00911702
11.71 -0.00834452
11.715 -0.00757247
11.72 -0.00680294
11.725 -0.00603814
11.73 -0.00527988
11.735 -0.00452744
11.74 -0.00377996
11.745 -0.00303776
11.75 -0.00230099
11.755 -0.0015699
11.76 -0.000845416
11.765 -0.000128988
11.77 0.000577781
11.775 0.00127356
11.78 0.00195719
11.785 0.00262714
11.79 0.00328135
11.795 0.00391717
11.8 0.0045319
11.805 0.00512317
11.81 0.00568925
11.815 0.00622828
11.82 0.00673751
11.825 0.00721441
11.83 0.00765816
11.835 0.00806939
11.84 0.00844964
11.845 0.00880117
11.85 0.00912684
11.855 0.00943003
11.86 0.0097145
11.865 0.00998376
11.87 0.0102407
11.875 0.0104884
11.88 0.0107302
11.885 0.0109691
11.89 0.011207
11.895 0.0114449
11.9 0.0116825
11.905 0.0119181
11.91 0.012149
11.915 0.0123717
11.92 0.012582
11.925 0.0127755
11.93 0.0129482
11.935 0.0130966
11.94 0.0132177
11.945 0.0133094
11.95 0.0133704
11.955 0.0133999
11.96 0.0133983
11.965 0.0133661
11.97 0.0133045
11.975 0.0132149
11.98 0.0130993
11.985 0.0129602
11.99 0.0128005
11.995 0.012624
12 0.0124347
12.005 0.0122371
12.01 0.0120395
12.015 0.0118515
12.02 0.0116753
12.025 0.0115112
12.03 0.0113626
12.035 0.0112319
12.04 0.0111192
12.045 0.011022
12.05 0.0109356
12.055 0.0108541
12.06 0.0107706
12.065 0.0106776
12.07 0.0105683
12.075 0.0104371
12.08 0.0102791
12.085 0.0100905
12.09 0.00986878
12.095 0.00961302
12.1 0.00932354
12.105 0.00900206
12.11 0.0086515
12.115 0.0082757
12.12 0.0078792
12.125 0.00746687
12.13 0.0070432
12.135 0.00661196
12.14 0.00617636
12.145 0.00573908
12.15 0.00530236
12.155 0.00486806
12.16 0.00443785
12.165 0.00401305
12.17 0.0035945
12.175 0.00318249
12.18 0.00277689
12.185 0.00237718
12.19 0.00198239
12.195 0.00159112
12.2 0.00120171
12.205 0.000810451
12.21 0.000413362
12.215 1.0568e-05
12.22 -0.000396372
12.225 -0.000807398
12.23 -0.00122283
12.235 -0.00164279
12.24 -0.00206686
12.245 -0.00249427
12.25 -0.00292424
12.255 -0.00335614
12.26 -0.00378947
12.265 -0.00422382
12.27 -0.00465863
12.275 -0.00509292
12.28 -0.00552506
12.285 -0.00595255
12.29 -0.00637207
12.295 -0.00677971
12.3 -0.00717124
12.305 -0.00754188
12.31 -0.00788557
12.315 -0.0081955
12.32 -0.00846573
12.325 -0.00869218
12.33 -0.00887278
12.335 -0.00900741
12.34 -0.00909774
12.345 -0.0091472
12.35 -0.0091608
12.355 -0.00914486
12.36 -0.00910655
12.365 -0.00905323
12.37 -0.00899181
12.375 -0.00892835
12.38 -0.00886777
12.385 -0.00881365
12.39 -0.00876813
12.395 -0.00873187
12.4 -0.00870416
12.405 -0.00868311
12.41 -0.00866606
12.415 -0.00864987
12.42 -0.00863126
12.425 -0.00860719
12.43 -0.00857504
12.435 -0.00853277
12.44 -0.00847891
12.445 -0.00841248
12.45 -0.00833274
12.455 -0.00823916
12.46 -0.00813125
12.465 -0.00800848
12.47 -0.00787031
12.475 -0.00771614
12.48 -0.00754544
12.485 -0.0073578
12.49 -0.00715309
12.495 -0.00693163
12.5 -0.00669499
12.505 -0.00644603
12.51 -0.00618753
12.515 -0.00592172
12.52 -0.00565069
12.525 -0.0053764
12.53 -0.00510066
12.535 -0.00482511
12.54 -0.00455117
12.545 -0.00428065
12.55 -0.00401558
12.555 -0.00375699
12.56 -0.00350491
12.565 -0.00325886
12.57 -0.00301777
12.575 -0.00278009
12.58 -0.0025439
12.585 -0.00230703
12.59 -0.00206724
12.595 -0.0018228
12.6 -0.00157287
12.605 -0.00131697
12.61 -0.00105454
12.615 -0.000785894
12.62 -0.000511746
12.625 -0.000231125
12.63 5.78081e-05
12.635 0.000356372
12.64 0.000665059
12.645 0.000983801
12.65 0.00131303
12.655 0.00165364
12.66 0.00200649
12.665 0.00237241
12.67 0.00275217
12.675 0.00314647
12.68 0.00355576
12.685 0.00398002
12.69 0.00441874
12.695 0.00487068
12.7 0.00533393
12.705 0.00580655
12.71 0.0062867
12.715 0.00677231
12.72 0.00726088
12.725 0.00774931
12.73 0.008234
12.735 0.00871139
12.74 0.00917824
12.745 0.00963152
12.75 0.0100675
12.755 0.0104809
12.76 0.0108659
12.765 0.0112175
12.77 0.0115321
12.775 0.0118075
12.78 0.0120427
12.785 0.0122387
12.79 0.0123977
12.795 0.0125224
12.8 0.0126148
12.805 0.012677
12.81 0.012711
12.815 0.0127184
12.82 0.0127006
12.825 0.0126587
12.83 0.0125931
12.835 0.0125036
12.84 0.0123896
12.845 0.0122503
12.85 0.0120851
12.855 0.0118929
12.86 0.0116716
12.865 0.0114196
12.87 0.0111365
12.875 0.010825
12.88 0.0104884
12.885 0.0101241
12.89 0.00972967
12.895 0.00930589
12.9 0.00885456
12.905 0.00837623
12.91 0.00787122
12.915 0.00734372
12.92 0.00679936
12.925 0.00624237
12.93 0.00567637
12.935 0.0051046
12.94 0.00452979
12.945 0.00395411
12.95 0.00337943
12.955 0.00280753
12.96 0.00223983
12.965 0.00167722
12.97 0.00112
12.975 0.000567949
12.98 2.0368e-05
12.985 -0.000523834
12.99 -0.00106592
12.995 -0.00160713
13 -0.00214853
13.005 -0.00269094
13.01 -0.00323483
13.015 -0.00378033
13.02 -0.00432732
13.025 -0.00487543
13.03 -0.00542385
13.035 -0.00597101
13.04 -0.00651405
13.045 -0.0070492
13.05 -0.00757253
13.055 -0.00807972
13.06 -0.00856539
13.065 -0.00902356
13.07 -0.00944881
13.075 -0.0098368
13.08 -0.0101842
13.085 -0.0104883
13.09 -0.0107473
13.095 -0.0109599
13.1 -0.0111256
13.105 -0.0112448
13.11 -0.0113187
13.115 -0.0113495
13.12 -0.0113403
13.125 -0.0112948
13.13 -0.0112175
13.135 -0.0111132
13.14 -0.0109867
13.145 -0.0108428
13.15 -0.0106862
13.155 -0.0105212
13.16 -0.0103516
13.165 -0.0101808
13.17 -0.0100117
13.175 -0.00984692
13.18 -0.0096887
13.185 -0.00953904
13.19 -0.00939958
13.195 -0.00927154
13.2 -0.00915558
13.205 -0.00905184
13.21 -0.0089599
13.215 -0.00887886
13.22 -0.00880687
13.225 -0.00874104
13.23 -0.00867874
13.235 -0.00861813
13.24 -0.00855775
13.245 -0.00849642
13.25 -0.00843313
13.255 -0.00836846
13.26 -0.00830345
13.265 -0.00823669
13.27 -0.00816653
13.275 -0.00809299
13.28 -0.00801723
13.285 -0.00794214
13.29 -0.00787136
13.295 -0.00780705
13.3 -0.00774905
13.305 -0.00769625
13.31 -0.00764928
13.315 -0.00760928
13.32 -0.0075761
13.325 -0.00754957
13.33 -0.00752956
13.335 -0.00751561
13.34 -0.00750715
13.345 -0.00750352
13.35 -0.00750394
13.355 -0.00750801
13.36 -0.00751437
13.365 -0.00752063
13.37 -0.00752613
13.375 -0.00753103
13.38 -0.00753444
13.385 -0.00753394
13.39 -0.00752603
13.395 -0.00750723
13.4 -0.00747438
13.405 -0.00742487
13.41 -0.00735672
13.415 -0.00726856
13.42 -0.00715964
13.425 -0.0070297
13.43 -0.00687897
13.435 -0.00670805
13.44 -0.00651784
13.445 -0.00630944
13.45 -0.00608435
13.455 -0.00584457
13.46 -0.005592
13.465 -0.00532801
13.47 -0.00505357
13.475 -0.00476935
13.48 -0.00447585
13.485 -0.00417346
13.49 -0.00386264
13.495 -0.00354394
13.5 -0.00321826
13.505 -0.00288693
13.51 -0.00255221
13.515 -0.00221721
13.52 -0.00188498
13.525 -0.0015581
13.53 -0.00123845
13.535 -0.000927057
13.54 -0.000624704
13.545 -0.000333303
13.55 -5.49424e-05
13.555 0.000210775
13.56 0.000465174
13.565 0.000709031
13.57 0.000943565
13.575 0.00117036
13.58 0.00139086
13.585 0.00160619
13.59 0.00181718
13.595 0.00202468
13.6 0.00222961
13.605 0.00243289
13.61 0.00263533
13.615 0.00283749
13.62 0.00303941
13.625 0.00324041
13.63 0.00343879
13.635 0.00363187
13.64 0.00381604
13.645 0.00398709
13.65 0.00414056
13.655 0.00427222
13.66 0.00437835
13.665 0.00445602
13.67 0.00450354
13.675 0.00452066
13.68 0.0045085
13.685 0.0044694
13.69 0.00440674
13.695 0.00432469
13.7 0.00422784
13.705 0.00412093
13.71 0.00400781
13.715 0.0038912
13.72 0.00377371
13.725 0.00365818
13.73 0.00354717
13.735 0.00344287
13.74 0.00334702
13.745 0.00326092
13.75 0.00318545
13.755 0.00312121
13.76 0.00306853
13.765 0.00302755
13.77 0.00299828
13.775 0.00298
13.78 0.00297103
13.785 0.00297013
13.79 0.00297685
13.795 0.00299113
13.8 0.00301311
13.805 0.00304301
13.81 0.00308104
13.815 0.00312748
13.82 0.00318263
13.825 0.00324691
13.83 0.00332082
13.835 0.00340494
13.84 0.00349988
13.845 0.00360618
13.85 0.00372425
13.855 0.00385422
13.86 0.00399584
13.865 0.00414842
13.87 0.00431086
13.875 0.00448209
13.88 0.00466117
13.885 0.00484742
13.89 0.0050404
13.895 0.00523978
13.9 0.00544526
13.905 0.00565588
13.91 0.00586998
13.915 0.00608632
13.92 0.00630439
13.925 0.00652393
13.93 0.00674478
13.935 0.00696687
13.94 0.00719008
13.945 0.00741413
13.95 0.00763844
13.955 0.00786197
13.96 0.00808315
13.965 0.00829991
13.97 0.00850976
13.975 0.00870986
13.98 0.00889724
13.985 0.00906905
13.99 0.00922278
13.995 0.00935648
14 0.00946885
14.005 0.00955925
14.01 0.00962771
14.015 0.0096748
14.02 0.00970139
14.025 0.00971299
14.03 0.00971608
14.035 0.00970961
14.04 0.00969224
14.045 0.00966596
14.05 0.00963152
14.055 0.0095885
14.06 0.00953549
14.065 0.00947038
14.07 0.00939054
14.075 0.0092931
14.08 0.00917513
14.085 0.0090342
14.09 0.00886854
14.095 0.0086767
14.1 0.00845745
14.105 0.00821017
14.11 0.0079353
14.115 0.00763439
14.12 0.00730966
14.125 0.00696357
14.13 0.00659872
14.135 0.00621773
14.14 0.00582311
14.145 0.00541721
14.15 0.00500204
14.155 0.00457917
14.16 0.00414962
14.165 0.00371373
14.17 0.00327112
14.175 0.00282075
14.18 0.00236105
14.185 0.00189001
14.19 0.00140558
14.195 0.000905788
14.2 0.000388501
14.205 -0.000149534
14.21 -0.000710529
14.215 -0.00129202
14.22 -0.00188951
14.225 -0.00249955
14.23 -0.00311932
14.235 -0.00374615
14.24 -0.00437693
14.245 -0.0050088
14.25 -0.00564046
14.255 -0.00627128
14.26 -0.00690056
14.265 -0.00752758
14.27 -0.00815117
14.275 -0.00876965
14.28 -0.00938145
14.285 -0.00998552
14.29 -0.0105814
14.295 -0.0111692
14.3 -0.0117483
14.305 -0.0123167
14.31 -0.0128706
14.315 -0.0134061
14.32 -0.0139199
14.325 -0.0144094
14.33 -0.014872
14.335 -0.0153056
14.34 -0.0157083
14.345 -0.0160787
14.35 -0.0164156
14.355 -0.0167186
14.36 -0.0169873
14.365 -0.0172217
14.37 -0.0174222
14.375 -0.0175892
14.38 -0.017723
14.385 -0.0178243
14.39 -0.0178935
14.395 -0.017931
14.4 -0.0179376
14.405 -0.0179139
14.41 -0.017861
14.415 -0.0177802
14.42 -0.0176732
14.425 -0.0175432
14.43 -0.0173928
14.435 -0.0172237
14.44 -0.017037
14.445 -0.0168334
14.45 -0.0166133
14.455 -0.0163769
14.46 -0.0161249
14.465 -0.0158582
14.47 -0.0155784
14.475 -0.0152875
14.48 -0.0149879
14.485 -0.0146823
14.49 -0.0143729
14.495 -0.014062
14.5 -0.0137508
14.505 -0.0134399
14.51 -0.0131289
14.515 -0.0128169
14.52 -0.012503
14.525 -0.0121864
14.53 -0.011866
14.535 -0.0115397
14.54 -0.0112059
14.545 -0.0108629
14.55 -0.0105099
14.555 -0.0101464
14.56 -0.00977376
14.565 -0.00939416
14.57 -0.00900725
14.575 -0.00861281
14.58 -0.00821142
14.585 -0.00780246
14.59 -0.00738484
14.595 -0.00695776
14.6 -0.00652066
14.605 -0.00607314
14.61 -0.00561486
14.615 -0.00514557
14.62 -0.00466536
14.625 -0.00417494
14.63 -0.00367528
14.635 -0.00316742
14.64 -0.00265256
14.645 -0.00213207
14.65 -0.00160739
14.655 -0.00108009
14.66 -0.000551714
14.665 -2.38049e-05
14.67 0.000502209
14.675 0.00102491
14.68 0.00154296
14.685 0.00205531
14.69 0.00256107
14.695 0.00305926
14.7 0.0035489
14.705 0.00402912
14.71 0.00449956
14.715 0.00496061
14.72 0.00541253
14.725 0.00585485
14.73 0.00628709
14.735 0.00670946
14.74 0.00712258
14.745 0.00752731
14.75 0.00792456
14.755 0.00831524
14.76 0.00870016
14.765 0.00908001
14.77 0.0094554
14.775 0.00982684
14.78 0.0101947
14.785 0.0105593
14.79 0.0109208
14.795 0.0112792
14.8 0.0116342
14.805 0.0119854
14.81 0.0123323
14.815 0.0126742
14.82 0.0130105
14.825 0.0133407
14.83 0.0136646
14.835 0.0139821
14.84 0.0142935
14.845 0.0146015
14.85 0.0149094
14.855 0.0152162
14.86 0.0155201
14.865 0.0158217
14.87 0.0161222
14.875 0.0164229
14.88 0.0167239
14.885 0.0170244
14.89 0.0173228
14.895 0.0176175
14.9 0.0179063
14.905 0.0181873
14.91 0.018458
14.915 0.0187165
14.92 0.0189605
14.925 0.0191878
14.93 0.0193962
14.935 0.0195835
14.94 0.0197476
14.945 0.0198864
14.95 0.0199979
14.955 0.0200804
14.96 0.0201321
14.965 0.0201509
14.97 0.0201349
14.975 0.0200825
14.98 0.0199916
14.985 0.0198603
14.99 0.0196864
14.995 0.0194685
15 0.0192061
15.005 0.0188991
15.01 0.0185476
15.015 0.0181516
15.02 0.0177121
15.025 0.0172299
15.03 0.0167065
15.035 0.0161434
15.04 0.0155424
15.045 0.0149057
15.05 0.0142355
15.055 0.0135332
15.06 0.0128002
15.065 0.0120374
15.07 0.0112458
15.075 0.0104269
15.08 0.00958221
15.085 0.00871351
15.09 0.0078229
15.095 0.00691307
15.1 0.00598693
15.105 0.0050469
15.11 0.00409452
15.115 0.00313032
15.12 0.00215413
15.125 0.00116538
15.13 0.000163357
15.135 -0.000853243
15.14 -0.00188542
15.145 -0.00293208
15.15 -0.00399038
15.155 -0.00505764
15.16 -0.00613263
15.165 -0.00721453
15.17 -0.00830177
15.175 -0.0093924
15.18 -0.0104838
15.185 -0.0115722
15.19 -0.0126515
15.195 -0.0137147
15.2 -0.0147552
15.205 -0.0157677
15.21 -0.0167483
15.215 -0.0176941
15.22 -0.0186032
15.225 -0.0194746
15.23 -0.020308
15.235 -0.0211034
15.24 -0.0218614
15.245 -0.0225823
15.25 -0.0232666
15.255 -0.0239145
15.26 -0.0245263
15.265 -0.025102
15.27 -0.0256418
15.275 -0.0261454
15.28 -0.0266128
15.285 -0.0270437
15.29 -0.0274383
15.295 -0.0277967
15.3 -0.0281192
15.305 -0.0284058
15.31 -0.0286569
15.315 -0.0288724
15.32 -0.0290523
15.325 -0.0291963
15.33 -0.029304
15.335 -0.0293751
15.34 -0.029409
15.345 -0.0294057
15.35 -0.029365
15.355 -0.0292873
15.36 -0.0291733
15.365 -0.0290243
15.37 -0.0288419
15.375 -0.0286281
15.38 -0.0283847
15.385 -0.0281137
15.39 -0.0278169
15.395 -0.0274966
15.4 -0.0271559
15.405 -0.026797
15.41 -0.0264214
15.415 -0.0260301
15.42 -0.0256238
15.425 -0.0252029
15.43 -0.0247674
15.435 -0.0243179
15.44 -0.0238551
15.445 -0.0233792
15.45 -0.0228896
15.455 -0.0223857
15.46 -0.0218669
15.465 -0.0213329
15.47 -0.0207835
15.475 -0.020219
15.48 -0.0196403
15.485 -0.0190488
15.49 -0.0184465
15.495 -0.0178349
15.5 -0.0172171
15.505 -0.0165963
15.51 -0.0159723
15.515 -0.0153442
15.52 -0.0147133
15.525 -0.0140816
15.53 -0.0134507
15.535 -0.0128201
15.54 -0.0121889
15.545 -0.0115562
15.55 -0.0109213
15.555 -0.010284
15.56 -0.00964407
15.565 -0.00900185
15.57 -0.00835786
15.575 -0.00771259
15.58 -0.00706629
15.585 -0.00641918
15.59 -0.00577168
15.595 -0.00512474
15.6 -0.00448011
15.605 -0.00384022
15.61 -0.00320786
15.615 -0.00258576
15.62 -0.00197661
15.625 -0.00138302
15.63 -0.00080697
15.635 -0.000249781
15.64 0.000286707
15.645 0.000799731
15.65 0.00128728
15.655 0.001749
15.66 0.0021855
15.665 0.00259764
15.67 0.00298625
15.675 0.00335198
15.68 0.00369514
15.685 0.00401573
15.69 0.00431349
15.695 0.004588
15.7 0.00483877
15.705 0.00506527
15.71 0.00526708
15.715 0.0054439
15.72 0.00559563
15.725 0.00572245
15.73 0.00582478
15.735 0.0059033
15.74 0.00595881
15.745 0.00599221
15.75 0.00600448
15.755 0.00599665
15.76 0.0059698
15.765 0.00592515
15.77 0.0058639
15.775 0.00578704
15.78 0.0056953
15.785 0.00558907
15.79 0.00546905
15.795 0.00533652
15.8 0.00519213
15.805 0.00503571
15.81 0.00486681
15.815 0.00468507
15.82 0.00449038
15.825 0.00428293
15.83 0.00406323
15.835 0.00383198
15.84 0.00359004
15.845 0.00333826
15.85 0.00307744
15.855 0.00280824
15.86 0.00253123
15.865 0.00224692
15.87 0.00195576
15.875 0.00165883
15.88 0.00135791
15.885 0.00105818
15.89 0.00076437
15.895 0.000473537
15.9 0.000182898
15.905 -0.000106251
15.91 -0.000393069
15.915 -0.000677011
15.92 -0.000957301
15.925 -0.00123286
15.93 -0.00150232
15.935 -0.00176427
15.94 -0.0020175
15.945 -0.00226106
15.95 -0.00249419
15.955 -0.00271634
15.96 -0.00292721
15.965 -0.00312742
15.97 -0.00331966
15.975 -0.0035036
15.98 -0.00367672
15.985 -0.00383974
15.99 -0.00399308
15.995 -0.00413899
16 -0.00427785
16.005 -0.00440757
16.01 -0.00453185
16.015 -0.00465418
16.02 -0.00477413
16.025 -0.00489082
16.03 -0.0050037
16.035 -0.00511278
16.04 -0.00521841
16.045 -0.00532102
16.05 -0.00542104
16.055 -0.00551897
16.06 -0.00561529
16.065 -0.00571051
16.07 -0.00580517
16.075 -0.00589986
16.08 -0.00599518
16.085 -0.00609152
16.09 -0.00618888
16.095 -0.00628733
16.1 -0.00638704
16.105 -0.00648812
16.11 -0.00659065
16.115 -0.00669477
16.12 -0.00680066
16.125 -0.00690862
16.13 -0.007019
16.135 -0.00713214
16.14 -0.00724836
16.145 -0.00736789
16.15 -0.00749075
16.155 -0.00761666
16.16 -0.00774513
16.165 -0.00787625
16.17 -0.00800992
16.175 -0.00814396
16.18 -0.00827588
16.185 -0.00840452
16.19 -0.0085293
16.195 -0.00864987
16.2 -0.0087659
16.205 -0.0088775
16.21 -0.00898505
16.215 -0.00908834
16.22 -0.00918638
16.225 -0.00927603
16.23 -0.00935321
16.235 -0.00941714
16.24 -0.00946848
16.245 -0.00950723
16.25 -0.00953389
16.255 -0.00954966
16.26 -0.0095564
16.265 -0.0095564
16.27 -0.00955219
16.275 -0.00954632
16.28 -0.00954109
16.285 -0.00953833
16.29 -0.00953911
16.295 -0.00954355
16.3 -0.0095507
16.305 -0.0095587
16.31 -0.00956499
16.315 -0.00956661
16.32 -0.00956045
16.325 -0.00954415
16.33 -0.00951625
16.335 -0.0094753
16.34 -0.00941983
16.345 -0.00934897
16.35 -0.0092625
16.355 -0.00916091
16.36 -0.00904535
16.365 -0.0089174
16.37 -0.00877894
16.375 -0.00863188
16.38 -0.00847805
16.385 -0.00831915
16.39 -0.00815669
16.395 -0.007992
16.4 -0.00782627
16.405 -0.00766054
16.41 -0.00749573
16.415 -0.00733256
16.42 -0.00717157
16.425 -0.00701312
16.43 -0.00685733
16.435 -0.00670568
16.44 -0.00655996
16.445 -0.00641898
16.45 -0.00628031
16.455 -0.00614278
16.46 -0.006006
16.465 -0.00586999
16.47 -0.00573513
16.475 -0.00560213
16.48 -0.0054719
16.485 -0.00534557
16.49 -0.00522455
16.495 -0.00510969
16.5 -0.00500058
16.505 -0.00489624
16.51 -0.00479564
16.515 -0.00469775
16.52 -0.00460155
16.525 -0.00450603
16.53 -0.00441028
16.535 -0.00431359
16.54 -0.00421557
16.545 -0.00411622
16.55 -0.00401593
16.555 -0.00391546
16.56 -0.00381578
16.565 -0.00371791
16.57 -0.00362281
16.575 -0.00353132
16.58 -0.00344401
16.585 -0.00336124
16.59 -0.00328306
16.595 -0.00320927
16.6 -0.00313949
16.605 -0.00307328
16.61 -0.00301028
16.615 -0.00295025
16.62 -0.00289322
16.625 -0.00283949
16.63 -0.00278966
16.635 -0.0027446
16.64 -0.00270542
16.645 -0.00267334
16.65 -0.00264944
16.655 -0.00263449
16.66 -0.00262879
16.665 -0.00263217
16.67 -0.00264402
16.675 -0.00266343
16.68 -0.00268929
16.685 -0.00272048
16.69 -0.00275597
16.695 -0.0027949
16.7 -0.00283666
16.705 -0.00288086
16.71 -0.0029272
16.715 -0.0029754
16.72 -0.00302513
16.725 -0.00307596
16.73 -0.00312739
16.735 -0.0031789
16.74 -0.00323006
16.745 -0.00328057
16.75 -0.00333033
16.755 -0.00337953
16.76 -0.00342865
16.765 -0.00347839
16.77 -0.00352965
16.775 -0.00358345
16.78 -0.00364084
16.785 -0.00370278
16.79 -0.00376994
16.795 -0.00384258
16.8 -0.00392043
16.805 -0.00400268
16.81 -0.00408808
16.815 -0.00417509
16.82 -0.00426197
16.825 -0.00434692
16.83 -0.00442814
16.835 -0.00450388
16.84 -0.00457252
16.845 -0.00463256
16.85 -0.00468269
16.855 -0.00472176
16.86 -0.00474881
16.865 -0.00476309
16.87 -0.00476406
16.875 -0.00475147
16.88 -0.00472545
16.885 -0.00468649
16.89 -0.00463545
16.895 -0.00457341
16.9 -0.00450166
16.905 -0.00442159
16.91 -0.00433474
16.915 -0.00424277
16.92 -0.00414756
16.925 -0.00405109
16.93 -0.00395537
16.935 -0.00386244
16.94 -0.00377433
16.945 -0.00369277
16.95 -0.00361899
16.955 -0.003553
16.96 -0.00349483
16.965 -0.00344575
16.97 -0.00340598
16.975 -0.0033745
16.98 -0.00335051
16.985 -0.00333352
16.99 -0.00332356
16.995 -0.00332045
17 -0.00332326
17.005 -0.00333106
17.01 -0.00334339
17.015 -0.00336032
17.02 -0.00338238
17.025 -0.00341052
17.03 -0.00344582
17.035 -0.00348931
17.04 -0.00354169
17.045 -0.00360325
17.05 -0.00367391
17.055 -0.00375335
17.06 -0.0038411
17.065 -0.00393653
17.07 -0.00403888
17.075 -0.00414728
17.08 -0.00426075
17.085 -0.00437815
17.09 -0.0044982
17.095 -0.00461949
17.1 -0.0047406
17.105 -0.0048602
17.11 -0.00497717
17.115 -0.00509082
17.12 -0.00520099
17.125 -0.00530823
17.13 -0.00541367
17.135 -0.0055188
17.14 -0.00562517
17.145 -0.00573415
17.15 -0.00584696
17.155 -0.00596479
17.16 -0.00608877
17.165 -0.00621994
17.17 -0.0063588
17.175 -0.00650506
17.18 -0.00665818
17.185 -0.00681696
17.19 -0.00697972
17.195 -0.00714545
17.2 -0.00731315
17.205 -0.00748121
17.21 -0.00764773
17.215 -0.00781055
17.22 -0.00796738
17.225 -0.00811606
17.23 -0.00825487
17.235 -0.0083826
17.24 -0.00849861
17.245 -0.00860285
17.25 -0.0086958
17.255 -0.0087784
17.26 -0.00885185
17.265 -0.00891745
17.27 -0.00897629
17.275 -0.00902897
17.28 -0.00907562
17.285 -0.00911635
17.29 -0.00915131
17.295 -0.0091807
17.3 -0.00920467
17.305 -0.00922322
17.31 -0.0092362
17.315 -0.0092432
17.32 -0.00924354
17.325 -0.00923627
17.33 -0.00922027
17.335 -0.00919433
17.34 -0.00915737
17.345 -0.00910851
17.35 -0.00904789
17.355 -0.00897674
17.36 -0.00889612
17.365 -0.00880668
17.37 -0.00870918
17.375 -0.00860442
17.38 -0.00849333
17.385 -0.00837693
17.39 -0.00825633
17.395 -0.00813279
17.4 -0.00800767
17.405 -0.00788244
17.41 -0.00775859
17.415 -0.00763744
17.42 -0.00751992
17.425 -0.00740634
17.43 -0.00729621
17.435 -0.00718828
17.44 -0.00708074
17.445 -0.00697278
17.45 -0.00686398
17.455 -0.0067513
17.46 -0.0066308
17.465 -0.00649995
17.47 -0.00635729
17.475 -0.00620205
17.48 -0.0060341
17.485 -0.00585381
17.49 -0.00566205
17.495 -0.00546005
17.5 -0.00524923
17.505 -0.00503148
17.51 -0.00480891
17.515 -0.00458303
17.52 -0.00435456
17.525 -0.00412395
17.53 -0.00389111
17.535 -0.00365534
17.54 -0.00341579
17.545 -0.00317179
17.55 -0.00292299
17.555 -0.00266968
17.56 -0.00241284
17.565 -0.00215335
17.57 -0.00189175
17.575 -0.00162845
17.58 -0.00136393
17.585 -0.00109887
17.59 -0.00083421
17.595 -0.000571072
17.6 -0.000310664
17.605 -5.4208e-05
17.61 0.000197103
17.615 0.000442087
17.62 0.000679526
17.625 0.000908158
17.63 0.00112679
17.635 0.00133449
17.64 0.00153078
17.645 0.00171575
17.65 0.00188999
17.655 0.00205443
17.66 0.00221022
17.665 0.00235803
17.67 0.00249739
17.675 0.00262728
17.68 0.00274695
17.685 0.00285613
17.69 0.0029549
17.695 0.00304346
17.7 0.00312196
17.705 0.00319047
17.71 0.00324889
17.715 0.00329706
17.72 0.00333486
17.725 0.00336228
17.73 0.00337964
17.735 0.00338768
17.74 0.00338764
17.745 0.00338121
17.75 0.00337047
17.755 0.00335767
17.76 0.00334516
17.765 0.00333521
17.77 0.00332987
17.775 0.00333081
17.78 0.00333914
17.785 0.00336101
17.79 0.0034036
17.795 0.00346356
17.8 0.00353503
17.805 0.00361548
17.81 0.00370183
17.815 0.00379062
17.82 0.00387821
17.825 0.00396096
17.83 0.00403542
17.835 0.00409848
17.84 0.00414744
17.845 0.00418015
17.85 0.00419498
17.855 0.00419088
17.86 0.00416738
17.865 0.00412494
17.87 0.00406502
17.875 0.00398933
17.88 0.00389935
17.885 0.00379641
17.89 0.00368174
17.895 0.00355698
17.9 0.00342414
17.905 0.00328462
17.91 0.00313893
17.915 0.00298704
17.92 0.00282859
17.925 0.00266296
17.93 0.00248943
17.935 0.00230723
17.94 0.00211568
17.945 0.00191423
17.95 0.00170254
17.955 0.00148046
17.96 0.00124801
17.965 0.00100534
17.97 0.000752879
17.975 0.00049132
17.98 0.000221245
17.985 -5.72196e-05
17.99 -0.000344437
17.995 -0.000641278
18 -0.000949144
18.005 -0.00126994
18.01 -0.00160596
18.015 -0.00195973
18.02 -0.00233345
18.025 -0.00272868
18.03 -0.00314625
18.035 -0.00358699
18.04 -0.00405116
18.045 -0.0045367
18.05 -0.00504049
18.055 -0.00556019
18.06 -0.00609397
18.065 -0.00663957
18.07 -0.00719446
18.075 -0.00775693
18.08 -0.00832615
18.085 -0.00890177
18.09 -0.00948361
18.095 -0.0100714
18.1 -0.0106646
18.105 -0.0112626
18.11 -0.0118646
18.115 -0.0124696
18.12 -0.0130763
18.125 -0.0136832
18.13 -0.0142881
18.135 -0.0148878
18.14 -0.0154779
18.145 -0.0160536
18.15 -0.0166106
18.155 -0.017146
18.16 -0.0176579
18.165 -0.0181455
18.17 -0.018609
18.175 -0.0190495
18.18 -0.0194684
18.185 -0.0198677
18.19 -0.0202495
18.195 -0.0206158
18.2 -0.0209687
18.205 -0.0213097
18.21 -0.0216402
18.215 -0.0219612
18.22 -0.0222732
18.225 -0.0225765
18.23 -0.0228709
18.235 -0.0231559
18.24 -0.0234309
18.245 -0.0236946
18.25 -0.0239457
18.255 -0.0241831
18.26 -0.0244053
18.265 -0.0246115
18.27 -0.0248011
18.275 -0.0249732
18.28 -0.0251275
18.285 -0.0252632
18.29 -0.0253795
18.295 -0.0254754
18.3 -0.0255497
18.305 -0.0256014
18.31 -0.025629
18.315 -0.0256308
18.32 -0.0256062
18.325 -0.0255547
18.33 -0.0254761
18.335 -0.025371
18.34 -0.0252392
18.345 -0.0250797
18.35 -0.0248913
18.355 -0.0246737
18.36 -0.0244276
18.365 -0.0241533
18.37 -0.0238503
18.375 -0.0235187
18.38 -0.0231593
18.385 -0.0227734
18.39 -0.0223631
18.395 -0.0219307
18.4 -0.0214788
18.405 -0.0210102
18.41 -0.0205276
18.415 -0.0200333
18.42 -0.0195294
18.425 -0.0190176
18.43 -0.0184994
18.435 -0.0179761
18.44 -0.0174486
18.445 -0.0169175
18.45 -0.0163828
18.455 -0.0158443
18.46 -0.015302
18.465 -0.0147556
18.47 -0.0142052
18.475 -0.0136513
18.48 -0.0130942
18.485 -0.0125346
18.49 -0.0119734
18.495 -0.0114112
18.5 -0.0108509
18.505 -0.0102961
18.51 -0.00974695
18.515 -0.0092012
18.52 -0.00865755
18.525 -0.00811575
18.53 -0.00757615
18.535 -0.00703917
18.54 -0.00650499
18.545 -0.00597371
18.55 -0.00544538
18.555 -0.00491998
18.56 -0.00439749
18.565 -0.00387794
18.57 -0.00336151
18.575 -0.00284859
18.58 -0.00233977
18.585 -0.00183557
18.59 -0.0013362
18.595 -0.000841547
18.6 -0.000351366
18.605 0.000134601
18.61 0.00061652
18.615 0.00109438
18.62 0.00156755
18.625 0.00203383
18.63 0.0024896
18.635 0.00293138
18.64 0.00335688
18.645 0.00376488
18.65 0.0041549
18.655 0.00452704
18.66 0.00488187
18.665 0.00522039
18.67 0.00554393
18.675 0.00585415
18.68 0.0061529
18.685 0.00644215
18.69 0.00672393
18.695 0.00700024
18.7 0.00727296
18.705 0.00754376
18.71 0.00781402
18.715 0.00808479
18.72 0.00835664
18.725 0.0086296
18.73 0.00890304
18.735 0.00917575
18.74 0.00944595
18.745 0.00971146
18.75 0.00996979
18.755 0.0102183
18.76 0.0104543
18.765 0.010675
18.77 0.0108776
18.775 0.0110595
18.78 0.0112178
18.785 0.0113494
18.79 0.0114513
18.795 0.011524
18.8 0.0115684
18.805 0.0115805
18.81 0.0115583
18.815 0.011505
18.82 0.0114256
18.825 0.0113241
18.83 0.0112036
18.835 0.0110658
18.84 0.010912
18.845 0.0107426
18.85 0.0105579
18.855 0.0103579
18.86 0.0101427
18.865 0.00991175
18.87 0.0096638
18.875 0.00939713
18.88 0.00911004
18.885 0.00880113
18.89 0.00846953
18.895 0.00811507
18.9 0.00773883
18.905 0.00734323
18.91 0.00693163
18.915 0.00650815
18.92 0.00607754
18.925 0.00564487
18.93 0.00521511
18.935 0.00479281
18.94 0.00438194
18.945 0.00398571
18.95 0.00360644
18.955 0.00324553
18.96 0.00290411
18.965 0.00258329
18.97 0.00228363
18.975 0.00200523
18.98 0.00174786
18.985 0.00151087
18.99 0.00129314
18.995 0.00109269
19 0.00090691
19.005 0.000733587
19.01 0.00057105
19.015 0.000418241
19.02 0.00027488
19.025 0.000140737
19.03 1.56756e-05
19.035 -0.000100199
19.04 -0.000206856
19.045 -0.000304427
19.05 -0.000393203
19.055 -0.00047361
19.06 -0.000546221
19.065 -0.000611711
19.07 -0.000670707
19.075 -0.000723616
19.08 -0.000770538
19.085 -0.000811254
19.09 -0.000845244
19.095 -0.000871731
19.1 -0.000889748
19.105 -0.000898219
19.11 -0.000896059
19.115 -0.000882289
19.12 -0.000856173
19.125 -0.00081734
19.13 -0.000765866
19.135 -0.000702347
19.14 -0.000627922
19.145 -0.000544207
19.15 -0.000453177
19.155 -0.000357037
19.16 -0.000258099
19.165 -0.000158632
19.17 -6.07574e-05
19.175 3.36045e-05
19.18 0.000121911
19.185 0.000201419
19.19 0.000270934
19.195 0.000329781
19.2 0.000376528
19.205 0.000409633
19.21 0.000427852
19.215 0.000430153
19.22 0.00041494
19.225 0.000381306
19.23 0.00033084
19.235 0.000265512
19.24 0.000186348
19.245 9.42017e-05
19.25 -1.00866e-05
19.255 -0.000125518
19.26 -0.000250836
19.265 -0.000384492
19.27 -0.000524648
19.275 -0.000669205
19.28 -0.000815886
19.285 -0.000962386
19.29 -0.00110655
19.295 -0.00124658
19.3 -0.00138114
19.305 -0.00150952
19.31 -0.001632
19.315 -0.00174979
19.32 -0.00186425
19.325 -0.00197663
19.33 -0.00208805
19.335 -0.00219898
19.34 -0.00230916
19.345 -0.00241839
19.35 -0.00252667
19.355 -0.00263391
19.36 -0.00273988
19.365 -0.00284419
19.37 -0.00294624
19.375 -0.00304517
19.38 -0.0031401
19.385 -0.00323013
19.39 -0.00331379
19.395 -0.00338915
19.4 -0.00345416
19.405 -0.00350675
19.41 -0.00354493
19.415 -0.00356685
19.42 -0.00357102
19.425 -0.00355634
19.43 -0.00352231
19.435 -0.0034691
19.44 -0.00339763
19.445 -0.00330949
19.45 -0.00320683
19.455 -0.0030922
19.46 -0.00296853
19.465 -0.00283887
19.47 -0.00270612
19.475 -0.00257278
19.48 -0.0024407
19.485 -0.00231095
19.49 -0.00218382
19.495 -0.00205895
19.5 -0.00193555
19.505 -0.00181266
19.51 -0.00168925
19.515 -0.00156439
19.52 -0.00143726
19.525 -0.00130719
19.53 -0.00117362
19.535 -0.00103607
19.54 -0.000895394
19.545 -0.000753016
19.55 -0.000608077
19.555 -0.000458618
19.56 -0.000303454
19.565 -0.000141986
19.57 2.58951e-05
19.575 0.000199901
19.58 0.000379376
19.585 0.000563271
19.59 0.000750095
19.595 0.000938184
19.6 0.00112599
19.605 0.00131203
19.61 0.00149471
19.615 0.00167237
19.62 0.00184382
19.625 0.00200831
19.63 0.00216547
19.635 0.00231523
19.64 0.0024577
19.645 0.00259307
19.65 0.00272142
19.655 0.0028427
19.66 0.00295663
19.665 0.00306281
19.67 0.00316072
19.675 0.00324983
19.68 0.00332972
19.685 0.00340021
19.69 0.00346142
19.695 0.00351388
19.7 0.00355865
19.705 0.00360018
19.71 0.00364362
19.715 0.00368866
19.72 0.00373435
19.725 0.00378224
19.73 0.00383374
19.735 0.00388966
19.74 0.00395004
19.745 0.00401468
19.75 0.0040834
19.755 0.00415582
19.76 0.00423132
19.765 0.00430905
19.77 0.00438796
19.775 0.00446684
19.78 0.00454435
19.785 0.00461906
19.79 0.00468945
19.795 0.00475397
19.8 0.00481108
19.805 0.00485925
19.81 0.00489693
19.815 0.00492248
19.82 0.00493457
19.825 0.00493235
19.83 0.00491531
19.835 0.00488342
19.84 0.00483716
19.845 0.00477753
19.85 0.00470608
19.855 0.00462479
19.86 0.004536
19.865 0.00444231
19.87 0.00434648
19.875 0.00425134
19.88 0.00415958
19.885 0.0040736
19.89 0.00399529
19.895 0.00392589
19.9 0.00386584
19.905 0.00381484
19.91 0.00377183
19.915 0.00373526
19.92 0.00370315
19.925 0.00367331
19.93 0.00364334
19.935 0.00361073
19.94 0.00357289
19.945 0.00352731
19.95 0.00347163
19.955 0.00340385
19.96 0.00332237
19.965 0.00322612
19.97 0.00311456
19.975 0.00298763
19.98 0.00284564
19.985 0.00268918
19.99 0.00251902
19.995 0.00233599
20 0.00214099
20.005 0.00193481
20.01 0.00171809
20.015 0.00149146
20.02 0.00125569
20.025 0.00101121
20.03 0.000757933
20.035 0.000495493
20.04 0.000223423
20.045 -5.98895e-05
20.05 -0.000355737
20.055 -0.000661753
20.06 -0.000974039
20.065 -0.00128967
20.07 -0.00160623
20.075 -0.00192158
20.08 -0.00223385
20.085 -0.00254144
20.09 -0.00284305
20.095 -0.00313773
20.1 -0.00342482
20.105 -0.00370396
20.11 -0.00397508
20.115 -0.00423843
20.12 -0.0044944
20.125 -0.00474362
20.13 -0.00498711
20.135 -0.00522619
20.14 -0.00546224
20.145 -0.00569683
20.15 -0.00593162
20.155 -0.00616828
20.16 -0.00640826
20.165 -0.0066524
20.17 -0.00690029
20.175 -0.00715022
20.18 -0.00739987
20.185 -0.00764699
20.19 -0.00788944
20.195 -0.00812528
20.2 -0.0083528
20.205 -0.00857058
20.21 -0.00877733
20.215 -0.00897194
20.22 -0.00915352
20.225 -0.00932151
20.23 -0.00947568
20.235 -0.00961609
20.24 -0.00974305
20.245 -0.00985706
20.25 -0.00995823
20.255 -0.0100461
20.26 -0.0101204
20.265 -0.0101819
20.27 -0.0102312
20.275 -0.0102692
20.28 -0.0102966
20.285 -0.0103143
20.29 -0.0103224
20.295 -0.0103214
20.3 -0.010311
20.305 -0.0102913
20.31 -0.010262
20.315 -0.0102231
20.32 -0.0101748
20.325 -0.0101179
20.33 -0.0100541
20.335 -0.00998457
20.34 -0.00990924
20.345 -0.00982735
20.35 -0.0097375
20.355 -0.00963792
20.36 -0.00952659
20.365 -0.00940146
20.37 -0.0092606
20.375 -0.00910239
20.38 -0.00892566
20.385 -0.00872986
20.39 -0.00851574
20.395 -0.00828544
20.4 -0.00804119
20.405 -0.0077849
20.41 -0.00751849
20.415 -0.00724382
20.42 -0.00696265
20.425 -0.00667661
20.43 -0.00638715
20.435 -0.00609557
20.44 -0.005803
20.445 -0.00551082
20.45 -0.00522054
20.455 -0.00493286
20.46 -0.00464787
20.465 -0.00436546
20.47 -0.00408543
20.475 -0.00380765
20.48 -0.00353205
20.485 -0.00325872
20.49 -0.00298785
20.495 -0.00271972
20.5 -0.0024547
20.505 -0.00219337
20.51 -0.0019362
20.515 -0.00168386
20.52 -0.0014371
20.525 -0.0011955
20.53 -0.000957945
20.535 -0.000723185
20.54 -0.000490061
20.545 -0.00025807
20.55 -2.73104e-05
20.555 0.000201633
20.56 0.000427608
20.565 0.00064898
20.57 0.000863798
20.575 0.00106993
20.58 0.00126512
20.585 0.0014471
20.59 0.00161359
20.595 0.00176242
20.6 0.00189163
20.605 0.00199956
20.61 0.0020849
20.615 0.0021467
20.62 0.00218449
20.625 0.00219837
20.63 0.00218901
20.635 0.00215675
20.64 0.00210143
20.645 0.00202386
20.65 0.00192617
20.655 0.00181123
20.66 0.00168248
20.665 0.00154367
20.67 0.00139859
20.675 0.00125099
20.68 0.00110438
20.685 0.000961902
20.69 0.000826316
20.695 0.00069995
20.7 0.000584709
20.705 0.000482056
20.71 0.000392992
20.715 0.000318057
20.72 0.000257402
20.725 0.000210881
20.73 0.000178105
20.735 0.000158409
20.74 0.000150853
20.745 0.000154291
20.75 0.000166855
20.755 0.000185953
20.76 0.000209625
20.765 0.000236951
20.77 0.000267625
20.775 0.000301876
20.78 0.000340379
20.785 0.000384141
20.79 0.000434343
20.795 0.00049222
20.8 0.000559006
20.805 0.000635911
20.81 0.000724093
20.815 0.000824608
20.82 0.000938361
20.825 0.00106608
20.83 0.00120827
20.835 0.00136469
20.84 0.0015342
20.845 0.00171582
20.85 0.00190912
20.855 0.00211378
20.86 0.00232947
20.865 0.0025558
20.87 0.00279222
20.875 0.0030381
20.88 0.00329263
20.885 0.00355468
20.89 0.00382287
20.895 0.00409571
20.9 0.0043716
20.905 0.00464881
20.91 0.00492545
20.915 0.00519943
20.92 0.0054681
20.925 0.00572794
20.93 0.00597476
20.935 0.00620436
20.94 0.0064131
20.945 0.00659815
20.95 0.0067575
20.955 0.00688983
20.96 0.00699443
20.965 0.00707115
20.97 0.00712035
20.975 0.00714339
20.98 0.00714263
20.985 0.00712021
20.99 0.00707762
20.995 0.00701606
21 0.00693652
21.005 0.00683992
21.01 0.00672711
21.015 0.00659888
21.02 0.00645598
21.025 0.00629916
21.03 0.00612916
21.035 0.00594682
21.04 0.00575372
21.045 0.00555224
21.05 0.00534413
21.055 0.00513037
21.06 0.00491188
21.065 0.00468902
21.07 0.00446168
21.075 0.00423055
21.08 0.00399733
21.085 0.00376419
21.09 0.00353364
21.095 0.00330825
21.1 0.00309044
21.105 0.00288247
21.11 0.00268639
21.115 0.00250396
21.12 0.0023366
21.125 0.00218527
21.13 0.0020505
21.135 0.00193256
21.14 0.00183157
21.145 0.00174757
21.15 0.00168058
21.155 0.0016306
21.16 0.00159769
21.165 0.00158125
21.17 0.00157986
21.175 0.00159239
21.18 0.00161829
21.185 0.0016571
21.19 0.00170835
21.195 0.0017715
21.2 0.00184593
21.205 0.00193087
21.21 0.00202542
21.215 0.00212849
21.22 0.00223883
21.225 0.00235505
21.23 0.00247571
21.235 0.0025999
21.24 0.00272744
21.245 0.00285782
21.25 0.00299
21.255 0.00312717
21.26 0.00327273
21.265 0.00342143
21.27 0.0035675
21.275 0.00370936
21.28 0.00384538
21.285 0.00397301
21.29 0.00408939
21.295 0.00419221
21.3 0.00427964
21.305 0.00434936
21.31 0.00439874
21.315 0.00442636
21.32 0.00443169
21.325 0.00441472
21.33 0.00437608
21.335 0.00431665
21.34 0.0042374
21.345 0.00413946
21.35 0.00402413
21.355 0.00389279
21.36 0.00374677
21.365 0.00358643
21.37 0.003412
21.375 0.00322588
21.38 0.00303094
21.385 0.00282846
21.39 0.00261886
21.395 0.00240213
21.4 0.00217796
21.405 0.00194574
21.41 0.00170465
21.415 0.00145395
21.42 0.00119307
21.425 0.000921615
21.43 0.000639393
21.435 0.000346475
21.44 4.32459e-05
21.445 -0.000269553
21.45 -0.000590792
21.455 -0.000919005
21.46 -0.00125249
21.465 -0.00158946
21.47 -0.00192816
21.475 -0.00226693
21.48 -0.00260422
21.485 -0.0029387
21.49 -0.00326914
21.495 -0.00359441
21.5 -0.00391345
21.505 -0.00422526
21.51 -0.00452897
21.515 -0.00482402
21.52 -0.00511023
21.525 -0.00538782
21.53 -0.00565727
21.535 -0.00591916
21.54 -0.00617403
21.545 -0.00642226
21.55 -0.00666408
21.555 -0.00689927
21.56 -0.00712669
21.565 -0.00734408
21.57 -0.00754827
21.575 -0.00773613
21.58 -0.00790521
21.585 -0.00805381
21.59 -0.0081807
21.595 -0.00828525
21.6 -0.00836731
21.605 -0.00842718
21.61 -0.00846552
21.615 -0.00848325
21.62 -0.00848153
21.625 -0.0084617
21.63 -0.00842529
21.635 -0.00837386
21.64 -0.00830898
21.645 -0.00823209
21.65 -0.0081445
21.655 -0.00804732
21.66 -0.00794146
21.665 -0.0078276
21.67 -0.00770614
21.675 -0.00757726
21.68 -0.00744092
21.685 -0.00729695
21.69 -0.00714572
21.695 -0.00698826
21.7 -0.00682494
21.705 -0.00665524
21.71 -0.00647837
21.715 -0.00629352
21.72 -0.00610008
21.725 -0.00589839
21.73 -0.00568974
21.735 -0.0054749
21.74 -0.00525415
21.745 -0.00502776
21.75 -0.00479601
21.755 -0.00455922
21.76 -0.00431782
21.765 -0.00407227
21.77 -0.00382315
21.775 -0.00357105
21.78 -0.00331664
21.785 -0.0030606
21.79 -0.00280361
21.795 -0.00254637
21.8 -0.0022897
21.805 -0.00203469
21.81 -0.00178221
21.815 -0.00153255
21.82 -0.00128601
21.825 -0.00104277
21.83 -0.000801845
21.835 -0.000561866
21.84 -0.000322117
21.845 -8.21677e-05
21.85 0.000158564
21.855 0.000400601
21.86 0.000643967
21.865 0.000888215
21.87 0.00113271
21.875 0.00137674
21.88 0.00161939
21.885 0.0018596
21.89 0.00209619
21.895 0.00232804
21.9 0.0025541
21.905 0.00277349
21.91 0.00298545
21.915 0.00318935
21.92 0.00338472
21.925 0.00357116
21.93 0.0037484
21.935 0.00391627
21.94 0.00407462
21.945 0.00422323
21.95 0.00436179
21.955 0.00448994
21.96 0.00460739
21.965 0.00471385
21.97 0.00480907
21.975 0.00489291
21.98 0.00496538
21.985 0.00502662
21.99 0.00507682
21.995 0.00511617
22 0.0051448
22.005 0.00516268
22.01 0.00516966
22.015 0.0051653
22.02 0.00514878
22.025 0.00511925
22.03 0.00507622
22.035 0.00501962
22.04 0.00494969
22.045 0.00486695
22.05 0.00477209
22.055 0.00466587
22.06 0.00454907
22.065 0.00442247
22.07 0.00428679
22.075 0.00414269
22.08 0.0039915
22.085 0.00383519
22.09 0.00367492
22.095 0.00351096
22.1 0.00334331
22.105 0.00317186
22.11 0.00299649
22.115 0.00281724
22.12 0.0026343
22.125 0.00244802
22.13 0.00225892
22.135 0.00206756
22.14 0.00187446
22.145 0.00168001
22.15 0.00148444
22.155 0.00128789
22.16 0.00109045
22.165 0.000892223
22.17 0.000693254
22.175 0.000493603
22.18 0.000293342
22.185 9.25794e-05
22.19 -0.000108502
22.195 -0.000309635
22.2 -0.000510474
22.205 -0.000710611
22.21 -0.000909598
22.215 -0.00110679
22.22 -0.00130134
22.225 -0.00149254
22.23 -0.00167992
22.235 -0.00186319
22.24 -0.00204224
22.245 -0.002217
22.25 -0.00238747
22.255 -0.00255362
22.26 -0.00271541
22.265 -0.0028728
22.27 -0.00302569
22.275 -0.00317397
22.28 -0.00331762
22.285 -0.00345678
22.29 -0.00359168
22.295 -0.0037226
22.3 -0.00384984
22.305 -0.00397362
22.31 -0.00409409
22.315 -0.00421127
22.32 -0.00432513
22.325 -0.00443553
22.33 -0.00454227
22.335 -0.00464515
22.34 -0.00474392
22.345 -0.00483838
22.35 -0.00492836
22.355 -0.00501371
22.36 -0.00509437
22.365 -0.00517012
22.37 -0.00524029
22.375 -0.00530362
22.38 -0.00535865
22.385 -0.00540429
22.39 -0.00544006
22.395 -0.005466
22.4 -0.00548253
22.405 -0.00549018
22.41 -0.00548954
22.415 -0.00548109
22.42 -0.00546524
22.425 -0.00544235
22.43 -0.00541275
22.435 -0.0053768
22.44 -0.00533487
22.445 -0.00528734
22.45 -0.00523458
22.455 -0.00517691
22.46 -0.00511466
22.465 -0.0050489
22.47 -0.00498143
22.475 -0.00491336
22.48 -0.00484488
22.485 -0.00477583
22.49 -0.00470576
22.495 -0.00463417
22.5 -0.00456055
22.505 -0.00448445
22.51 -0.00440555
22.515 -0.00432365
22.52 -0.00423869
22.525 -0.00415071
22.53 -0.00405984
22.535 -0.00396627
22.54 -0.00387027
22.545 -0.0037721
22.55 -0.00367205
22.555 -0.0035704
22.56 -0.00346744
22.565 -0.00336344
22.57 -0.00325865
22.575 -0.00315328
22.58 -0.00304804
22.585 -0.00294383
22.59 -0.00284057
22.595 -0.00273778
22.6 -0.00263527
22.605 -0.00253304
22.61 -0.00243116
22.615 -0.00232975
22.62 -0.00222901
22.625 -0.00212912
22.63 -0.00203026
22.635 -0.00193264
22.64 -0.00183638
22.645 -0.00174162
22.65 -0.00164851
22.655 -0.0015573
22.66 -0.0014681
22.665 -0.00138059
22.67 -0.00129432
22.675 -0.00120904
22.68 -0.00112464
22.685 -0.00104115
22.69 -0.000958681
22.695 -0.000877397
22.7 -0.000797505
22.705 -0.000719213
22.71 -0.000642715
22.715 -0.000568182
22.72 -0.000495752
22.725 -0.00042553
22.73 -0.000357592
22.735 -0.000291998
22.74 -0.000228805
22.745 -0.000168081
22.75 -0.000109909
22.755 -5.43775e-05
22.76 -1.57456e-06
22.765 4.84169e-05
22.77 9.5525e-05
22.775 0.000139696
22.78 0.000180895
22.785 0.00021911
22.79 0.000254343
22.795 0.000286613
22.8 0.000315952
22.805 0.000342403
22.81 0.000366014
22.815 0.000386841
22.82 0.00040494
22.825 0.000420372
22.83 0.0004332
22.835 0.000443491
22.84 0.000451313
22.845 0.000456735
22.85 0.000459831
22.855 0.000460672
22.86 0.000459335
22.865 0.000455898
22.87 0.00045044
22.875 0.000443045
22.88 0.000433795
22.885 0.000422779
22.89 0.000410083
22.895 0.000395794
22.9 0.000379999
22.905 0.000362782
22.91 0.000344223
22.915 0.000324402
22.92 0.000303397
22.925 0.000281283
22.93 0.000258132
22.935 0.000234018
22.94 0.000209012
22.945 0.000183191
22.95 0.000156634
22.955 0.000129426
22.96 0.000101641
22.965 7.33439e-05
22.97 4.45859e-05
22.975 1.54114e-05
22.98 -1.41348e-05
22.985 -4.40058e-05
22.99 -7.41527e-05
22.995 -0.000104523
23 -0.00013506
23.005 -0.000165704
23.01 -0.000196397
23.015 -0.000227079
23.02 -0.000257692
23.025 -0.00028818
23.03 -0.000318492
23.035 -0.00034858
23.04 -0.000378403
23.045 -0.000407921
23.05 -0.000437096
23.055 -0.000465897
23.06 -0.000494295
23.065 -0.000522264
23.07 -0.000549778
23.075 -0.00057681
23.08 -0.000603335
23.085 -0.000629326
23.09 -0.000654757
23.095 -0.000679606
23.1 -0.00070385
23.105 -0.000727471
23.11 -0.000750452
23.115 -0.000772779
23.12 -0.00079444
23.125 -0.000815426
23.13 -0.000835731
23.135 -0.000855349
23.14 -0.000874279
23.145 -0.00089252
23.15 -0.000910073
23.155 -0.00092694
23.16 -0.000943127
23.165 -0.000958639
23.17 -0.000973484
23.175 -0.000987671
23.18 -0.00100121
23.185 -0.00101411
