0.005 3.73043e-07
0.01 1.79833e-06
0.015 4.42078e-06
0.02 7.89778e-06
0.025 1.19026e-05
0.03 1.62034e-05
0.035 2.06738e-05
0.04 2.52533e-05
0.045 2.989e-05
0.05 3.45048e-05
0.055 3.89884e-05
0.06 4.32004e-05
0.065 4.69618e-05
0.07 5.00922e-05
0.075 5.24847e-05
0.08 5.41632e-05
0.085 5.52871e-05
0.09 5.61127e-05
0.095 5.69466e-05
0.1 5.8087e-05
0.105 5.97474e-05
0.11 6.20036e-05
0.115 6.47974e-05
0.12 6.79595e-05
0.125 7.12106e-05
0.13 7.41647e-05
0.135 7.63848e-05
0.14 7.74584e-05
0.145 7.70311e-05
0.15 7.48246e-05
0.155 7.06671e-05
0.16 6.45175e-05
0.165 5.64512e-05
0.17 4.66658e-05
0.175 3.55702e-05
0.18 2.38504e-05
0.185 1.23542e-05
0.19 1.87187e-06
0.195 -7.02163e-06
0.2 -1.40492e-05
0.205 -1.92207e-05
0.21 -2.2712e-05
0.215 -2.47398e-05
0.22 -2.55137e-05
0.225 -2.5172e-05
0.23 -2.36271e-05
0.235 -2.04762e-05
0.24 -1.51342e-05
0.245 -7.14761e-06
0.25 3.52538e-06
0.255 1.64806e-05
0.26 3.10258e-05
0.265 4.63839e-05
0.27 6.19629e-05
0.275 7.77051e-05
0.28 9.42619e-05
0.285 0.000112774
0.29 0.000134446
0.295 0.00016015
0.3 0.000190179
0.305 0.000224294
0.31 0.000261907
0.315 0.000302146
0.32 0.000343788
0.325 0.000385178
0.33 0.000424291
0.335 0.000458777
0.34 0.000486032
0.345 0.000503745
0.35 0.000510747
0.355 0.00050734
0.36 0.000494944
0.365 0.000475358
0.37 0.000449911
0.375 0.00041908
0.38 0.000382978
0.385 0.000342172
0.39 0.000298168
0.395 0.000253427
0.4 0.000210975
0.405 0.000173995
0.41 0.000145552
0.415 0.000128025
0.42 0.000121993
0.425 0.000125016
0.43 0.000131664
0.435 0.000135558
0.44 0.000132213
0.445 0.000120626
0.45 0.000102664
0.455 8.12647e-05
0.46 5.90144e-05
0.465 3.75756e-05
0.47 1.75848e-05
0.475 -1.35099e-06
0.48 -2.02192e-05
0.485 -3.97709e-05
0.49 -6.01328e-05
0.495 -8.09787e-05
0.5 -0.000101693
0.505 -0.000121216
0.51 -0.000137651
0.515 -0.00014822
0.52 -0.000149879
0.525 -0.000140219
0.53 -0.000117975
0.535 -8.2609e-05
0.54 -3.32725e-05
0.545 3.19825e-05
0.55 0.000116152
0.555 0.000221888
0.56 0.000349249
0.565 0.000494172
0.57 0.000648168
0.575 0.000799494
0.58 0.000936379
0.585 0.00104934
0.59 0.00113071
0.595 0.00117516
0.6 0.00118189
0.605 0.00115521
0.61 0.00110272
0.615 0.0010327
0.62 0.000952864
0.625 0.000869822
0.63 0.000788473
0.635 0.000712409
0.64 0.00064499
0.645 0.000589653
0.65 0.000549186
0.655 0.000524625
0.66 0.000514578
0.665 0.000515319
0.67 0.000521363
0.675 0.00052638
0.68 0.000524431
0.685 0.000510703
0.69 0.000481667
0.695 0.000435568
0.7 0.000372764
0.705 0.000294832
0.71 0.000203282
0.715 9.92152e-05
0.72 -1.6417e-05
0.725 -0.000143428
0.73 -0.000283901
0.735 -0.000441684
0.74 -0.000619349
0.745 -0.000815518
0.75 -0.00102448
0.755 -0.00123799
0.76 -0.00144726
0.765 -0.0016437
0.77 -0.00181863
0.775 -0.00196314
0.78 -0.00206948
0.785 -0.00213275
0.79 -0.00215157
0.795 -0.00212785
0.8 -0.00206597
0.805 -0.0019716
0.81 -0.00185081
0.815 -0.00170961
0.82 -0.00155275
0.825 -0.00138267
0.83 -0.00120015
0.835 -0.0010058
0.84 -0.000800611
0.845 -0.000586187
0.85 -0.000364489
0.855 -0.000138171
0.86 8.78033e-05
0.865 0.000303709
0.87 0.000497929
0.875 0.000664272
0.88 0.000802893
0.885 0.000917968
0.89 0.00101763
0.895 0.0011124
0.9 0.00121288
0.905 0.00132823
0.91 0.00146493
0.915 0.0016265
0.92 0.00181298
0.925 0.00201992
0.93 0.00223891
0.935 0.0024607
0.94 0.00267779
0.945 0.00288566
0.95 0.00308255
0.955 0.00326626
0.96 0.00343015
0.965 0.00356223
0.97 0.00364786
0.975 0.00367599
0.98 0.00364589
0.985 0.00356716
0.99 0.00345505
0.995 0.00332828
1 0.00320826
1.005 0.00311716
1.01 0.00307502
1.015 0.00309506
1.02 0.00317962
1.025 0.00332161
1.03 0.00350915
1.035 0.00372878
1.04 0.00396671
1.045 0.00420661
1.05 0.00442822
1.055 0.00460983
1.06 0.00472899
1.065 0.00476174
1.07 0.00468486
1.075 0.00447971
1.08 0.00413747
1.085 0.00366384
1.09 0.00307677
1.095 0.00239875
1.1 0.00165136
1.105 0.000853443
1.11 1.80441e-05
1.115 -0.000850887
1.12 -0.00174705
1.125 -0.0026564
1.13 -0.00356766
1.135 -0.00447117
1.14 -0.00536278
1.145 -0.00624883
1.15 -0.0071375
1.155 -0.00803369
1.16 -0.00893895
1.165 -0.00985375
1.17 -0.0107791
1.175 -0.0117158
1.18 -0.0126682
1.185 -0.0136464
1.19 -0.0146643
1.195 -0.0157364
1.2 -0.0168746
1.205 -0.0180861
1.21 -0.0193737
1.215 -0.0207348
1.22 -0.0221613
1.225 -0.0236395
1.23 -0.0251492
1.235 -0.0266626
1.24 -0.0281491
1.245 -0.0295822
1.25 -0.0309434
1.255 -0.0322224
1.26 -0.0334161
1.265 -0.0345247
1.27 -0.0355478
1.275 -0.0364852
1.28 -0.0373409
1.285 -0.0381242
1.29 -0.0388499
1.295 -0.0395337
1.3 -0.0401887
1.305 -0.0408243
1.31 -0.0414469
1.315 -0.0420583
1.32 -0.0426537
1.325 -0.0432197
1.33 -0.043736
1.335 -0.0441796
1.34 -0.0445279
1.345 -0.0447583
1.35 -0.0448489
1.355 -0.0447795
1.36 -0.0445316
1.365 -0.0440898
1.37 -0.043446
1.375 -0.0426023
1.38 -0.0415691
1.385 -0.0403614
1.39 -0.0389966
1.395 -0.037492
1.4 -0.0358665
1.405 -0.03414
1.41 -0.0323327
1.415 -0.0304637
1.42 -0.02855
1.425 -0.0266041
1.43 -0.0246327
1.435 -0.0226386
1.44 -0.0206221
1.445 -0.0185821
1.45 -0.0165174
1.455 -0.0144292
1.46 -0.0123224
1.465 -0.0102066
1.47 -0.00809579
1.475 -0.00600011
1.48 -0.00392541
1.485 -0.00187988
1.49 0.000124169
1.495 0.00206887
1.5 0.00393032
1.505 0.00567994
1.51 0.00728614
1.515 0.00870931
1.52 0.00989229
1.525 0.0107732
1.53 0.0113163
1.535 0.0115251
1.54 0.0114387
1.545 0.0111209
1.55 0.0106439
1.555 0.0100766
1.56 0.00948081
1.565 0.00890526
1.57 0.0083782
1.575 0.00790714
1.58 0.00748436
1.585 0.00709353
1.59 0.00671691
1.595 0.00634073
1.6 0.00595609
1.605 0.00555759
1.61 0.00514045
1.615 0.00469801
1.62 0.00422187
1.625 0.00370251
1.63 0.00312878
1.635 0.00248841
1.64 0.00177058
1.645 0.000969585
1.65 8.53751e-05
1.655 -0.000878885
1.66 -0.00191735
1.665 -0.00301885
1.67 -0.00416429
1.675 -0.00532688
1.68 -0.00647417
1.685 -0.00757063
1.69 -0.00858462
1.695 -0.00949784
1.7 -0.0103086
1.705 -0.0110282
1.71 -0.011676
1.715 -0.0122744
1.72 -0.0128454
1.725 -0.0134089
1.73 -0.0139795
1.735 -0.0145661
1.74 -0.0151751
1.745 -0.0158114
1.75 -0.0164779
1.755 -0.0171732
1.76 -0.0178903
1.765 -0.018616
1.77 -0.0193308
1.775 -0.0200114
1.78 -0.0206337
1.785 -0.0211708
1.79 -0.0215924
1.795 -0.02187
1.8 -0.021986
1.805 -0.0219368
1.81 -0.0217305
1.815 -0.0213827
1.82 -0.0209134
1.825 -0.0203443
1.83 -0.0196966
1.835 -0.0189879
1.84 -0.0182295
1.845 -0.0174279
1.85 -0.0165887
1.855 -0.0157196
1.86 -0.0148299
1.865 -0.0139308
1.87 -0.0130371
1.875 -0.0121673
1.88 -0.011341
1.885 -0.0105761
1.89 -0.00988584
1.895 -0.00927642
1.9 -0.00874744
1.905 -0.0082938
1.91 -0.00790818
1.915 -0.00758266
1.92 -0.00730903
1.925 -0.0070797
1.93 -0.00688855
1.935 -0.00673053
1.94 -0.00660095
1.945 -0.00649506
1.95 -0.0064073
1.955 -0.00633297
1.96 -0.00626977
1.965 -0.00621428
1.97 -0.00615906
1.975 -0.0060924
1.98 -0.0059983
1.985 -0.00585749
1.99 -0.00564972
1.995 -0.00535648
2 -0.00496395
2.005 -0.00446446
2.01 -0.00385489
2.015 -0.00313372
2.02 -0.00229968
2.025 -0.00135205
2.03 -0.000290816
2.035 0.000882553
2.04 0.00216231
2.045 0.00353651
2.05 0.00498814
2.055 0.00649719
2.06 0.00804079
2.065 0.00958615
2.07 0.0110829
2.075 0.0124764
2.08 0.0137359
2.085 0.0148655
2.09 0.0158908
2.095 0.0168385
2.1 0.0177247
2.105 0.0185524
2.11 0.0193141
2.115 0.019997
2.12 0.0205867
2.125 0.0210693
2.13 0.0214337
2.135 0.0216717
2.14 0.0217785
2.145 0.0217526
2.15 0.0215958
2.155 0.0213143
2.16 0.020919
2.165 0.0204248
2.17 0.0198479
2.175 0.0192055
2.18 0.018517
2.185 0.0178033
2.19 0.0170861
2.195 0.0163872
2.2 0.015725
2.205 0.0151125
2.21 0.0145565
2.215 0.0140582
2.22 0.0136144
2.225 0.0132189
2.23 0.0128643
2.235 0.0125421
2.24 0.0122414
2.245 0.0119506
2.25 0.0116586
2.255 0.0113543
2.26 0.0110259
2.265 0.0106624
2.27 0.0102538
2.275 0.00979064
2.28 0.00926372
2.285 0.00866463
2.29 0.00798749
2.295 0.0072314
2.3 0.00640219
2.305 0.00551181
2.31 0.00457765
2.315 0.00362209
2.32 0.00267153
2.325 0.00175327
2.33 0.000890086
2.335 9.64087e-05
2.34 -0.000622355
2.345 -0.00127014
2.35 -0.00186072
2.355 -0.00241696
2.36 -0.00296852
2.365 -0.00354798
2.37 -0.00418746
2.375 -0.00491653
2.38 -0.0057563
2.385 -0.00671115
2.39 -0.00776673
2.395 -0.00889552
2.4 -0.0100648
2.405 -0.0112426
2.41 -0.0124021
2.415 -0.0135227
2.42 -0.0145906
2.425 -0.0155992
2.43 -0.0165488
2.435 -0.017444
2.44 -0.0182899
2.445 -0.01909
2.45 -0.0198444
2.455 -0.0205515
2.46 -0.0212099
2.465 -0.0218198
2.47 -0.0223839
2.475 -0.0229077
2.48 -0.0233997
2.485 -0.0238702
2.49 -0.0243289
2.495 -0.0247866
2.5 -0.0252538
2.505 -0.0257395
2.51 -0.026249
2.515 -0.0267832
2.52 -0.0273375
2.525 -0.0279015
2.53 -0.0284594
2.535 -0.0289912
2.54 -0.0294761
2.545 -0.0298963
2.55 -0.0302378
2.555 -0.0304906
2.56 -0.0306484
2.565 -0.0307082
2.57 -0.0306721
2.575 -0.0305499
2.58 -0.0303604
2.585 -0.0301315
2.59 -0.029895
2.595 -0.0296838
2.6 -0.0295292
2.605 -0.0294584
2.61 -0.0294898
2.615 -0.0296316
2.62 -0.0298795
2.625 -0.0302186
2.63 -0.0306292
2.635 -0.0310906
2.64 -0.0315822
2.645 -0.032085
2.65 -0.032583
2.655 -0.0330612
2.66 -0.0335056
2.665 -0.0339067
2.67 -0.0342607
2.675 -0.0345655
2.68 -0.0348129
2.685 -0.0349874
2.69 -0.0350674
2.695 -0.0350282
2.7 -0.0348464
2.705 -0.0345026
2.71 -0.0339843
2.715 -0.0332895
2.72 -0.0324288
2.725 -0.0314227
2.73 -0.0302982
2.735 -0.0290864
2.74 -0.0278205
2.745 -0.026532
2.75 -0.0252486
2.755 -0.0239942
2.76 -0.022786
2.765 -0.0216316
2.77 -0.0205307
2.775 -0.0194781
2.78 -0.0184649
2.785 -0.0174796
2.79 -0.0165099
2.795 -0.0155453
2.8 -0.0145778
2.805 -0.0135996
2.81 -0.0126011
2.815 -0.0115713
2.82 -0.0105011
2.825 -0.0093859
2.83 -0.00822639
2.835 -0.00702729
2.84 -0.00579756
2.845 -0.0045498
2.85 -0.00329649
2.855 -0.00204438
2.86 -0.000793332
2.865 0.000461182
2.87 0.00172816
2.875 0.00302077
2.88 0.00435216
2.885 0.00572779
2.89 0.00713855
2.895 0.00856005
2.9 0.00995835
2.905 0.0112997
2.91 0.0125575
2.915 0.0137114
2.92 0.0147431
2.925 0.0156413
2.93 0.0164151
2.935 0.0170966
2.94 0.017726
2.945 0.0183354
2.95 0.0189415
2.955 0.0195457
2.96 0.0201397
2.965 0.020713
2.97 0.0212599
2.975 0.0217837
2.98 0.0222974
2.985 0.0228233
2.99 0.0233896
2.995 0.0240236
3 0.0247447
3.005 0.0255605
3.01 0.0264636
3.015 0.0274306
3.02 0.0284242
3.025 0.0293984
3.03 0.0303065
3.035 0.0311094
3.04 0.0317768
3.045 0.0322882
3.05 0.0326383
3.055 0.0328381
3.06 0.0329084
3.065 0.0328703
3.07 0.032739
3.075 0.0325234
3.08 0.0322283
3.085 0.0318566
3.09 0.0314139
3.095 0.0309133
3.1 0.0303772
3.105 0.029836
3.11 0.0293196
3.115 0.0288477
3.12 0.0284283
3.125 0.0280618
3.13 0.0277468
3.135 0.0274845
3.14 0.0272781
3.145 0.027131
3.15 0.0270442
3.155 0.0270145
3.16 0.0270336
3.165 0.0270888
3.17 0.0271641
3.175 0.0272423
3.18 0.0273076
3.185 0.0273456
3.19 0.0273452
3.195 0.0273013
3.2 0.027216
3.205 0.0270958
3.21 0.0269477
3.215 0.0267767
3.22 0.0265861
3.225 0.0263771
3.23 0.0261481
3.235 0.0258956
3.24 0.0256167
3.245 0.0253102
3.25 0.0249766
3.255 0.0246169
3.26 0.0242316
3.265 0.0238208
3.27 0.0233839
3.275 0.0229196
3.28 0.0224266
3.285 0.0219048
3.29 0.0213558
3.295 0.0207818
3.3 0.0201849
3.305 0.0195658
3.31 0.0189236
3.315 0.0182549
3.32 0.0175549
3.325 0.0168193
3.33 0.0160481
3.335 0.0152466
3.34 0.014427
3.345 0.0136076
3.35 0.0128108
3.355 0.0120589
3.36 0.0113694
3.365 0.0107512
3.37 0.0102033
3.375 0.00971804
3.38 0.00928423
3.385 0.0088891
3.39 0.00851846
3.395 0.00815762
3.4 0.00779326
3.405 0.00741336
3.41 0.00700624
3.415 0.00656149
3.42 0.00607214
3.425 0.0055366
3.43 0.00495988
3.435 0.00435235
3.44 0.00372587
3.445 0.00309133
3.45 0.00245749
3.455 0.00183012
3.46 0.00121254
3.465 0.000605995
3.47 9.67041e-06
3.475 -0.000578761
3.48 -0.00116222
3.485 -0.00174405
3.49 -0.00232816
3.495 -0.00291916
3.5 -0.00352259
3.505 -0.00414542
3.51 -0.00479718
3.515 -0.00549088
3.52 -0.00624154
3.525 -0.0070614
3.53 -0.00795436
3.535 -0.00891324
3.54 -0.00992129
3.545 -0.0109569
3.55 -0.0119989
3.555 -0.0130307
3.56 -0.0140416
3.565 -0.0150251
3.57 -0.0159767
3.575 -0.0168925
3.58 -0.0177681
3.585 -0.0185978
3.59 -0.0193755
3.595 -0.0200972
3.6 -0.0207621
3.605 -0.0213725
3.61 -0.0219335
3.615 -0.0224524
3.62 -0.0229371
3.625 -0.0233944
3.63 -0.0238302
3.635 -0.0242502
3.64 -0.0246598
3.645 -0.0250643
3.65 -0.0254687
3.655 -0.0258778
3.66 -0.0262948
3.665 -0.02672
3.67 -0.0271493
3.675 -0.0275747
3.68 -0.0279851
3.685 -0.0283687
3.69 -0.0287151
3.695 -0.029016
3.7 -0.0292662
3.705 -0.0294653
3.71 -0.0296159
3.715 -0.0297198
3.72 -0.0297738
3.725 -0.0297692
3.73 -0.0296917
3.735 -0.0295227
3.74 -0.0292421
3.745 -0.0288331
3.75 -0.0282868
3.755 -0.0276034
3.76 -0.0267921
3.765 -0.025869
3.77 -0.0248572
3.775 -0.023787
3.78 -0.0226947
3.785 -0.0216163
3.79 -0.020581
3.795 -0.0196091
3.8 -0.0187094
3.805 -0.0178794
3.81 -0.0171076
3.815 -0.0163787
3.82 -0.0156795
3.825 -0.0150026
3.83 -0.0143467
3.835 -0.0137132
3.84 -0.0131031
3.845 -0.0125144
3.85 -0.0119411
3.855 -0.0113756
3.86 -0.0108105
3.865 -0.0102394
3.87 -0.00965673
3.875 -0.00905654
3.88 -0.0084326
3.885 -0.00777838
3.89 -0.00708675
3.895 -0.00635106
3.9 -0.00556768
3.905 -0.00473585
3.91 -0.00385683
3.915 -0.00293509
3.92 -0.00197897
3.925 -0.000999256
3.93 -6.73952e-06
3.935 0.000990297
3.94 0.00198935
3.945 0.00299559
3.95 0.00401918
3.955 0.00507066
3.96 0.00615836
3.965 0.00728699
3.97 0.00845573
3.975 0.00965636
3.98 0.0108737
3.985 0.0120885
3.99 0.0132801
3.995 0.0144271
4 0.0155081
4.005 0.0165036
4.01 0.0174004
4.015 0.0181943
4.02 0.0188911
4.025 0.019501
4.03 0.0200339
4.035 0.0204976
4.04 0.0208975
4.045 0.0212351
4.05 0.0215083
4.055 0.0217145
4.06 0.0218513
4.065 0.0219174
4.07 0.0219122
4.075 0.0218358
4.08 0.0216902
4.085 0.021479
4.09 0.0212073
4.095 0.0208828
4.1 0.020516
4.105 0.0201209
4.11 0.0197134
4.115 0.0193091
4.12 0.0189219
4.125 0.0185613
4.13 0.018232
4.135 0.0179331
4.14 0.0176575
4.145 0.0173913
4.15 0.0171143
4.155 0.0168045
4.16 0.0164433
4.165 0.0160171
4.17 0.0155173
4.175 0.0149422
4.18 0.0142963
4.185 0.0135892
4.19 0.0128322
4.195 0.0120359
4.2 0.0112062
4.205 0.0103435
4.21 0.00944391
4.215 0.00850259
4.22 0.00751733
4.225 0.0064913
4.23 0.00543431
4.235 0.004362
4.24 0.00329406
4.245 0.00225227
4.25 0.00125631
4.255 0.000319609
4.26 -0.00055087
4.265 -0.00135279
4.27 -0.00208806
4.275 -0.00276347
4.28 -0.00339092
4.285 -0.00398621
4.29 -0.00456611
4.295 -0.00514464
4.3 -0.00573148
4.305 -0.00633139
4.31 -0.00694335
4.315 -0.00756093
4.32 -0.008173
4.325 -0.00876435
4.33 -0.00931732
4.335 -0.00981407
4.34 -0.010238
4.345 -0.0105754
4.35 -0.0108177
4.355 -0.0109624
4.36 -0.0110115
4.365 -0.0109697
4.37 -0.0108419
4.375 -0.0106325
4.38 -0.0103479
4.385 -0.00999757
4.39 -0.00959311
4.395 -0.00914615
4.4 -0.00866643
4.405 -0.0081615
4.41 -0.00763669
4.415 -0.00709391
4.42 -0.00653062
4.425 -0.005941
4.43 -0.00531797
4.435 -0.00465429
4.44 -0.00394391
4.445 -0.00318348
4.45 -0.00237152
4.455 -0.00150686
4.46 -0.000588449
4.465 0.000384305
4.47 0.00141143
4.475 0.0024919
4.48 0.0036231
4.485 0.00480049
4.49 0.0060178
4.495 0.00726737
4.5 0.00854085
4.505 0.00982894
4.51 0.0111212
4.515 0.0124065
4.52 0.0136724
4.525 0.0149047
4.53 0.0160876
4.535 0.0172043
4.54 0.0182385
4.545 0.0191757
4.55 0.020007
4.555 0.0207313
4.56 0.0213536
4.565 0.0218851
4.57 0.0223418
4.575 0.0227412
4.58 0.0231009
4.585 0.0234376
4.59 0.0237656
4.595 0.0240982
4.6 0.024447
4.605 0.0248213
4.61 0.0252266
4.615 0.0256634
4.62 0.0261275
4.625 0.0266108
4.63 0.0271031
4.635 0.0275922
4.64 0.0280654
4.645 0.0285115
4.65 0.02892
4.655 0.0292808
4.66 0.0295845
4.665 0.0298241
4.67 0.0299942
4.675 0.0300895
4.68 0.0301035
4.685 0.0300287
4.69 0.0298579
4.695 0.0295854
4.7 0.0292079
4.705 0.0287266
4.71 0.028148
4.715 0.0274835
4.72 0.0267483
4.725 0.0259599
4.73 0.0251354
4.735 0.0242899
4.74 0.0234338
4.745 0.0225724
4.75 0.0217074
4.755 0.0208381
4.76 0.0199616
4.765 0.0190734
4.77 0.0181703
4.775 0.0172517
4.78 0.0163196
4.785 0.0153787
4.79 0.0144349
4.795 0.0134938
4.8 0.0125602
4.805 0.0116369
4.81 0.0107245
4.815 0.00982132
4.82 0.00892453
4.825 0.00803115
4.83 0.00713924
4.835 0.00624819
4.84 0.00535828
4.845 0.00447003
4.85 0.00358397
4.855 0.00270067
4.86 0.00182067
4.865 0.000944405
4.87 7.214e-05
4.875 -0.000796021
4.88 -0.00165973
4.885 -0.00251751
4.89 -0.00336546
4.895 -0.00419605
4.9 -0.0049974
4.905 -0.00575422
4.91 -0.0064505
4.915 -0.00707273
4.92 -0.00761208
4.925 -0.00806493
4.93 -0.00843173
4.935 -0.00871632
4.94 -0.00892653
4.945 -0.00907462
4.95 -0.00917634
4.955 -0.00924737
4.96 -0.00929961
4.965 -0.00934035
4.97 -0.00937207
4.975 -0.00939187
4.98 -0.00939293
4.985 -0.00936684
4.99 -0.00930532
4.995 -0.00920215
5 -0.00905635
5.005 -0.00887435
5.01 -0.00866986
5.015 -0.00846186
5.02 -0.00827039
5.025 -0.00811246
5.03 -0.0080018
5.035 -0.00794983
5.04 -0.00796544
5.045 -0.00805487
5.05 -0.00822252
5.055 -0.0084726
5.06 -0.00880948
5.065 -0.00923626
5.07 -0.00975325
5.075 -0.010356
5.08 -0.0110342
5.085 -0.0117729
5.09 -0.0125564
5.095 -0.0133693
5.1 -0.0141969
5.105 -0.0150254
5.11 -0.0158431
5.115 -0.0166392
5.12 -0.0174033
5.125 -0.0181253
5.13 -0.0187948
5.135 -0.0194013
5.14 -0.019935
5.145 -0.020387
5.15 -0.0207512
5.155 -0.0210248
5.16 -0.0212091
5.165 -0.0213075
5.17 -0.021324
5.175 -0.0212611
5.18 -0.021119
5.185 -0.0208955
5.19 -0.0205861
5.195 -0.0201858
5.2 -0.0196905
5.205 -0.0190984
5.21 -0.0184113
5.215 -0.0176371
5.22 -0.0167884
5.225 -0.0158797
5.23 -0.0149243
5.235 -0.0139345
5.24 -0.0129212
5.245 -0.0118933
5.25 -0.0108572
5.255 -0.00981755
5.26 -0.00877888
5.265 -0.00774592
5.27 -0.00672339
5.275 -0.00571554
5.28 -0.00472602
5.285 -0.00375814
5.29 -0.00281484
5.295 -0.00189857
5.3 -0.00101099
5.305 -0.000151977
5.31 0.000681379
5.315 0.00149519
5.32 0.0022981
5.325 0.00310011
5.33 0.00391224
5.335 0.00474695
5.34 0.00561742
5.345 0.00653676
5.35 0.00751761
5.355 0.0085713
5.36 0.00970589
5.365 0.0109249
5.37 0.012228
5.375 0.0136131
5.38 0.0150749
5.385 0.0166018
5.39 0.0181725
5.395 0.019754
5.4 0.0213039
5.405 0.0227785
5.41 0.024148
5.415 0.0254025
5.42 0.0265481
5.425 0.027601
5.43 0.0285822
5.435 0.0295117
5.44 0.0304039
5.445 0.0312689
5.45 0.0321121
5.455 0.0329347
5.46 0.0337361
5.465 0.0345154
5.47 0.0352721
5.475 0.0360049
5.48 0.0367111
5.485 0.0373858
5.49 0.0380225
5.495 0.0386142
5.5 0.0391544
5.505 0.0396383
5.51 0.0400622
5.515 0.040423
5.52 0.0407176
5.525 0.0409437
5.53 0.0410992
5.535 0.0411818
5.54 0.0411873
5.545 0.0411102
5.55 0.0409444
5.555 0.040685
5.56 0.0403273
5.565 0.0398685
5.57 0.0393085
5.575 0.0386504
5.58 0.0378997
5.585 0.0370641
5.59 0.0361509
5.595 0.0351645
5.6 0.0341064
5.605 0.032977
5.61 0.0317758
5.615 0.0305017
5.62 0.0291533
5.625 0.0277291
5.63 0.0262288
5.635 0.0246554
5.64 0.0230148
5.645 0.0213164
5.65 0.0195718
5.655 0.0177936
5.66 0.0159935
5.665 0.0141812
5.67 0.0123621
5.675 0.0105362
5.68 0.00870039
5.685 0.00685088
5.69 0.00498502
5.695 0.00310073
5.7 0.00119527
5.705 -0.000734909
5.71 -0.00269443
5.715 -0.0046892
5.72 -0.00672583
5.725 -0.00881075
5.73 -0.0109488
5.735 -0.0131413
5.74 -0.0153852
5.745 -0.0176722
5.75 -0.0199901
5.755 -0.0223254
5.76 -0.0246653
5.765 -0.026995
5.77 -0.0292981
5.775 -0.0315612
5.78 -0.0337796
5.785 -0.0359586
5.79 -0.0381105
5.795 -0.040247
5.8 -0.0423663
5.805 -0.0444474
5.81 -0.0464585
5.815 -0.0483687
5.82 -0.0501546
5.825 -0.0518027
5.83 -0.0533078
5.835 -0.0546714
5.84 -0.0558977
5.845 -0.0569922
5.85 -0.057959
5.855 -0.0588003
5.86 -0.0595165
5.865 -0.0601071
5.87 -0.0605736
5.875 -0.0609196
5.88 -0.0611503
5.885 -0.0612713
5.89 -0.0612896
5.895 -0.0612133
5.9 -0.0610501
5.905 -0.0608057
5.91 -0.0604826
5.915 -0.0600802
5.92 -0.0595949
5.925 -0.0590212
5.93 -0.0583525
5.935 -0.0575836
5.94 -0.0567124
5.945 -0.055743
5.95 -0.0546849
5.955 -0.0535515
5.96 -0.0523581
5.965 -0.0511203
5.97 -0.0498516
5.975 -0.0485627
5.98 -0.0472627
5.985 -0.0459613
5.99 -0.0446694
5.995 -0.0433995
6 -0.0421633
6.005 -0.0409706
6.01 -0.0398288
6.015 -0.0387425
6.02 -0.0377134
6.025 -0.0367398
6.03 -0.0358176
6.035 -0.0349434
6.04 -0.0341139
6.045 -0.0333249
6.05 -0.0325709
6.055 -0.0318463
6.06 -0.0311473
6.065 -0.0304736
6.07 -0.0298281
6.075 -0.0292162
6.08 -0.0286434
6.085 -0.028112
6.09 -0.0276211
6.095 -0.0271668
6.1 -0.0267421
6.105 -0.0263383
6.11 -0.0259452
6.115 -0.0255526
6.12 -0.0251507
6.125 -0.0247302
6.13 -0.0242833
6.135 -0.0238056
6.14 -0.0232951
6.145 -0.0227499
6.15 -0.0221655
6.155 -0.0215357
6.16 -0.0208549
6.165 -0.0201217
6.17 -0.0193413
6.175 -0.0185252
6.18 -0.0176894
6.185 -0.0168521
6.19 -0.0160293
6.195 -0.0152329
6.2 -0.0144689
6.205 -0.0137375
6.21 -0.0130362
6.215 -0.0123619
6.22 -0.0117119
6.225 -0.0110829
6.23 -0.0104712
6.235 -0.00987172
6.24 -0.00927755
6.245 -0.00867961
6.25 -0.00806835
6.255 -0.00743447
6.26 -0.00676942
6.265 -0.0060666
6.27 -0.00532217
6.275 -0.00453528
6.28 -0.00370701
6.285 -0.00283913
6.29 -0.00193466
6.295 -0.00100438
6.3 -6.51838e-05
6.305 0.000869997
6.31 0.00178881
6.315 0.00267678
6.32 0.00351965
6.325 0.00430275
6.33 0.00501247
6.335 0.00563706
6.34 0.00616629
6.345 0.00659137
6.35 0.00690538
6.355 0.00710327
6.36 0.00718175
6.365 0.00713988
6.37 0.00698067
6.375 0.00671243
6.38 0.00634908
6.385 0.00590856
6.39 0.00540941
6.395 0.00486784
6.4 0.0042982
6.405 0.00371382
6.41 0.00312665
6.415 0.00254817
6.42 0.00199086
6.425 0.00146868
6.43 0.000995844
6.435 0.000584364
6.44 0.00024159
6.445 -3.11058e-05
6.45 -0.000238154
6.455 -0.000389421
6.46 -0.000500131
6.465 -0.000588288
6.47 -0.000669393
6.475 -0.000753607
6.48 -0.00084678
6.485 -0.000952324
6.49 -0.0010726
6.495 -0.00121012
6.5 -0.00136815
6.505 -0.00155017
6.51 -0.00175888
6.515 -0.00199624
6.52 -0.00226452
6.525 -0.00256627
6.53 -0.00290313
6.535 -0.00327541
6.54 -0.00368225
6.545 -0.00412275
6.55 -0.00459649
6.555 -0.00510219
6.56 -0.00563726
6.565 -0.00619814
6.57 -0.00678004
6.575 -0.00737736
6.58 -0.0079843
6.585 -0.00859496
6.59 -0.0092032
6.595 -0.00980242
6.6 -0.0103861
6.605 -0.0109483
6.61 -0.0114844
6.615 -0.0119913
6.62 -0.0124678
6.625 -0.0129147
6.63 -0.0133344
6.635 -0.0137305
6.64 -0.0141078
6.645 -0.0144716
6.65 -0.0148254
6.655 -0.0151707
6.66 -0.0155087
6.665 -0.0158414
6.67 -0.016172
6.675 -0.0165052
6.68 -0.0168472
6.685 -0.0172038
6.69 -0.0175792
6.695 -0.0179747
6.7 -0.0183867
6.705 -0.0188072
6.71 -0.019224
6.715 -0.0196246
6.72 -0.0199982
6.725 -0.0203376
6.73 -0.0206383
6.735 -0.0208981
6.74 -0.0211164
6.745 -0.021293
6.75 -0.0214287
6.755 -0.0215249
6.76 -0.0215826
6.765 -0.0216019
6.77 -0.021582
6.775 -0.0215211
6.78 -0.021416
6.785 -0.0212645
6.79 -0.0210659
6.795 -0.020822
6.8 -0.0205373
6.805 -0.0202193
6.81 -0.0198761
6.815 -0.0195138
6.82 -0.0191361
6.825 -0.0187444
6.83 -0.0183391
6.835 -0.0179196
6.84 -0.0174849
6.845 -0.0170336
6.85 -0.0165649
6.855 -0.0160776
6.86 -0.0155695
6.865 -0.0150361
6.87 -0.0144706
6.875 -0.013864
6.88 -0.0132058
6.885 -0.0124859
6.89 -0.0116957
6.895 -0.0108303
6.9 -0.0098897
6.905 -0.0088798
6.91 -0.00781288
6.915 -0.00670627
6.92 -0.00557959
6.925 -0.00445193
6.93 -0.00333959
6.935 -0.00225405
6.94 -0.00119995
6.945 -0.000175832
6.95 0.000821956
6.955 0.00179565
6.96 0.00274039
6.965 0.00364775
6.97 0.00451532
6.975 0.00534206
6.98 0.00612546
6.985 0.00686574
6.99 0.00756617
6.995 0.00823211
7 0.00886956
7.005 0.00948349
7.01 0.0100764
7.015 0.0106486
7.02 0.0112002
7.025 0.0117315
7.03 0.0122434
7.035 0.0127377
7.04 0.0132159
7.045 0.0136787
7.05 0.0141251
7.055 0.0145515
7.06 0.0149519
7.065 0.0153191
7.07 0.0156473
7.075 0.0159319
7.08 0.0161708
7.085 0.0163648
7.09 0.0165185
7.095 0.0166386
7.1 0.0167324
7.105 0.0168059
7.11 0.016863
7.115 0.0169043
7.12 0.0169274
7.125 0.0169282
7.13 0.0169014
7.135 0.016842
7.14 0.0167463
7.145 0.0166124
7.15 0.0164397
7.155 0.0162284
7.16 0.0159793
7.165 0.0156951
7.17 0.0153816
7.175 0.0150481
7.18 0.0147063
7.185 0.0143682
7.19 0.0140442
7.195 0.0137416
7.2 0.0134638
7.205 0.0132101
7.21 0.012978
7.215 0.0127636
7.22 0.0125629
7.225 0.012371
7.23 0.0121815
7.235 0.0119867
7.24 0.0117761
7.245 0.0115368
7.25 0.0112531
7.255 0.0109098
7.26 0.0104952
7.265 0.0100028
7.27 0.00943214
7.275 0.00878742
7.28 0.00807556
7.285 0.00730419
7.29 0.00648097
7.295 0.00561391
7.3 0.00471226
7.305 0.00378667
7.31 0.00284979
7.315 0.00191626
7.32 0.00100001
7.325 0.00011108
7.33 -0.000744122
7.335 -0.00156163
7.34 -0.00233943
7.345 -0.00307566
7.35 -0.00376805
7.355 -0.00441521
7.36 -0.00501764
7.365 -0.00557832
7.37 -0.00610248
7.375 -0.00659656
7.38 -0.00706672
7.385 -0.00751758
7.39 -0.00795213
7.395 -0.00837209
7.4 -0.0087783
7.405 -0.009171
7.41 -0.00955012
7.415 -0.00991578
7.42 -0.0102686
7.425 -0.0106096
7.43 -0.0109404
7.435 -0.0112629
7.44 -0.0115791
7.445 -0.0118903
7.45 -0.0121969
7.455 -0.0124972
7.46 -0.0127876
7.465 -0.0130615
7.47 -0.0133097
7.475 -0.013522
7.48 -0.0136874
7.485 -0.0137956
7.49 -0.0138395
7.495 -0.013817
7.5 -0.0137296
7.505 -0.0135806
7.51 -0.0133737
7.515 -0.0131118
7.52 -0.0127977
7.525 -0.0124353
7.53 -0.01203
7.535 -0.0115884
7.54 -0.0111167
7.545 -0.0106224
7.55 -0.0101142
7.555 -0.00960195
7.56 -0.00909451
7.565 -0.00859889
7.57 -0.00811991
7.575 -0.00765957
7.58 -0.00721722
7.585 -0.0067902
7.59 -0.00637469
7.595 -0.00596598
7.6 -0.0055579
7.605 -0.00514264
7.61 -0.00471075
7.615 -0.00425113
7.62 -0.00375122
7.625 -0.00319872
7.63 -0.00258419
7.635 -0.0019018
7.64 -0.00115024
7.645 -0.000333513
7.65 0.000540478
7.655 0.00146203
7.66 0.00242028
7.665 0.00340426
7.67 0.00440259
7.675 0.00540417
7.68 0.00640112
7.685 0.00738834
7.69 0.00836354
7.695 0.00932945
7.7 0.0102938
7.705 0.0112655
7.71 0.0122511
7.715 0.0132536
7.72 0.0142725
7.725 0.0153044
7.73 0.0163443
7.735 0.0173865
7.74 0.0184253
7.745 0.0194563
7.75 0.0204757
7.755 0.0214805
7.76 0.022468
7.765 0.0234366
7.77 0.0243849
7.775 0.0253108
7.78 0.0262114
7.785 0.0270827
7.79 0.0279198
7.795 0.0287167
7.8 0.0294655
7.805 0.0301582
7.81 0.03079
7.815 0.0313598
7.82 0.0318693
7.825 0.0323213
7.83 0.0327178
7.835 0.0330586
7.84 0.0333404
7.845 0.033556
7.85 0.0336947
7.855 0.033744
7.86 0.0336935
7.865 0.0335372
7.87 0.0332748
7.875 0.0329109
7.88 0.0324535
7.885 0.0319111
7.89 0.0312899
7.895 0.030594
7.9 0.0298253
7.905 0.0289842
7.91 0.0280713
7.915 0.0270889
7.92 0.0260407
7.925 0.0249318
7.93 0.0237693
7.935 0.0225616
7.94 0.0213171
7.945 0.0200431
7.95 0.018745
7.955 0.0174266
7.96 0.0160902
7.965 0.0147368
7.97 0.0133678
7.975 0.0119863
7.98 0.0105987
7.985 0.00921429
7.99 0.00784309
7.995 0.00649385
8 0.00517245
8.005 0.00388125
8.01 0.00262009
8.015 0.00138814
8.02 0.000184704
8.025 -0.000990948
8.03 -0.00213912
8.035 -0.00325937
8.04 -0.00435277
8.045 -0.00542333
8.05 -0.00647692
8.055 -0.00751965
8.06 -0.00855599
8.065 -0.00958774
8.07 -0.0106136
8.075 -0.0116292
8.08 -0.0126287
8.085 -0.0136055
8.09 -0.0145543
8.095 -0.0154717
8.1 -0.0163576
8.105 -0.0172148
8.11 -0.0180477
8.115 -0.0188612
8.12 -0.0196606
8.125 -0.0204515
8.13 -0.0212392
8.135 -0.0220273
8.14 -0.0228169
8.145 -0.0236076
8.15 -0.0243993
8.155 -0.0251929
8.16 -0.0259908
8.165 -0.0267974
8.17 -0.0276196
8.175 -0.0284657
8.18 -0.0293448
8.185 -0.0302649
8.19 -0.0312329
8.195 -0.0322534
8.2 -0.0333261
8.205 -0.0344452
8.21 -0.0356008
8.215 -0.0367813
8.22 -0.0379753
8.225 -0.0391724
8.23 -0.0403626
8.235 -0.0415347
8.24 -0.0426777
8.245 -0.0437819
8.25 -0.0448405
8.255 -0.0458486
8.26 -0.0468023
8.265 -0.0476976
8.27 -0.0485294
8.275 -0.0492908
8.28 -0.0499755
8.285 -0.0505764
8.29 -0.051086
8.295 -0.0514964
8.3 -0.0518012
8.305 -0.0519966
8.31 -0.0520827
8.315 -0.0520621
8.32 -0.0519391
8.325 -0.0517201
8.33 -0.0514131
8.335 -0.0510287
8.34 -0.0505793
8.345 -0.0500773
8.35 -0.0495344
8.355 -0.0489602
8.36 -0.0483626
8.365 -0.0477481
8.37 -0.0471218
8.375 -0.0464879
8.38 -0.045849
8.385 -0.0452063
8.39 -0.0445598
8.395 -0.0439083
8.4 -0.0432495
8.405 -0.0425802
8.41 -0.0418967
8.415 -0.0411942
8.42 -0.0404675
8.425 -0.0397104
8.43 -0.0389163
8.435 -0.0380784
8.44 -0.0371915
8.445 -0.0362526
8.45 -0.0352624
8.455 -0.0342252
8.46 -0.0331491
8.465 -0.0320457
8.47 -0.0309285
8.475 -0.0298123
8.48 -0.0287113
8.485 -0.027637
8.49 -0.0265984
8.495 -0.0255996
8.5 -0.0246396
8.505 -0.0237137
8.51 -0.0228161
8.515 -0.0219427
8.52 -0.0210916
8.525 -0.0202624
8.53 -0.0194551
8.535 -0.018669
8.54 -0.0179022
8.545 -0.0171507
8.55 -0.0164087
8.555 -0.01567
8.56 -0.0149292
8.565 -0.0141813
8.57 -0.013422
8.575 -0.0126477
8.58 -0.0118555
8.585 -0.0110434
8.59 -0.0102102
8.595 -0.00935574
8.6 -0.00848121
8.605 -0.00758854
8.61 -0.00668003
8.615 -0.00575823
8.62 -0.0048263
8.625 -0.00388791
8.63 -0.00294698
8.635 -0.00200796
8.64 -0.00107605
8.645 -0.000156464
8.65 0.000746831
8.655 0.00163188
8.66 0.00249909
8.665 0.00335089
8.67 0.00419054
8.675 0.00502091
8.68 0.00584379
8.685 0.00665969
8.69 0.00746811
8.695 0.00826805
8.7 0.00905807
8.705 0.00983613
8.71 0.0105992
8.715 0.0113429
8.72 0.0120593
8.725 0.0127384
8.73 0.0133736
8.735 0.0139584
8.74 0.0144834
8.745 0.0149401
8.75 0.0153212
8.755 0.0156215
8.76 0.0158377
8.765 0.0159678
8.77 0.0160098
8.775 0.0159616
8.78 0.0158234
8.785 0.0156009
8.79 0.0153057
8.795 0.0149529
8.8 0.0145587
8.805 0.0141388
8.81 0.0137053
8.815 0.0132658
8.82 0.0128236
8.825 0.0123811
8.83 0.0119414
8.835 0.0115088
8.84 0.0110886
8.845 0.0106851
8.85 0.0103008
8.855 0.00993632
8.86 0.0095904
8.865 0.00926046
8.87 0.00894237
8.875 0.00863113
8.88 0.00832191
8.885 0.00800995
8.89 0.00768962
8.895 0.00735357
8.9 0.00699198
8.905 0.00659257
8.91 0.00614253
8.915 0.00563078
8.92 0.00504846
8.925 0.00438874
8.93 0.00364812
8.935 0.00282762
8.94 0.00193268
8.945 0.0009695
8.95 -5.95539e-05
8.955 -0.00115368
8.96 -0.00230989
8.965 -0.00352215
8.97 -0.00478045
8.975 -0.00606964
8.98 -0.00736924
8.985 -0.00865491
8.99 -0.00990188
8.995 -0.0110899
9 -0.0122071
9.005 -0.0132509
9.01 -0.0142256
9.015 -0.0151397
9.02 -0.0160024
9.025 -0.0168183
9.03 -0.0175869
9.035 -0.0183058
9.04 -0.0189716
9.045 -0.0195819
9.05 -0.020135
9.055 -0.0206297
9.06 -0.0210652
9.065 -0.0214415
9.07 -0.0217592
9.075 -0.0220201
9.08 -0.0222272
9.085 -0.0223851
9.09 -0.022499
9.095 -0.0225749
9.1 -0.0226189
9.105 -0.0226369
9.11 -0.0226346
9.115 -0.0226171
9.12 -0.0225886
9.125 -0.0225522
9.13 -0.0225107
9.135 -0.0224664
9.14 -0.022421
9.145 -0.0223765
9.15 -0.0223344
9.155 -0.0222957
9.16 -0.0222603
9.165 -0.0222271
9.17 -0.0221946
9.175 -0.0221611
9.18 -0.0221255
9.185 -0.0220876
9.19 -0.0220485
9.195 -0.0220105
9.2 -0.0219766
9.205 -0.0219494
9.21 -0.0219302
9.215 -0.0219183
9.22 -0.0219117
9.225 -0.0219075
9.23 -0.0219029
9.235 -0.0218949
9.24 -0.0218799
9.245 -0.0218539
9.25 -0.0218145
9.255 -0.0217593
9.26 -0.0216851
9.265 -0.0215877
9.27 -0.0214617
9.275 -0.0213022
9.28 -0.0211055
9.285 -0.0208701
9.29 -0.0205954
9.295 -0.0202826
9.3 -0.0199341
9.305 -0.0195542
9.31 -0.0191486
9.315 -0.0187231
9.32 -0.0182831
9.325 -0.0178331
9.33 -0.0173766
9.335 -0.0169165
9.34 -0.0164539
9.345 -0.0159886
9.35 -0.0155196
9.355 -0.0150452
9.36 -0.0145641
9.365 -0.014076
9.37 -0.0135814
9.375 -0.0130818
9.38 -0.0125798
9.385 -0.0120793
9.39 -0.0115864
9.395 -0.011109
9.4 -0.0106557
9.405 -0.0102345
9.41 -0.00985256
9.415 -0.00951524
9.42 -0.00922618
9.425 -0.00898759
9.43 -0.0088013
9.435 -0.00866886
9.44 -0.00859152
9.445 -0.00857063
9.45 -0.00860766
9.455 -0.00870312
9.46 -0.00885632
9.465 -0.00906519
9.47 -0.00932554
9.475 -0.00963111
9.48 -0.00997429
9.485 -0.010347
9.49 -0.0107416
9.495 -0.0111514
9.5 -0.0115705
9.505 -0.0119946
9.51 -0.0124215
9.515 -0.0128505
9.52 -0.0132814
9.525 -0.0137142
9.53 -0.0141479
9.535 -0.0145805
9.54 -0.0150082
9.545 -0.0154262
9.55 -0.0158302
9.555 -0.0162172
9.56 -0.0165868
9.565 -0.0169413
9.57 -0.0172847
9.575 -0.0176217
9.58 -0.0179566
9.585 -0.0182918
9.59 -0.018628
9.595 -0.0189645
9.6 -0.0192996
9.605 -0.0196313
9.61 -0.0199579
9.615 -0.0202788
9.62 -0.0205941
9.625 -0.0209046
9.63 -0.0212127
9.635 -0.021522
9.64 -0.0218385
9.645 -0.0221689
9.65 -0.0225189
9.655 -0.0228935
9.66 -0.0232965
9.665 -0.0237324
9.67 -0.0242056
9.675 -0.0247208
9.68 -0.0252819
9.685 -0.0258918
9.69 -0.0265523
9.695 -0.0272635
9.7 -0.0280225
9.705 -0.028824
9.71 -0.0296611
9.715 -0.0305265
9.72 -0.031413
9.725 -0.0323135
9.73 -0.0332213
9.735 -0.03413
9.74 -0.0350347
9.745 -0.0359311
9.75 -0.0368153
9.755 -0.0376835
9.76 -0.0385323
9.765 -0.0393588
9.77 -0.0401599
9.775 -0.0409332
9.78 -0.0416769
9.785 -0.0423902
9.79 -0.0430734
9.795 -0.0437276
9.8 -0.0443543
9.805 -0.0449551
9.81 -0.045531
9.815 -0.0460817
9.82 -0.0466054
9.825 -0.0470982
9.83 -0.0475538
9.835 -0.0479662
9.84 -0.0483296
9.845 -0.0486393
9.85 -0.0488931
9.855 -0.0490917
9.86 -0.0492371
9.865 -0.0493317
9.87 -0.0493777
9.875 -0.0493794
9.88 -0.0493432
9.885 -0.0492763
9.89 -0.0491854
9.895 -0.0490749
9.9 -0.048949
9.905 -0.0488113
9.91 -0.0486653
9.915 -0.0485134
9.92 -0.0483561
9.925 -0.0481917
9.93 -0.0480165
9.935 -0.0478256
9.94 -0.0476143
9.945 -0.0473778
9.95 -0.0471114
9.955 -0.0468115
9.96 -0.0464764
9.965 -0.0461067
9.97 -0.0457049
9.975 -0.0452747
9.98 -0.0448187
9.985 -0.044339
9.99 -0.043837
9.995 -0.0433132
10 -0.0427669
10.005 -0.0421971
10.01 -0.0416036
10.015 -0.0409869
10.02 -0.0403491
10.025 -0.0396932
10.03 -0.0390233
10.035 -0.0383432
10.04 -0.0376563
10.045 -0.0369657
10.05 -0.0362734
10.055 -0.0355796
10.06 -0.0348835
10.065 -0.0341845
10.07 -0.0334828
10.075 -0.0327782
10.08 -0.0320705
10.085 -0.0313584
10.09 -0.0306402
10.095 -0.0299134
10.1 -0.0291759
10.105 -0.0284263
10.11 -0.0276644
10.115 -0.0268913
10.12 -0.0261099
10.125 -0.0253258
10.13 -0.0245454
10.135 -0.0237754
10.14 -0.0230217
10.145 -0.0222889
10.15 -0.0215785
10.155 -0.020889
10.16 -0.0202162
10.165 -0.0195546
10.17 -0.0188964
10.175 -0.018234
10.18 -0.0175616
10.185 -0.0168749
10.19 -0.0161701
10.195 -0.0154433
10.2 -0.014691
10.205 -0.0139101
10.21 -0.0130985
10.215 -0.0122547
10.22 -0.0113787
10.225 -0.0104716
10.23 -0.00953586
10.235 -0.00857538
10.24 -0.00759493
10.245 -0.00659953
10.25 -0.00559321
10.255 -0.00457862
10.26 -0.00355762
10.265 -0.00253207
10.27 -0.00150387
10.275 -0.00047507
10.28 0.000550962
10.285 0.00156901
10.29 0.00257227
10.295 0.00355291
10.3 0.00450308
10.305 0.00541623
10.31 0.00628765
10.315 0.00711448
10.32 0.00789575
10.325 0.0086324
10.33 0.00932719
10.335 0.00998493
10.34 0.010612
10.345 0.011215
10.35 0.0118006
10.355 0.012374
10.36 0.012939
10.365 0.0134953
10.37 0.0140417
10.375 0.0145808
10.38 0.0151157
10.385 0.0156469
10.39 0.0161735
10.395 0.0166945
10.4 0.0172095
10.405 0.0177187
10.41 0.0182229
10.415 0.0187228
10.42 0.019219
10.425 0.0197114
10.43 0.0201994
10.435 0.0206807
10.44 0.0211516
10.445 0.0216067
10.45 0.0220397
10.455 0.0224441
10.46 0.0228141
10.465 0.0231457
10.47 0.0234369
10.475 0.0236873
10.48 0.0238977
10.485 0.0240696
10.49 0.0242043
10.495 0.0243022
10.5 0.0243628
10.505 0.0243859
10.51 0.0243717
10.515 0.0243209
10.52 0.0242344
10.525 0.0241135
10.53 0.02396
10.535 0.0237758
10.54 0.0235627
10.545 0.0233228
10.55 0.0230577
10.555 0.0227693
10.56 0.0224603
10.565 0.0221343
10.57 0.0217962
10.575 0.0214514
10.58 0.0211047
10.585 0.0207602
10.59 0.0204201
10.595 0.0200849
10.6 0.019754
10.605 0.0194271
10.61 0.0191045
10.615 0.018788
10.62 0.0184811
10.625 0.0181886
10.63 0.017917
10.635 0.0176735
10.64 0.0174646
10.645 0.0172953
10.65 0.0171676
10.655 0.0170822
10.66 0.0170388
10.665 0.0170381
10.67 0.0170812
10.675 0.0171683
10.68 0.0172984
10.685 0.0174682
10.69 0.0176729
10.695 0.0179074
10.7 0.0181663
10.705 0.0184434
10.71 0.0187315
10.715 0.019023
10.72 0.0193103
10.725 0.0195855
10.73 0.0198415
10.735 0.0200735
10.74 0.0202792
10.745 0.0204592
10.75 0.0206145
10.755 0.0207448
10.76 0.0208488
10.765 0.0209241
10.77 0.0209684
10.775 0.0209804
10.78 0.0209616
10.785 0.0209165
10.79 0.0208523
10.795 0.0207775
10.8 0.0207
10.805 0.0206259
10.81 0.0205581
10.815 0.0204974
10.82 0.0204416
10.825 0.0203847
10.83 0.0203203
10.835 0.0202454
10.84 0.0201601
10.845 0.0200672
10.85 0.019971
10.855 0.0198769
10.86 0.0197902
10.865 0.0197164
10.87 0.0196602
10.875 0.0196245
10.88 0.0196108
10.885 0.0196198
10.89 0.0196504
10.895 0.0197005
10.9 0.0197665
10.905 0.0198443
10.91 0.0199307
10.915 0.0200234
10.92 0.0201204
10.925 0.0202195
10.93 0.0203176
10.935 0.020411
10.94 0.0204954
10.945 0.0205669
10.95 0.0206237
10.955 0.0206662
10.96 0.0206964
10.965 0.020718
10.97 0.0207349
10.975 0.0207515
10.98 0.0207722
10.985 0.0208016
10.99 0.0208436
10.995 0.0209011
11 0.0209759
11.005 0.0210694
11.01 0.0211814
11.015 0.0213105
11.02 0.0214537
11.025 0.0216071
11.03 0.0217659
11.035 0.0219245
11.04 0.022078
11.045 0.0222229
11.05 0.0223568
11.055 0.0224781
11.06 0.0225859
11.065 0.0226801
11.07 0.0227608
11.075 0.0228273
11.08 0.0228785
11.085 0.0229134
11.09 0.0229314
11.095 0.0229322
11.1 0.0229158
11.105 0.0228826
11.11 0.0228334
11.115 0.0227699
11.12 0.022694
11.125 0.0226079
11.13 0.0225132
11.135 0.0224114
11.14 0.0223035
11.145 0.0221909
11.15 0.0220751
11.155 0.0219575
11.16 0.0218396
11.165 0.0217222
11.17 0.0216051
11.175 0.0214862
11.18 0.0213616
11.185 0.0212251
11.19 0.0210703
11.195 0.0208911
11.2 0.0206822
11.205 0.0204406
11.21 0.0201651
11.215 0.019856
11.22 0.0195139
11.225 0.0191383
11.23 0.0187289
11.235 0.0182854
11.24 0.0178086
11.245 0.0173003
11.25 0.0167631
11.255 0.0161997
11.26 0.0156115
11.265 0.0149983
11.27 0.014359
11.275 0.0136925
11.28 0.012998
11.285 0.0122749
11.29 0.0115231
11.295 0.0107426
11.3 0.00993455
11.305 0.00910119
11.31 0.00824623
11.315 0.00737425
11.32 0.00648987
11.325 0.00559681
11.33 0.00469778
11.335 0.00379405
11.34 0.00288636
11.345 0.00197717
11.35 0.00106896
11.355 0.000161521
11.36 -0.000746766
11.365 -0.00165727
11.37 -0.00257051
11.375 -0.00348584
11.38 -0.00440207
11.385 -0.00531866
11.39 -0.00623635
11.395 -0.00715692
11.4 -0.00808247
11.405 -0.00901492
11.41 -0.00995534
11.415 -0.0109033
11.42 -0.0118569
11.425 -0.0128129
11.43 -0.013768
11.435 -0.014719
11.44 -0.0156631
11.445 -0.0165972
11.45 -0.0175181
11.455 -0.018423
11.46 -0.0193096
11.465 -0.0201756
11.47 -0.0210193
11.475 -0.0218395
11.48 -0.0226355
11.485 -0.0234068
11.49 -0.0241532
11.495 -0.0248748
11.5 -0.025572
11.505 -0.0262454
11.51 -0.0268954
11.515 -0.027522
11.52 -0.0281251
11.525 -0.0287049
11.53 -0.0292615
11.535 -0.0297947
11.54 -0.0303038
11.545 -0.030787
11.55 -0.0312422
11.555 -0.0316668
11.56 -0.0320579
11.565 -0.0324128
11.57 -0.0327283
11.575 -0.0330015
11.58 -0.0332302
11.585 -0.0334138
11.59 -0.0335531
11.595 -0.0336506
11.6 -0.0337088
11.605 -0.0337284
11.61 -0.0337089
11.615 -0.033649
11.62 -0.0335462
11.625 -0.0333979
11.63 -0.033202
11.635 -0.0329564
11.64 -0.0326591
11.645 -0.032309
11.65 -0.0319059
11.655 -0.0314508
11.66 -0.030946
11.665 -0.030396
11.67 -0.0298068
11.675 -0.0291863
11.68 -0.0285419
11.685 -0.0278804
11.69 -0.0272076
11.695 -0.0265288
11.7 -0.0258482
11.705 -0.0251681
11.71 -0.0244892
11.715 -0.0238104
11.72 -0.0231305
11.725 -0.0224489
11.73 -0.0217675
11.735 -0.0210909
11.74 -0.0204251
11.745 -0.0197757
11.75 -0.0191475
11.755 -0.0185441
11.76 -0.0179675
11.765 -0.0174175
11.77 -0.0168922
11.775 -0.0163891
11.78 -0.0159055
11.785 -0.0154391
11.79 -0.0149883
11.795 -0.0145519
11.8 -0.0141285
11.805 -0.0137162
11.81 -0.0133124
11.815 -0.0129134
11.82 -0.0125139
11.825 -0.0121083
11.83 -0.0116918
11.835 -0.0112607
11.84 -0.010812
11.845 -0.0103428
11.85 -0.00985001
11.855 -0.00933056
11.86 -0.00878117
11.865 -0.00819842
11.87 -0.00757938
11.875 -0.00692309
11.88 -0.00623122
11.885 -0.0055079
11.89 -0.00475998
11.895 -0.0039969
11.9 -0.00322919
11.905 -0.00246646
11.91 -0.00171705
11.915 -0.000987962
11.92 -0.00028393
11.925 0.00039304
11.93 0.00104265
11.935 0.00166496
11.94 0.0022596
11.945 0.00282557
11.95 0.00336144
11.955 0.0038658
11.96 0.00433756
11.965 0.0047764
11.97 0.005183
11.975 0.00555908
11.98 0.0059073
11.985 0.00623114
11.99 0.00653462
11.995 0.00682199
12 0.00709764
12.005 0.00736569
12.01 0.00762608
12.015 0.00787621
12.02 0.00811697
12.025 0.00834842
12.03 0.00856701
12.035 0.00876789
12.04 0.00894543
12.045 0.00909402
12.05 0.00920847
12.055 0.00928395
12.06 0.0093165
12.065 0.00930421
12.07 0.00924718
12.075 0.00914637
12.08 0.00900328
12.085 0.0088204
12.09 0.00860132
12.095 0.00835025
12.1 0.00807182
12.105 0.00777091
12.11 0.00745182
12.115 0.00711739
12.12 0.00676907
12.125 0.0064077
12.13 0.00603452
12.135 0.00565155
12.14 0.00526141
12.145 0.00486736
12.15 0.00447314
12.155 0.00408268
12.16 0.0036997
12.165 0.00332726
12.17 0.00296751
12.175 0.00262117
12.18 0.00228725
12.185 0.00196295
12.19 0.00164405
12.195 0.00132576
12.2 0.00100378
12.205 0.00067564
12.21 0.000339389
12.215 -8.64391e-06
12.22 -0.000371311
12.225 -0.000748673
12.23 -0.00113915
12.235 -0.00154082
12.24 -0.00195252
12.245 -0.00237423
12.25 -0.00280662
12.255 -0.00325033
12.26 -0.00370544
12.265 -0.00417088
12.27 -0.00464369
12.275 -0.00511865
12.28 -0.00558832
12.285 -0.00604431
12.29 -0.00647915
12.295 -0.00688754
12.3 -0.00726634
12.305 -0.0076141
12.31 -0.00793069
12.315 -0.00821725
12.32 -0.0084761
12.325 -0.00871123
12.33 -0.00892881
12.335 -0.00913647
12.34 -0.00934174
12.345 -0.00955152
12.35 -0.00977182
12.355 -0.0100066
12.36 -0.0102567
12.365 -0.0105208
12.37 -0.0107968
12.375 -0.0110831
12.38 -0.0113778
12.385 -0.0116788
12.39 -0.0119834
12.395 -0.0122885
12.4 -0.0125914
12.405 -0.0128902
12.41 -0.0131838
12.415 -0.0134716
12.42 -0.0137533
12.425 -0.0140293
12.43 -0.0142999
12.435 -0.0145649
12.44 -0.0148231
12.445 -0.0150722
12.45 -0.0153088
12.455 -0.0155287
12.46 -0.0157282
12.465 -0.0159035
12.47 -0.0160517
12.475 -0.0161702
12.48 -0.0162575
12.485 -0.016313
12.49 -0.0163377
12.495 -0.0163344
12.5 -0.0163062
12.505 -0.0162556
12.51 -0.0161849
12.515 -0.0160966
12.52 -0.0159928
12.525 -0.0158757
12.53 -0.0157469
12.535 -0.0156084
12.54 -0.0154618
12.545 -0.015309
12.55 -0.0151509
12.555 -0.0149882
12.56 -0.0148208
12.565 -0.0146475
12.57 -0.0144664
12.575 -0.0142759
12.58 -0.0140744
12.585 -0.0138608
12.59 -0.0136348
12.595 -0.013397
12.6 -0.0131478
12.605 -0.0128873
12.61 -0.0126152
12.615 -0.0123301
12.62 -0.0120304
12.625 -0.0117151
12.63 -0.0113833
12.635 -0.0110342
12.64 -0.0106667
12.645 -0.0102793
12.65 -0.00987084
12.655 -0.00944038
12.66 -0.00898714
12.665 -0.00851055
12.67 -0.00801064
12.675 -0.00748835
12.68 -0.00694578
12.685 -0.00638595
12.69 -0.00581228
12.695 -0.00522793
12.7 -0.0046357
12.705 -0.00403905
12.71 -0.00344248
12.715 -0.00285078
12.72 -0.00226797
12.725 -0.0016968
12.73 -0.00113932
12.735 -0.000597845
12.74 -7.53001e-05
12.745 0.000425344
12.75 0.000902306
12.755 0.00135597
12.76 0.00178827
12.765 0.00220126
12.77 0.00259606
12.775 0.00297268
12.78 0.00333025
12.785 0.00366705
12.79 0.00398069
12.795 0.00426923
12.8 0.0045316
12.805 0.00476744
12.81 0.00497669
12.815 0.0051594
12.82 0.00531526
12.825 0.00544308
12.83 0.00554052
12.835 0.00560426
12.84 0.00563062
12.845 0.00561558
12.85 0.00555544
12.855 0.00544873
12.86 0.00529724
12.865 0.00510519
12.87 0.00487778
12.875 0.00461801
12.88 0.00432803
12.885 0.00401371
12.89 0.00368074
12.895 0.00333178
12.9 0.00296784
12.905 0.00258972
12.91 0.0021982
12.915 0.00179242
12.92 0.0013723
12.925 0.000940932
12.93 0.000503659
12.935 6.67489e-05
12.94 -0.000364063
12.945 -0.000784484
12.95 -0.00119223
12.955 -0.00158736
12.96 -0.00197211
12.965 -0.0023504
12.97 -0.00272719
12.975 -0.00310736
12.98 -0.00349448
12.985 -0.00389031
12.99 -0.00429526
12.995 -0.00470876
13 -0.00512942
13.005 -0.00555509
13.01 -0.00598313
13.015 -0.00641115
13.02 -0.00683765
13.025 -0.00726173
13.03 -0.00768271
13.035 -0.00810008
13.04 -0.00851376
13.045 -0.00892392
13.05 -0.00933053
13.055 -0.00973351
13.06 -0.010133
13.065 -0.010529
13.07 -0.0109206
13.075 -0.0113054
13.08 -0.0116804
13.085 -0.0120421
13.09 -0.012388
13.095 -0.0127165
13.1 -0.013027
13.105 -0.0133205
13.11 -0.0135984
13.115 -0.0138627
13.12 -0.0141149
13.125 -0.0143562
13.13 -0.0145876
13.135 -0.0148109
13.14 -0.0150282
13.145 -0.0152423
13.15 -0.0154554
13.155 -0.0156692
13.16 -0.0158856
13.165 -0.0161068
13.17 -0.0163357
13.175 -0.0165757
13.18 -0.0168297
13.185 -0.0170996
13.19 -0.0173855
13.195 -0.0176865
13.2 -0.0180009
13.205 -0.0183264
13.21 -0.0186607
13.215 -0.0190012
13.22 -0.0193464
13.225 -0.0196951
13.23 -0.0200462
13.235 -0.0203975
13.24 -0.0207462
13.245 -0.0210893
13.25 -0.0214243
13.255 -0.0217489
13.26 -0.0220615
13.265 -0.0223631
13.27 -0.022655
13.275 -0.0229379
13.28 -0.0232121
13.285 -0.0234771
13.29 -0.0237313
13.295 -0.0239733
13.3 -0.0242024
13.305 -0.0244182
13.31 -0.0246196
13.315 -0.0248057
13.32 -0.0249771
13.325 -0.0251352
13.33 -0.0252819
13.335 -0.0254192
13.34 -0.0255487
13.345 -0.0256699
13.35 -0.0257811
13.355 -0.0258793
13.36 -0.0259622
13.365 -0.026028
13.37 -0.0260744
13.375 -0.0260989
13.38 -0.0260995
13.385 -0.0260762
13.39 -0.0260302
13.395 -0.0259633
13.4 -0.0258766
13.405 -0.0257713
13.41 -0.0256481
13.415 -0.0255075
13.42 -0.02535
13.425 -0.0251761
13.43 -0.0249867
13.435 -0.0247826
13.44 -0.0245644
13.445 -0.0243327
13.45 -0.0240876
13.455 -0.023829
13.46 -0.0235568
13.465 -0.0232714
13.47 -0.022974
13.475 -0.0226659
13.48 -0.0223488
13.485 -0.0220247
13.49 -0.021696
13.495 -0.021366
13.5 -0.0210387
13.505 -0.0207188
13.51 -0.0204107
13.515 -0.0201185
13.52 -0.0198456
13.525 -0.0195945
13.53 -0.0193666
13.535 -0.0191617
13.54 -0.0189783
13.545 -0.0188136
13.55 -0.0186647
13.555 -0.0185298
13.56 -0.0184068
13.565 -0.0182937
13.57 -0.0181888
13.575 -0.0180908
13.58 -0.017998
13.585 -0.0179081
13.59 -0.0178178
13.595 -0.0177228
13.6 -0.0176186
13.605 -0.0175017
13.61 -0.0173705
13.615 -0.0172262
13.62 -0.0170721
13.625 -0.0169135
13.63 -0.0167566
13.635 -0.0166075
13.64 -0.0164718
13.645 -0.0163542
13.65 -0.0162575
13.655 -0.0161816
13.66 -0.0161244
13.665 -0.0160815
13.67 -0.0160481
13.675 -0.0160197
13.68 -0.0159926
13.685 -0.0159641
13.69 -0.0159321
13.695 -0.0158951
13.7 -0.0158513
13.705 -0.0157989
13.71 -0.0157358
13.715 -0.01566
13.72 -0.0155701
13.725 -0.0154662
13.73 -0.0153491
13.735 -0.01522
13.74 -0.0150795
13.745 -0.0149279
13.75 -0.0147656
13.755 -0.0145926
13.76 -0.0144092
13.765 -0.014216
13.77 -0.0140132
13.775 -0.013801
13.78 -0.0135787
13.785 -0.0133462
13.79 -0.0131041
13.795 -0.0128534
13.8 -0.0125954
13.805 -0.012331
13.81 -0.0120609
13.815 -0.0117847
13.82 -0.0115018
13.825 -0.0112112
13.83 -0.0109121
13.835 -0.0106034
13.84 -0.0102845
13.845 -0.00995553
13.85 -0.00961729
13.855 -0.00927157
13.86 -0.00892047
13.865 -0.00856532
13.87 -0.00820604
13.875 -0.00784134
13.88 -0.00746945
13.885 -0.00708882
13.89 -0.0066985
13.895 -0.00629823
13.9 -0.00588834
13.905 -0.00546912
13.91 -0.00504039
13.915 -0.00460201
13.92 -0.00415412
13.925 -0.00369696
13.93 -0.00323097
13.935 -0.00275708
13.94 -0.00227692
13.945 -0.00179309
13.95 -0.001309
13.955 -0.000828553
13.96 -0.000355916
13.965 0.000104705
13.97 0.000549494
13.975 0.000975474
13.98 0.00138106
13.985 0.00176655
13.99 0.00213392
13.995 0.00248598
14 0.0028258
14.005 0.00315613
14.01 0.00347873
14.015 0.00379417
14.02 0.00410217
14.025 0.00439886
14.03 0.00467938
14.035 0.00494357
14.04 0.00519069
14.045 0.00541738
14.05 0.00562087
14.055 0.00579886
14.06 0.00594922
14.065 0.00606991
14.07 0.00615911
14.075 0.00621516
14.08 0.00623655
14.085 0.00622195
14.09 0.00617068
14.095 0.00608362
14.1 0.0059634
14.105 0.00581373
14.11 0.00563857
14.115 0.00544138
14.12 0.00522464
14.125 0.00499016
14.13 0.00473947
14.135 0.00447395
14.14 0.00419456
14.145 0.00390159
14.15 0.00359444
14.155 0.0032717
14.16 0.00293146
14.165 0.00257161
14.17 0.00219001
14.175 0.00178464
14.18 0.00135366
14.185 0.000895794
14.19 0.000410383
14.195 -0.000102131
14.2 -0.000639341
14.205 -0.00119674
14.21 -0.00176966
14.215 -0.00235534
14.22 -0.00295198
14.225 -0.00355777
14.23 -0.00417102
14.235 -0.00479019
14.24 -0.00541402
14.245 -0.00604145
14.25 -0.00667106
14.255 -0.00730148
14.26 -0.00793177
14.265 -0.00856144
14.27 -0.00919065
14.275 -0.0098203
14.28 -0.0104519
14.285 -0.0110873
14.29 -0.011728
14.295 -0.0123747
14.3 -0.0130273
14.305 -0.0136851
14.31 -0.0143474
14.315 -0.0150125
14.32 -0.0156776
14.325 -0.0163389
14.33 -0.0169912
14.335 -0.0176295
14.34 -0.01825
14.345 -0.0188502
14.35 -0.0194279
14.355 -0.0199812
14.36 -0.0205083
14.365 -0.0210077
14.37 -0.0214782
14.375 -0.0219191
14.38 -0.02233
14.385 -0.0227119
14.39 -0.0230661
14.395 -0.023395
14.4 -0.0237008
14.405 -0.0239852
14.41 -0.0242492
14.415 -0.0244933
14.42 -0.024717
14.425 -0.0249195
14.43 -0.0250998
14.435 -0.0252576
14.44 -0.0253929
14.445 -0.0255064
14.45 -0.0256
14.455 -0.0256768
14.46 -0.0257411
14.465 -0.0257976
14.47 -0.0258508
14.475 -0.0259036
14.48 -0.0259577
14.485 -0.0260137
14.49 -0.0260702
14.495 -0.0261242
14.5 -0.026171
14.505 -0.026205
14.51 -0.0262213
14.515 -0.0262164
14.52 -0.0261877
14.525 -0.026133
14.53 -0.0260519
14.535 -0.0259452
14.54 -0.0258145
14.545 -0.0256613
14.55 -0.0254872
14.555 -0.025293
14.56 -0.0250782
14.565 -0.0248415
14.57 -0.0245824
14.575 -0.0243001
14.58 -0.023993
14.585 -0.02366
14.59 -0.0233
14.595 -0.0229124
14.6 -0.0224969
14.605 -0.0220534
14.61 -0.0215827
14.615 -0.0210861
14.62 -0.0205659
14.625 -0.0200249
14.63 -0.0194665
14.635 -0.0188944
14.64 -0.0183119
14.645 -0.0177219
14.65 -0.0171273
14.655 -0.0165309
14.66 -0.0159349
14.665 -0.0153412
14.67 -0.0147515
14.675 -0.0141666
14.68 -0.013587
14.685 -0.013012
14.69 -0.0124394
14.695 -0.0118656
14.7 -0.0112862
14.705 -0.0106968
14.71 -0.0100938
14.715 -0.00947451
14.72 -0.00883778
14.725 -0.00818302
14.73 -0.00751049
14.735 -0.00682121
14.74 -0.00611677
14.745 -0.0053991
14.75 -0.00467035
14.755 -0.00393262
14.76 -0.00318757
14.765 -0.00243639
14.77 -0.00167999
14.775 -0.000919194
14.78 -0.000154875
14.785 0.000611863
14.79 0.00137966
14.795 0.00214697
14.8 0.00291217
14.805 0.00367378
14.81 0.00443079
14.815 0.00518303
14.82 0.00593135
14.825 0.00667768
14.83 0.00742453
14.835 0.00817407
14.84 0.00892726
14.845 0.00968155
14.85 0.0104325
14.855 0.0111782
14.86 0.0119175
14.865 0.012647
14.87 0.0133631
14.875 0.0140632
14.88 0.0147456
14.885 0.0154092
14.89 0.0160532
14.895 0.0166768
14.9 0.0172793
14.905 0.0178595
14.91 0.0184161
14.915 0.0189472
14.92 0.019451
14.925 0.0199252
14.93 0.0203682
14.935 0.0207787
14.94 0.0211552
14.945 0.0214963
14.95 0.0218
14.955 0.0220635
14.96 0.0222833
14.965 0.022456
14.97 0.0225778
14.975 0.0226454
14.98 0.0226558
14.985 0.0226073
14.99 0.0224991
14.995 0.0223311
15 0.0221037
15.005 0.0218184
15.01 0.0214775
15.015 0.0210838
15.02 0.0206406
15.025 0.0201506
15.03 0.0196162
15.035 0.0190398
15.04 0.0184228
15.045 0.0177662
15.05 0.0170708
15.055 0.0163379
15.06 0.0155694
15.065 0.0147676
15.07 0.0139352
15.075 0.0130754
15.08 0.012192
15.085 0.0112894
15.09 0.0103716
15.095 0.00944133
15.1 0.00849946
15.105 0.00754554
15.11 0.00657796
15.115 0.00559448
15.12 0.00459319
15.125 0.00357353
15.13 0.00253645
15.135 0.00148456
15.14 0.00042121
15.145 -0.000651245
15.15 -0.00173111
15.155 -0.00281607
15.16 -0.00390252
15.165 -0.00498652
15.17 -0.00606489
15.175 -0.00713534
15.18 -0.00819644
15.185 -0.00924795
15.19 -0.0102912
15.195 -0.0113288
15.2 -0.0123637
15.205 -0.013398
15.21 -0.0144324
15.215 -0.0154664
15.22 -0.0164983
15.225 -0.017526
15.23 -0.018547
15.235 -0.0195586
15.24 -0.0205582
15.245 -0.0215433
15.25 -0.0225119
15.255 -0.0234626
15.26 -0.0243955
15.265 -0.0253111
15.27 -0.0262105
15.275 -0.0270942
15.28 -0.0279625
15.285 -0.0288151
15.29 -0.0296514
15.295 -0.03047
15.3 -0.0312687
15.305 -0.0320452
15.31 -0.0327969
15.315 -0.0335214
15.32 -0.0342164
15.325 -0.0348799
15.33 -0.0355099
15.335 -0.0361046
15.34 -0.0366622
15.345 -0.0371811
15.35 -0.0376598
15.355 -0.0380971
15.36 -0.0384917
15.365 -0.0388427
15.37 -0.0391493
15.375 -0.0394112
15.38 -0.0396281
15.385 -0.0398005
15.39 -0.0399294
15.395 -0.0400157
15.4 -0.0400606
15.405 -0.0400651
15.41 -0.0400301
15.415 -0.0399563
15.42 -0.0398441
15.425 -0.0396941
15.43 -0.0395073
15.435 -0.0392839
15.44 -0.0390239
15.445 -0.0387277
15.45 -0.0383963
15.455 -0.038031
15.46 -0.037633
15.465 -0.0372041
15.47 -0.0367466
15.475 -0.0362635
15.48 -0.0357579
15.485 -0.0352322
15.49 -0.0346885
15.495 -0.0341292
15.5 -0.033556
15.505 -0.0329711
15.51 -0.0323782
15.515 -0.0317806
15.52 -0.0311801
15.525 -0.0305774
15.53 -0.0299727
15.535 -0.0293668
15.54 -0.0287604
15.545 -0.0281538
15.55 -0.027547
15.555 -0.0269396
15.56 -0.0263318
15.565 -0.0257238
15.57 -0.0251158
15.575 -0.0245081
15.58 -0.0239015
15.585 -0.0232969
15.59 -0.0226953
15.595 -0.0220973
15.6 -0.0215031
15.605 -0.0209127
15.61 -0.0203264
15.615 -0.0197446
15.62 -0.0191677
15.625 -0.0185955
15.63 -0.0180272
15.635 -0.0174613
15.64 -0.0168951
15.645 -0.0163245
15.65 -0.0157465
15.655 -0.0151602
15.66 -0.0145668
15.665 -0.0139692
15.67 -0.0133716
15.675 -0.0127791
15.68 -0.0121967
15.685 -0.0116282
15.69 -0.0110762
15.695 -0.0105426
15.7 -0.0100288
15.705 -0.00953519
15.71 -0.00906189
15.715 -0.00860817
15.72 -0.00817258
15.725 -0.00775323
15.73 -0.00734846
15.735 -0.00695711
15.74 -0.00657809
15.745 -0.00621014
15.75 -0.00585191
15.755 -0.00550231
15.76 -0.00516095
15.765 -0.00482844
15.77 -0.00450646
15.775 -0.00419752
15.78 -0.00390433
15.785 -0.00362891
15.79 -0.00337291
15.795 -0.00313789
15.8 -0.00292436
15.805 -0.0027315
15.81 -0.00255754
15.815 -0.00240041
15.82 -0.0022584
15.825 -0.00213054
15.83 -0.00201648
15.835 -0.00191634
15.84 -0.00183069
15.845 -0.00176043
15.85 -0.0017066
15.855 -0.00167009
15.86 -0.00165146
15.865 -0.00165103
15.87 -0.0016689
15.875 -0.00170529
15.88 -0.0017605
15.885 -0.00183514
15.89 -0.00192879
15.895 -0.00203852
15.9 -0.00216142
15.905 -0.00229503
15.91 -0.0024356
15.915 -0.00257887
15.92 -0.00272088
15.925 -0.00285838
15.93 -0.00298949
15.935 -0.00311379
15.94 -0.00323167
15.945 -0.00334364
15.95 -0.00345016
15.955 -0.0035516
15.96 -0.0036482
15.965 -0.00373989
15.97 -0.00382662
15.975 -0.00390944
15.98 -0.0039895
15.985 -0.00406694
15.99 -0.00414246
15.995 -0.0042175
16 -0.00429313
16.005 -0.00437074
16.01 -0.00445127
16.015 -0.00453502
16.02 -0.00462274
16.025 -0.0047154
16.03 -0.00481363
16.035 -0.00491759
16.04 -0.00502725
16.045 -0.00514261
16.05 -0.00526373
16.055 -0.00539072
16.06 -0.00552374
16.065 -0.00566306
16.07 -0.00580898
16.075 -0.00596182
16.08 -0.00612171
16.085 -0.00628864
16.09 -0.00646246
16.095 -0.00664239
16.1 -0.00682729
16.105 -0.00701634
16.11 -0.00720935
16.115 -0.00740673
16.12 -0.00760901
16.125 -0.00781643
16.13 -0.00802885
16.135 -0.00824577
16.14 -0.00846651
16.145 -0.00869023
16.15 -0.00891588
16.155 -0.00914211
16.16 -0.00936731
16.165 -0.00958983
16.17 -0.00980867
16.175 -0.010024
16.18 -0.0102358
16.185 -0.0104432
16.19 -0.0106447
16.195 -0.0108389
16.2 -0.0110242
16.205 -0.0111991
16.21 -0.0113618
16.215 -0.0115106
16.22 -0.0116444
16.225 -0.0117634
16.23 -0.0118684
16.235 -0.0119601
16.24 -0.0120398
16.245 -0.0121111
16.25 -0.0121783
16.255 -0.0122459
16.26 -0.0123174
16.265 -0.0123961
16.27 -0.0124842
16.275 -0.0125826
16.28 -0.0126907
16.285 -0.0128058
16.29 -0.0129238
16.295 -0.0130394
16.3 -0.0131477
16.305 -0.0132452
16.31 -0.0133297
16.315 -0.0133998
16.32 -0.0134546
16.325 -0.0134936
16.33 -0.0135165
16.335 -0.0135245
16.34 -0.0135194
16.345 -0.0135035
16.35 -0.013479
16.355 -0.0134477
16.36 -0.013411
16.365 -0.0133693
16.37 -0.0133225
16.375 -0.0132705
16.38 -0.0132134
16.385 -0.0131514
16.39 -0.0130853
16.395 -0.0130162
16.4 -0.0129449
16.405 -0.0128725
16.41 -0.0127997
16.415 -0.0127268
16.42 -0.0126539
16.425 -0.0125809
16.43 -0.0125074
16.435 -0.0124326
16.44 -0.0123559
16.445 -0.0122779
16.45 -0.0122
16.455 -0.0121229
16.46 -0.012047
16.465 -0.0119733
16.47 -0.0119026
16.475 -0.011836
16.48 -0.0117737
16.485 -0.0117146
16.49 -0.0116568
16.495 -0.0115983
16.5 -0.0115378
16.505 -0.0114745
16.51 -0.0114074
16.515 -0.0113358
16.52 -0.0112585
16.525 -0.0111745
16.53 -0.0110836
16.535 -0.010986
16.54 -0.010883
16.545 -0.0107764
16.55 -0.0106682
16.555 -0.0105598
16.56 -0.0104518
16.565 -0.0103445
16.57 -0.0102378
16.575 -0.0101316
16.58 -0.0100256
16.585 -0.0099194
16.59 -0.00981261
16.595 -0.0097052
16.6 -0.00959763
16.605 -0.00949081
16.61 -0.00938614
16.615 -0.00928546
16.62 -0.00919076
16.625 -0.00910416
16.63 -0.00902786
16.635 -0.00896395
16.64 -0.00891372
16.645 -0.00887716
16.65 -0.00885314
16.655 -0.00883979
16.66 -0.00883506
16.665 -0.00883702
16.67 -0.00884423
16.675 -0.00885583
16.68 -0.00887135
16.685 -0.00889059
16.69 -0.00891364
16.695 -0.00894075
16.7 -0.00897197
16.705 -0.00900677
16.71 -0.00904397
16.715 -0.00908201
16.72 -0.00911933
16.725 -0.00915472
16.73 -0.0091874
16.735 -0.00921705
16.74 -0.00924388
16.745 -0.00926867
16.75 -0.00929275
16.755 -0.00931765
16.76 -0.00934476
16.765 -0.00937541
16.77 -0.00941094
16.775 -0.00945252
16.78 -0.00950063
16.785 -0.0095548
16.79 -0.00961352
16.795 -0.00967448
16.8 -0.00973521
16.805 -0.00979366
16.81 -0.00984827
16.815 -0.00989766
16.82 -0.00994048
16.825 -0.00997549
16.83 -0.0100016
16.835 -0.0100179
16.84 -0.0100237
16.845 -0.010018
16.85 -0.0100003
16.855 -0.00996975
16.86 -0.00992601
16.865 -0.00986925
16.87 -0.00980031
16.875 -0.00972057
16.88 -0.00963165
16.885 -0.00953522
16.89 -0.00943288
16.895 -0.00932599
16.9 -0.00921591
16.905 -0.00910445
16.91 -0.00899412
16.915 -0.00888798
16.92 -0.00878915
16.925 -0.00870048
16.93 -0.00862431
16.935 -0.00856206
16.94 -0.00851385
16.945 -0.00847872
16.95 -0.00845542
16.955 -0.00844327
16.96 -0.00844167
16.965 -0.00844946
16.97 -0.00846603
16.975 -0.00849128
16.98 -0.00852483
16.985 -0.00856609
16.99 -0.00861437
16.995 -0.00866941
17 -0.00873168
17.005 -0.00880213
17.01 -0.00888179
17.015 -0.00897138
17.02 -0.00907089
17.025 -0.00917938
17.03 -0.00929525
17.035 -0.00941664
17.04 -0.00954182
17.045 -0.00966946
17.05 -0.00979858
17.055 -0.00992837
17.06 -0.0100579
17.065 -0.010186
17.07 -0.0103115
17.075 -0.0104331
17.08 -0.0105492
17.085 -0.0106578
17.09 -0.0107571
17.095 -0.0108457
17.1 -0.010923
17.105 -0.0109895
17.11 -0.0110468
17.115 -0.011098
17.12 -0.011147
17.125 -0.0111982
17.13 -0.0112546
17.135 -0.0113179
17.14 -0.0113889
17.145 -0.0114684
17.15 -0.0115573
17.155 -0.0116571
17.16 -0.0117691
17.165 -0.0118938
17.17 -0.0120311
17.175 -0.0121802
17.18 -0.0123386
17.185 -0.0125041
17.19 -0.0126743
17.195 -0.0128467
17.2 -0.0130182
17.205 -0.0131859
17.21 -0.0133471
17.215 -0.0135002
17.22 -0.0136452
17.225 -0.0137828
17.23 -0.0139144
17.235 -0.0140412
17.24 -0.0141645
17.245 -0.0142859
17.25 -0.0144068
17.255 -0.0145282
17.26 -0.0146503
17.265 -0.0147731
17.27 -0.0148966
17.275 -0.0150209
17.28 -0.0151462
17.285 -0.015272
17.29 -0.0153977
17.295 -0.0155225
17.3 -0.0156452
17.305 -0.0157648
17.31 -0.0158796
17.315 -0.0159879
17.32 -0.0160876
17.325 -0.0161767
17.33 -0.0162536
17.335 -0.0163174
17.34 -0.0163676
17.345 -0.0164045
17.35 -0.016428
17.355 -0.0164384
17.36 -0.0164366
17.365 -0.0164242
17.37 -0.0164029
17.375 -0.0163738
17.38 -0.0163383
17.385 -0.0162979
17.39 -0.0162543
17.395 -0.0162094
17.4 -0.0161655
17.405 -0.0161242
17.41 -0.0160865
17.415 -0.0160518
17.42 -0.0160178
17.425 -0.0159809
17.43 -0.0159373
17.435 -0.0158838
17.44 -0.0158186
17.445 -0.0157407
17.45 -0.0156487
17.455 -0.015543
17.46 -0.0154241
17.465 -0.0152921
17.47 -0.0151471
17.475 -0.0149895
17.48 -0.0148201
17.485 -0.0146401
17.49 -0.0144501
17.495 -0.014251
17.5 -0.0140435
17.505 -0.0138273
17.51 -0.0136018
17.515 -0.013366
17.52 -0.0131195
17.525 -0.0128619
17.53 -0.0125932
17.535 -0.0123143
17.54 -0.012026
17.545 -0.0117298
17.55 -0.011427
17.555 -0.0111193
17.56 -0.0108078
17.565 -0.0104939
17.57 -0.0101795
17.575 -0.00986651
17.58 -0.00955732
17.585 -0.0092541
17.59 -0.00895864
17.595 -0.0086724
17.6 -0.00839658
17.605 -0.0081323
17.61 -0.00788048
17.615 -0.00764174
17.62 -0.00741599
17.625 -0.00720215
17.63 -0.00699818
17.635 -0.00680136
17.64 -0.00660869
17.645 -0.00641744
17.65 -0.00622562
17.655 -0.00603181
17.66 -0.00583479
17.665 -0.00563309
17.67 -0.0054247
17.675 -0.00520766
17.68 -0.00498079
17.685 -0.00474392
17.69 -0.00449815
17.695 -0.00424573
17.7 -0.00398951
17.705 -0.00373197
17.71 -0.0034749
17.715 -0.00321936
17.72 -0.00296558
17.725 -0.00271274
17.73 -0.00245883
17.735 -0.00220095
17.74 -0.00193613
17.745 -0.00166209
17.75 -0.00137708
17.755 -0.00107961
17.76 -0.000768584
17.765 -0.000443564
17.77 -0.000105027
17.775 0.000245512
17.78 0.000605286
17.785 0.000967181
17.79 0.00132258
17.795 0.00166859
17.8 0.00200416
17.805 0.00232682
17.81 0.00263419
17.815 0.00292371
17.82 0.00319287
17.825 0.00343953
17.83 0.00366202
17.835 0.00385897
17.84 0.00402926
17.845 0.00417208
17.85 0.00428716
17.855 0.0043748
17.86 0.00443587
17.865 0.00447134
17.87 0.00448207
17.875 0.00446915
17.88 0.00443424
17.885 0.00437915
17.89 0.00430556
17.895 0.00421467
17.9 0.00410727
17.905 0.00398446
17.91 0.00384771
17.915 0.00369856
17.92 0.00353843
17.925 0.00336845
17.93 0.00318965
17.935 0.0030031
17.94 0.00280987
17.945 0.00261093
17.95 0.00240703
17.955 0.0021987
17.96 0.00198623
17.965 0.00176969
17.97 0.00154858
17.975 0.00132167
17.98 0.00108718
17.985 0.000842854
17.99 0.000585641
17.995 0.000311688
18 1.68954e-05
18.005 -0.000302209
18.01 -0.000647954
18.015 -0.00102138
18.02 -0.0014225
18.025 -0.00185099
18.03 -0.00230644
18.035 -0.00278858
18.04 -0.00329738
18.045 -0.00383261
18.05 -0.00439355
18.055 -0.00497931
18.06 -0.00558903
18.065 -0.00622219
18.07 -0.00687836
18.075 -0.00755664
18.08 -0.00825553
18.085 -0.00897295
18.09 -0.00970629
18.095 -0.0104526
18.1 -0.0112089
18.105 -0.0119721
18.11 -0.0127395
18.115 -0.0135082
18.12 -0.0142753
18.125 -0.0150382
18.13 -0.0157948
18.135 -0.0165445
18.14 -0.0172882
18.145 -0.0180283
18.15 -0.0187679
18.155 -0.0195097
18.16 -0.0202562
18.165 -0.0210088
18.17 -0.0217679
18.175 -0.022533
18.18 -0.0233029
18.185 -0.0240761
18.19 -0.0248505
18.195 -0.0256238
18.2 -0.0263942
18.205 -0.0271602
18.21 -0.0279207
18.215 -0.0286753
18.22 -0.0294236
18.225 -0.030165
18.23 -0.0308992
18.235 -0.0316253
18.24 -0.0323422
18.245 -0.0330489
18.25 -0.033744
18.255 -0.0344265
18.26 -0.0350952
18.265 -0.0357482
18.27 -0.0363837
18.275 -0.0369992
18.28 -0.0375923
18.285 -0.0381602
18.29 -0.0387001
18.295 -0.0392092
18.3 -0.0396851
18.305 -0.0401257
18.31 -0.0405293
18.315 -0.0408944
18.32 -0.0412185
18.325 -0.0414988
18.33 -0.0417322
18.335 -0.041915
18.34 -0.0420443
18.345 -0.0421184
18.35 -0.0421368
18.355 -0.0420999
18.36 -0.042009
18.365 -0.0418675
18.37 -0.0416804
18.375 -0.0414531
18.38 -0.0411909
18.385 -0.0408981
18.39 -0.0405782
18.395 -0.0402341
18.4 -0.0398688
18.405 -0.0394847
18.41 -0.039084
18.415 -0.0386685
18.42 -0.0382395
18.425 -0.037798
18.43 -0.0373453
18.435 -0.0368819
18.44 -0.0364084
18.445 -0.0359255
18.45 -0.0354343
18.455 -0.0349359
18.46 -0.0344322
18.465 -0.0339253
18.47 -0.0334176
18.475 -0.0329114
18.48 -0.0324091
18.485 -0.0319125
18.49 -0.0314234
18.495 -0.0309433
18.5 -0.0304726
18.505 -0.0300109
18.51 -0.0295591
18.515 -0.0291182
18.52 -0.0286882
18.525 -0.0282675
18.53 -0.0278538
18.535 -0.0274443
18.54 -0.0270361
18.545 -0.0266265
18.55 -0.0262124
18.555 -0.0257911
18.56 -0.0253601
18.565 -0.0249172
18.57 -0.0244599
18.575 -0.023985
18.58 -0.0234893
18.585 -0.0229697
18.59 -0.0224243
18.595 -0.021853
18.6 -0.0212567
18.605 -0.0206371
18.61 -0.019996
18.615 -0.0193358
18.62 -0.0186582
18.625 -0.017964
18.63 -0.0172525
18.635 -0.0165235
18.64 -0.0157778
18.645 -0.0150169
18.65 -0.0142425
18.655 -0.0134565
18.66 -0.0126605
18.665 -0.0118556
18.67 -0.0110429
18.675 -0.010223
18.68 -0.00939676
18.685 -0.00856495
18.69 -0.00772818
18.695 -0.00688721
18.7 -0.00604301
18.705 -0.00519685
18.71 -0.00435042
18.715 -0.00350612
18.72 -0.00266744
18.725 -0.0018389
18.73 -0.00102539
18.735 -0.000231468
18.74 0.000538886
18.745 0.00128234
18.75 0.00199618
18.755 0.00267799
18.76 0.00332524
18.765 0.00393503
18.77 0.00450412
18.775 0.00502915
18.78 0.00550716
18.785 0.00593629
18.79 0.00631618
18.795 0.00664607
18.8 0.0069271
18.805 0.00716586
18.81 0.00736805
18.815 0.00753514
18.82 0.00766719
18.825 0.00776424
18.83 0.00782675
18.835 0.00785544
18.84 0.00785127
18.845 0.00781536
18.85 0.00774872
18.855 0.00765195
18.86 0.00752528
18.865 0.00736902
18.87 0.0071838
18.875 0.00697085
18.88 0.00673265
18.885 0.00647323
18.89 0.00619783
18.895 0.00591243
18.9 0.00562293
18.905 0.00533508
18.91 0.00505503
18.915 0.00478891
18.92 0.00454157
18.925 0.00431592
18.93 0.00411335
18.935 0.00393426
18.94 0.00377836
18.945 0.00364473
18.95 0.00353211
18.955 0.00343937
18.96 0.0033657
18.965 0.00331024
18.97 0.00327178
18.975 0.00324829
18.98 0.00323674
18.985 0.00323353
18.99 0.00323516
18.995 0.00323927
19 0.00324456
19.005 0.00324983
19.01 0.00325375
19.015 0.00325473
19.02 0.00325075
19.025 0.00323998
19.03 0.00322066
19.035 0.00319094
19.04 0.00314907
19.045 0.00309349
19.05 0.00302299
19.055 0.00293703
19.06 0.0028361
19.065 0.00272182
19.07 0.00259673
19.075 0.00246377
19.08 0.00232601
19.085 0.00218643
19.09 0.00204801
19.095 0.00191367
19.1 0.00178621
19.105 0.00166821
19.11 0.00156175
19.115 0.00146812
19.12 0.00138773
19.125 0.00132026
19.13 0.00126471
19.135 0.00121948
19.14 0.00118265
19.145 0.0011525
19.15 0.00112759
19.155 0.0011066
19.16 0.00108846
19.165 0.00107246
19.17 0.00105804
19.175 0.00104431
19.18 0.00102995
19.185 0.00101304
19.19 0.000990554
19.195 0.000959499
19.2 0.000917937
19.205 0.000864744
19.21 0.00079913
19.215 0.000720482
19.22 0.000628819
19.225 0.000524093
19.23 0.000405453
19.235 0.000272974
19.24 0.000128226
19.245 -2.66375e-05
19.25 -0.000189096
19.255 -0.000356356
19.26 -0.000525426
19.265 -0.000693077
19.27 -0.00085588
19.275 -0.00101068
19.28 -0.00115517
19.285 -0.00128822
19.29 -0.00140994
19.295 -0.0015217
19.3 -0.00162583
19.305 -0.0017252
19.31 -0.00182258
19.315 -0.00192003
19.32 -0.00201854
19.325 -0.00211799
19.33 -0.00221765
19.335 -0.00231722
19.34 -0.00241708
19.345 -0.00251741
19.35 -0.00261787
19.355 -0.00271786
19.36 -0.00281654
19.365 -0.0029127
19.37 -0.00300458
19.375 -0.00309019
19.38 -0.00316754
19.385 -0.0032347
19.39 -0.00329012
19.395 -0.00333249
19.4 -0.00336045
19.405 -0.00337276
19.41 -0.00336856
19.415 -0.00334762
19.42 -0.0033104
19.425 -0.00325807
19.43 -0.00319274
19.435 -0.00311757
19.44 -0.00303638
19.445 -0.00295283
19.45 -0.00287002
19.455 -0.00279051
19.46 -0.0027162
19.465 -0.00264806
19.47 -0.00258593
19.475 -0.00252851
19.48 -0.00247364
19.485 -0.0024192
19.49 -0.00236379
19.495 -0.00230685
19.5 -0.00224834
19.505 -0.00218842
19.51 -0.00212716
19.515 -0.00206437
19.52 -0.00199949
19.525 -0.00193177
19.53 -0.00186032
19.535 -0.00178429
19.54 -0.00170223
19.545 -0.00161247
19.55 -0.00151442
19.555 -0.00140801
19.56 -0.00129286
19.565 -0.00116858
19.57 -0.00103518
19.575 -0.000893391
19.58 -0.000744837
19.585 -0.000591653
19.59 -0.000435832
19.595 -0.000278893
19.6 -0.000122037
19.605 3.3718e-05
19.61 0.000187813
19.615 0.000340275
19.62 0.000491347
19.625 0.000641275
19.63 0.000790083
19.635 0.000937236
19.64 0.00108161
19.645 0.00122165
19.65 0.00135551
19.655 0.00148136
19.66 0.00159763
19.665 0.00170322
19.67 0.00179762
19.675 0.00188133
19.68 0.00195609
19.685 0.00202498
19.69 0.00209197
19.695 0.00216105
19.7 0.00223584
19.705 0.00231731
19.71 0.00240502
19.715 0.00250065
19.72 0.00260528
19.725 0.00271811
19.73 0.00283808
19.735 0.00296432
19.74 0.00309637
19.745 0.00323343
19.75 0.00337402
19.755 0.00351637
19.76 0.00365878
19.765 0.0037996
19.77 0.00393713
19.775 0.00406973
19.78 0.0041957
19.785 0.0043132
19.79 0.00442011
19.795 0.00451425
19.8 0.00459363
19.805 0.00465671
19.81 0.00470252
19.815 0.00473067
19.82 0.00474113
19.825 0.00473442
19.83 0.00471169
19.835 0.00467469
19.84 0.0046257
19.845 0.00456732
19.85 0.00450219
19.855 0.00443311
19.86 0.00436312
19.865 0.0042953
19.87 0.00423264
19.875 0.00417765
19.88 0.00413199
19.885 0.00409618
19.89 0.00406968
19.895 0.00405095
19.9 0.00403798
19.905 0.00402886
19.91 0.00402193
19.915 0.00401574
19.92 0.0040088
19.925 0.00399917
19.93 0.00398424
19.935 0.0039611
19.94 0.00392722
19.945 0.00388068
19.95 0.0038202
19.955 0.00374522
19.96 0.0036558
19.965 0.00355227
19.97 0.00343478
19.975 0.0033032
19.98 0.00315728
19.985 0.00299669
19.99 0.00282126
19.995 0.00263104
20 0.00242625
20.005 0.00220701
20.01 0.0019732
20.015 0.00172426
20.02 0.00145927
20.025 0.00117774
20.03 0.000880145
20.035 0.000568023
20.04 0.000243916
20.045 -8.82921e-05
20.05 -0.000425033
20.055 -0.000765274
20.06 -0.00110875
20.065 -0.00145416
20.07 -0.00179948
20.075 -0.00214237
20.08 -0.00248091
20.085 -0.00281396
20.09 -0.00314118
20.095 -0.00346258
20.1 -0.00377823
20.105 -0.00408841
20.11 -0.0043939
20.115 -0.00469589
20.12 -0.00499594
20.125 -0.00529563
20.13 -0.00559648
20.135 -0.00590018
20.14 -0.00620877
20.145 -0.00652427
20.15 -0.0068481
20.155 -0.00718089
20.16 -0.00752256
20.165 -0.00787277
20.17 -0.00823123
20.175 -0.0085977
20.18 -0.0089717
20.185 -0.00935262
20.19 -0.0097399
20.195 -0.0101329
20.2 -0.0105306
20.205 -0.0109322
20.21 -0.0113367
20.215 -0.0117434
20.22 -0.0121517
20.225 -0.0125612
20.23 -0.0129709
20.235 -0.0133797
20.24 -0.0137866
20.245 -0.0141905
20.25 -0.0145912
20.255 -0.014989
20.26 -0.0153839
20.265 -0.0157754
20.27 -0.0161623
20.275 -0.0165434
20.28 -0.0169171
20.285 -0.0172818
20.29 -0.0176363
20.295 -0.0179796
20.3 -0.0183109
20.305 -0.0186305
20.31 -0.0189392
20.315 -0.0192383
20.32 -0.0195287
20.325 -0.0198098
20.33 -0.0200789
20.335 -0.0203326
20.34 -0.0205677
20.345 -0.0207815
20.35 -0.0209715
20.355 -0.021136
20.36 -0.0212732
20.365 -0.021382
20.37 -0.021462
20.375 -0.0215136
20.38 -0.021538
20.385 -0.0215374
20.39 -0.0215144
20.395 -0.021471
20.4 -0.0214096
20.405 -0.021332
20.41 -0.0212396
20.415 -0.0211338
20.42 -0.0210158
20.425 -0.0208868
20.43 -0.0207483
20.435 -0.0206016
20.44 -0.0204478
20.445 -0.0202881
20.45 -0.0201229
20.455 -0.0199529
20.46 -0.0197791
20.465 -0.0196024
20.47 -0.0194241
20.475 -0.0192453
20.48 -0.0190668
20.485 -0.0188895
20.49 -0.0187135
20.495 -0.0185389
20.5 -0.0183652
20.505 -0.0181919
20.51 -0.0180181
20.515 -0.0178428
20.52 -0.017665
20.525 -0.0174844
20.53 -0.0173018
20.535 -0.0171188
20.54 -0.0169376
20.545 -0.0167604
20.55 -0.0165889
20.555 -0.0164248
20.56 -0.0162695
20.565 -0.0161248
20.57 -0.0159927
20.575 -0.015875
20.58 -0.0157742
20.585 -0.0156923
20.59 -0.0156306
20.595 -0.0155898
20.6 -0.01557
20.605 -0.015571
20.61 -0.0155925
20.615 -0.0156337
20.62 -0.0156932
20.625 -0.0157689
20.63 -0.015858
20.635 -0.0159572
20.64 -0.0160627
20.645 -0.016171
20.65 -0.0162789
20.655 -0.0163833
20.66 -0.0164812
20.665 -0.0165695
20.67 -0.0166455
20.675 -0.0167068
20.68 -0.0167515
20.685 -0.0167784
20.69 -0.0167863
20.695 -0.0167744
20.7 -0.0167426
20.705 -0.0166914
20.71 -0.0166223
20.715 -0.0165368
20.72 -0.0164364
20.725 -0.0163229
20.73 -0.0161985
20.735 -0.0160657
20.74 -0.0159266
20.745 -0.0157827
20.75 -0.015635
20.755 -0.0154832
20.76 -0.0153277
20.765 -0.0151689
20.77 -0.0150072
20.775 -0.0148423
20.78 -0.0146736
20.785 -0.0145004
20.79 -0.0143223
20.795 -0.0141392
20.8 -0.013951
20.805 -0.0137574
20.81 -0.0135582
20.815 -0.0133525
20.82 -0.0131399
20.825 -0.0129195
20.83 -0.0126909
20.835 -0.0124532
20.84 -0.012205
20.845 -0.0119456
20.85 -0.0116751
20.855 -0.011394
20.86 -0.0111034
20.865 -0.0108038
20.87 -0.0104956
20.875 -0.0101791
20.88 -0.00985516
20.885 -0.00952543
20.89 -0.00919185
20.895 -0.00885659
20.9 -0.00852226
20.905 -0.00819195
20.91 -0.00786906
20.915 -0.0075567
20.92 -0.00725713
20.925 -0.00697165
20.93 -0.00670098
20.935 -0.00644581
20.94 -0.00620708
20.945 -0.00598589
20.95 -0.00578328
20.955 -0.00560003
20.96 -0.00543633
20.965 -0.00529178
20.97 -0.00516551
20.975 -0.00505682
20.98 -0.00496535
20.985 -0.00489042
20.99 -0.00483122
20.995 -0.004787
21 -0.0047569
21.005 -0.00473981
21.01 -0.0047344
21.015 -0.00473928
21.02 -0.00475305
21.025 -0.00477431
21.03 -0.00480158
21.035 -0.00483331
21.04 -0.00486844
21.045 -0.00490647
21.05 -0.00494646
21.055 -0.00498675
21.06 -0.00502522
21.065 -0.00505905
21.07 -0.0050851
21.075 -0.00510087
21.08 -0.00510456
21.085 -0.00509474
21.09 -0.00507042
21.095 -0.00503092
21.1 -0.00497595
21.105 -0.00490555
21.11 -0.00482018
21.115 -0.00472067
21.12 -0.00460825
21.125 -0.0044841
21.13 -0.00434896
21.135 -0.00420311
21.14 -0.00404665
21.145 -0.00387973
21.15 -0.00370251
21.155 -0.00351523
21.16 -0.00331825
21.165 -0.00311174
21.17 -0.0028957
21.175 -0.00267094
21.18 -0.0024394
21.185 -0.00220351
21.19 -0.00196562
21.195 -0.00172765
21.2 -0.00149144
21.205 -0.0012591
21.21 -0.00103321
21.215 -0.000816538
21.22 -0.000611438
21.225 -0.000419502
21.23 -0.000241452
21.235 -7.76102e-05
21.24 7.18706e-05
21.245 0.000207454
21.25 0.000329879
21.255 0.000437507
21.26 0.000528251
21.265 0.000603468
21.27 0.000663925
21.275 0.000708019
21.28 0.000734296
21.285 0.000742059
21.29 0.000731095
21.295 0.000701159
21.3 0.000652227
21.305 0.000585194
21.31 0.000501775
21.315 0.000403606
21.32 0.000292233
21.325 0.000169362
21.33 3.66854e-05
21.335 -0.000104162
21.34 -0.000251573
21.345 -0.000403991
21.35 -0.000560023
21.355 -0.000718461
21.36 -0.000878202
21.365 -0.00103814
21.37 -0.00119784
21.375 -0.00135826
21.38 -0.00152067
21.385 -0.00168585
21.39 -0.00185443
21.395 -0.00202702
21.4 -0.00220413
21.405 -0.00238602
21.41 -0.0025728
21.415 -0.0027647
21.42 -0.00296223
21.425 -0.0031661
21.43 -0.0033769
21.435 -0.00359475
21.44 -0.00381896
21.445 -0.00404807
21.45 -0.00428042
21.455 -0.00451479
21.46 -0.00475052
21.465 -0.00498725
21.47 -0.00522455
21.475 -0.00546176
21.48 -0.005698
21.485 -0.00593215
21.49 -0.00616317
21.495 -0.00639035
21.5 -0.00661348
21.505 -0.00683302
21.51 -0.0070499
21.515 -0.00726539
21.52 -0.00748076
21.525 -0.00769695
21.53 -0.00791453
21.535 -0.00813378
21.54 -0.00835487
21.545 -0.00857807
21.55 -0.00880371
21.555 -0.00903226
21.56 -0.00926436
21.565 -0.00950079
21.57 -0.00974215
21.575 -0.00998839
21.58 -0.0102388
21.585 -0.0104921
21.59 -0.0107472
21.595 -0.0110028
21.6 -0.0112576
21.605 -0.0115107
21.61 -0.0117608
21.615 -0.0120071
21.62 -0.0122483
21.625 -0.0124832
21.63 -0.0127108
21.635 -0.01293
21.64 -0.0131396
21.645 -0.0133386
21.65 -0.0135259
21.655 -0.0137001
21.66 -0.0138599
21.665 -0.0140039
21.67 -0.0141308
21.675 -0.0142397
21.68 -0.0143298
21.685 -0.0144004
21.69 -0.0144504
21.695 -0.0144784
21.7 -0.0144835
21.705 -0.0144657
21.71 -0.0144261
21.715 -0.0143664
21.72 -0.0142887
21.725 -0.0141946
21.73 -0.014085
21.735 -0.013961
21.74 -0.0138242
21.745 -0.0136757
21.75 -0.0135168
21.755 -0.0133485
21.76 -0.0131718
21.765 -0.0129878
21.77 -0.0127973
21.775 -0.0126013
21.78 -0.0124008
21.785 -0.0121966
21.79 -0.0119895
21.795 -0.0117803
21.8 -0.0115692
21.805 -0.0113557
21.81 -0.0111394
21.815 -0.0109196
21.82 -0.010696
21.825 -0.0104685
21.83 -0.0102376
21.835 -0.0100043
21.84 -0.00976952
21.845 -0.009534
21.85 -0.00929886
21.855 -0.00906538
21.86 -0.00883469
21.865 -0.00860768
21.87 -0.00838507
21.875 -0.00816762
21.88 -0.00795594
21.885 -0.00775037
21.89 -0.007551
21.895 -0.00735776
21.9 -0.00717052
21.905 -0.00698924
21.91 -0.00681393
21.915 -0.00664463
21.92 -0.00648129
21.925 -0.0063238
21.93 -0.00617185
21.935 -0.00602499
21.94 -0.00588254
21.945 -0.00574374
21.95 -0.0056079
21.955 -0.00547444
21.96 -0.00534281
21.965 -0.0052125
21.97 -0.005083
21.975 -0.00495394
21.98 -0.00482529
21.985 -0.00469735
21.99 -0.00457092
21.995 -0.00444713
22 -0.00432718
22.005 -0.00421202
22.01 -0.00410228
22.015 -0.00399826
22.02 -0.00390007
22.025 -0.00380789
22.03 -0.00372223
22.035 -0.0036439
22.04 -0.00357392
22.045 -0.0035133
22.05 -0.00346298
22.055 -0.00342378
22.06 -0.00339642
22.065 -0.00338147
22.07 -0.00337934
22.075 -0.00339023
22.08 -0.00341457
22.085 -0.00345303
22.09 -0.00350554
22.095 -0.00357114
22.1 -0.00364853
22.105 -0.00373619
22.11 -0.00383259
22.115 -0.00393631
22.12 -0.00404612
22.125 -0.00416111
22.13 -0.0042807
22.135 -0.00440467
22.14 -0.004533
22.145 -0.00466581
22.15 -0.00480313
22.155 -0.00494492
22.16 -0.00509098
22.165 -0.00524107
22.17 -0.00539488
22.175 -0.00555203
22.18 -0.00571204
22.185 -0.00587437
22.19 -0.00603848
22.195 -0.00620391
22.2 -0.0063702
22.205 -0.00653692
22.21 -0.00670364
22.215 -0.00687017
22.22 -0.00703661
22.225 -0.00720294
22.23 -0.00736887
22.235 -0.00753395
22.24 -0.0076976
22.245 -0.00785925
22.25 -0.00801843
22.255 -0.00817481
22.26 -0.00832832
22.265 -0.00847913
22.27 -0.00862763
22.275 -0.00877428
22.28 -0.00891947
22.285 -0.00906345
22.29 -0.00920627
22.295 -0.00934785
22.3 -0.00948803
22.305 -0.00962663
22.31 -0.00976343
22.315 -0.00989826
22.32 -0.010031
22.325 -0.0101615
22.33 -0.0102898
22.335 -0.010416
22.34 -0.0105401
22.345 -0.0106622
22.35 -0.0107822
22.355 -0.0109001
22.36 -0.0110157
22.365 -0.011129
22.37 -0.0112401
22.375 -0.0113497
22.38 -0.0114583
22.385 -0.0115663
22.39 -0.0116738
22.395 -0.0117804
22.4 -0.0118854
22.405 -0.0119879
22.41 -0.0120872
22.415 -0.0121823
22.42 -0.0122725
22.425 -0.0123572
22.43 -0.0124361
22.435 -0.0125089
22.44 -0.0125755
22.445 -0.0126361
22.45 -0.0126909
22.455 -0.0127401
22.46 -0.0127836
22.465 -0.0128212
22.47 -0.0128516
22.475 -0.0128743
22.48 -0.0128892
22.485 -0.0128965
22.49 -0.0128968
22.495 -0.0128907
22.5 -0.0128786
22.505 -0.012861
22.51 -0.0128385
22.515 -0.0128113
22.52 -0.0127798
22.525 -0.0127441
22.53 -0.0127045
22.535 -0.012661
22.54 -0.0126138
22.545 -0.012563
22.55 -0.0125087
22.555 -0.0124512
22.56 -0.0123907
22.565 -0.0123274
22.57 -0.0122617
22.575 -0.0121937
22.58 -0.0121235
22.585 -0.0120512
22.59 -0.011977
22.595 -0.0119016
22.6 -0.0118254
22.605 -0.0117487
22.61 -0.0116717
22.615 -0.0115945
22.62 -0.0115174
22.625 -0.0114404
22.63 -0.0113638
22.635 -0.0112875
22.64 -0.0112116
22.645 -0.011136
22.65 -0.0110606
22.655 -0.0109853
22.66 -0.01091
22.665 -0.0108348
22.67 -0.0107601
22.675 -0.010686
22.68 -0.0106126
22.685 -0.0105399
22.69 -0.0104679
22.695 -0.0103966
22.7 -0.0103259
22.705 -0.0102556
22.71 -0.0101859
22.715 -0.0101167
22.72 -0.010048
22.725 -0.00998003
22.73 -0.00991289
22.735 -0.00984671
22.74 -0.00978159
22.745 -0.00971764
22.75 -0.00965494
22.755 -0.00959358
22.76 -0.00953366
22.765 -0.00947525
22.77 -0.00941846
22.775 -0.00936336
22.78 -0.00931005
22.785 -0.0092586
22.79 -0.00920909
22.795 -0.00916161
22.8 -0.0091162
22.805 -0.00907294
22.81 -0.00903187
22.815 -0.00899302
22.82 -0.00895642
22.825 -0.00892209
22.83 -0.00889004
22.835 -0.00886025
22.84 -0.00883273
22.845 -0.00880745
22.85 -0.00878439
22.855 -0.0087635
22.86 -0.00874473
22.865 -0.00872803
22.87 -0.00871335
22.875 -0.00870064
22.88 -0.00868982
22.885 -0.00868085
22.89 -0.00867366
22.895 -0.00866819
22.9 -0.00866438
22.905 -0.00866216
22.91 -0.00866148
22.915 -0.00866228
22.92 -0.0086645
22.925 -0.00866808
22.93 -0.00867297
22.935 -0.00867909
22.94 -0.0086864
22.945 -0.00869483
22.95 -0.00870434
22.955 -0.00871486
22.96 -0.00872636
22.965 -0.00873876
22.97 -0.00875201
22.975 -0.00876605
22.98 -0.00878082
22.985 -0.00879628
22.99 -0.00881238
22.995 -0.00882908
23 -0.00884635
23.005 -0.00886414
23.01 -0.00888244
23.015 -0.00890122
23.02 -0.00892045
23.025 -0.0089401
23.03 -0.00896013
23.035 -0.00898052
23.04 -0.00900123
23.045 -0.00902222
23.05 -0.00904345
23.055 -0.00906489
23.06 -0.0090865
23.065 -0.00910824
23.07 -0.00913007
23.075 -0.00915195
23.08 -0.00917386
23.085 -0.00919575
23.09 -0.0092176
23.095 -0.00923938
23.1 -0.00926105
23.105 -0.00928258
23.11 -0.00930396
23.115 -0.00932514
23.12 -0.00934611
23.125 -0.00936684
23.13 -0.0093873
23.135 -0.00940748
23.14 -0.00942735
23.145 -0.0094469
23.15 -0.0094661
23.155 -0.00948494
23.16 -0.00950341
23.165 -0.0095215
23.17 -0.00953919
23.175 -0.00955648
23.18 -0.00957337
23.185 -0.00958967
