0.005 1.36469e-07
0.01 6.83762e-07
0.015 1.78278e-06
0.02 3.44043e-06
0.025 5.66432e-06
0.03 8.46002e-06
0.035 1.18267e-05
0.04 1.57518e-05
0.045 2.02053e-05
0.05 2.51402e-05
0.055 3.04981e-05
0.06 3.62098e-05
0.065 4.21877e-05
0.07 4.8329e-05
0.075 5.45292e-05
0.08 6.0696e-05
0.085 6.67531e-05
0.09 7.26389e-05
0.095 7.83087e-05
0.1 8.37339e-05
0.105 8.88897e-05
0.11 9.37427e-05
0.115 9.82466e-05
0.12 0.000102339
0.125 0.000105926
0.13 0.000108867
0.135 0.000110983
0.14 0.000112078
0.145 0.000111951
0.15 0.000110414
0.155 0.000107307
0.16 0.000102517
0.165 9.59793e-05
0.17 8.76812e-05
0.175 7.77e-05
0.18 6.62444e-05
0.185 5.36359e-05
0.19 4.02474e-05
0.195 2.64482e-05
0.2 1.25603e-05
0.205 -1.1628e-06
0.21 -1.45178e-05
0.215 -2.73203e-05
0.22 -3.93879e-05
0.225 -5.05078e-05
0.23 -6.03662e-05
0.235 -6.84931e-05
0.24 -7.42842e-05
0.245 -7.71012e-05
0.25 -7.6398e-05
0.255 -7.17983e-05
0.26 -6.31247e-05
0.265 -5.04018e-05
0.27 -3.38001e-05
0.275 -1.35004e-05
0.28 1.04374e-05
0.285 3.81059e-05
0.29 6.97014e-05
0.295 0.000105426
0.3 0.000145377
0.305 0.000189479
0.31 0.000237474
0.315 0.000288881
0.32 0.00034295
0.325 0.000398627
0.33 0.000454578
0.335 0.00050922
0.34 0.000560752
0.345 0.000607366
0.35 0.000647563
0.355 0.000680343
0.36 0.000705156
0.365 0.000721724
0.37 0.000729767
0.375 0.000728847
0.38 0.000718506
0.385 0.000698535
0.39 0.000669144
0.395 0.000631016
0.4 0.000585239
0.405 0.00053322
0.41 0.000476653
0.415 0.000417392
0.42 0.000357113
0.425 0.000296854
0.43 0.000236833
0.435 0.00017683
0.44 0.00011676
0.445 5.70007e-05
0.45 -1.64103e-06
0.455 -5.80781e-05
0.46 -0.000111095
0.465 -0.000159429
0.47 -0.00020186
0.475 -0.00023742
0.48 -0.000265555
0.485 -0.000286085
0.49 -0.000299121
0.495 -0.000305056
0.5 -0.000304545
0.505 -0.000298361
0.51 -0.000287111
0.515 -0.000271013
0.52 -0.00024988
0.525 -0.000223282
0.53 -0.000190683
0.535 -0.000151366
0.54 -0.000104149
0.545 -4.72037e-05
0.55 2.17685e-05
0.555 0.000104864
0.56 0.000203041
0.565 0.000315525
0.57 0.000439777
0.575 0.000571896
0.58 0.00070731
0.585 0.0008413
0.59 0.000969132
0.595 0.00108641
0.6 0.00118977
0.605 0.00127729
0.61 0.00134825
0.615 0.00140254
0.62 0.00144038
0.625 0.00146225
0.63 0.00146866
0.635 0.00146034
0.64 0.00143859
0.645 0.00140539
0.65 0.00136295
0.655 0.00131306
0.66 0.00125648
0.665 0.00119295
0.67 0.00112158
0.675 0.00104119
0.68 0.00095086
0.685 0.000850174
0.69 0.00073928
0.695 0.000618931
0.7 0.000490471
0.705 0.000355422
0.71 0.000214993
0.715 7.00338e-05
0.72 -7.88939e-05
0.725 -0.000231694
0.73 -0.000388793
0.735 -0.000550801
0.74 -0.000718023
0.745 -0.000890106
0.75 -0.00106588
0.755 -0.00124338
0.76 -0.00142012
0.765 -0.00159334
0.77 -0.00175985
0.775 -0.00191603
0.78 -0.00205816
0.785 -0.00218295
0.79 -0.00228772
0.795 -0.00237042
0.8 -0.00242952
0.805 -0.00246395
0.81 -0.00247311
0.815 -0.00245687
0.82 -0.00241523
0.825 -0.00234781
0.83 -0.00225385
0.835 -0.00213252
0.84 -0.00198321
0.845 -0.00180572
0.85 -0.00160059
0.855 -0.0013693
0.86 -0.00111415
0.865 -0.000838181
0.87 -0.000545147
0.875 -0.00023926
0.88 7.51363e-05
0.885 0.000393844
0.89 0.000713225
0.895 0.00103018
0.9 0.00134238
0.905 0.00164973
0.91 0.00195393
0.915 0.00225592
0.92 0.00255472
0.925 0.00284866
0.93 0.0031362
0.935 0.00341566
0.94 0.0036851
0.945 0.0039426
0.95 0.00418627
0.955 0.00441348
0.96 0.00461981
0.965 0.00479855
0.97 0.0049416
0.975 0.00504176
0.98 0.00509534
0.985 0.00510276
0.99 0.00506778
0.995 0.00499705
1 0.00489984
1.005 0.00478727
1.01 0.00467122
1.015 0.00456234
1.02 0.00446801
1.025 0.00439238
1.03 0.00433758
1.035 0.00430438
1.04 0.00429211
1.045 0.00429786
1.05 0.00431587
1.055 0.00433795
1.06 0.00435387
1.065 0.00435109
1.07 0.00431525
1.075 0.00423213
1.08 0.00409059
1.085 0.00388522
1.09 0.00361599
1.095 0.00328558
1.1 0.00289707
1.105 0.00245343
1.11 0.00195751
1.115 0.00141161
1.12 0.000818343
1.125 0.000181199
1.13 -0.000496722
1.135 -0.00121385
1.14 -0.00196931
1.145 -0.00276174
1.15 -0.00358915
1.155 -0.00444933
1.16 -0.00534012
1.165 -0.00626155
1.17 -0.00721792
1.175 -0.00821175
1.18 -0.00923937
1.185 -0.0102963
1.19 -0.0113786
1.195 -0.0124812
1.2 -0.0135982
1.205 -0.0147245
1.21 -0.0158555
1.215 -0.0169875
1.22 -0.0181161
1.225 -0.019236
1.23 -0.0203406
1.235 -0.0214206
1.24 -0.0224654
1.245 -0.0234654
1.25 -0.0244135
1.255 -0.0253053
1.26 -0.026139
1.265 -0.0269145
1.27 -0.0276322
1.275 -0.0282935
1.28 -0.0289012
1.285 -0.0294602
1.29 -0.0299772
1.295 -0.0304589
1.3 -0.0309107
1.305 -0.0313369
1.31 -0.0317401
1.315 -0.0321213
1.32 -0.0324784
1.325 -0.0328064
1.33 -0.0330978
1.335 -0.0333437
1.34 -0.0335355
1.345 -0.0336645
1.35 -0.0337219
1.355 -0.033699
1.36 -0.0335871
1.365 -0.0333779
1.37 -0.0330653
1.375 -0.0326457
1.38 -0.0321178
1.385 -0.0314816
1.39 -0.0307377
1.395 -0.0298866
1.4 -0.0289297
1.405 -0.0278693
1.41 -0.0267093
1.415 -0.0254548
1.42 -0.0241117
1.425 -0.0226868
1.43 -0.0211864
1.435 -0.0196166
1.44 -0.0179826
1.445 -0.0162891
1.45 -0.0145405
1.455 -0.012742
1.46 -0.0109007
1.465 -0.00902475
1.47 -0.0071215
1.475 -0.0051975
1.48 -0.00326256
1.485 -0.00132963
1.49 0.000590626
1.495 0.00249148
1.5 0.00436615
1.505 0.00620576
1.51 0.00799861
1.515 0.00972897
1.52 0.0113785
1.525 0.012929
1.53 0.0143629
1.535 0.015665
1.54 0.0168244
1.545 0.0178358
1.55 0.0186994
1.555 0.0194206
1.56 0.0200094
1.565 0.0204789
1.57 0.0208417
1.575 0.0211076
1.58 0.0212831
1.585 0.0213723
1.59 0.0213782
1.595 0.0213046
1.6 0.021155
1.605 0.0209333
1.61 0.0206422
1.615 0.020283
1.62 0.019856
1.625 0.0193606
1.63 0.0187945
1.635 0.0181535
1.64 0.0174334
1.645 0.0166312
1.65 0.0157456
1.655 0.014777
1.66 0.0137272
1.665 0.0126011
1.67 0.0114071
1.675 0.0101581
1.68 0.0088702
1.685 0.00756214
1.69 0.00625245
1.695 0.00495556
1.7 0.00368015
1.705 0.00242977
1.71 0.00120437
1.715 1.90297e-06
1.72 -0.0011808
1.725 -0.0023475
1.73 -0.0035011
1.735 -0.00464297
1.74 -0.00577353
1.745 -0.00689283
1.75 -0.00800034
1.755 -0.00909434
1.76 -0.0101715
1.765 -0.0112268
1.77 -0.0122529
1.775 -0.0132413
1.78 -0.0141829
1.785 -0.0150677
1.79 -0.0158838
1.795 -0.0166182
1.8 -0.0172592
1.805 -0.017797
1.81 -0.0182235
1.815 -0.0185333
1.82 -0.0187242
1.825 -0.0187981
1.83 -0.0187592
1.835 -0.018613
1.84 -0.0183648
1.845 -0.0180193
1.85 -0.0175813
1.855 -0.0170564
1.86 -0.0164508
1.865 -0.0157707
1.87 -0.0150232
1.875 -0.0142162
1.88 -0.013359
1.885 -0.0124619
1.89 -0.0115353
1.895 -0.0105884
1.9 -0.00962932
1.905 -0.00866559
1.91 -0.00770429
1.915 -0.00675146
1.92 -0.00581203
1.925 -0.00488999
1.93 -0.00398885
1.935 -0.00311167
1.94 -0.00226098
1.945 -0.00143955
1.95 -0.000651496
1.955 9.8618e-05
1.96 0.000807656
1.965 0.00147529
1.97 0.00210394
1.975 0.00269774
1.98 0.00326215
1.985 0.00380393
1.99 0.00433094
1.995 0.00485146
2 0.00537318
2.005 0.00590222
2.01 0.00644312
2.015 0.00699926
2.02 0.00757325
2.025 0.00816692
2.03 0.00878169
2.035 0.0094189
2.04 0.0100798
2.045 0.010765
2.05 0.011475
2.055 0.0122102
2.06 0.0129708
2.065 0.0137575
2.07 0.0145715
2.075 0.0154144
2.08 0.0162874
2.085 0.0171897
2.09 0.0181191
2.095 0.0190708
2.1 0.020038
2.105 0.0210107
2.11 0.0219773
2.115 0.0229258
2.12 0.0238448
2.125 0.0247235
2.13 0.0255518
2.135 0.02632
2.14 0.0270183
2.145 0.0276373
2.15 0.0281686
2.155 0.0286052
2.16 0.0289429
2.165 0.02918
2.17 0.029317
2.175 0.0293569
2.18 0.0293046
2.185 0.0291668
2.19 0.0289523
2.195 0.028671
2.2 0.0283332
2.205 0.027948
2.21 0.0275231
2.215 0.0270652
2.22 0.0265794
2.225 0.0260696
2.23 0.0255383
2.235 0.0249863
2.24 0.0244126
2.245 0.0238145
2.25 0.0231889
2.255 0.0225321
2.26 0.0218404
2.265 0.0211101
2.27 0.0203383
2.275 0.0195224
2.28 0.0186604
2.285 0.0177507
2.29 0.016793
2.295 0.0157891
2.3 0.0147432
2.305 0.0136621
2.31 0.0125547
2.315 0.0114319
2.32 0.0103064
2.325 0.0091908
2.33 0.00809709
2.335 0.00703461
2.34 0.00600984
2.345 0.00502591
2.35 0.00408209
2.355 0.00317381
2.36 0.00229316
2.365 0.00143013
2.37 0.000573818
2.375 -0.000286508
2.38 -0.00115932
2.385 -0.00204812
2.39 -0.00295044
2.395 -0.00385922
2.4 -0.00476518
2.405 -0.00565874
2.41 -0.00653125
2.415 -0.00737555
2.42 -0.00818626
2.425 -0.00896023
2.43 -0.00969673
2.435 -0.0103965
2.44 -0.0110608
2.445 -0.0116903
2.45 -0.0122851
2.455 -0.0128449
2.46 -0.0133694
2.465 -0.0138592
2.47 -0.0143155
2.475 -0.0147407
2.48 -0.0151383
2.485 -0.0155127
2.49 -0.0158681
2.495 -0.0162089
2.5 -0.0165395
2.505 -0.0168637
2.51 -0.0171845
2.515 -0.0175035
2.52 -0.0178203
2.525 -0.0181321
2.53 -0.0184339
2.535 -0.0187191
2.54 -0.0189812
2.545 -0.0192142
2.55 -0.0194138
2.555 -0.0195768
2.56 -0.019701
2.565 -0.0197856
2.57 -0.0198312
2.575 -0.0198401
2.58 -0.0198176
2.585 -0.0197709
2.59 -0.019709
2.595 -0.019642
2.6 -0.0195804
2.605 -0.0195344
2.61 -0.0195123
2.615 -0.0195195
2.62 -0.0195577
2.625 -0.0196252
2.63 -0.0197181
2.635 -0.0198319
2.64 -0.0199618
2.645 -0.0201031
2.65 -0.0202518
2.655 -0.0204037
2.66 -0.0205547
2.665 -0.0207015
2.67 -0.0208429
2.675 -0.0209778
2.68 -0.0211029
2.685 -0.021212
2.69 -0.0212968
2.695 -0.0213473
2.7 -0.0213534
2.705 -0.0213049
2.71 -0.0211929
2.715 -0.0210105
2.72 -0.0207545
2.725 -0.0204239
2.73 -0.0200201
2.735 -0.019547
2.74 -0.0190106
2.745 -0.0184177
2.75 -0.0177755
2.755 -0.0170906
2.76 -0.0163688
2.765 -0.0156134
2.77 -0.0148261
2.775 -0.0140071
2.78 -0.0131554
2.785 -0.0122694
2.79 -0.011347
2.795 -0.0103871
2.8 -0.00938982
2.805 -0.00835587
2.81 -0.0072854
2.815 -0.00617814
2.82 -0.00503426
2.825 -0.00385533
2.83 -0.00264445
2.835 -0.00140598
2.84 -0.000145617
2.845 0.00112927
2.85 0.00241052
2.855 0.00369184
2.86 0.00496971
2.865 0.00624293
2.87 0.00751297
2.875 0.00878321
2.88 0.0100569
2.885 0.011335
2.89 0.0126143
2.895 0.013887
2.9 0.0151422
2.905 0.0163685
2.91 0.0175564
2.915 0.0187001
2.92 0.0197972
2.925 0.0208492
2.93 0.0218604
2.935 0.0228365
2.94 0.0237827
2.945 0.0247027
2.95 0.0255975
2.955 0.0264655
2.96 0.0273043
2.965 0.0281116
2.97 0.0288874
2.975 0.0296342
2.98 0.0303581
2.985 0.0310676
2.99 0.0317737
2.995 0.0324873
3 0.0332176
3.005 0.03397
3.01 0.0347449
3.015 0.0355367
3.02 0.0363337
3.025 0.0371197
3.03 0.0378765
3.035 0.0385868
3.04 0.0392341
3.045 0.0398034
3.05 0.0402829
3.055 0.0406652
3.06 0.0409471
3.065 0.0411277
3.07 0.0412065
3.075 0.0411831
3.08 0.0410573
3.085 0.0408303
3.09 0.040506
3.095 0.0400921
3.1 0.0396005
3.105 0.0390475
3.11 0.0384503
3.115 0.0378238
3.12 0.0371785
3.125 0.0365222
3.13 0.0358607
3.135 0.0352005
3.14 0.0345476
3.145 0.0339082
3.15 0.0332869
3.155 0.0326874
3.16 0.0321115
3.165 0.031559
3.17 0.031028
3.175 0.0305152
3.18 0.0300168
3.185 0.0295283
3.19 0.0290456
3.195 0.0285664
3.2 0.0280906
3.205 0.0276195
3.21 0.0271552
3.215 0.0266996
3.22 0.0262547
3.225 0.0258224
3.23 0.0254038
3.235 0.0249994
3.24 0.0246094
3.245 0.0242342
3.25 0.0238742
3.255 0.0235297
3.26 0.0232007
3.265 0.0228864
3.27 0.0225852
3.275 0.0222947
3.28 0.0220122
3.285 0.0217349
3.29 0.0214603
3.295 0.0211862
3.3 0.0209105
3.305 0.0206307
3.31 0.0203437
3.315 0.020046
3.32 0.0197337
3.325 0.0194035
3.33 0.0190533
3.335 0.0186834
3.34 0.0182966
3.345 0.0178984
3.35 0.0174964
3.355 0.0170987
3.36 0.0167127
3.365 0.0163432
3.37 0.0159924
3.375 0.0156599
3.38 0.0153442
3.385 0.0150428
3.39 0.0147524
3.395 0.0144687
3.4 0.0141873
3.405 0.0139035
3.41 0.0136127
3.415 0.0133099
3.42 0.0129914
3.425 0.0126549
3.43 0.0123011
3.435 0.0119324
3.44 0.0115528
3.445 0.0111663
3.45 0.0107766
3.455 0.0103868
3.46 0.00999966
3.465 0.00961709
3.47 0.00924044
3.475 0.0088704
3.48 0.00850719
3.485 0.00815063
3.49 0.00779998
3.495 0.00745385
3.5 0.00711018
3.505 0.00676605
3.51 0.00641722
3.515 0.00605784
3.52 0.00568084
3.525 0.00527959
3.53 0.00485
3.535 0.00439179
3.54 0.00390827
3.545 0.0034049
3.55 0.00288754
3.555 0.00236113
3.56 0.00182908
3.565 0.00129372
3.57 0.000756947
3.575 0.00022061
3.58 -0.000313065
3.585 -0.000841346
3.59 -0.00136133
3.595 -0.00187061
3.6 -0.00236778
3.605 -0.00285253
3.61 -0.00332557
3.615 -0.00378847
3.62 -0.00424328
3.625 -0.00469191
3.63 -0.00513618
3.635 -0.00557803
3.64 -0.00601946
3.645 -0.00646239
3.65 -0.00690869
3.655 -0.00736005
3.66 -0.00781765
3.665 -0.0082815
3.67 -0.00875001
3.675 -0.0092199
3.68 -0.0096867
3.685 -0.0101455
3.69 -0.0105916
3.695 -0.0110205
3.7 -0.0114289
3.705 -0.0118147
3.71 -0.012177
3.715 -0.0125144
3.72 -0.0128238
3.725 -0.0131002
3.73 -0.0133366
3.735 -0.0135238
3.74 -0.0136516
3.745 -0.0137107
3.75 -0.0136938
3.755 -0.0135964
3.76 -0.0134165
3.765 -0.0131545
3.77 -0.0128134
3.775 -0.0123999
3.78 -0.0119233
3.785 -0.0113945
3.79 -0.0108236
3.795 -0.0102193
3.8 -0.00958762
3.805 -0.00893154
3.81 -0.00825101
3.815 -0.00754431
3.82 -0.00680988
3.825 -0.0060473
3.83 -0.00525758
3.835 -0.00444278
3.84 -0.00360526
3.845 -0.00274707
3.85 -0.00186964
3.855 -0.000974231
3.86 -6.26046e-05
3.865 0.00086303
3.87 0.00180041
3.875 0.00274711
3.88 0.00370042
3.885 0.0046578
3.89 0.00561765
3.895 0.00657971
3.9 0.00754454
3.905 0.00851256
3.91 0.00948346
3.915 0.0104557
3.92 0.0114266
3.925 0.0123929
3.93 0.0133514
3.935 0.0142988
3.94 0.0152328
3.945 0.0161529
3.95 0.0170598
3.955 0.0179543
3.96 0.0188364
3.965 0.0197053
3.97 0.0205585
3.975 0.0213924
3.98 0.0222016
3.985 0.0229805
3.99 0.0237238
3.995 0.0244265
4 0.0250839
4.005 0.0256919
4.01 0.0262475
4.015 0.0267497
4.02 0.027199
4.025 0.0275969
4.03 0.0279441
4.035 0.0282411
4.04 0.0284874
4.045 0.0286816
4.05 0.0288213
4.055 0.0289042
4.06 0.0289285
4.065 0.0288935
4.07 0.028799
4.075 0.0286458
4.08 0.0284357
4.085 0.028171
4.09 0.0278545
4.095 0.02749
4.1 0.027082
4.105 0.0266365
4.11 0.0261605
4.115 0.0256612
4.12 0.0251458
4.125 0.0246207
4.13 0.0240905
4.135 0.0235583
4.14 0.0230248
4.145 0.0224884
4.15 0.0219445
4.155 0.0213875
4.16 0.0208117
4.165 0.0202122
4.17 0.019585
4.175 0.0189279
4.18 0.0182409
4.185 0.0175261
4.19 0.0167866
4.195 0.0160256
4.2 0.0152455
4.205 0.0144472
4.21 0.0136301
4.215 0.0127938
4.22 0.0119384
4.225 0.011066
4.23 0.010181
4.235 0.0092897
4.24 0.00840007
4.245 0.00752097
4.25 0.00666074
4.255 0.0058257
4.26 0.00502001
4.265 0.0042463
4.27 0.00350596
4.275 0.0027989
4.28 0.00212326
4.285 0.00147543
4.29 0.000850895
4.295 0.000245501
4.3 -0.000343901
4.305 -0.0009191
4.31 -0.00148011
4.315 -0.00202513
4.32 -0.00255072
4.325 -0.00305181
4.33 -0.00352215
4.335 -0.00395498
4.34 -0.00434346
4.345 -0.00468113
4.35 -0.00496272
4.355 -0.00518465
4.36 -0.00534499
4.365 -0.00544268
4.37 -0.00547667
4.375 -0.00544598
4.38 -0.00535039
4.385 -0.00519084
4.39 -0.00496928
4.395 -0.00468816
4.4 -0.00435014
4.405 -0.00395803
4.41 -0.00351457
4.415 -0.00302173
4.42 -0.00248021
4.425 -0.0018897
4.43 -0.00124932
4.435 -0.000557966
4.44 0.00018516
4.445 0.000979944
4.45 0.00182542
4.455 0.00272019
4.46 0.00366269
4.465 0.00465114
4.47 0.00568352
4.475 0.00675739
4.48 0.00786966
4.485 0.00901648
4.49 0.0101929
4.495 0.0113929
4.5 0.0126103
4.505 0.0138387
4.51 0.015072
4.515 0.0163045
4.52 0.0175305
4.525 0.0187435
4.53 0.0199357
4.535 0.0210993
4.54 0.0222264
4.545 0.0233106
4.55 0.0243468
4.555 0.0253311
4.56 0.0262602
4.565 0.0271314
4.57 0.0279429
4.575 0.0286936
4.58 0.0293842
4.585 0.0300168
4.59 0.0305951
4.595 0.0311243
4.6 0.031611
4.605 0.0320622
4.61 0.0324846
4.615 0.0328834
4.62 0.0332621
4.625 0.0336227
4.63 0.0339652
4.635 0.0342879
4.64 0.0345879
4.645 0.0348606
4.65 0.0351008
4.655 0.0353019
4.66 0.0354572
4.665 0.03556
4.67 0.0356046
4.675 0.0355852
4.68 0.0354962
4.685 0.0353322
4.69 0.0350888
4.695 0.0347629
4.7 0.0343533
4.705 0.0338614
4.71 0.0332911
4.715 0.0326487
4.72 0.0319423
4.725 0.0311811
4.73 0.0303742
4.735 0.0295301
4.74 0.0286559
4.745 0.0277566
4.75 0.0268356
4.755 0.0258954
4.76 0.0249373
4.765 0.023962
4.77 0.0229698
4.775 0.0219616
4.78 0.0209388
4.785 0.0199035
4.79 0.0188584
4.795 0.0178064
4.8 0.0167502
4.805 0.0156924
4.81 0.0146351
4.815 0.0135796
4.82 0.0125268
4.825 0.0114776
4.83 0.0104332
4.835 0.00939528
4.84 0.00836609
4.845 0.00734815
4.85 0.006344
4.855 0.00535601
4.86 0.00438623
4.865 0.00343634
4.87 0.00250759
4.875 0.0016008
4.88 0.000716607
4.885 -0.000144167
4.89 -0.000979898
4.895 -0.00178761
4.9 -0.00256266
4.905 -0.00329897
4.91 -0.00398992
4.915 -0.00462952
4.92 -0.00521313
4.925 -0.00573776
4.93 -0.00620172
4.935 -0.00660441
4.94 -0.00694653
4.945 -0.00723047
4.95 -0.00746007
4.955 -0.00763965
4.96 -0.00777274
4.965 -0.00786174
4.97 -0.00790764
4.975 -0.00790979
4.98 -0.00786636
4.985 -0.00777503
4.99 -0.00763342
4.995 -0.00743984
5 -0.00719437
5.005 -0.00689945
5.01 -0.00656017
5.015 -0.00618401
5.02 -0.00577978
5.025 -0.00535629
5.03 -0.00492219
5.035 -0.00448615
5.04 -0.00405639
5.045 -0.0036404
5.05 -0.00324528
5.055 -0.00287818
5.06 -0.00254634
5.065 -0.00225645
5.07 -0.00201388
5.075 -0.0018219
5.08 -0.00168129
5.085 -0.001591
5.09 -0.00154945
5.095 -0.00155543
5.1 -0.00160742
5.105 -0.00170339
5.11 -0.00184108
5.115 -0.0020175
5.12 -0.0022287
5.125 -0.0024701
5.13 -0.00273651
5.135 -0.0030223
5.14 -0.00332172
5.145 -0.00362926
5.15 -0.00394005
5.155 -0.00425039
5.16 -0.00455771
5.165 -0.00486009
5.17 -0.00515556
5.175 -0.00544175
5.18 -0.00571553
5.185 -0.00597253
5.19 -0.0062069
5.195 -0.00641183
5.2 -0.0065801
5.205 -0.00670465
5.21 -0.00677956
5.215 -0.00680085
5.22 -0.00676642
5.225 -0.00667555
5.23 -0.00652821
5.235 -0.00632463
5.24 -0.00606513
5.245 -0.00574992
5.25 -0.00537889
5.255 -0.00495199
5.26 -0.00446959
5.265 -0.0039326
5.27 -0.00334231
5.275 -0.0027001
5.28 -0.00200748
5.285 -0.00126654
5.29 -0.000480274
5.295 0.000347485
5.3 0.00121227
5.305 0.00210954
5.31 0.00303525
5.315 0.00398628
5.32 0.00496039
5.325 0.00595608
5.33 0.00697258
5.335 0.00801016
5.34 0.00906977
5.345 0.0101522
5.35 0.0112579
5.355 0.0123869
5.36 0.0135402
5.365 0.0147185
5.37 0.0159225
5.375 0.0171526
5.38 0.0184074
5.385 0.0196835
5.39 0.0209755
5.395 0.0222769
5.4 0.023581
5.405 0.0248814
5.41 0.0261727
5.415 0.0274495
5.42 0.028707
5.425 0.0299399
5.43 0.0311433
5.435 0.0323122
5.44 0.0334417
5.445 0.0345275
5.45 0.0355662
5.455 0.0365553
5.46 0.0374939
5.465 0.0383818
5.47 0.0392197
5.475 0.0400082
5.48 0.0407472
5.485 0.0414357
5.49 0.0420712
5.495 0.0426508
5.5 0.0431703
5.505 0.0436258
5.51 0.0440133
5.515 0.0443289
5.52 0.0445691
5.525 0.0447308
5.53 0.0448112
5.535 0.044808
5.54 0.0447192
5.545 0.0445431
5.55 0.0442786
5.555 0.0439251
5.56 0.0434821
5.565 0.0429493
5.57 0.0423272
5.575 0.0416176
5.58 0.0408235
5.585 0.0399489
5.59 0.038998
5.595 0.037974
5.6 0.0368801
5.605 0.035719
5.61 0.0344933
5.615 0.0332054
5.62 0.0318574
5.625 0.0304511
5.63 0.0289886
5.635 0.0274727
5.64 0.0259071
5.645 0.0242962
5.65 0.0226458
5.655 0.0209622
5.66 0.0192517
5.665 0.0175202
5.67 0.0157722
5.675 0.0140103
5.68 0.0122356
5.685 0.0104493
5.69 0.00865318
5.695 0.0068494
5.7 0.00504012
5.705 0.00322697
5.71 0.00141063
5.715 -0.000409295
5.72 -0.00223412
5.725 -0.00406571
5.73 -0.00590596
5.735 -0.00775596
5.74 -0.00961537
5.745 -0.0114819
5.75 -0.0133517
5.755 -0.0152194
5.76 -0.0170796
5.765 -0.018926
5.77 -0.0207525
5.775 -0.0225531
5.78 -0.0243233
5.785 -0.0260592
5.79 -0.0277577
5.795 -0.0294154
5.8 -0.0310278
5.805 -0.0325887
5.81 -0.0340908
5.815 -0.035527
5.82 -0.0368913
5.825 -0.0381798
5.83 -0.0393902
5.835 -0.0405222
5.84 -0.0415767
5.845 -0.0425545
5.85 -0.043456
5.855 -0.0442798
5.86 -0.0450237
5.865 -0.0456849
5.87 -0.0462608
5.875 -0.0467496
5.88 -0.0471504
5.885 -0.047463
5.89 -0.0476878
5.895 -0.0478259
5.9 -0.0478783
5.905 -0.0478454
5.91 -0.0477269
5.915 -0.047521
5.92 -0.047225
5.925 -0.0468352
5.93 -0.0463474
5.935 -0.0457575
5.94 -0.0450634
5.945 -0.0442661
5.95 -0.0433702
5.955 -0.0423828
5.96 -0.0413128
5.965 -0.0401699
5.97 -0.0389637
5.975 -0.037703
5.98 -0.0363967
5.985 -0.0350537
5.99 -0.0336835
5.995 -0.0322955
6 -0.0308984
6.005 -0.0295004
6.01 -0.0281087
6.015 -0.0267297
6.02 -0.0253683
6.025 -0.0240282
6.03 -0.0227118
6.035 -0.0214213
6.04 -0.0201585
6.045 -0.0189246
6.05 -0.0177205
6.055 -0.0165468
6.06 -0.0154047
6.065 -0.0142962
6.07 -0.0132243
6.075 -0.0121934
6.08 -0.0112083
6.085 -0.0102731
6.09 -0.00939074
6.095 -0.0085621
6.1 -0.00778634
6.105 -0.00706093
6.11 -0.00638242
6.115 -0.00574712
6.12 -0.00515138
6.125 -0.00459153
6.13 -0.00406415
6.135 -0.00356669
6.14 -0.00309733
6.145 -0.00265402
6.15 -0.00223368
6.155 -0.00183226
6.16 -0.0014456
6.165 -0.00107079
6.17 -0.000707278
6.175 -0.000357041
6.18 -2.38391e-05
6.185 0.000287681
6.19 0.000573132
6.195 0.000829357
6.2 0.00105499
6.205 0.00125059
6.21 0.00141793
6.215 0.00155907
6.22 0.0016762
6.225 0.00177192
6.23 0.00184931
6.235 0.00191199
6.24 0.00196449
6.245 0.00201225
6.25 0.00206117
6.255 0.00211735
6.26 0.00218682
6.265 0.00227501
6.27 0.00238631
6.275 0.00252391
6.28 0.00268993
6.285 0.00288571
6.29 0.00311189
6.295 0.00336865
6.3 0.00365502
6.305 0.00396762
6.31 0.00430164
6.315 0.00465178
6.32 0.00501178
6.325 0.00537456
6.33 0.00573299
6.335 0.00608012
6.34 0.00640907
6.345 0.00671319
6.35 0.00698615
6.355 0.00722207
6.36 0.00741551
6.365 0.00756185
6.37 0.00765793
6.375 0.00770259
6.38 0.00769675
6.385 0.00764291
6.39 0.00754422
6.395 0.00740361
6.4 0.00722406
6.405 0.00700883
6.41 0.00676128
6.415 0.00648529
6.42 0.00618588
6.425 0.00586901
6.43 0.00554102
6.435 0.00520782
6.44 0.00487406
6.445 0.00454253
6.45 0.00421397
6.455 0.00388705
6.46 0.00355847
6.465 0.00322383
6.47 0.00287914
6.475 0.0025218
6.48 0.00215061
6.485 0.00176532
6.49 0.00136617
6.495 0.000953659
6.5 0.000528256
6.505 9.04983e-05
6.51 -0.000358817
6.515 -0.000818734
6.52 -0.00128847
6.525 -0.00176743
6.53 -0.002255
6.535 -0.0027504
6.54 -0.00325269
6.545 -0.00376089
6.55 -0.004274
6.555 -0.00479078
6.56 -0.00530971
6.565 -0.00582909
6.57 -0.00634701
6.575 -0.00686145
6.58 -0.00737033
6.585 -0.00787156
6.59 -0.00836284
6.595 -0.0088417
6.6 -0.00930566
6.605 -0.00975246
6.61 -0.0101801
6.615 -0.0105872
6.62 -0.0109728
6.625 -0.0113369
6.63 -0.0116798
6.635 -0.0120024
6.64 -0.0123059
6.645 -0.0125914
6.65 -0.0128597
6.655 -0.0131111
6.66 -0.013346
6.665 -0.013565
6.67 -0.0137696
6.675 -0.0139615
6.68 -0.0141435
6.685 -0.0143183
6.69 -0.0144883
6.695 -0.0146547
6.7 -0.0148172
6.705 -0.0149737
6.71 -0.0151208
6.715 -0.0152542
6.72 -0.01537
6.725 -0.0154652
6.73 -0.0155373
6.735 -0.0155844
6.74 -0.0156055
6.745 -0.0155999
6.75 -0.0155674
6.755 -0.0155081
6.76 -0.0154218
6.765 -0.0153086
6.77 -0.0151679
6.775 -0.0149991
6.78 -0.0148013
6.785 -0.0145736
6.79 -0.0143155
6.795 -0.0140273
6.8 -0.01371
6.805 -0.0133661
6.81 -0.0129982
6.815 -0.0126087
6.82 -0.0121994
6.825 -0.0117715
6.83 -0.0113258
6.835 -0.0108632
6.84 -0.010384
6.845 -0.00988872
6.85 -0.00937778
6.855 -0.00885164
6.86 -0.00831039
6.865 -0.00775326
6.87 -0.0071784
6.875 -0.00658289
6.88 -0.00596306
6.885 -0.0053151
6.89 -0.00463563
6.895 -0.00392243
6.9 -0.00317494
6.905 -0.00239453
6.91 -0.00158479
6.915 -0.000751288
6.92 9.90429e-05
6.925 0.00095884
6.93 0.00182119
6.935 0.0026805
6.94 0.00353338
6.945 0.00437853
6.95 0.00521553
6.955 0.00604359
6.96 0.00686118
6.965 0.00766594
6.97 0.00845414
6.975 0.00922151
6.98 0.0099647
6.985 0.0106819
6.99 0.0113725
6.995 0.0120372
7 0.0126768
7.005 0.0132921
7.01 0.0138832
7.015 0.0144496
7.02 0.0149908
7.025 0.0155066
7.03 0.0159971
7.035 0.0164626
7.04 0.0169035
7.045 0.0173198
7.05 0.0177109
7.055 0.0180755
7.06 0.0184111
7.065 0.018715
7.07 0.0189841
7.075 0.0192162
7.08 0.0194093
7.085 0.0195628
7.09 0.0196775
7.095 0.0197547
7.1 0.0197963
7.105 0.019804
7.11 0.0197788
7.115 0.0197214
7.12 0.0196313
7.125 0.0195081
7.13 0.0193509
7.135 0.019159
7.14 0.0189319
7.145 0.0186696
7.15 0.0183725
7.155 0.018041
7.16 0.0176758
7.165 0.0172784
7.17 0.0168514
7.175 0.0163988
7.18 0.0159258
7.185 0.0154381
7.19 0.0149413
7.195 0.0144403
7.2 0.013939
7.205 0.01344
7.21 0.0129451
7.215 0.012456
7.22 0.0119736
7.225 0.0114984
7.23 0.01103
7.235 0.0105671
7.24 0.0101075
7.245 0.00964746
7.25 0.0091821
7.255 0.00870598
7.26 0.00821413
7.265 0.00770289
7.27 0.00717041
7.275 0.00661639
7.28 0.00604145
7.285 0.00544667
7.29 0.00483352
7.295 0.00420404
7.3 0.00356098
7.305 0.00290782
7.31 0.00224902
7.315 0.00159003
7.32 0.000936318
7.325 0.000292132
7.33 -0.000339687
7.335 -0.00095718
7.34 -0.00155862
7.345 -0.00214211
7.35 -0.00270579
7.355 -0.0032482
7.36 -0.00376864
7.365 -0.00426739
7.37 -0.00474559
7.375 -0.00520485
7.38 -0.00564658
7.385 -0.00607157
7.39 -0.00648011
7.395 -0.00687219
7.4 -0.00724759
7.405 -0.00760592
7.41 -0.00794667
7.415 -0.00826937
7.42 -0.00857371
7.425 -0.00885953
7.43 -0.0091269
7.435 -0.00937604
7.44 -0.00960722
7.445 -0.00982058
7.45 -0.0100159
7.455 -0.0101924
7.46 -0.0103484
7.465 -0.0104813
7.47 -0.0105877
7.475 -0.0106635
7.48 -0.0107038
7.485 -0.0107039
7.49 -0.0106597
7.495 -0.0105689
7.5 -0.0104306
7.505 -0.0102448
7.51 -0.0100121
7.515 -0.00973285
7.52 -0.00940795
7.525 -0.00903869
7.53 -0.00862722
7.535 -0.00817634
7.54 -0.00768918
7.545 -0.00716946
7.55 -0.00662174
7.555 -0.00605124
7.56 -0.00546322
7.565 -0.00486257
7.57 -0.00425352
7.575 -0.00363936
7.58 -0.0030224
7.585 -0.00240414
7.59 -0.00178541
7.595 -0.00116645
7.6 -0.000546753
7.605 7.4947e-05
7.61 0.000700725
7.615 0.00133354
7.62 0.0019771
7.625 0.00263521
7.63 0.00331092
7.635 0.00400627
7.64 0.00472198
7.645 0.00545717
7.65 0.00620957
7.655 0.00697605
7.66 0.00775288
7.665 0.00853611
7.67 0.00932213
7.675 0.0101076
7.68 0.0108888
7.685 0.0116622
7.69 0.012426
7.695 0.01318
7.7 0.0139259
7.705 0.0146658
7.71 0.0154016
7.715 0.0161341
7.72 0.0168634
7.725 0.0175885
7.73 0.0183082
7.735 0.0190211
7.74 0.0197256
7.745 0.0204208
7.75 0.0211057
7.755 0.0217797
7.76 0.022442
7.765 0.0230922
7.77 0.02373
7.775 0.0243549
7.78 0.0249663
7.785 0.0255631
7.79 0.0261436
7.795 0.0267053
7.8 0.0272451
7.805 0.0277592
7.81 0.0282444
7.815 0.0286978
7.82 0.0291175
7.825 0.029502
7.83 0.0298495
7.835 0.0301577
7.84 0.030423
7.845 0.0306407
7.85 0.0308044
7.855 0.0309071
7.86 0.0309428
7.865 0.0309069
7.87 0.0307971
7.875 0.0306128
7.88 0.0303546
7.885 0.0300239
7.89 0.0296216
7.895 0.0291486
7.9 0.0286053
7.905 0.0279919
7.91 0.0273091
7.915 0.026558
7.92 0.0257402
7.925 0.0248582
7.93 0.0239151
7.935 0.0229145
7.94 0.0218603
7.945 0.0207561
7.95 0.0196049
7.955 0.01841
7.96 0.0171739
7.965 0.015899
7.97 0.0145877
7.975 0.0132433
7.98 0.0118708
7.985 0.0104766
7.99 0.009068
7.995 0.00765189
8 0.00623462
8.005 0.00482133
8.01 0.00341611
8.015 0.00202243
8.02 0.000643439
8.025 -0.000718065
8.03 -0.00205941
8.035 -0.00337803
8.04 -0.00467196
8.045 -0.00594027
8.05 -0.0071829
8.055 -0.0084004
8.06 -0.00959332
8.065 -0.0107617
8.07 -0.0119045
8.075 -0.0130199
8.08 -0.0141052
8.085 -0.0151571
8.09 -0.0161724
8.095 -0.0171476
8.1 -0.0180797
8.105 -0.0189662
8.11 -0.0198055
8.115 -0.0205961
8.12 -0.0213376
8.125 -0.0220305
8.13 -0.0226761
8.135 -0.0232757
8.14 -0.0238306
8.145 -0.0243419
8.15 -0.0248111
8.155 -0.0252401
8.16 -0.0256316
8.165 -0.0259889
8.17 -0.0263163
8.175 -0.0266193
8.18 -0.0269037
8.185 -0.0271755
8.19 -0.0274408
8.195 -0.0277049
8.2 -0.0279719
8.205 -0.0282436
8.21 -0.0285209
8.215 -0.0288032
8.22 -0.0290899
8.225 -0.02938
8.23 -0.0296723
8.235 -0.0299646
8.24 -0.0302544
8.245 -0.0305397
8.25 -0.0308194
8.255 -0.0310926
8.26 -0.0313593
8.265 -0.0316191
8.27 -0.0318713
8.275 -0.0321143
8.28 -0.0323466
8.285 -0.0325659
8.29 -0.0327689
8.295 -0.0329519
8.3 -0.0331107
8.305 -0.0332415
8.31 -0.0333411
8.315 -0.0334072
8.32 -0.0334381
8.325 -0.0334322
8.33 -0.0333887
8.335 -0.0333073
8.34 -0.033188
8.345 -0.0330312
8.35 -0.0328368
8.355 -0.0326048
8.36 -0.032335
8.365 -0.0320273
8.37 -0.0316817
8.375 -0.0312982
8.38 -0.0308767
8.385 -0.0304171
8.39 -0.0299192
8.395 -0.0293829
8.4 -0.0288082
8.405 -0.0281952
8.41 -0.0275443
8.415 -0.0268561
8.42 -0.0261312
8.425 -0.0253699
8.43 -0.0245722
8.435 -0.0237381
8.44 -0.0228673
8.445 -0.0219604
8.45 -0.0210189
8.455 -0.0200454
8.46 -0.0190442
8.465 -0.0180206
8.47 -0.0169809
8.475 -0.0159317
8.48 -0.0148798
8.485 -0.0138311
8.49 -0.0127909
8.495 -0.0117631
8.5 -0.0107496
8.505 -0.00975132
8.51 -0.00876836
8.515 -0.0078013
8.52 -0.00685132
8.525 -0.00591998
8.53 -0.00500885
8.535 -0.0041192
8.54 -0.00325203
8.545 -0.00240812
8.55 -0.00158792
8.555 -0.000791145
8.56 -1.69497e-05
8.565 0.000735752
8.57 0.00146806
8.575 0.00218106
8.58 0.00287599
8.585 0.00355413
8.59 0.00421662
8.595 0.00486432
8.6 0.00549772
8.605 0.00611696
8.61 0.00672201
8.615 0.00731275
8.62 0.00788881
8.625 0.00844962
8.63 0.00899451
8.635 0.00952257
8.64 0.0100325
8.645 0.0105229
8.65 0.0109925
8.655 0.0114409
8.66 0.0118684
8.665 0.012276
8.67 0.0126651
8.675 0.0130372
8.68 0.0133934
8.685 0.0137346
8.69 0.0140612
8.695 0.0143738
8.7 0.0146728
8.705 0.0149582
8.71 0.0152299
8.715 0.0154872
8.72 0.0157294
8.725 0.0159556
8.73 0.0161642
8.735 0.0163518
8.74 0.0165147
8.745 0.0166497
8.75 0.0167537
8.755 0.0168235
8.76 0.0168565
8.765 0.0168499
8.77 0.0168009
8.775 0.0167067
8.78 0.0165651
8.785 0.0163761
8.79 0.0161415
8.795 0.0158652
8.8 0.0155519
8.805 0.0152066
8.81 0.0148338
8.815 0.0144369
8.82 0.0140182
8.825 0.0135798
8.83 0.0131241
8.835 0.0126542
8.84 0.0121731
8.845 0.0116837
8.85 0.0111881
8.855 0.0106881
8.86 0.0101846
8.865 0.00967815
8.87 0.00916879
8.875 0.00865618
8.88 0.00813997
8.885 0.00761987
8.89 0.00709524
8.895 0.0065647
8.9 0.0060259
8.905 0.00547543
8.91 0.00490943
8.915 0.00432425
8.92 0.00371666
8.925 0.00308379
8.93 0.00242361
8.935 0.00173552
8.94 0.00101999
8.945 0.00027764
8.95 -0.000491148
8.955 -0.00128592
8.96 -0.00210565
8.965 -0.00294834
8.97 -0.00381062
8.975 -0.00468722
8.98 -0.00557085
8.985 -0.00645258
8.99 -0.00732293
8.995 -0.00817364
9 -0.00899912
9.005 -0.00979685
9.01 -0.0105668
9.015 -0.0113103
9.02 -0.0120288
9.025 -0.0127226
9.03 -0.01339
9.035 -0.014029
9.04 -0.0146372
9.045 -0.0152127
9.05 -0.0157536
9.055 -0.0162583
9.06 -0.0167253
9.065 -0.0171534
9.07 -0.0175412
9.075 -0.0178881
9.08 -0.0181934
9.085 -0.0184572
9.09 -0.0186796
9.095 -0.018861
9.1 -0.0190021
9.105 -0.019103
9.11 -0.019164
9.115 -0.0191852
9.12 -0.0191664
9.125 -0.0191076
9.13 -0.019009
9.135 -0.0188715
9.14 -0.0186961
9.145 -0.0184847
9.15 -0.0182397
9.155 -0.0179636
9.16 -0.0176592
9.165 -0.0173293
9.17 -0.0169766
9.175 -0.0166037
9.18 -0.0162134
9.185 -0.0158089
9.19 -0.0153935
9.195 -0.0149709
9.2 -0.0145452
9.205 -0.01412
9.21 -0.0136984
9.215 -0.0132827
9.22 -0.0128743
9.225 -0.0124743
9.23 -0.0120836
9.235 -0.0117026
9.24 -0.0113316
9.245 -0.0109705
9.25 -0.0106192
9.255 -0.0102775
9.26 -0.00994466
9.265 -0.00961947
9.27 -0.00930017
9.275 -0.0089848
9.28 -0.00867174
9.285 -0.00835995
9.29 -0.00804877
9.295 -0.00773772
9.3 -0.00742673
9.305 -0.00711629
9.31 -0.00680744
9.315 -0.00650141
9.32 -0.0061993
9.325 -0.0059019
9.33 -0.00560975
9.335 -0.00532304
9.34 -0.00504152
9.345 -0.00476443
9.35 -0.00449066
9.355 -0.00421884
9.36 -0.00394758
9.365 -0.00367582
9.37 -0.00340282
9.375 -0.00312819
9.38 -0.00285193
9.385 -0.00257477
9.39 -0.00229828
9.395 -0.00202496
9.4 -0.00175792
9.405 -0.00150038
9.41 -0.00125549
9.415 -0.00102609
9.42 -0.000814486
9.425 -0.000622676
9.43 -0.000452872
9.435 -0.000307476
9.44 -0.000188858
9.445 -9.92866e-05
9.45 -4.0925e-05
9.455 -1.57217e-05
9.46 -2.5257e-05
9.465 -7.06031e-05
9.47 -0.000152201
9.475 -0.000269773
9.48 -0.000422332
9.485 -0.000608449
9.49 -0.000826524
9.495 -0.0010747
9.5 -0.00135084
9.505 -0.00165288
9.51 -0.00197927
9.515 -0.00232887
9.52 -0.00270074
9.525 -0.00309387
9.53 -0.00350699
9.535 -0.00393845
9.54 -0.00438614
9.545 -0.00484742
9.55 -0.00531944
9.555 -0.00579958
9.56 -0.00628587
9.565 -0.00677706
9.57 -0.00727246
9.575 -0.00777164
9.58 -0.008274
9.585 -0.00877844
9.59 -0.00928329
9.595 -0.00978652
9.6 -0.0102859
9.605 -0.010779
9.61 -0.0112638
9.615 -0.0117385
9.62 -0.0122018
9.625 -0.0126524
9.63 -0.0130897
9.635 -0.0135137
9.64 -0.0139252
9.645 -0.0143256
9.65 -0.0147164
9.655 -0.015099
9.66 -0.0154747
9.665 -0.0158452
9.67 -0.0162121
9.675 -0.0165772
9.68 -0.0169422
9.685 -0.0173086
9.69 -0.017678
9.695 -0.0180513
9.7 -0.0184289
9.705 -0.0188106
9.71 -0.0191958
9.715 -0.019584
9.72 -0.0199745
9.725 -0.0203667
9.73 -0.0207602
9.735 -0.0211543
9.74 -0.0215485
9.745 -0.0219426
9.75 -0.0223359
9.755 -0.022728
9.76 -0.0231183
9.765 -0.0235059
9.77 -0.0238902
9.775 -0.0242705
9.78 -0.0246461
9.785 -0.0250168
9.79 -0.0253825
9.795 -0.0257433
9.8 -0.0260997
9.805 -0.0264521
9.81 -0.0268006
9.815 -0.0271453
9.82 -0.0274853
9.825 -0.027819
9.83 -0.0281445
9.835 -0.0284588
9.84 -0.0287593
9.845 -0.0290428
9.85 -0.029307
9.855 -0.0295499
9.86 -0.0297701
9.865 -0.0299663
9.87 -0.0301374
9.875 -0.0302825
9.88 -0.0304017
9.885 -0.0304952
9.89 -0.0305635
9.895 -0.0306066
9.9 -0.0306243
9.905 -0.0306166
9.91 -0.0305831
9.915 -0.0305238
9.92 -0.0304381
9.925 -0.0303248
9.93 -0.0301823
9.935 -0.0300087
9.94 -0.0298024
9.945 -0.0295615
9.95 -0.0292847
9.955 -0.028971
9.96 -0.0286204
9.965 -0.0282335
9.97 -0.0278119
9.975 -0.027358
9.98 -0.0268739
9.985 -0.0263617
9.99 -0.0258236
9.995 -0.0252607
10 -0.0246744
10.005 -0.0240654
10.01 -0.0234347
10.015 -0.0227837
10.02 -0.0221141
10.025 -0.0214278
10.03 -0.0207273
10.035 -0.020015
10.04 -0.0192932
10.045 -0.0185642
10.05 -0.0178299
10.055 -0.0170918
10.06 -0.0163509
10.065 -0.0156082
10.07 -0.0148646
10.075 -0.0141211
10.08 -0.0133782
10.085 -0.0126363
10.09 -0.0118955
10.095 -0.0111557
10.1 -0.0104167
10.105 -0.0096785
10.11 -0.00894164
10.115 -0.00820715
10.12 -0.00747681
10.125 -0.00675323
10.13 -0.00603954
10.135 -0.00533902
10.14 -0.00465479
10.145 -0.00398927
10.15 -0.00334392
10.155 -0.00271908
10.16 -0.00211431
10.165 -0.00152866
10.17 -0.000960743
10.175 -0.000408956
10.18 0.000128225
10.185 0.000652247
10.19 0.00116475
10.195 0.00166767
10.2 0.00216304
10.205 0.0026529
10.21 0.0031392
10.215 0.0036237
10.22 0.00410783
10.225 0.00459255
10.23 0.00507831
10.235 0.00556502
10.24 0.00605212
10.245 0.00653885
10.25 0.00702466
10.255 0.00750929
10.26 0.00799266
10.265 0.00847461
10.27 0.0089548
10.275 0.00943262
10.28 0.00990707
10.285 0.0103766
10.29 0.010839
10.295 0.0112916
10.3 0.0117318
10.305 0.012157
10.31 0.0125652
10.315 0.012955
10.32 0.0133256
10.325 0.013677
10.33 0.0140097
10.335 0.0143253
10.34 0.0146256
10.345 0.0149128
10.35 0.0151889
10.355 0.0154558
10.36 0.0157148
10.365 0.015967
10.37 0.0162141
10.375 0.0164568
10.38 0.0166952
10.385 0.0169293
10.39 0.0171593
10.395 0.0173854
10.4 0.0176079
10.405 0.0178272
10.41 0.0180435
10.415 0.018257
10.42 0.0184676
10.425 0.0186752
10.43 0.018879
10.435 0.0190782
10.44 0.019271
10.445 0.0194552
10.45 0.0196282
10.455 0.0197872
10.46 0.0199295
10.465 0.0200529
10.47 0.0201558
10.475 0.0202373
10.48 0.0202968
10.485 0.0203342
10.49 0.0203492
10.495 0.0203414
10.5 0.0203104
10.505 0.0202555
10.51 0.0201764
10.515 0.0200729
10.52 0.019945
10.525 0.0197929
10.53 0.0196172
10.535 0.0194182
10.54 0.0191963
10.545 0.018952
10.55 0.0186855
10.555 0.0183973
10.56 0.0180881
10.565 0.0177591
10.57 0.0174121
10.575 0.0170492
10.58 0.0166726
10.585 0.0162846
10.59 0.0158867
10.595 0.0154803
10.6 0.0150665
10.605 0.0146466
10.61 0.014222
10.615 0.0137948
10.62 0.0133675
10.625 0.0129434
10.63 0.0125266
10.635 0.0121213
10.64 0.0117321
10.645 0.0113629
10.65 0.0110169
10.655 0.0106967
10.66 0.0104045
10.665 0.0101428
10.67 0.00991427
10.675 0.0097214
10.68 0.00956615
10.685 0.00944965
10.69 0.0093723
10.695 0.00933392
10.7 0.00933397
10.705 0.00937132
10.71 0.00944427
10.715 0.00955068
10.72 0.00968787
10.725 0.00985276
10.73 0.0100421
10.735 0.010253
10.74 0.0104831
10.745 0.0107309
10.75 0.0109945
10.755 0.0112719
10.76 0.0115601
10.765 0.0118554
10.77 0.0121542
10.775 0.0124528
10.78 0.0127484
10.785 0.0130391
10.79 0.0133241
10.795 0.0136032
10.8 0.0138764
10.805 0.0141437
10.81 0.014404
10.815 0.014656
10.82 0.0148973
10.825 0.0151242
10.83 0.0153331
10.835 0.0155215
10.84 0.0156879
10.845 0.0158317
10.85 0.0159534
10.855 0.0160536
10.86 0.0161332
10.865 0.0161934
10.87 0.0162354
10.875 0.0162605
10.88 0.0162698
10.885 0.0162647
10.89 0.0162461
10.895 0.0162148
10.9 0.0161714
10.905 0.016116
10.91 0.0160493
10.915 0.0159721
10.92 0.0158853
10.925 0.0157896
10.93 0.0156857
10.935 0.0155735
10.94 0.0154532
10.945 0.0153246
10.95 0.0151885
10.955 0.0150459
10.96 0.0148987
10.965 0.0147494
10.97 0.0146005
10.975 0.014455
10.98 0.014316
10.985 0.0141865
10.99 0.0140697
10.995 0.0139683
11 0.0138845
11.005 0.0138202
11.01 0.0137765
11.015 0.0137539
11.02 0.0137521
11.025 0.0137706
11.03 0.0138078
11.035 0.0138619
11.04 0.0139307
11.045 0.0140123
11.05 0.0141049
11.055 0.0142067
11.06 0.0143163
11.065 0.0144322
11.07 0.014553
11.075 0.0146776
11.08 0.0148043
11.085 0.0149315
11.09 0.0150576
11.095 0.0151812
11.1 0.0153006
11.105 0.0154146
11.11 0.0155218
11.115 0.0156214
11.12 0.0157124
11.125 0.0157943
11.13 0.0158664
11.135 0.015928
11.14 0.0159782
11.145 0.0160165
11.15 0.0160425
11.155 0.016056
11.16 0.0160569
11.165 0.0160451
11.17 0.0160201
11.175 0.0159811
11.18 0.0159263
11.185 0.0158534
11.19 0.0157594
11.195 0.0156419
11.2 0.0154984
11.205 0.0153274
11.21 0.0151276
11.215 0.0148984
11.22 0.0146394
11.225 0.0143504
11.23 0.014031
11.235 0.0136813
11.24 0.0133015
11.245 0.0128925
11.25 0.0124555
11.255 0.011992
11.26 0.0115032
11.265 0.01099
11.27 0.0104529
11.275 0.00989278
11.28 0.00931016
11.285 0.00870557
11.29 0.00807941
11.295 0.0074321
11.3 0.00676431
11.305 0.00607722
11.31 0.00537256
11.315 0.00465256
11.32 0.00391963
11.325 0.00317595
11.33 0.00242349
11.335 0.00166381
11.34 0.000898367
11.345 0.000128753
11.35 -0.000643629
11.355 -0.00141778
11.36 -0.00219294
11.365 -0.00296849
11.37 -0.00374359
11.375 -0.00451708
11.38 -0.0052876
11.385 -0.00605381
11.39 -0.00681463
11.395 -0.00756933
11.4 -0.00831753
11.405 -0.009059
11.41 -0.00979342
11.415 -0.0105201
11.42 -0.0112379
11.425 -0.0119456
11.43 -0.0126415
11.435 -0.0133242
11.44 -0.0139926
11.445 -0.0146452
11.45 -0.0152809
11.455 -0.0158982
11.46 -0.0164961
11.465 -0.0170731
11.47 -0.0176281
11.475 -0.01816
11.48 -0.018668
11.485 -0.0191513
11.49 -0.0196091
11.495 -0.0200409
11.5 -0.0204464
11.505 -0.0208254
11.51 -0.0211779
11.515 -0.0215039
11.52 -0.0218035
11.525 -0.0220767
11.53 -0.0223236
11.535 -0.022544
11.54 -0.0227376
11.545 -0.0229037
11.55 -0.0230414
11.555 -0.0231497
11.56 -0.0232274
11.565 -0.0232736
11.57 -0.023287
11.575 -0.0232671
11.58 -0.0232132
11.585 -0.0231254
11.59 -0.0230043
11.595 -0.0228513
11.6 -0.0226676
11.605 -0.0224546
11.61 -0.0222127
11.615 -0.0219422
11.62 -0.0216428
11.625 -0.0213139
11.63 -0.0209552
11.635 -0.0205662
11.64 -0.0201467
11.645 -0.0196962
11.65 -0.0192146
11.655 -0.0187021
11.66 -0.0181593
11.665 -0.0175875
11.67 -0.0169889
11.675 -0.0163664
11.68 -0.0157232
11.685 -0.0150623
11.69 -0.0143864
11.695 -0.0136985
11.7 -0.0130012
11.705 -0.0122964
11.71 -0.0115856
11.715 -0.0108697
11.72 -0.0101493
11.725 -0.00942542
11.73 -0.00869968
11.735 -0.00797457
11.74 -0.00725305
11.745 -0.00653813
11.75 -0.00583267
11.755 -0.00513923
11.76 -0.00445987
11.765 -0.00379597
11.77 -0.00314834
11.775 -0.00251756
11.78 -0.00190419
11.785 -0.001309
11.79 -0.000732941
11.795 -0.000176962
11.8 0.000358188
11.805 0.000872102
11.81 0.00136479
11.815 0.00183665
11.82 0.00228843
11.825 0.0027212
11.83 0.00313627
11.835 0.003535
11.84 0.00391877
11.845 0.00428907
11.85 0.00464758
11.855 0.0049962
11.86 0.00533703
11.865 0.00567231
11.87 0.00600409
11.875 0.00633392
11.88 0.00666263
11.885 0.00699023
11.89 0.00731568
11.895 0.00763693
11.9 0.00795127
11.905 0.00825611
11.91 0.00854907
11.915 0.008828
11.92 0.00909142
11.925 0.00933867
11.93 0.00956969
11.935 0.00978455
11.94 0.00998323
11.945 0.0101655
11.95 0.0103312
11.955 0.0104799
11.96 0.0106116
11.965 0.0107263
11.97 0.0108245
11.975 0.010907
11.98 0.0109746
11.985 0.0110286
11.99 0.0110706
11.995 0.0111021
12 0.0111249
12.005 0.0111408
12.01 0.0111514
12.015 0.0111585
12.02 0.0111623
12.025 0.0111621
12.03 0.0111568
12.035 0.0111453
12.04 0.0111259
12.045 0.0110962
12.05 0.0110539
12.055 0.0109962
12.06 0.0109207
12.065 0.0108251
12.07 0.0107083
12.075 0.0105693
12.08 0.0104075
12.085 0.0102229
12.09 0.0100158
12.095 0.00978694
12.1 0.0095376
12.105 0.00926922
12.11 0.00898329
12.115 0.008681
12.12 0.00836326
12.125 0.00803096
12.13 0.0076851
12.135 0.0073269
12.14 0.00695778
12.145 0.00657935
12.15 0.00619344
12.155 0.00580201
12.16 0.00540703
12.165 0.00501033
12.17 0.00461341
12.175 0.00421732
12.18 0.0038225
12.185 0.0034288
12.19 0.0030355
12.195 0.00264164
12.2 0.00224629
12.205 0.00184858
12.21 0.00144762
12.215 0.00104286
12.22 0.000634338
12.225 0.00022268
12.23 -0.000191032
12.235 -0.000605605
12.24 -0.00102007
12.245 -0.00143382
12.25 -0.00184652
12.255 -0.00225788
12.26 -0.00266748
12.265 -0.0030746
12.27 -0.00347788
12.275 -0.00387518
12.28 -0.00426354
12.285 -0.00463954
12.29 -0.00499994
12.295 -0.00534215
12.3 -0.00566425
12.305 -0.00596482
12.31 -0.00624273
12.315 -0.00649711
12.32 -0.00672763
12.325 -0.00693473
12.33 -0.0071199
12.335 -0.0072854
12.34 -0.00743374
12.345 -0.00756748
12.35 -0.00768919
12.355 -0.00780102
12.36 -0.00790427
12.365 -0.0079996
12.37 -0.00808745
12.375 -0.0081683
12.38 -0.00824251
12.385 -0.00831019
12.39 -0.00837106
12.395 -0.00842461
12.4 -0.00847029
12.405 -0.00850778
12.41 -0.00853697
12.415 -0.00855794
12.42 -0.00857103
12.425 -0.00857685
12.43 -0.0085761
12.435 -0.00856935
12.44 -0.0085569
12.445 -0.00853863
12.45 -0.00851399
12.455 -0.00848207
12.46 -0.00844186
12.465 -0.00839234
12.47 -0.00833246
12.475 -0.00826124
12.48 -0.00817782
12.485 -0.00808167
12.49 -0.00797276
12.495 -0.0078516
12.5 -0.00771907
12.505 -0.00757616
12.51 -0.00742372
12.515 -0.00726251
12.52 -0.00709323
12.525 -0.00691656
12.53 -0.00673308
12.535 -0.00654341
12.54 -0.0063482
12.545 -0.00614821
12.55 -0.00594408
12.555 -0.00573622
12.56 -0.00552461
12.565 -0.00530885
12.57 -0.00508827
12.575 -0.00486215
12.58 -0.00462984
12.585 -0.00439074
12.59 -0.00414456
12.595 -0.00389137
12.6 -0.00363143
12.605 -0.00336493
12.61 -0.0030919
12.615 -0.00281208
12.62 -0.00252507
12.625 -0.00223053
12.63 -0.00192818
12.635 -0.00161766
12.64 -0.00129857
12.645 -0.000970488
12.65 -0.000633013
12.655 -0.00028571
12.66 7.18801e-05
12.665 0.000440172
12.67 0.000819407
12.675 0.0012095
12.68 0.00160995
12.685 0.00201987
12.69 0.00243812
12.695 0.00286353
12.7 0.00329482
12.705 0.00373049
12.71 0.00416867
12.715 0.00460731
12.72 0.0050445
12.725 0.00547859
12.73 0.00590801
12.735 0.00633106
12.74 0.00674584
12.745 0.00715039
12.75 0.00754299
12.755 0.00792241
12.76 0.00828786
12.765 0.00863879
12.77 0.00897446
12.775 0.00929384
12.78 0.0095957
12.785 0.00987874
12.79 0.0101417
12.795 0.0103833
12.8 0.0106026
12.805 0.0107985
12.81 0.0109702
12.815 0.0111171
12.82 0.0112382
12.825 0.0113323
12.83 0.0113977
12.835 0.0114324
12.84 0.0114342
12.845 0.0114007
12.85 0.0113301
12.855 0.0112209
12.86 0.0110728
12.865 0.0108867
12.87 0.010664
12.875 0.0104068
12.88 0.0101175
12.885 0.00979747
12.89 0.0094471
12.895 0.00906691
12.9 0.00865786
12.905 0.00822056
12.91 0.00775537
12.915 0.00726342
12.92 0.00674714
12.925 0.00620988
12.93 0.00565553
12.935 0.0050883
12.94 0.00451231
12.945 0.00393122
12.95 0.00334798
12.955 0.00276475
12.96 0.002183
12.965 0.00160354
12.97 0.00102661
12.975 0.000452214
12.98 -0.000119486
12.985 -0.000687951
12.99 -0.00125235
12.995 -0.00181166
13 -0.00236465
13.005 -0.00290985
13.01 -0.00344564
13.015 -0.0039704
13.02 -0.00448274
13.025 -0.00498147
13.03 -0.00546543
13.035 -0.00593348
13.04 -0.00638455
13.045 -0.00681762
13.05 -0.00723177
13.055 -0.00762615
13.06 -0.008
13.065 -0.00835254
13.07 -0.00868287
13.075 -0.00898987
13.08 -0.0092723
13.085 -0.009529
13.09 -0.00975908
13.095 -0.00996206
13.1 -0.010138
13.105 -0.0102875
13.11 -0.0104116
13.115 -0.0105113
13.12 -0.0105881
13.125 -0.0106432
13.13 -0.0106779
13.135 -0.0106936
13.14 -0.0106923
13.145 -0.0106758
13.15 -0.0106459
13.155 -0.0106045
13.16 -0.0105532
13.165 -0.0104939
13.17 -0.010429
13.175 -0.0103608
13.18 -0.0102918
13.185 -0.0102242
13.19 -0.0101597
13.195 -0.0100995
13.2 -0.0100448
13.205 -0.00999633
13.21 -0.00995461
13.215 -0.00992014
13.22 -0.00989328
13.225 -0.00987429
13.23 -0.0098633
13.235 -0.00986018
13.24 -0.00986454
13.245 -0.00987581
13.25 -0.00989345
13.255 -0.00991697
13.26 -0.00994603
13.265 -0.00998082
13.27 -0.0100217
13.275 -0.0100687
13.28 -0.0101218
13.285 -0.0101809
13.29 -0.0102455
13.295 -0.0103151
13.3 -0.0103892
13.305 -0.010467
13.31 -0.0105481
13.315 -0.0106316
13.32 -0.0107172
13.325 -0.0108047
13.33 -0.0108938
13.335 -0.0109845
13.34 -0.0110763
13.345 -0.0111683
13.35 -0.0112591
13.355 -0.0113469
13.36 -0.0114302
13.365 -0.0115076
13.37 -0.0115775
13.375 -0.0116381
13.38 -0.0116879
13.385 -0.0117257
13.39 -0.0117506
13.395 -0.0117619
13.4 -0.0117586
13.405 -0.0117398
13.41 -0.0117047
13.415 -0.0116525
13.42 -0.0115823
13.425 -0.0114938
13.43 -0.0113864
13.435 -0.0112601
13.44 -0.0111146
13.445 -0.0109498
13.45 -0.0107657
13.455 -0.0105623
13.46 -0.0103397
13.465 -0.0100984
13.47 -0.0098387
13.475 -0.00956143
13.48 -0.00926742
13.485 -0.00895773
13.49 -0.00863373
13.495 -0.00829723
13.5 -0.00795051
13.505 -0.00759623
13.51 -0.00723732
13.515 -0.00687688
13.52 -0.00651789
13.525 -0.00616304
13.53 -0.00581448
13.535 -0.00547371
13.54 -0.00514176
13.545 -0.00481928
13.55 -0.00450679
13.555 -0.00420487
13.56 -0.00391401
13.565 -0.00363453
13.57 -0.00336684
13.575 -0.00311152
13.58 -0.00286904
13.585 -0.00263954
13.59 -0.00242266
13.595 -0.00221754
13.6 -0.00202303
13.605 -0.00183802
13.61 -0.00166192
13.615 -0.00149492
13.62 -0.00133796
13.625 -0.0011926
13.63 -0.00106086
13.635 -0.000944838
13.64 -0.000846612
13.645 -0.000768069
13.65 -0.000710505
13.655 -0.000674297
13.66 -0.000658901
13.665 -0.000663006
13.67 -0.000684852
13.675 -0.000722546
13.68 -0.000774195
13.685 -0.000837989
13.69 -0.000912107
13.695 -0.000994532
13.7 -0.00108307
13.705 -0.00117552
13.71 -0.00126974
13.715 -0.00136376
13.72 -0.00145589
13.725 -0.00154478
13.73 -0.00162932
13.735 -0.00170846
13.74 -0.00178115
13.745 -0.00184632
13.75 -0.00190288
13.755 -0.00194982
13.76 -0.00198626
13.765 -0.00201145
13.77 -0.00202469
13.775 -0.00202539
13.78 -0.00201308
13.785 -0.00198741
13.79 -0.00194819
13.795 -0.00189539
13.8 -0.00182905
13.805 -0.00174924
13.81 -0.00165589
13.815 -0.00154879
13.82 -0.00142759
13.825 -0.00129196
13.83 -0.00114158
13.835 -0.00097621
13.84 -0.000795757
13.845 -0.000600414
13.85 -0.000390751
13.855 -0.000167745
13.86 6.74002e-05
13.865 0.000313618
13.87 0.000570241
13.875 0.000836963
13.88 0.00111364
13.885 0.00140009
13.89 0.00169593
13.895 0.00200055
13.9 0.00231315
13.905 0.00263284
13.91 0.00295867
13.915 0.00328977
13.92 0.00362532
13.925 0.00396449
13.93 0.00430642
13.935 0.00465014
13.94 0.00499446
13.945 0.00533782
13.95 0.00567838
13.955 0.0060141
13.96 0.00634276
13.965 0.00666207
13.97 0.00696974
13.975 0.00726371
13.98 0.00754237
13.985 0.00780478
13.99 0.00805063
13.995 0.00828004
14 0.00849329
14.005 0.00869071
14.01 0.00887244
14.015 0.00903839
14.02 0.00918824
14.025 0.00932206
14.03 0.00944023
14.035 0.00954221
14.04 0.00962651
14.045 0.00969183
14.05 0.0097374
14.055 0.0097626
14.06 0.00976668
14.065 0.00974874
14.07 0.00970782
14.075 0.00964294
14.08 0.00955315
14.085 0.00943767
14.09 0.00929608
14.095 0.00912851
14.1 0.00893569
14.105 0.00871878
14.11 0.00847926
14.115 0.00821867
14.12 0.00793835
14.125 0.00763944
14.13 0.00732307
14.135 0.0069904
14.14 0.00664249
14.145 0.00628023
14.15 0.00590422
14.155 0.00551469
14.16 0.0051116
14.165 0.00469476
14.17 0.00426391
14.175 0.00381869
14.18 0.00335871
14.185 0.00288364
14.19 0.00239336
14.195 0.00188814
14.2 0.00136882
14.205 0.000836639
14.21 0.000292991
14.215 -0.000260471
14.22 -0.00082197
14.225 -0.00138988
14.23 -0.00196271
14.235 -0.00253904
14.24 -0.0031176
14.245 -0.00369721
14.25 -0.00427661
14.255 -0.00485463
14.26 -0.00543029
14.265 -0.00600277
14.27 -0.00657138
14.275 -0.00713564
14.28 -0.00769528
14.285 -0.0082503
14.29 -0.00880074
14.295 -0.00934651
14.3 -0.00988726
14.305 -0.0104224
14.31 -0.0109508
14.315 -0.0114712
14.32 -0.0119821
14.325 -0.0124812
14.33 -0.0129663
14.335 -0.0134348
14.34 -0.0138849
14.345 -0.0143149
14.35 -0.0147236
14.355 -0.01511
14.36 -0.0154728
14.365 -0.0158114
14.37 -0.0161248
14.375 -0.0164125
14.38 -0.0166739
14.385 -0.0169088
14.39 -0.0171172
14.395 -0.0172992
14.4 -0.017455
14.405 -0.0175844
14.41 -0.0176875
14.415 -0.0177638
14.42 -0.0178131
14.425 -0.0178353
14.43 -0.0178301
14.435 -0.0177977
14.44 -0.0177382
14.445 -0.0176518
14.45 -0.0175397
14.455 -0.0174031
14.46 -0.0172444
14.465 -0.017066
14.47 -0.0168709
14.475 -0.0166613
14.48 -0.0164398
14.485 -0.0162081
14.49 -0.0159677
14.495 -0.0157191
14.5 -0.0154625
14.505 -0.0151971
14.51 -0.0149226
14.515 -0.0146385
14.52 -0.014345
14.525 -0.0140423
14.53 -0.013731
14.535 -0.0134117
14.54 -0.0130856
14.545 -0.0127535
14.55 -0.0124164
14.555 -0.0120749
14.56 -0.0117293
14.565 -0.0113797
14.57 -0.011026
14.575 -0.010668
14.58 -0.010305
14.585 -0.00993651
14.59 -0.00956184
14.595 -0.00918043
14.6 -0.00879178
14.605 -0.00839545
14.61 -0.00799116
14.615 -0.00757887
14.62 -0.00715888
14.625 -0.00673188
14.63 -0.00629885
14.635 -0.00586081
14.64 -0.00541869
14.645 -0.00497337
14.65 -0.00452577
14.655 -0.00407682
14.66 -0.00362733
14.665 -0.00317798
14.67 -0.00272941
14.675 -0.00228219
14.68 -0.00183673
14.685 -0.00139306
14.69 -0.000950726
14.695 -0.000508754
14.7 -6.59221e-05
14.705 0.000378967
14.71 0.000826976
14.715 0.00127888
14.72 0.001735
14.725 0.00219523
14.73 0.00265927
14.735 0.00312672
14.74 0.00359707
14.745 0.00406971
14.75 0.00454396
14.755 0.00501913
14.76 0.00549471
14.765 0.00597033
14.77 0.00644568
14.775 0.00692048
14.78 0.00739441
14.785 0.00786701
14.79 0.00833773
14.795 0.0088059
14.8 0.00927081
14.805 0.00973175
14.81 0.0101881
14.815 0.0106395
14.82 0.0110861
14.825 0.0115281
14.83 0.0119664
14.835 0.0124015
14.84 0.0128337
14.845 0.0132632
14.85 0.01369
14.855 0.0141135
14.86 0.0145322
14.865 0.0149444
14.87 0.0153491
14.875 0.0157454
14.88 0.0161329
14.885 0.016511
14.89 0.0168794
14.895 0.0172372
14.9 0.017584
14.905 0.0179188
14.91 0.0182407
14.915 0.0185485
14.92 0.0188412
14.925 0.0191173
14.93 0.0193757
14.935 0.019615
14.94 0.0198342
14.945 0.0200317
14.95 0.0202061
14.955 0.0203553
14.96 0.0204773
14.965 0.0205697
14.97 0.02063
14.975 0.0206558
14.98 0.0206449
14.985 0.0205952
14.99 0.020505
14.995 0.0203728
15 0.0201976
15.005 0.0199786
15.01 0.0197156
15.015 0.0194085
15.02 0.0190576
15.025 0.0186632
15.03 0.0182258
15.035 0.0177458
15.04 0.0172236
15.045 0.0166599
15.05 0.0160553
15.055 0.0154105
15.06 0.0147265
15.065 0.0140048
15.07 0.0132469
15.075 0.0124547
15.08 0.0116307
15.085 0.0107775
15.09 0.00989804
15.095 0.00899529
15.1 0.00807167
15.105 0.00712914
15.11 0.00616922
15.115 0.00519314
15.12 0.00420209
15.125 0.00319758
15.13 0.00218153
15.135 0.00115602
15.14 0.000123212
15.145 -0.000914669
15.15 -0.00195536
15.155 -0.00299653
15.16 -0.00403556
15.165 -0.00506975
15.17 -0.00609667
15.175 -0.00711417
15.18 -0.00812045
15.185 -0.00911398
15.19 -0.0100936
15.195 -0.0110586
15.2 -0.0120082
15.205 -0.012942
15.21 -0.0138591
15.215 -0.0147584
15.22 -0.0156385
15.225 -0.0164981
15.23 -0.0173361
15.235 -0.0181511
15.24 -0.0189419
15.245 -0.0197071
15.25 -0.0204457
15.255 -0.0211565
15.26 -0.0218389
15.265 -0.0224922
15.27 -0.0231159
15.275 -0.0237094
15.28 -0.0242722
15.285 -0.0248039
15.29 -0.025304
15.295 -0.0257721
15.3 -0.0262075
15.305 -0.0266099
15.31 -0.0269786
15.315 -0.0273134
15.32 -0.0276139
15.325 -0.0278801
15.33 -0.0281118
15.335 -0.0283092
15.34 -0.0284724
15.345 -0.0286017
15.35 -0.0286976
15.355 -0.0287602
15.36 -0.0287901
15.365 -0.0287876
15.37 -0.0287531
15.375 -0.0286873
15.38 -0.0285905
15.385 -0.0284634
15.39 -0.0283071
15.395 -0.0281225
15.4 -0.0279112
15.405 -0.0276743
15.41 -0.027413
15.415 -0.0271283
15.42 -0.0268212
15.425 -0.0264924
15.43 -0.0261429
15.435 -0.0257733
15.44 -0.0253844
15.445 -0.0249767
15.45 -0.0245508
15.455 -0.0241071
15.46 -0.0236462
15.465 -0.0231688
15.47 -0.0226755
15.475 -0.0221676
15.48 -0.0216462
15.485 -0.0211123
15.49 -0.020567
15.495 -0.0200113
15.5 -0.0194462
15.505 -0.0188727
15.51 -0.0182924
15.515 -0.0177065
15.52 -0.0171163
15.525 -0.0165223
15.53 -0.0159252
15.535 -0.0153256
15.54 -0.0147242
15.545 -0.0141216
15.55 -0.0135182
15.555 -0.0129145
15.56 -0.012311
15.565 -0.0117083
15.57 -0.0111071
15.575 -0.0105081
15.58 -0.00991198
15.585 -0.00931967
15.59 -0.00873211
15.595 -0.00815018
15.6 -0.00757472
15.605 -0.00700659
15.61 -0.00644673
15.615 -0.00589616
15.62 -0.0053558
15.625 -0.0048264
15.63 -0.00430842
15.635 -0.003802
15.64 -0.00330689
15.645 -0.0028226
15.65 -0.00234876
15.655 -0.00188526
15.66 -0.00143244
15.665 -0.000991139
15.67 -0.000562665
15.675 -0.000148694
15.68 0.000249098
15.685 0.00062936
15.69 0.000991089
15.695 0.00133352
15.7 0.00165609
15.705 0.00195843
15.71 0.00224043
15.715 0.00250217
15.72 0.00274407
15.725 0.00296672
15.73 0.00317068
15.735 0.00335639
15.74 0.00352428
15.745 0.00367489
15.75 0.00380881
15.755 0.0039266
15.76 0.00402864
15.765 0.00411502
15.77 0.00418547
15.775 0.00423943
15.78 0.00427625
15.785 0.0042955
15.79 0.00429697
15.795 0.00428071
15.8 0.00424704
15.805 0.00419657
15.81 0.0041302
15.815 0.00404896
15.82 0.00395377
15.825 0.00384537
15.83 0.0037243
15.835 0.00359102
15.84 0.00344586
15.845 0.00328906
15.85 0.00312082
15.855 0.00294139
15.86 0.0027511
15.865 0.00255035
15.87 0.00233957
15.875 0.00211928
15.88 0.00189017
15.885 0.00165352
15.89 0.00141098
15.895 0.00116365
15.9 0.000912435
15.905 0.000658747
15.91 0.000404317
15.915 0.000151017
15.92 -9.92984e-05
15.925 -0.000344938
15.93 -0.000584594
15.935 -0.000817428
15.94 -0.00104291
15.945 -0.00126058
15.95 -0.00147004
15.955 -0.00167087
15.96 -0.00186267
15.965 -0.00204517
15.97 -0.00221836
15.975 -0.00238222
15.98 -0.00253654
15.985 -0.00268131
15.99 -0.00281676
15.995 -0.00294352
16 -0.00306207
16.005 -0.00317259
16.01 -0.00327579
16.015 -0.00337241
16.02 -0.0034629
16.025 -0.00354766
16.03 -0.0036271
16.035 -0.00370162
16.04 -0.00377168
16.045 -0.00383783
16.05 -0.00390067
16.055 -0.00396089
16.06 -0.00401922
16.065 -0.00407645
16.07 -0.0041334
16.075 -0.00419092
16.08 -0.00424983
16.085 -0.00431075
16.09 -0.00437412
16.095 -0.00444015
16.1 -0.00450897
16.105 -0.00458078
16.11 -0.00465599
16.115 -0.00473519
16.12 -0.00481898
16.125 -0.00490788
16.13 -0.00500221
16.135 -0.00510219
16.14 -0.00520788
16.145 -0.00531926
16.15 -0.00543615
16.155 -0.00555817
16.16 -0.00568475
16.165 -0.00581515
16.17 -0.00594864
16.175 -0.00608473
16.18 -0.00622297
16.185 -0.00636267
16.19 -0.00650296
16.195 -0.00664289
16.2 -0.00678153
16.205 -0.00691797
16.21 -0.00705125
16.215 -0.00718038
16.22 -0.00730432
16.225 -0.0074222
16.23 -0.00753333
16.235 -0.00763703
16.24 -0.00773298
16.245 -0.00782162
16.25 -0.00790384
16.255 -0.00798067
16.26 -0.00805312
16.265 -0.00812218
16.27 -0.00818869
16.275 -0.00825313
16.28 -0.00831548
16.285 -0.00837508
16.29 -0.00843063
16.295 -0.00848038
16.3 -0.00852248
16.305 -0.00855547
16.31 -0.00857817
16.315 -0.00858962
16.32 -0.00858903
16.325 -0.00857587
16.33 -0.00854999
16.335 -0.00851162
16.34 -0.0084613
16.345 -0.00839975
16.35 -0.00832779
16.355 -0.00824633
16.36 -0.00815611
16.365 -0.00805772
16.37 -0.00795159
16.375 -0.00783815
16.38 -0.00771785
16.385 -0.00759128
16.39 -0.00745913
16.395 -0.00732216
16.4 -0.00718115
16.405 -0.00703685
16.41 -0.00688999
16.415 -0.00674117
16.42 -0.00659092
16.425 -0.00643962
16.43 -0.00628766
16.435 -0.00613533
16.44 -0.00598288
16.445 -0.00583091
16.45 -0.00568011
16.455 -0.0055311
16.46 -0.00538446
16.465 -0.0052409
16.47 -0.00510124
16.475 -0.00496631
16.48 -0.00483669
16.485 -0.00471247
16.49 -0.00459341
16.495 -0.00447914
16.5 -0.00436931
16.505 -0.0042637
16.51 -0.00416209
16.515 -0.00406412
16.52 -0.00396935
16.525 -0.00387732
16.53 -0.00378771
16.535 -0.00370042
16.54 -0.00361564
16.545 -0.00353377
16.55 -0.00345527
16.555 -0.00338046
16.56 -0.00330939
16.565 -0.00324196
16.57 -0.00317802
16.575 -0.00311731
16.58 -0.0030595
16.585 -0.00300418
16.59 -0.00295091
16.595 -0.00289934
16.6 -0.00284929
16.605 -0.00280071
16.61 -0.00275378
16.615 -0.00270887
16.62 -0.0026665
16.625 -0.00262731
16.63 -0.00259206
16.635 -0.00256161
16.64 -0.0025366
16.645 -0.00251737
16.65 -0.00250386
16.655 -0.00249577
16.66 -0.00249268
16.665 -0.00249415
16.67 -0.00249984
16.675 -0.00250956
16.68 -0.00252321
16.685 -0.00254077
16.69 -0.00256232
16.695 -0.00258803
16.7 -0.00261798
16.705 -0.00265212
16.71 -0.00269012
16.715 -0.00273152
16.72 -0.00277578
16.725 -0.00282242
16.73 -0.00287107
16.735 -0.00292144
16.74 -0.0029734
16.745 -0.003027
16.75 -0.00308249
16.755 -0.0031402
16.76 -0.00320047
16.765 -0.00326363
16.77 -0.00333008
16.775 -0.00340017
16.78 -0.00347407
16.785 -0.00355159
16.79 -0.00363217
16.795 -0.00371491
16.8 -0.00379875
16.805 -0.00388268
16.81 -0.00396579
16.815 -0.00404713
16.82 -0.00412575
16.825 -0.00420067
16.83 -0.00427094
16.835 -0.00433566
16.84 -0.00439395
16.845 -0.00444492
16.85 -0.00448772
16.855 -0.0045215
16.86 -0.00454551
16.865 -0.00455925
16.87 -0.00456248
16.875 -0.00455518
16.88 -0.00453751
16.885 -0.00450975
16.89 -0.00447223
16.895 -0.0044253
16.9 -0.00436937
16.905 -0.00430511
16.91 -0.00423351
16.915 -0.00415588
16.92 -0.00407365
16.925 -0.00398832
16.93 -0.00390134
16.935 -0.00381394
16.94 -0.003727
16.945 -0.00364108
16.95 -0.0035566
16.955 -0.00347414
16.96 -0.00339433
16.965 -0.00331768
16.97 -0.00324483
16.975 -0.00317649
16.98 -0.00311332
16.985 -0.0030559
16.99 -0.00300475
16.995 -0.00296046
17 -0.00292381
17.005 -0.00289578
17.01 -0.00287739
17.015 -0.00286966
17.02 -0.00287331
17.025 -0.00288877
17.03 -0.00291615
17.035 -0.00295533
17.04 -0.00300611
17.045 -0.00306825
17.05 -0.00314151
17.055 -0.00322558
17.06 -0.00331999
17.065 -0.00342411
17.07 -0.00353715
17.075 -0.00365821
17.08 -0.00378612
17.085 -0.00391953
17.09 -0.00405695
17.095 -0.00419696
17.1 -0.00433834
17.105 -0.00448016
17.11 -0.0046219
17.115 -0.00476352
17.12 -0.00490546
17.125 -0.0050483
17.13 -0.00519247
17.135 -0.00533798
17.14 -0.00548469
17.145 -0.00563248
17.15 -0.00578143
17.155 -0.00593181
17.16 -0.00608392
17.165 -0.00623795
17.17 -0.00639375
17.175 -0.00655078
17.18 -0.00670806
17.185 -0.00686455
17.19 -0.00701926
17.195 -0.00717114
17.2 -0.00731892
17.205 -0.00746131
17.21 -0.00759711
17.215 -0.00772548
17.22 -0.00784602
17.225 -0.00795871
17.23 -0.0080638
17.235 -0.00816157
17.24 -0.00825246
17.245 -0.00833708
17.25 -0.00841612
17.255 -0.00849011
17.26 -0.00855944
17.265 -0.00862444
17.27 -0.00868539
17.275 -0.00874256
17.28 -0.00879614
17.285 -0.00884616
17.29 -0.00889254
17.295 -0.00893513
17.3 -0.00897373
17.305 -0.00900804
17.31 -0.00903764
17.315 -0.00906196
17.32 -0.00908028
17.325 -0.00909185
17.33 -0.00909601
17.335 -0.00909225
17.34 -0.00908021
17.345 -0.00905974
17.35 -0.00903087
17.355 -0.00899383
17.36 -0.00894905
17.365 -0.0088971
17.37 -0.0088385
17.375 -0.00877367
17.38 -0.00870307
17.385 -0.00862721
17.39 -0.00854678
17.395 -0.0084626
17.4 -0.00837558
17.405 -0.00828662
17.41 -0.00819637
17.415 -0.00810501
17.42 -0.0080121
17.425 -0.00791671
17.43 -0.00781764
17.435 -0.00771383
17.44 -0.00760459
17.445 -0.00748938
17.45 -0.00736766
17.455 -0.00723914
17.46 -0.00710366
17.465 -0.00696095
17.47 -0.00681084
17.475 -0.0066533
17.48 -0.00648854
17.485 -0.00631685
17.49 -0.00613855
17.495 -0.00595399
17.5 -0.00576344
17.505 -0.0055671
17.51 -0.00536501
17.515 -0.00515712
17.52 -0.0049433
17.525 -0.00472341
17.53 -0.00449744
17.535 -0.00426551
17.54 -0.00402792
17.545 -0.00378507
17.55 -0.00353748
17.555 -0.00328586
17.56 -0.00303098
17.565 -0.00277369
17.57 -0.00251485
17.575 -0.00225548
17.58 -0.00199668
17.585 -0.00173964
17.59 -0.00148544
17.595 -0.00123506
17.6 -0.000989473
17.605 -0.000749618
17.61 -0.00051641
17.615 -0.000290684
17.62 -7.30854e-05
17.625 0.000136042
17.63 0.000336678
17.635 0.000529081
17.64 0.000713725
17.645 0.00089112
17.65 0.00106165
17.655 0.00122559
17.66 0.00138327
17.665 0.00153504
17.67 0.00168134
17.675 0.00182256
17.68 0.00195905
17.685 0.00209098
17.69 0.00221817
17.695 0.00234011
17.7 0.00245612
17.705 0.00256559
17.71 0.00266816
17.715 0.00276369
17.72 0.00285234
17.725 0.00293466
17.73 0.00301164
17.735 0.0030847
17.74 0.00315541
17.745 0.00322518
17.75 0.00329536
17.755 0.00336727
17.76 0.00344216
17.765 0.00352109
17.77 0.0036048
17.775 0.00369364
17.78 0.00378741
17.785 0.00388566
17.79 0.00398778
17.795 0.00409282
17.8 0.00419984
17.805 0.00430801
17.81 0.00441632
17.815 0.00452355
17.82 0.0046283
17.825 0.00472924
17.83 0.00482504
17.835 0.00491445
17.84 0.00499625
17.845 0.0050693
17.85 0.00513263
17.855 0.00518548
17.86 0.00522727
17.865 0.00525761
17.87 0.00527619
17.875 0.00528281
17.88 0.00527737
17.885 0.00525977
17.89 0.00522985
17.895 0.00518739
17.9 0.00513211
17.905 0.00506378
17.91 0.00498219
17.915 0.00488715
17.92 0.00477844
17.925 0.00465582
17.93 0.00451909
17.935 0.00436817
17.94 0.00420308
17.945 0.00402396
17.95 0.00383097
17.955 0.00362437
17.96 0.00340445
17.965 0.00317158
17.97 0.0029261
17.975 0.00266828
17.98 0.00239824
17.985 0.00211587
17.99 0.00182069
17.995 0.00151186
18 0.00118835
18.005 0.000849173
18.01 0.000493641
18.015 0.000121392
18.02 -0.000267564
18.025 -0.000672985
18.03 -0.00109455
18.035 -0.00153203
18.04 -0.00198522
18.045 -0.00245359
18.05 -0.00293633
18.055 -0.00343266
18.06 -0.00394186
18.065 -0.00446331
18.07 -0.00499641
18.075 -0.00554038
18.08 -0.00609432
18.085 -0.00665719
18.09 -0.00722776
18.095 -0.00780468
18.1 -0.00838652
18.105 -0.00897188
18.11 -0.00955939
18.115 -0.0101477
18.12 -0.0107352
18.125 -0.0113208
18.13 -0.011903
18.135 -0.012481
18.14 -0.0130543
18.145 -0.0136225
18.15 -0.0141859
18.155 -0.0147443
18.16 -0.015298
18.165 -0.0158469
18.17 -0.0163905
18.175 -0.0169284
18.18 -0.01746
18.185 -0.0179848
18.19 -0.0185018
18.195 -0.0190105
18.2 -0.0195099
18.205 -0.0199995
18.21 -0.0204787
18.215 -0.0209469
18.22 -0.0214035
18.225 -0.0218481
18.23 -0.0222799
18.235 -0.0226983
18.24 -0.0231025
18.245 -0.0234917
18.25 -0.0238652
18.255 -0.0242222
18.26 -0.0245624
18.265 -0.0248851
18.27 -0.0251899
18.275 -0.0254761
18.28 -0.0257433
18.285 -0.0259906
18.29 -0.0262174
18.295 -0.0264228
18.3 -0.0266061
18.305 -0.0267665
18.31 -0.0269033
18.315 -0.0270158
18.32 -0.0271033
18.325 -0.0271649
18.33 -0.0271995
18.335 -0.0272061
18.34 -0.0271837
18.345 -0.0271316
18.35 -0.0270492
18.355 -0.0269362
18.36 -0.0267929
18.365 -0.0266199
18.37 -0.0264181
18.375 -0.0261884
18.38 -0.0259319
18.385 -0.0256495
18.39 -0.0253417
18.395 -0.0250093
18.4 -0.024653
18.405 -0.0242738
18.41 -0.0238725
18.415 -0.0234501
18.42 -0.0230074
18.425 -0.0225455
18.43 -0.0220655
18.435 -0.0215685
18.44 -0.0210558
18.445 -0.0205287
18.45 -0.0199884
18.455 -0.0194365
18.46 -0.0188746
18.465 -0.0183045
18.47 -0.0177281
18.475 -0.0171474
18.48 -0.0165642
18.485 -0.0159804
18.49 -0.0153978
18.495 -0.0148181
18.5 -0.0142427
18.505 -0.0136729
18.51 -0.0131098
18.515 -0.0125547
18.52 -0.0120087
18.525 -0.0114721
18.53 -0.0109453
18.535 -0.0104279
18.54 -0.00991999
18.545 -0.00942118
18.55 -0.00893123
18.555 -0.0084499
18.56 -0.00797698
18.565 -0.00751218
18.57 -0.00705493
18.575 -0.00660434
18.58 -0.00615928
18.585 -0.00571856
18.59 -0.00528129
18.595 -0.00484699
18.6 -0.00441554
18.605 -0.00398695
18.61 -0.00356126
18.615 -0.00313863
18.62 -0.00271918
18.625 -0.00230293
18.63 -0.00188972
18.635 -0.00147934
18.64 -0.00107157
18.645 -0.000666252
18.65 -0.00026321
18.655 0.000137746
18.66 0.000536919
18.665 0.000934755
18.67 0.0013318
18.675 0.00172861
18.68 0.00212571
18.685 0.00252363
18.69 0.0029229
18.695 0.00332394
18.7 0.00372704
18.705 0.0041323
18.71 0.0045396
18.715 0.00494844
18.72 0.00535788
18.725 0.00576642
18.73 0.00617232
18.735 0.00657376
18.74 0.00696899
18.745 0.00735632
18.75 0.00773417
18.755 0.00810098
18.76 0.00845504
18.765 0.00879445
18.77 0.00911709
18.775 0.00942076
18.78 0.00970326
18.785 0.00996262
18.79 0.0101972
18.795 0.0104065
18.8 0.0105907
18.805 0.01075
18.81 0.0108838
18.815 0.0109914
18.82 0.0110725
18.825 0.0111266
18.83 0.0111533
18.835 0.0111521
18.84 0.0111228
18.845 0.0110651
18.85 0.0109787
18.855 0.0108632
18.86 0.0107183
18.865 0.0105437
18.87 0.0103394
18.875 0.0101053
18.88 0.00984208
18.885 0.00955085
18.89 0.00923356
18.895 0.00889265
18.9 0.00853091
18.905 0.00815145
18.91 0.00775784
18.915 0.00735394
18.92 0.00694345
18.925 0.00652966
18.93 0.00611555
18.935 0.00570382
18.94 0.00529692
18.945 0.0048971
18.95 0.00450643
18.955 0.00412686
18.96 0.00376041
18.965 0.003409
18.97 0.00307424
18.975 0.00275729
18.98 0.00245881
18.985 0.00217909
18.99 0.0019182
18.995 0.00167628
19 0.00145345
19.005 0.00124978
19.01 0.00106528
19.015 0.000899922
19.02 0.000753638
19.025 0.00062632
19.03 0.000517749
19.035 0.000427536
19.04 0.000355063
19.045 0.000299483
19.05 0.000259768
19.055 0.000234804
19.06 0.000223527
19.065 0.000225004
19.07 0.000238427
19.075 0.000263048
19.08 0.000298125
19.085 0.000342916
19.09 0.000396732
19.095 0.000458967
19.1 0.000529083
19.105 0.000606588
19.11 0.000690954
19.115 0.000781501
19.12 0.000877345
19.125 0.000977425
19.13 0.00108053
19.135 0.00118527
19.14 0.0012902
19.145 0.00139397
19.15 0.00149534
19.155 0.00159319
19.16 0.0016865
19.165 0.00177443
19.17 0.00185625
19.175 0.0019312
19.18 0.00199835
19.185 0.00205661
19.19 0.00210462
19.195 0.00214105
19.2 0.0021649
19.205 0.00217544
19.21 0.0021721
19.215 0.00215441
19.22 0.00212191
19.225 0.0020743
19.23 0.00201164
19.235 0.00193447
19.24 0.00184358
19.245 0.00174
19.25 0.00162487
19.255 0.00149949
19.26 0.00136531
19.265 0.00122396
19.27 0.00107722
19.275 0.000926926
19.28 0.000774683
19.285 0.000621791
19.29 0.000469154
19.295 0.000317234
19.3 0.00016611
19.305 1.55993e-05
19.31 -0.000134668
19.315 -0.000285032
19.32 -0.000435499
19.325 -0.000585663
19.33 -0.000734896
19.335 -0.000882578
19.34 -0.00102817
19.345 -0.00117113
19.35 -0.00131081
19.355 -0.00144652
19.36 -0.00157753
19.365 -0.00170295
19.37 -0.00182173
19.375 -0.00193271
19.38 -0.00203472
19.385 -0.00212669
19.39 -0.00220756
19.395 -0.00227627
19.4 -0.00233176
19.405 -0.00237297
19.41 -0.00239901
19.415 -0.00240921
19.42 -0.00240323
19.425 -0.00238102
19.43 -0.002343
19.435 -0.00229009
19.44 -0.00222363
19.445 -0.00214507
19.45 -0.00205585
19.455 -0.00195739
19.46 -0.00185102
19.465 -0.00173788
19.47 -0.00161878
19.475 -0.00149415
19.48 -0.00136408
19.485 -0.00122861
19.49 -0.00108793
19.495 -0.000942456
19.5 -0.000792765
19.505 -0.000639495
19.51 -0.000483278
19.515 -0.000324666
19.52 -0.000164114
19.525 -1.9879e-06
19.53 0.000161406
19.535 0.000325801
19.54 0.000491112
19.545 0.000657385
19.55 0.000824521
19.555 0.000992355
19.56 0.00116083
19.565 0.0013299
19.57 0.00149943
19.575 0.00166904
19.58 0.00183804
19.585 0.00200559
19.59 0.00217086
19.595 0.00233317
19.6 0.00249196
19.605 0.00264672
19.61 0.00279703
19.615 0.00294266
19.62 0.00308348
19.625 0.00321951
19.63 0.00335071
19.635 0.00347693
19.64 0.00359782
19.645 0.00371288
19.65 0.00382148
19.655 0.00392298
19.66 0.00401676
19.665 0.00410231
19.67 0.00417931
19.675 0.00424772
19.68 0.00430797
19.685 0.00436096
19.69 0.00440797
19.695 0.00445038
19.7 0.00448958
19.705 0.00452704
19.71 0.00456405
19.715 0.00460132
19.72 0.00463922
19.725 0.00467805
19.73 0.00471809
19.735 0.00475954
19.74 0.00480257
19.745 0.00484722
19.75 0.00489335
19.755 0.00494069
19.76 0.00498896
19.765 0.00503787
19.77 0.00508702
19.775 0.00513601
19.78 0.00518432
19.785 0.00523131
19.79 0.00527618
19.795 0.005318
19.8 0.00535582
19.805 0.00538873
19.81 0.00541595
19.815 0.00543678
19.82 0.00545071
19.825 0.00545737
19.83 0.00545664
19.835 0.00544855
19.84 0.00543339
19.845 0.0054116
19.85 0.00538373
19.855 0.00535049
19.86 0.00531276
19.865 0.00527156
19.87 0.00522799
19.875 0.00518311
19.88 0.00513777
19.885 0.00509249
19.89 0.00504746
19.895 0.00500248
19.9 0.00495714
19.905 0.00491101
19.91 0.00486366
19.915 0.00481465
19.92 0.00476351
19.925 0.00470958
19.93 0.0046519
19.935 0.00458938
19.94 0.004521
19.945 0.00444591
19.95 0.00436345
19.955 0.00427321
19.96 0.004175
19.965 0.00406877
19.97 0.00395443
19.975 0.00383186
19.98 0.0037009
19.985 0.00356135
19.99 0.00341306
19.995 0.00325596
20 0.00308998
20.005 0.00291499
20.01 0.00273071
20.015 0.00253677
20.02 0.00233273
20.025 0.00211823
20.03 0.00189317
20.035 0.00165771
20.04 0.0014124
20.045 0.00115794
20.05 0.000895009
20.055 0.000624346
20.06 0.000346854
20.065 6.3654e-05
20.07 -0.000223891
20.075 -0.000514307
20.08 -0.000806243
20.085 -0.00109863
20.09 -0.00139068
20.095 -0.00168175
20.1 -0.00197127
20.105 -0.00225875
20.11 -0.00254394
20.115 -0.00282679
20.12 -0.00310741
20.125 -0.00338597
20.13 -0.00366268
20.135 -0.00393784
20.14 -0.00421192
20.145 -0.00448538
20.15 -0.00475852
20.155 -0.00503136
20.16 -0.00530367
20.165 -0.00557509
20.17 -0.00584512
20.175 -0.00611319
20.18 -0.0063786
20.185 -0.00664069
20.19 -0.00689893
20.195 -0.00715279
20.2 -0.00740178
20.205 -0.00764543
20.21 -0.00788338
20.215 -0.00811539
20.22 -0.00834133
20.225 -0.00856111
20.23 -0.00877461
20.235 -0.00898167
20.24 -0.00918211
20.245 -0.00937584
20.25 -0.00956283
20.255 -0.00974312
20.26 -0.00991667
20.265 -0.0100834
20.27 -0.0102429
20.275 -0.010395
20.28 -0.0105392
20.285 -0.010675
20.29 -0.0108019
20.295 -0.0109195
20.3 -0.0110276
20.305 -0.0111261
20.31 -0.0112151
20.315 -0.0112951
20.32 -0.0113663
20.325 -0.0114288
20.33 -0.0114819
20.335 -0.0115249
20.34 -0.0115566
20.345 -0.0115759
20.35 -0.0115819
20.355 -0.0115733
20.36 -0.0115493
20.365 -0.0115089
20.37 -0.0114514
20.375 -0.0113764
20.38 -0.0112839
20.385 -0.0111743
20.39 -0.0110484
20.395 -0.0109072
20.4 -0.0107516
20.405 -0.0105826
20.41 -0.0104007
20.415 -0.0102068
20.42 -0.0100015
20.425 -0.00978551
20.43 -0.00955967
20.435 -0.00932478
20.44 -0.00908169
20.445 -0.00883127
20.45 -0.00857439
20.455 -0.00831187
20.46 -0.00804454
20.465 -0.00777329
20.47 -0.00749909
20.475 -0.00722297
20.48 -0.00694593
20.485 -0.00666889
20.49 -0.00639271
20.495 -0.0061181
20.5 -0.00584567
20.505 -0.00557593
20.51 -0.00530932
20.515 -0.00504616
20.52 -0.00478668
20.525 -0.00453119
20.53 -0.00428025
20.535 -0.00403468
20.54 -0.00379556
20.545 -0.00356401
20.55 -0.00334106
20.555 -0.00312772
20.56 -0.0029251
20.565 -0.00273437
20.57 -0.00255678
20.575 -0.00239359
20.58 -0.00224616
20.585 -0.00211577
20.59 -0.00200345
20.595 -0.00191001
20.6 -0.00183603
20.605 -0.001782
20.61 -0.00174832
20.615 -0.00173519
20.62 -0.00174249
20.625 -0.00176974
20.63 -0.00181614
20.635 -0.00188062
20.64 -0.00196201
20.645 -0.00205895
20.65 -0.00216989
20.655 -0.00229308
20.66 -0.00242662
20.665 -0.00256844
20.67 -0.00271635
20.675 -0.00286819
20.68 -0.00302192
20.685 -0.00317554
20.69 -0.00332708
20.695 -0.00347462
20.7 -0.00361642
20.705 -0.00375106
20.71 -0.00387735
20.715 -0.00399427
20.72 -0.00410084
20.725 -0.00419624
20.73 -0.00427992
20.735 -0.00435152
20.74 -0.00441069
20.745 -0.00445704
20.75 -0.00449024
20.755 -0.00450998
20.76 -0.00451608
20.765 -0.00450833
20.77 -0.00448651
20.775 -0.00445026
20.78 -0.00439908
20.785 -0.00433248
20.79 -0.00425015
20.795 -0.00415192
20.8 -0.00403775
20.805 -0.00390762
20.81 -0.00376156
20.815 -0.00359966
20.82 -0.00342209
20.825 -0.00322915
20.83 -0.00302126
20.835 -0.00279896
20.84 -0.00256288
20.845 -0.00231379
20.85 -0.00205264
20.855 -0.00178051
20.86 -0.00149852
20.865 -0.00120771
20.87 -0.000908953
20.875 -0.000603119
20.88 -0.000291281
20.885 2.52532e-05
20.89 0.000345042
20.895 0.000666541
20.9 0.000988036
20.905 0.00130757
20.91 0.00162299
20.915 0.00193217
20.92 0.0022331
20.925 0.00252392
20.93 0.00280281
20.935 0.00306803
20.94 0.00331787
20.945 0.00355068
20.95 0.003765
20.955 0.0039596
20.96 0.00413351
20.965 0.00428608
20.97 0.00441688
20.975 0.00452568
20.98 0.00461238
20.985 0.00467698
20.99 0.00471947
20.995 0.00473983
21 0.00473815
21.005 0.00471466
21.01 0.00466978
21.015 0.00460406
21.02 0.00451819
21.025 0.00441296
21.03 0.00428929
21.035 0.00414826
21.04 0.00399109
21.045 0.00381915
21.05 0.00363393
21.055 0.00343713
21.06 0.0032306
21.065 0.0030163
21.07 0.00279627
21.075 0.00257262
21.08 0.00234755
21.085 0.0021233
21.09 0.00190203
21.095 0.00168591
21.1 0.00147702
21.105 0.00127728
21.11 0.00108842
21.115 0.000911957
21.12 0.00074914
21.125 0.000601083
21.13 0.000468891
21.135 0.000353681
21.14 0.000256517
21.145 0.00017834
21.15 0.000119964
21.155 8.2076e-05
21.16 6.51994e-05
21.165 6.96306e-05
21.17 9.53794e-05
21.175 0.000142134
21.18 0.000209255
21.185 0.000295872
21.19 0.000401055
21.195 0.000523892
21.2 0.000663372
21.205 0.000818213
21.21 0.000986789
21.215 0.00116721
21.22 0.00135753
21.225 0.00155587
21.23 0.00176049
21.235 0.00196984
21.24 0.00218249
21.245 0.00239712
21.25 0.00261234
21.255 0.00282694
21.26 0.00303974
21.265 0.00324889
21.27 0.00345211
21.275 0.00364716
21.28 0.00383185
21.285 0.00400426
21.29 0.0041626
21.295 0.00430514
21.3 0.00443029
21.305 0.00453666
21.31 0.00462314
21.315 0.00468876
21.32 0.00473278
21.325 0.00475477
21.33 0.00475455
21.335 0.0047322
21.34 0.00468797
21.345 0.00462225
21.35 0.0045355
21.355 0.0044283
21.36 0.0043013
21.365 0.00415507
21.37 0.00398991
21.375 0.00380636
21.38 0.00360532
21.385 0.00338779
21.39 0.0031546
21.395 0.00290639
21.4 0.00264377
21.405 0.00236749
21.41 0.00207845
21.415 0.00177764
21.42 0.00146607
21.425 0.00114472
21.43 0.000814659
21.435 0.000477105
21.44 0.000133562
21.445 -0.00021419
21.45 -0.000564288
21.455 -0.000915023
21.46 -0.00126491
21.465 -0.00161259
21.47 -0.00195679
21.475 -0.00229621
21.48 -0.00262958
21.485 -0.00295566
21.49 -0.00327328
21.495 -0.00358147
21.5 -0.00387944
21.505 -0.00416666
21.51 -0.00444282
21.515 -0.00470782
21.52 -0.00496164
21.525 -0.00520425
21.53 -0.00543555
21.535 -0.00565544
21.54 -0.0058639
21.545 -0.00606102
21.55 -0.006247
21.555 -0.00642211
21.56 -0.00658662
21.565 -0.00674079
21.57 -0.00688474
21.575 -0.00701846
21.58 -0.00714185
21.585 -0.00725486
21.59 -0.00735748
21.595 -0.00744976
21.6 -0.00753185
21.605 -0.00760399
21.61 -0.00766647
21.615 -0.00771959
21.62 -0.00776364
21.625 -0.00779893
21.63 -0.00782577
21.635 -0.00784446
21.64 -0.00785522
21.645 -0.00785822
21.65 -0.00785353
21.655 -0.00784108
21.66 -0.00782066
21.665 -0.00779196
21.67 -0.00775465
21.675 -0.0077084
21.68 -0.00765285
21.685 -0.00758764
21.69 -0.00751242
21.695 -0.00742679
21.7 -0.00733043
21.705 -0.00722317
21.71 -0.00710504
21.715 -0.00697633
21.72 -0.00683745
21.725 -0.00668886
21.73 -0.00653098
21.735 -0.00636426
21.74 -0.00618908
21.745 -0.0060058
21.75 -0.00581475
21.755 -0.00561626
21.76 -0.0054107
21.765 -0.00519846
21.77 -0.00497995
21.775 -0.00475566
21.78 -0.0045261
21.785 -0.00429183
21.79 -0.00405344
21.795 -0.00381151
21.8 -0.00356656
21.805 -0.00331903
21.81 -0.00306925
21.815 -0.00281754
21.82 -0.00256418
21.825 -0.00230951
21.83 -0.00205402
21.835 -0.00179829
21.84 -0.00154285
21.845 -0.00128829
21.85 -0.00103527
21.855 -0.000784553
21.86 -0.000536922
21.865 -0.000293109
21.87 -5.38336e-05
21.875 0.00018016
21.88 0.000408151
21.885 0.000629499
21.89 0.000843654
21.895 0.00105016
21.9 0.00124861
21.905 0.00143867
21.91 0.00161999
21.915 0.0017923
21.92 0.00195535
21.925 0.00210897
21.93 0.00225307
21.935 0.00238766
21.94 0.00251284
21.945 0.00262872
21.95 0.0027354
21.955 0.002833
21.96 0.00292163
21.965 0.0030015
21.97 0.00307288
21.975 0.00313605
21.98 0.00319125
21.985 0.00323863
21.99 0.00327824
21.995 0.00330997
22 0.00333371
22.005 0.00334942
22.01 0.00335711
22.015 0.00335686
22.02 0.00334873
22.025 0.00333279
22.03 0.00330906
22.035 0.00327748
22.04 0.00323798
22.045 0.00319049
22.05 0.00313497
22.055 0.00307139
22.06 0.00299974
22.065 0.00292003
22.07 0.0028323
22.075 0.00273661
22.08 0.0026331
22.085 0.00252195
22.09 0.00240347
22.095 0.00227801
22.1 0.00214603
22.105 0.00200804
22.11 0.00186454
22.115 0.00171605
22.12 0.00156304
22.125 0.00140592
22.13 0.00124505
22.135 0.00108068
22.14 0.000912998
22.145 0.000742146
22.15 0.000568272
22.155 0.000391565
22.16 0.000212258
22.165 3.06154e-05
22.17 -0.000153078
22.175 -0.000338501
22.18 -0.000525289
22.185 -0.000713044
22.19 -0.000901357
22.195 -0.00108982
22.2 -0.00127802
22.205 -0.00146553
22.21 -0.00165194
22.215 -0.00183684
22.22 -0.00201982
22.225 -0.0022005
22.23 -0.00237847
22.235 -0.0025533
22.24 -0.00272458
22.245 -0.00289193
22.25 -0.00305499
22.255 -0.00321349
22.26 -0.00336723
22.265 -0.00351609
22.27 -0.00366005
22.275 -0.00379911
22.28 -0.00393328
22.285 -0.00406255
22.29 -0.00418686
22.295 -0.00430613
22.3 -0.00442027
22.305 -0.00452917
22.31 -0.00463276
22.315 -0.00473096
22.32 -0.00482373
22.325 -0.00491104
22.33 -0.00499294
22.335 -0.00506951
22.34 -0.00514084
22.345 -0.00520706
22.35 -0.0052683
22.355 -0.00532468
22.36 -0.00537633
22.365 -0.00542341
22.37 -0.00546608
22.375 -0.00550455
22.38 -0.00553902
22.385 -0.00556967
22.39 -0.00559665
22.395 -0.00562002
22.4 -0.00563981
22.405 -0.00565602
22.41 -0.00566858
22.415 -0.00567744
22.42 -0.00568253
22.425 -0.00568379
22.43 -0.00568119
22.435 -0.00567475
22.44 -0.00566454
22.445 -0.00565067
22.45 -0.00563326
22.455 -0.0056124
22.46 -0.00558816
22.465 -0.00556057
22.47 -0.00552964
22.475 -0.00549537
22.48 -0.0054578
22.485 -0.00541694
22.49 -0.00537287
22.495 -0.00532562
22.5 -0.00527525
22.505 -0.00522178
22.51 -0.00516525
22.515 -0.00510568
22.52 -0.00504312
22.525 -0.00497758
22.53 -0.0049091
22.535 -0.00483773
22.54 -0.00476351
22.545 -0.00468652
22.55 -0.00460685
22.555 -0.00452461
22.56 -0.00443993
22.565 -0.00435298
22.57 -0.00426391
22.575 -0.00417291
22.58 -0.00408011
22.585 -0.00398563
22.59 -0.00388968
22.595 -0.00379256
22.6 -0.00369449
22.605 -0.00359573
22.61 -0.0034965
22.615 -0.00339705
22.62 -0.0032976
22.625 -0.00319841
22.63 -0.0030997
22.635 -0.0030017
22.64 -0.00290459
22.645 -0.00280853
22.65 -0.00271364
22.655 -0.00262002
22.66 -0.00252775
22.665 -0.002437
22.67 -0.00234793
22.675 -0.00226075
22.68 -0.00217559
22.685 -0.00209261
22.69 -0.00201193
22.695 -0.00193364
22.7 -0.00185783
22.705 -0.00178455
22.71 -0.00171389
22.715 -0.00164588
22.72 -0.0015806
22.725 -0.0015181
22.73 -0.00145844
22.735 -0.00140164
22.74 -0.00134775
22.745 -0.00129678
22.75 -0.00124873
22.755 -0.00120359
22.76 -0.00116137
22.765 -0.00112203
22.77 -0.00108556
22.775 -0.00105191
22.78 -0.00102106
22.785 -0.000992962
22.79 -0.000967561
22.795 -0.000944812
22.8 -0.000924663
22.805 -0.000907059
22.81 -0.000891943
22.815 -0.000879256
22.82 -0.000868939
22.825 -0.000860932
22.83 -0.000855175
22.835 -0.000851607
22.84 -0.000850164
22.845 -0.000850784
22.85 -0.000853401
22.855 -0.000857947
22.86 -0.000864353
22.865 -0.00087255
22.87 -0.000882468
22.875 -0.000894036
22.88 -0.000907185
22.885 -0.000921842
22.89 -0.000937939
22.895 -0.000955404
22.9 -0.000974169
22.905 -0.000994162
22.91 -0.00101531
22.915 -0.00103756
22.92 -0.00106082
22.925 -0.00108504
22.93 -0.00111013
22.935 -0.00113605
22.94 -0.00116271
22.945 -0.00119005
22.95 -0.00121799
22.955 -0.00124648
22.96 -0.00127546
22.965 -0.00130485
22.97 -0.00133459
22.975 -0.00136463
22.98 -0.0013949
22.985 -0.00142533
22.99 -0.00145586
22.995 -0.00148643
23 -0.00151698
23.005 -0.00154745
23.01 -0.00157778
23.015 -0.00160794
23.02 -0.00163787
23.025 -0.00166753
23.03 -0.00169688
23.035 -0.00172588
23.04 -0.00175451
23.045 -0.00178272
23.05 -0.00181049
23.055 -0.00183778
23.06 -0.00186459
23.065 -0.00189087
23.07 -0.0019166
23.075 -0.00194178
23.08 -0.00196637
23.085 -0.00199036
23.09 -0.00201375
23.095 -0.00203651
23.1 -0.00205864
23.105 -0.00208013
23.11 -0.00210098
23.115 -0.00212118
23.12 -0.00214073
23.125 -0.00215964
23.13 -0.0021779
23.135 -0.00219551
23.14 -0.00221248
23.145 -0.00222882
23.15 -0.00224454
23.155 -0.00225963
23.16 -0.00227411
23.165 -0.00228799
23.17 -0.00230128
23.175 -0.00231399
23.18 -0.00232612
23.185 -0.00233764
